#
# A fatal error has been detected by the Java Runtime Environment:
#
#  SIGSEGV (0xb) at pc=0x0000000110f31314, pid=7572, tid=775
#
# JRE version: Java(TM) SE Runtime Environment (8.0_91-b14) (build 1.8.0_91-b14)
# Java VM: Java HotSpot(TM) 64-Bit Server VM (25.91-b14 mixed mode bsd-amd64 compressed oops)
# Problematic frame:
# C  [libglass.dylib+0x5314]  -[GlassApplication applicationWillHide:]+0xd4
#
# Failed to write core dump. Core dumps have been disabled. To enable core dumping, try "ulimit -c unlimited" before starting Java again
#
# If you would like to submit a bug report, please visit:
#   http://bugreport.java.com/bugreport/crash.jsp
#

---------------  T H R E A D  ---------------

Current thread is native thread

siginfo: si_signo: 11 (SIGSEGV), si_code: 1 (SEGV_MAPERR), si_addr: 0x0000000000000000

Registers:
RAX=0x00007fafec64f1b0, RBX=0x0000000000000000, RCX=0x0000000000000008, RDX=0x0000000000000000
RSP=0x00007ffee49260e0, RBP=0x00007ffee4926510, RSI=0x00007fff25ea0295, RDI=0x00007fafeb9df080
R8 =0x0000000000000000, R9 =0x00007fafec64f1b0, R10=0x00007fff827191e8, R11=0x00007fafe9fa48c0
R12=0x00007fff4e577e80, R13=0x0000000110f75550, R14=0x00007fafe9f5da00, R15=0x00007fafec64f1b0
RIP=0x0000000110f31314, EFLAGS=0x0000000000010202, ERR=0x0000000000000004
  TRAPNO=0x000000000000000e

Top of Stack: (sp=0x00007ffee49260e0)
0x00007ffee49260e0:   0000000110f312b5 00007fff27c0cb5c
0x00007ffee49260f0:   00007fff27c0ca4a 00007fff27c0c792
0x00007ffee4926100:   00007fff27bca570 00007fff27bc96a3
0x00007ffee4926110:   00007fff29c88477 00007fff25629d93
0x00007ffee4926120:   00007fff25380bcd 00007fff26eef284
0x00007ffee4926130:   00007fff26eee5cd 00007fff26f038d1
0x00007ffee4926140:   00007fff25214909 00007fff259a9508
0x00007ffee4926150:   00007fff2520925d 000000012aa1a14d
0x00007ffee4926160:   000000012c9c955b 00007fff29cea985
0x00007ffee4926170:   00007fff27c156c1 00007fff27ccf2cc
0x00007ffee4926180:   00007fff27bf8160 00007fff27bf75dd
0x00007ffee4926190:   00007fff27bf6e43 000000010b2db463
0x00007ffee49261a0:   000000010b2d71ac 000000010b2dd4c0
0x00007ffee49261b0:   000000010b2d6a04 0000000000000006
0x00007ffee49261c0:   0000000000000000 0000000000000000
0x00007ffee49261d0:   0000000000000000 0000000000000000
0x00007ffee49261e0:   0000000000000000 0000000000000000
0x00007ffee49261f0:   0000000000000000 0000000000000000
0x00007ffee4926200:   0000000000000000 0000000000000000
0x00007ffee4926210:   0000000000000000 0000000000000000
0x00007ffee4926220:   00007fff886eb988 ffff8050160a15f0
0x00007ffee4926230:   0000000000000001 00007fafe9f5ea10
0x00007ffee4926240:   00007ffee4926290 00007fff4e57fd25
0x00007ffee4926250:   ffff8050160a15f0 00007fafeb077670
0x00007ffee4926260:   00007fff886eb980 00007fafeb9df010
0x00007ffee4926270:   a3a3a3a3a3a3a3a3 00007fafe9d8dcc8
0x00007ffee4926280:   00007fafeb9df068 00007fafeb9df000
0x00007ffee4926290:   00007ffee49266e0 00007fff4e57b087
0x00007ffee49262a0:   0000000000000000 0000000000000000
0x00007ffee49262b0:   0000000000000000 0000000000000000
0x00007ffee49262c0:   0000000000000000 0000000000000000
0x00007ffee49262d0:   0000000000000000 0000000000000004 

Instructions: (pc=0x0000000110f31314)
0x0000000110f312f4:   8b 35 d6 f2 03 00 4c 8b 25 7f 7e 03 00 41 ff d4
0x0000000110f31304:   48 8b 35 75 f2 03 00 48 89 c7 41 ff d4 49 89 c7
0x0000000110f31314:   48 8b 03 4c 8b a8 e8 01 00 00 48 8b 05 b3 0f 04
0x0000000110f31324:   00 4d 8b 34 06 48 8b 3d c8 04 04 00 48 8b 35 d1 

Register to memory mapping:

RAX=0x00007fafec64f1b0 is an unknown value
RBX=0x0000000000000000 is an unknown value
RCX=0x0000000000000008 is an unknown value
RDX=0x0000000000000000 is an unknown value
RSP=0x00007ffee49260e0 is an unknown value
RBP=0x00007ffee4926510 is an unknown value
RSI=0x00007fff25ea0295: .str.41.llvm.37CD9362+0x39d63 in /System/Library/Frameworks/AppKit.framework/Versions/C/AppKit at 0x00007fff251d2000
RDI=0x00007fafeb9df080 is an unknown value
R8 =0x0000000000000000 is an unknown value
R9 =0x00007fafec64f1b0 is an unknown value
R10=0x00007fff827191e8: OBJC_CLASS_$_NSAutoreleasePool+0 in /System/Library/Frameworks/Foundation.framework/Versions/C/Foundation at 0x00007fff29c82000
R11=0x00007fafe9fa48c0 is an unknown value
R12=0x00007fff4e577e80: objc_msgSend+0 in /usr/lib/libobjc.A.dylib at 0x00007fff4e571000
R13=0x0000000110f75550: jEnv+0 in /Library/Java/JavaVirtualMachines/jdk1.8.0_91.jdk/Contents/Home/jre/lib/libglass.dylib at 0x0000000110f2c000
R14=0x00007fafe9f5da00 is an unknown value
R15=0x00007fafec64f1b0 is an unknown value


Stack: [0x00007ffee412b000,0x00007ffee492b000],  sp=0x00007ffee49260e0,  free space=8172k
Native frames: (J=compiled Java code, j=interpreted, Vv=VM code, C=native code)
C  [libglass.dylib+0x5314]  -[GlassApplication applicationWillHide:]+0xd4
C  [CoreFoundation+0x9ab5c]  __CFNOTIFICATIONCENTER_IS_CALLING_OUT_TO_AN_OBSERVER__+0xc
C  [CoreFoundation+0x9aa4a]  _CFXRegistrationPost+0x1ba
C  [CoreFoundation+0x9a792]  ___CFXNotificationPost_block_invoke+0x32
C  [CoreFoundation+0x58570]  -[_CFXNotificationRegistrar find:object:observer:enumerator:]+0x680
C  [CoreFoundation+0x576a3]  _CFXNotificationPost+0x253
C  [Foundation+0x6477]  -[NSNotificationCenter postNotificationName:object:userInfo:]+0x42
C  [AppKit+0x457d93]  -[NSApplication _doHideMaybeFakingIt:]+0x111
C  [AppKit+0x1aebcd]  _hideShowHandler+0x76
C  [HIToolbox+0x8284]  DispatchEventToHandlers(EventTargetRec*, OpaqueEventRef*, HandlerCallRec*)+0x605
C  [HIToolbox+0x75cd]  SendEventToEventTargetInternal(OpaqueEventRef*, OpaqueEventTargetRef*, HandlerCallRec*)+0x176
C  [HIToolbox+0x1c8d1]  SendEventToEventTarget+0x27
C  [AppKit+0x42909]  _DPSNextEvent+0xcdf
C  [AppKit+0x7d7508]  -[NSApplication(NSEvent) _nextEventMatchingEventMask:untilDate:inMode:dequeue:]+0xbe4
C  [AppKit+0x3725d]  -[NSApplication run]+0x2fc
C  [libosxapp.dylib+0x214d]  +[NSApplicationAWT runAWTLoopWithApp:]+0x9c
C  [libawt_lwawt.dylib+0x4455b]  -[AWTStarter starter:]+0x389
C  [Foundation+0x68985]  __NSThreadPerformPerform+0x14e
C  [CoreFoundation+0xa36c1]  __CFRUNLOOP_IS_CALLING_OUT_TO_A_SOURCE0_PERFORM_FUNCTION__+0x11
C  [CoreFoundation+0x15d2cc]  __CFRunLoopDoSource0+0x6c
C  [CoreFoundation+0x86160]  __CFRunLoopDoSources0+0xd0
C  [CoreFoundation+0x855dd]  __CFRunLoopRun+0x50d
C  [CoreFoundation+0x84e43]  CFRunLoopRunSpecific+0x1e3
C  [java+0x6463]  CreateExecutionEnvironment+0x367
C  [java+0x21ac]  JLI_Launch+0x7a0
C  [java+0x84c0]  main+0x65
C  [java+0x1a04]  start+0x34


---------------  P R O C E S S  ---------------

VM state:not at safepoint (normal execution)

VM Mutex/Monitor currently owned by a thread: None

Heap:
 PSYoungGen      total 76288K, used 32038K [0x000000076ab00000, 0x0000000770000000, 0x00000007c0000000)
  eden space 65536K, 48% used [0x000000076ab00000,0x000000076ca49bd8,0x000000076eb00000)
  from space 10752K, 0% used [0x000000076f580000,0x000000076f580000,0x0000000770000000)
  to   space 10752K, 0% used [0x000000076eb00000,0x000000076eb00000,0x000000076f580000)
 ParOldGen       total 175104K, used 0K [0x00000006c0000000, 0x00000006cab00000, 0x000000076ab00000)
  object space 175104K, 0% used [0x00000006c0000000,0x00000006c0000000,0x00000006cab00000)
 Metaspace       used 13426K, capacity 13968K, committed 14080K, reserved 1060864K
  class space    used 1761K, capacity 1955K, committed 2048K, reserved 1048576K

Card table byte_map: [0x000000010cfc0000,0x000000010d7c1000] byte_map_base: 0x00000001099c0000

Marking Bits: (ParMarkBitMap*) 0x000000010bbf4eb0
 Begin Bits: [0x000000012036b000, 0x000000012436b000)
 End Bits:   [0x000000012436b000, 0x000000012836b000)

Polling page: 0x000000010c2e5000

CodeCache: size=245760Kb used=3775Kb max_used=3791Kb free=241984Kb
 bounds [0x000000011136b000, 0x000000011172b000, 0x000000012036b000]
 total_blobs=1674 nmethods=1064 adapters=524
 compilation: enabled

Compilation events (10 events):
Event: 26.121 Thread 0x00007fafeb000000 1060       1       java.nio.DirectByteBuffer::ix (10 bytes)
Event: 26.121 Thread 0x00007fafeb000000 nmethod 1060 0x0000000111714150 code [0x00000001117142a0, 0x00000001117143b0]
Event: 26.121 Thread 0x00007fafeb000000 1062       3       java.util.HashMap::afterNodeAccess (1 bytes)
Event: 26.122 Thread 0x00007fafeb000000 nmethod 1062 0x0000000111714410 code [0x0000000111714560, 0x00000001117146b0]
Event: 26.125 Thread 0x00007fafeb000000 1063       3       java.lang.String::getBytes (27 bytes)
Event: 26.125 Thread 0x00007fafeb000000 nmethod 1063 0x0000000111714710 code [0x00000001117148a0, 0x0000000111714b38]
Event: 26.125 Thread 0x00007fafeb000000 1064   !   3       java.lang.StringCoding::encode (120 bytes)
Event: 26.127 Thread 0x00007fafeb000000 nmethod 1064 0x0000000111714c50 code [0x0000000111714fa0, 0x00000001117169d8]
Event: 26.127 Thread 0x00007fafeb000000 1065       3       java.lang.StringCoding::access$300 (8 bytes)
Event: 26.127 Thread 0x00007fafeb000000 nmethod 1065 0x0000000111717890 code [0x0000000111717a40, 0x0000000111717f68]

GC Heap History (0 events):
No events

Deoptimization events (7 events):
Event: 0.581 Thread 0x00007fafeb010000 Uncommon trap: reason=unstable_if action=reinterpret pc=0x000000011150c8b4 method=java.lang.String.replace(CC)Ljava/lang/String; @ 2
Event: 0.700 Thread 0x00007fafeb9e0000 Uncommon trap: reason=unstable_if action=reinterpret pc=0x0000000111537298 method=java.lang.String.indexOf([CII[CIII)I @ 134
Event: 0.876 Thread 0x00007fafeb9e0000 Uncommon trap: reason=class_check action=maybe_recompile pc=0x000000011148751c method=java.lang.String.equals(Ljava/lang/Object;)Z @ 8
Event: 0.876 Thread 0x00007fafeb9e0000 Uncommon trap: reason=class_check action=maybe_recompile pc=0x000000011148751c method=java.lang.String.equals(Ljava/lang/Object;)Z @ 8
Event: 0.876 Thread 0x00007fafeb9e0000 Uncommon trap: reason=class_check action=maybe_recompile pc=0x000000011148751c method=java.lang.String.equals(Ljava/lang/Object;)Z @ 8
Event: 0.959 Thread 0x00007fafeb045800 Uncommon trap: reason=unstable_if action=reinterpret pc=0x00000001115c43e0 method=sun.net.www.ParseUtil.encodePath(Ljava/lang/String;Z)Ljava/lang/String; @ 109
Event: 7.418 Thread 0x00007fafeb9e0000 Uncommon trap: reason=unstable_if action=reinterpret pc=0x0000000111619634 method=jdk.internal.org.objectweb.asm.Type.getArgumentsAndReturnSizes(Ljava/lang/String;)I @ 47

Internal exceptions (10 events):
Event: 0.174 Thread 0x00007fafeb010000 Exception <a 'java/security/PrivilegedActionException'> (0x000000076ae78010) thrown at [/Users/java_re/workspace/8-2-build-macosx-x86_64/jdk8u91/6644/hotspot/src/share/vm/prims/jvm.cpp, line 1386]
Event: 0.174 Thread 0x00007fafeb010000 Exception <a 'java/security/PrivilegedActionException'> (0x000000076ae7b2b0) thrown at [/Users/java_re/workspace/8-2-build-macosx-x86_64/jdk8u91/6644/hotspot/src/share/vm/prims/jvm.cpp, line 1386]
Event: 0.174 Thread 0x00007fafeb010000 Exception <a 'java/security/PrivilegedActionException'> (0x000000076ae7b4c0) thrown at [/Users/java_re/workspace/8-2-build-macosx-x86_64/jdk8u91/6644/hotspot/src/share/vm/prims/jvm.cpp, line 1386]
Event: 0.175 Thread 0x00007fafeb010000 Exception <a 'java/lang/NullPointerException'> (0x000000076ae7bcb0) thrown at [/Users/java_re/workspace/8-2-build-macosx-x86_64/jdk8u91/6644/hotspot/src/share/vm/interpreter/linkResolver.cpp, line 1178]
Event: 0.668 Thread 0x00007fafeb9e0000 Exception <a 'java/lang/NullPointerException'> (0x000000076baa0e90) thrown at [/Users/java_re/workspace/8-2-build-macosx-x86_64/jdk8u91/6644/hotspot/src/share/vm/interpreter/linkResolver.cpp, line 1178]
Event: 0.668 Thread 0x00007fafeb9e0000 Exception <a 'java/lang/NullPointerException'> (0x000000076baa0e90) thrown at [/Users/java_re/workspace/8-2-build-macosx-x86_64/jdk8u91/6644/hotspot/src/share/vm/prims/jvm.cpp, line 1390]
Event: 0.712 Thread 0x00007fafeb9e0000 Exception <a 'java/io/FileNotFoundException'> (0x000000076bc71ba0) thrown at [/Users/java_re/workspace/8-2-build-macosx-x86_64/jdk8u91/6644/hotspot/src/share/vm/prims/jni.cpp, line 709]
Event: 0.738 Thread 0x00007fafeb9e0000 Exception <a 'java/lang/ArrayIndexOutOfBoundsException': 58> (0x000000076bcc31a8) thrown at [/Users/java_re/workspace/8-2-build-macosx-x86_64/jdk8u91/6644/hotspot/src/share/vm/interpreter/interpreterRuntime.cpp, line 366]
Event: 0.739 Thread 0x00007fafeb9e0000 Exception <a 'java/lang/ArrayIndexOutOfBoundsException': 18> (0x000000076bcc3e48) thrown at [/Users/java_re/workspace/8-2-build-macosx-x86_64/jdk8u91/6644/hotspot/src/share/vm/interpreter/interpreterRuntime.cpp, line 366]
Event: 0.739 Thread 0x00007fafeb9e0000 Exception <a 'java/lang/ArrayIndexOutOfBoundsException': 86> (0x000000076bcc51f0) thrown at [/Users/java_re/workspace/8-2-build-macosx-x86_64/jdk8u91/6644/hotspot/src/share/vm/interpreter/interpreterRuntime.cpp, line 366]

Events (10 events):
Event: 26.132 loading class java/lang/ProcessEnvironment$Variable
Event: 26.132 loading class java/lang/ProcessEnvironment$ExternalData
Event: 26.132 loading class java/lang/ProcessEnvironment$ExternalData done
Event: 26.132 loading class java/lang/ProcessEnvironment$Variable done
Event: 26.132 loading class java/lang/ProcessEnvironment$Value
Event: 26.133 loading class java/lang/ProcessEnvironment$Value done
Event: 26.133 loading class java/lang/ProcessEnvironment$StringEnvironment
Event: 26.133 loading class java/lang/ProcessEnvironment$StringEnvironment done
Event: 26.133 loading class java/util/Collections$UnmodifiableMap
Event: 26.133 loading class java/util/Collections$UnmodifiableMap done


Dynamic libraries:
0x000000000055e000 	/System/Library/Frameworks/Cocoa.framework/Versions/A/Cocoa
0x000000000055e000 	/System/Library/Frameworks/Security.framework/Versions/A/Security
0x000000000055e000 	/System/Library/Frameworks/ApplicationServices.framework/Versions/A/ApplicationServices
0x000000000055e000 	/usr/lib/libz.1.dylib
0x000000000055e000 	/usr/lib/libSystem.B.dylib
0x000000000055e000 	/usr/lib/libobjc.A.dylib
0x000000000055e000 	/System/Library/Frameworks/CoreFoundation.framework/Versions/A/CoreFoundation
0x000000000055e000 	/System/Library/Frameworks/Foundation.framework/Versions/C/Foundation
0x000000000055e000 	/System/Library/Frameworks/AppKit.framework/Versions/C/AppKit
0x000000000055e000 	/System/Library/Frameworks/CoreData.framework/Versions/A/CoreData
0x000000000055e000 	/System/Library/PrivateFrameworks/RemoteViewServices.framework/Versions/A/RemoteViewServices
0x000000000055e000 	/System/Library/PrivateFrameworks/UIFoundation.framework/Versions/A/UIFoundation
0x000000000055e000 	/System/Library/PrivateFrameworks/DFRFoundation.framework/Versions/A/DFRFoundation
0x000000000055e000 	/System/Library/Frameworks/Metal.framework/Versions/A/Metal
0x000000000055e000 	/System/Library/PrivateFrameworks/DesktopServicesPriv.framework/Versions/A/DesktopServicesPriv
0x000000000055e000 	/usr/lib/libenergytrace.dylib
0x000000000055e000 	/System/Library/PrivateFrameworks/SkyLight.framework/Versions/A/SkyLight
0x000000000055e000 	/System/Library/Frameworks/CoreGraphics.framework/Versions/A/CoreGraphics
0x000000000055e000 	/usr/lib/libScreenReader.dylib
0x000000000055e000 	/System/Library/Frameworks/Accelerate.framework/Versions/A/Accelerate
0x000000000055e000 	/System/Library/Frameworks/IOSurface.framework/Versions/A/IOSurface
0x000000000055e000 	/System/Library/Frameworks/AudioToolbox.framework/Versions/A/AudioToolbox
0x000000000055e000 	/System/Library/Frameworks/AudioUnit.framework/Versions/A/AudioUnit
0x000000000055e000 	/System/Library/PrivateFrameworks/DataDetectorsCore.framework/Versions/A/DataDetectorsCore
0x000000000055e000 	/System/Library/Frameworks/Carbon.framework/Versions/A/Frameworks/HIToolbox.framework/Versions/A/HIToolbox
0x000000000055e000 	/usr/lib/libicucore.A.dylib
0x000000000055e000 	/System/Library/Frameworks/QuartzCore.framework/Versions/A/QuartzCore
0x000000000055e000 	/System/Library/Frameworks/Carbon.framework/Versions/A/Frameworks/SpeechRecognition.framework/Versions/A/SpeechRecognition
0x000000000055e000 	/usr/lib/libauto.dylib
0x000000000055e000 	/usr/lib/libxml2.2.dylib
0x000000000055e000 	/System/Library/PrivateFrameworks/CoreUI.framework/Versions/A/CoreUI
0x000000000055e000 	/System/Library/Frameworks/CoreAudio.framework/Versions/A/CoreAudio
0x000000000055e000 	/System/Library/Frameworks/DiskArbitration.framework/Versions/A/DiskArbitration
0x000000000055e000 	/usr/lib/liblangid.dylib
0x000000000055e000 	/System/Library/PrivateFrameworks/MultitouchSupport.framework/Versions/A/MultitouchSupport
0x000000000055e000 	/System/Library/Frameworks/IOKit.framework/Versions/A/IOKit
0x000000000055e000 	/usr/lib/libDiagnosticMessagesClient.dylib
0x000000000055e000 	/System/Library/Frameworks/CoreServices.framework/Versions/A/CoreServices
0x000000000055e000 	/System/Library/PrivateFrameworks/PerformanceAnalysis.framework/Versions/A/PerformanceAnalysis
0x000000000055e000 	/System/Library/Frameworks/OpenGL.framework/Versions/A/OpenGL
0x000000000055e000 	/System/Library/Frameworks/ColorSync.framework/Versions/A/ColorSync
0x000000000055e000 	/System/Library/Frameworks/CoreImage.framework/Versions/A/CoreImage
0x000000000055e000 	/System/Library/Frameworks/CoreText.framework/Versions/A/CoreText
0x000000000055e000 	/System/Library/Frameworks/ImageIO.framework/Versions/A/ImageIO
0x000000000055e000 	/System/Library/PrivateFrameworks/Backup.framework/Versions/A/Backup
0x000000000055e000 	/usr/lib/libarchive.2.dylib
0x000000000055e000 	/System/Library/Frameworks/CFNetwork.framework/Versions/A/CFNetwork
0x000000000055e000 	/System/Library/Frameworks/SystemConfiguration.framework/Versions/A/SystemConfiguration
0x000000000055e000 	/usr/lib/libCRFSuite.dylib
0x000000000055e000 	/usr/lib/libc++.1.dylib
0x000000000055e000 	/usr/lib/libc++abi.dylib
0x000000000055e000 	/usr/lib/system/libcache.dylib
0x000000000055e000 	/usr/lib/system/libcommonCrypto.dylib
0x000000000055e000 	/usr/lib/system/libcompiler_rt.dylib
0x000000000055e000 	/usr/lib/system/libcopyfile.dylib
0x000000000055e000 	/usr/lib/system/libcorecrypto.dylib
0x000000000055e000 	/usr/lib/system/libdispatch.dylib
0x000000000055e000 	/usr/lib/system/libdyld.dylib
0x000000000055e000 	/usr/lib/system/libkeymgr.dylib
0x000000000055e000 	/usr/lib/system/liblaunch.dylib
0x000000000055e000 	/usr/lib/system/libmacho.dylib
0x000000000055e000 	/usr/lib/system/libquarantine.dylib
0x000000000055e000 	/usr/lib/system/libremovefile.dylib
0x000000000055e000 	/usr/lib/system/libsystem_asl.dylib
0x000000000055e000 	/usr/lib/system/libsystem_blocks.dylib
0x000000000055e000 	/usr/lib/system/libsystem_c.dylib
0x000000000055e000 	/usr/lib/system/libsystem_configuration.dylib
0x000000000055e000 	/usr/lib/system/libsystem_coreservices.dylib
0x000000000055e000 	/usr/lib/system/libsystem_darwin.dylib
0x000000000055e000 	/usr/lib/system/libsystem_dnssd.dylib
0x000000000055e000 	/usr/lib/system/libsystem_info.dylib
0x000000000055e000 	/usr/lib/system/libsystem_m.dylib
0x000000000055e000 	/usr/lib/system/libsystem_malloc.dylib
0x000000000055e000 	/usr/lib/system/libsystem_network.dylib
0x000000000055e000 	/usr/lib/system/libsystem_networkextension.dylib
0x000000000055e000 	/usr/lib/system/libsystem_notify.dylib
0x000000000055e000 	/usr/lib/system/libsystem_sandbox.dylib
0x000000000055e000 	/usr/lib/system/libsystem_secinit.dylib
0x000000000055e000 	/usr/lib/system/libsystem_kernel.dylib
0x000000000055e000 	/usr/lib/system/libsystem_platform.dylib
0x000000000055e000 	/usr/lib/system/libsystem_pthread.dylib
0x000000000055e000 	/usr/lib/system/libsystem_symptoms.dylib
0x000000000055e000 	/usr/lib/system/libsystem_trace.dylib
0x000000000055e000 	/usr/lib/system/libunwind.dylib
0x000000000055e000 	/usr/lib/system/libxpc.dylib
0x000000000055e000 	/usr/lib/closure/libclosured.dylib
0x000000000055e000 	/usr/lib/libbsm.0.dylib
0x000000000055e000 	/usr/lib/system/libkxld.dylib
0x000000000055e000 	/usr/lib/libOpenScriptingUtil.dylib
0x000000000055e000 	/usr/lib/libcoretls.dylib
0x000000000055e000 	/usr/lib/libcoretls_cfhelpers.dylib
0x000000000055e000 	/usr/lib/libpam.2.dylib
0x000000000055e000 	/usr/lib/libsqlite3.dylib
0x000000000055e000 	/usr/lib/libxar.1.dylib
0x000000000055e000 	/usr/lib/libbz2.1.0.dylib
0x000000000055e000 	/usr/lib/liblzma.5.dylib
0x000000000055e000 	/usr/lib/libnetwork.dylib
0x000000000055e000 	/usr/lib/libapple_nghttp2.dylib
0x000000000055e000 	/usr/lib/libpcap.A.dylib
0x000000000055e000 	/usr/lib/libboringssl.dylib
0x000000000055e000 	/usr/lib/libusrtcp.dylib
0x000000000055e000 	/usr/lib/libapple_crypto.dylib
0x000000000055e000 	/System/Library/Frameworks/CoreServices.framework/Versions/A/Frameworks/FSEvents.framework/Versions/A/FSEvents
0x000000000055e000 	/System/Library/Frameworks/CoreServices.framework/Versions/A/Frameworks/CarbonCore.framework/Versions/A/CarbonCore
0x000000000055e000 	/System/Library/Frameworks/CoreServices.framework/Versions/A/Frameworks/Metadata.framework/Versions/A/Metadata
0x000000000055e000 	/System/Library/Frameworks/CoreServices.framework/Versions/A/Frameworks/OSServices.framework/Versions/A/OSServices
0x000000000055e000 	/System/Library/Frameworks/CoreServices.framework/Versions/A/Frameworks/SearchKit.framework/Versions/A/SearchKit
0x000000000055e000 	/System/Library/Frameworks/CoreServices.framework/Versions/A/Frameworks/AE.framework/Versions/A/AE
0x000000000055e000 	/System/Library/Frameworks/CoreServices.framework/Versions/A/Frameworks/LaunchServices.framework/Versions/A/LaunchServices
0x000000000055e000 	/System/Library/Frameworks/CoreServices.framework/Versions/A/Frameworks/DictionaryServices.framework/Versions/A/DictionaryServices
0x000000000055e000 	/System/Library/Frameworks/CoreServices.framework/Versions/A/Frameworks/SharedFileList.framework/Versions/A/SharedFileList
0x000000000055e000 	/System/Library/Frameworks/NetFS.framework/Versions/A/NetFS
0x000000000055e000 	/System/Library/PrivateFrameworks/NetAuth.framework/Versions/A/NetAuth
0x000000000055e000 	/System/Library/PrivateFrameworks/login.framework/Versions/A/Frameworks/loginsupport.framework/Versions/A/loginsupport
0x000000000055e000 	/System/Library/PrivateFrameworks/TCC.framework/Versions/A/TCC
0x000000000055e000 	/usr/lib/libmecabra.dylib
0x000000000055e000 	/System/Library/Frameworks/ApplicationServices.framework/Versions/A/Frameworks/ATS.framework/Versions/A/ATS
0x000000000055e000 	/System/Library/Frameworks/ApplicationServices.framework/Versions/A/Frameworks/ColorSyncLegacy.framework/Versions/A/ColorSyncLegacy
0x000000000055e000 	/System/Library/Frameworks/ApplicationServices.framework/Versions/A/Frameworks/HIServices.framework/Versions/A/HIServices
0x000000000055e000 	/System/Library/Frameworks/ApplicationServices.framework/Versions/A/Frameworks/LangAnalysis.framework/Versions/A/LangAnalysis
0x000000000055e000 	/System/Library/Frameworks/ApplicationServices.framework/Versions/A/Frameworks/PrintCore.framework/Versions/A/PrintCore
0x000000000055e000 	/System/Library/Frameworks/ApplicationServices.framework/Versions/A/Frameworks/QD.framework/Versions/A/QD
0x000000000055e000 	/System/Library/Frameworks/ApplicationServices.framework/Versions/A/Frameworks/SpeechSynthesis.framework/Versions/A/SpeechSynthesis
0x000000000055e000 	/System/Library/Frameworks/CoreDisplay.framework/Versions/A/CoreDisplay
0x000000000055e000 	/System/Library/Frameworks/Accelerate.framework/Versions/A/Frameworks/vImage.framework/Versions/A/vImage
0x000000000055e000 	/System/Library/Frameworks/Accelerate.framework/Versions/A/Frameworks/vecLib.framework/Versions/A/vecLib
0x000000000055e000 	/System/Library/Frameworks/Accelerate.framework/Versions/A/Frameworks/vecLib.framework/Versions/A/libvDSP.dylib
0x000000000055e000 	/System/Library/Frameworks/Accelerate.framework/Versions/A/Frameworks/vecLib.framework/Versions/A/libBNNS.dylib
0x000000000055e000 	/System/Library/Frameworks/Accelerate.framework/Versions/A/Frameworks/vecLib.framework/Versions/A/libQuadrature.dylib
0x000000000055e000 	/System/Library/Frameworks/Accelerate.framework/Versions/A/Frameworks/vecLib.framework/Versions/A/libvMisc.dylib
0x000000000055e000 	/System/Library/Frameworks/Accelerate.framework/Versions/A/Frameworks/vecLib.framework/Versions/A/libLAPACK.dylib
0x000000000055e000 	/System/Library/Frameworks/Accelerate.framework/Versions/A/Frameworks/vecLib.framework/Versions/A/libBLAS.dylib
0x000000000055e000 	/System/Library/Frameworks/Accelerate.framework/Versions/A/Frameworks/vecLib.framework/Versions/A/libLinearAlgebra.dylib
0x000000000055e000 	/System/Library/Frameworks/Accelerate.framework/Versions/A/Frameworks/vecLib.framework/Versions/A/libSparse.dylib
0x000000000055e000 	/System/Library/Frameworks/Accelerate.framework/Versions/A/Frameworks/vecLib.framework/Versions/A/libSparseBLAS.dylib
0x000000000055e000 	/System/Library/PrivateFrameworks/IOAccelerator.framework/Versions/A/IOAccelerator
0x000000000055e000 	/System/Library/PrivateFrameworks/IOPresentment.framework/Versions/A/IOPresentment
0x000000000055e000 	/System/Library/PrivateFrameworks/DSExternalDisplay.framework/Versions/A/DSExternalDisplay
0x000000000055e000 	/System/Library/Frameworks/OpenGL.framework/Versions/A/Libraries/libCoreFSCache.dylib
0x000000000055e000 	/System/Library/Frameworks/CoreVideo.framework/Versions/A/CoreVideo
0x000000000055e000 	/System/Library/PrivateFrameworks/GraphVisualizer.framework/Versions/A/GraphVisualizer
0x000000000055e000 	/System/Library/Frameworks/MetalPerformanceShaders.framework/Versions/A/MetalPerformanceShaders
0x000000000055e000 	/usr/lib/libFosl_dynamic.dylib
0x000000000055e000 	/System/Library/PrivateFrameworks/FaceCore.framework/Versions/A/FaceCore
0x000000000055e000 	/System/Library/Frameworks/OpenCL.framework/Versions/A/OpenCL
0x000000000055e000 	/usr/lib/libcompression.dylib
0x000000000055e000 	/System/Library/Frameworks/ApplicationServices.framework/Versions/A/Frameworks/ATS.framework/Versions/A/Resources/libFontParser.dylib
0x000000000055e000 	/System/Library/Frameworks/ApplicationServices.framework/Versions/A/Frameworks/ATS.framework/Versions/A/Resources/libFontRegistry.dylib
0x000000000055e000 	/System/Library/Frameworks/ImageIO.framework/Versions/A/Resources/libJPEG.dylib
0x000000000055e000 	/System/Library/Frameworks/ImageIO.framework/Versions/A/Resources/libTIFF.dylib
0x000000000055e000 	/System/Library/Frameworks/ImageIO.framework/Versions/A/Resources/libPng.dylib
0x000000000055e000 	/System/Library/Frameworks/ImageIO.framework/Versions/A/Resources/libGIF.dylib
0x000000000055e000 	/System/Library/Frameworks/ImageIO.framework/Versions/A/Resources/libJP2.dylib
0x000000000055e000 	/System/Library/Frameworks/ImageIO.framework/Versions/A/Resources/libRadiance.dylib
0x000000000055e000 	/System/Library/PrivateFrameworks/AppleJPEG.framework/Versions/A/AppleJPEG
0x000000000055e000 	/System/Library/PrivateFrameworks/MetalTools.framework/Versions/A/MetalTools
0x000000000055e000 	/System/Library/Frameworks/MetalPerformanceShaders.framework/Frameworks/MPSCore.framework/Versions/A/MPSCore
0x000000000055e000 	/System/Library/Frameworks/MetalPerformanceShaders.framework/Frameworks/MPSImage.framework/Versions/A/MPSImage
0x000000000055e000 	/System/Library/Frameworks/MetalPerformanceShaders.framework/Frameworks/MPSMatrix.framework/Versions/A/MPSMatrix
0x000000000055e000 	/System/Library/Frameworks/MetalPerformanceShaders.framework/Frameworks/MPSNeuralNetwork.framework/Versions/A/MPSNeuralNetwork
0x000000000055e000 	/System/Library/Frameworks/OpenGL.framework/Versions/A/Libraries/libGLU.dylib
0x000000000055e000 	/System/Library/Frameworks/OpenGL.framework/Versions/A/Libraries/libGFXShared.dylib
0x000000000055e000 	/System/Library/Frameworks/OpenGL.framework/Versions/A/Libraries/libGL.dylib
0x000000000055e000 	/System/Library/Frameworks/OpenGL.framework/Versions/A/Libraries/libGLImage.dylib
0x000000000055e000 	/System/Library/Frameworks/OpenGL.framework/Versions/A/Libraries/libCVMSPluginSupport.dylib
0x000000000055e000 	/System/Library/Frameworks/OpenGL.framework/Versions/A/Libraries/libCoreVMClient.dylib
0x000000000055e000 	/usr/lib/libcups.2.dylib
0x000000000055e000 	/System/Library/Frameworks/Kerberos.framework/Versions/A/Kerberos
0x000000000055e000 	/System/Library/Frameworks/GSS.framework/Versions/A/GSS
0x000000000055e000 	/usr/lib/libresolv.9.dylib
0x000000000055e000 	/usr/lib/libiconv.2.dylib
0x000000000055e000 	/System/Library/PrivateFrameworks/Heimdal.framework/Versions/A/Heimdal
0x000000000055e000 	/usr/lib/libheimdal-asn1.dylib
0x000000000055e000 	/System/Library/Frameworks/OpenDirectory.framework/Versions/A/OpenDirectory
0x000000000055e000 	/System/Library/PrivateFrameworks/CommonAuth.framework/Versions/A/CommonAuth
0x000000000055e000 	/System/Library/Frameworks/OpenDirectory.framework/Versions/A/Frameworks/CFOpenDirectory.framework/Versions/A/CFOpenDirectory
0x000000000055e000 	/System/Library/Frameworks/SecurityFoundation.framework/Versions/A/SecurityFoundation
0x000000000055e000 	/System/Library/PrivateFrameworks/APFS.framework/Versions/A/APFS
0x000000000055e000 	/usr/lib/libutil.dylib
0x000000000055e000 	/System/Library/PrivateFrameworks/AppleSauce.framework/Versions/A/AppleSauce
0x000000000055e000 	/System/Library/PrivateFrameworks/LinguisticData.framework/Versions/A/LinguisticData
0x000000000055e000 	/usr/lib/libmarisa.dylib
0x000000000055e000 	/System/Library/PrivateFrameworks/Lexicon.framework/Versions/A/Lexicon
0x000000000055e000 	/usr/lib/libChineseTokenizer.dylib
0x000000000055e000 	/usr/lib/libcmph.dylib
0x000000000055e000 	/System/Library/PrivateFrameworks/LanguageModeling.framework/Versions/A/LanguageModeling
0x000000000055e000 	/System/Library/PrivateFrameworks/CoreEmoji.framework/Versions/A/CoreEmoji
0x000000000055e000 	/System/Library/Frameworks/ServiceManagement.framework/Versions/A/ServiceManagement
0x000000000055e000 	/System/Library/PrivateFrameworks/BackgroundTaskManagement.framework/Versions/A/BackgroundTaskManagement
0x000000000055e000 	/usr/lib/libxslt.1.dylib
0x000000000055e000 	/System/Library/Frameworks/Carbon.framework/Versions/A/Frameworks/Ink.framework/Versions/A/Ink
0x000000000055e000 	/System/Library/PrivateFrameworks/TextureIO.framework/Versions/A/TextureIO
0x000000000055e000 	/usr/lib/libate.dylib
0x000000000055e000 	/System/Library/PrivateFrameworks/CrashReporterSupport.framework/Versions/A/CrashReporterSupport
0x000000000055e000 	/System/Library/PrivateFrameworks/Sharing.framework/Versions/A/Sharing
0x000000000055e000 	/System/Library/PrivateFrameworks/IconServices.framework/Versions/A/IconServices
0x000000000055e000 	/System/Library/PrivateFrameworks/ProtocolBuffer.framework/Versions/A/ProtocolBuffer
0x000000000055e000 	/System/Library/PrivateFrameworks/Apple80211.framework/Versions/A/Apple80211
0x000000000055e000 	/System/Library/Frameworks/CoreWLAN.framework/Versions/A/CoreWLAN
0x000000000055e000 	/System/Library/PrivateFrameworks/CoreUtils.framework/Versions/A/CoreUtils
0x000000000055e000 	/System/Library/Frameworks/IOBluetooth.framework/Versions/A/IOBluetooth
0x000000000055e000 	/System/Library/PrivateFrameworks/CoreWiFi.framework/Versions/A/CoreWiFi
0x000000000055e000 	/System/Library/Frameworks/CoreBluetooth.framework/Versions/A/CoreBluetooth
0x000000000055e000 	/System/Library/PrivateFrameworks/SignpostNotification.framework/Versions/A/SignpostNotification
0x000000000055e000 	/System/Library/PrivateFrameworks/DebugSymbols.framework/Versions/A/DebugSymbols
0x000000000055e000 	/System/Library/PrivateFrameworks/CoreSymbolication.framework/Versions/A/CoreSymbolication
0x000000000055e000 	/System/Library/PrivateFrameworks/Symbolication.framework/Versions/A/Symbolication
0x000000000055e000 	/System/Library/PrivateFrameworks/AppleFSCompression.framework/Versions/A/AppleFSCompression
0x000000000055e000 	/System/Library/PrivateFrameworks/SpeechRecognitionCore.framework/Versions/A/SpeechRecognitionCore
0x000000010b30e000 	/Library/Java/JavaVirtualMachines/jdk1.8.0_91.jdk/Contents/Home/jre/lib/server/libjvm.dylib
0x000000000055e000 	/usr/lib/libstdc++.6.0.9.dylib
0x000000010c2a2000 	/Library/Java/JavaVirtualMachines/jdk1.8.0_91.jdk/Contents/Home/jre/lib/libverify.dylib
0x000000010c2b0000 	/Library/Java/JavaVirtualMachines/jdk1.8.0_91.jdk/Contents/Home/jre/lib/libjava.dylib
0x000000010c32f000 	/Library/Java/JavaVirtualMachines/jdk1.8.0_91.jdk/Contents/Home/jre/lib/libzip.dylib
0x000000000055e000 	/System/Library/Frameworks/JavaVM.framework/Versions/A/Frameworks/JavaRuntimeSupport.framework/Versions/A/JavaRuntimeSupport
0x000000000055e000 	/System/Library/Frameworks/JavaVM.framework/Versions/A/Frameworks/JavaNativeFoundation.framework/Versions/A/JavaNativeFoundation
0x000000000055e000 	/System/Library/Frameworks/JavaVM.framework/Versions/A/JavaVM
0x000000000055e000 	/System/Library/Frameworks/Carbon.framework/Versions/A/Carbon
0x000000000055e000 	/System/Library/PrivateFrameworks/JavaLaunching.framework/Versions/A/JavaLaunching
0x000000000055e000 	/System/Library/Frameworks/Carbon.framework/Versions/A/Frameworks/CommonPanels.framework/Versions/A/CommonPanels
0x000000000055e000 	/System/Library/Frameworks/Carbon.framework/Versions/A/Frameworks/Help.framework/Versions/A/Help
0x000000000055e000 	/System/Library/Frameworks/Carbon.framework/Versions/A/Frameworks/ImageCapture.framework/Versions/A/ImageCapture
0x000000000055e000 	/System/Library/Frameworks/Carbon.framework/Versions/A/Frameworks/OpenScripting.framework/Versions/A/OpenScripting
0x000000000055e000 	/System/Library/Frameworks/Carbon.framework/Versions/A/Frameworks/Print.framework/Versions/A/Print
0x000000000055e000 	/System/Library/Frameworks/Carbon.framework/Versions/A/Frameworks/SecurityHI.framework/Versions/A/SecurityHI
0x000000011006e000 	/Library/Java/JavaVirtualMachines/jdk1.8.0_91.jdk/Contents/Home/jre/lib/libprism_es2.dylib
0x000000000055e000 	/System/Library/PrivateFrameworks/CoreServicesInternal.framework/Versions/A/CoreServicesInternal
0x000000000055e000 	/System/Library/Frameworks/OpenGL.framework/Versions/A/Resources/GLEngine.bundle/GLEngine
0x000000000055e000 	/System/Library/Frameworks/OpenGL.framework/Versions/A/Libraries/libGLProgrammability.dylib
0x0000000110397000 	/System/Library/Extensions/AppleIntelHD5000GraphicsGLDriver.bundle/Contents/MacOS/AppleIntelHD5000GraphicsGLDriver
0x000000000055e000 	/System/Library/PrivateFrameworks/GPUSupport.framework/Versions/A/Libraries/libGPUSupportMercury.dylib
0x000000000055e000 	/System/Library/Frameworks/OpenGL.framework/Versions/A/Resources/GLRendererFloat.bundle/GLRendererFloat
0x000000000055e000 	/System/Library/Frameworks/OpenCL.framework/Versions/A/Libraries/libcldcpuengine.dylib
0x000000000055e000 	/usr/lib/libcrypto.35.dylib
0x000000000055e000 	/System/Library/PrivateFrameworks/TrustEvaluationAgent.framework/Versions/A/TrustEvaluationAgent
0x0000000110f2c000 	/Library/Java/JavaVirtualMachines/jdk1.8.0_91.jdk/Contents/Home/jre/lib/libglass.dylib
0x000000000055e000 	/System/Library/CoreServices/RawCamera.bundle/Contents/MacOS/RawCamera
0x000000000055e000 	/System/Library/PrivateFrameworks/MobileAsset.framework/Versions/A/MobileAsset
0x000000000055e000 	/System/Library/PrivateFrameworks/StreamingZip.framework/Versions/A/StreamingZip
0x000000000055e000 	/System/Library/Frameworks/MediaToolbox.framework/Versions/A/MediaToolbox
0x000000000055e000 	/System/Library/PrivateFrameworks/CoreAVCHD.framework/Versions/A/CoreAVCHD
0x000000000055e000 	/System/Library/Frameworks/MediaAccessibility.framework/Versions/A/MediaAccessibility
0x000000000055e000 	/System/Library/PrivateFrameworks/Mangrove.framework/Versions/A/Mangrove
0x000000000055e000 	/System/Library/Frameworks/CoreMedia.framework/Versions/A/CoreMedia
0x000000000055e000 	/System/Library/Frameworks/VideoToolbox.framework/Versions/A/VideoToolbox
0x000000000055e000 	/System/Library/PrivateFrameworks/CoreAUC.framework/Versions/A/CoreAUC
0x000000000055e000 	/usr/lib/libspindump.dylib
0x000000000055e000 	/usr/lib/libdscsym.dylib
0x000000000055e000 	/System/Library/PrivateFrameworks/AppleVA.framework/Versions/A/AppleVA
0x000000000055e000 	/System/Library/Frameworks/Accelerate.framework/Versions/A/Frameworks/vImage.framework/Versions/A/Libraries/libCGInterfaces.dylib
0x000000000055e000 	/System/Library/PrivateFrameworks/FamilyControls.framework/Versions/A/FamilyControls
0x000000000055e000 	/System/Library/PrivateFrameworks/CommerceKit.framework/Versions/A/Frameworks/CommerceCore.framework/Versions/A/CommerceCore
0x000000000055e000 	/System/Library/PrivateFrameworks/SystemAdministration.framework/Versions/A/SystemAdministration
0x000000000055e000 	/System/Library/PrivateFrameworks/AppContainer.framework/Versions/A/AppContainer
0x000000000055e000 	/System/Library/PrivateFrameworks/SecCodeWrapper.framework/Versions/A/SecCodeWrapper
0x000000000055e000 	/System/Library/PrivateFrameworks/DiskManagement.framework/Versions/A/DiskManagement
0x000000000055e000 	/System/Library/Frameworks/DirectoryService.framework/Versions/A/DirectoryService
0x000000000055e000 	/System/Library/PrivateFrameworks/DiskImages.framework/Versions/A/DiskImages
0x000000000055e000 	/System/Library/PrivateFrameworks/LoginUIKit.framework/Versions/A/Frameworks/LoginUICore.framework/Versions/A/LoginUICore
0x000000000055e000 	/usr/lib/libCoreStorage.dylib
0x000000000055e000 	/usr/lib/libcsfde.dylib
0x000000000055e000 	/usr/lib/libodfde.dylib
0x000000000055e000 	/System/Library/PrivateFrameworks/MediaKit.framework/Versions/A/MediaKit
0x000000000055e000 	/System/Library/Frameworks/DiscRecording.framework/Versions/A/DiscRecording
0x000000000055e000 	/System/Library/PrivateFrameworks/EFILogin.framework/Versions/A/EFILogin
0x000000000055e000 	/System/Library/PrivateFrameworks/ProtectedCloudStorage.framework/Versions/A/ProtectedCloudStorage
0x000000000055e000 	/usr/lib/libcurl.4.dylib
0x000000000055e000 	/usr/lib/libssl.35.dylib
0x000000000055e000 	/System/Library/Frameworks/LDAP.framework/Versions/A/LDAP
0x000000000055e000 	/usr/lib/libsasl2.2.dylib
0x000000000055e000 	/System/Library/PrivateFrameworks/CoreDaemon.framework/Versions/B/CoreDaemon
0x000000000055e000 	/System/Library/PrivateFrameworks/AppleSRP.framework/Versions/A/AppleSRP
0x000000000055e000 	/System/Library/Frameworks/ApplicationServices.framework/Versions/A/Frameworks/ATS.framework/Versions/A/Resources/libTrueTypeScaler.dylib
0x000000012d59c000 	/Library/Java/JavaVirtualMachines/jdk1.8.0_91.jdk/Contents/Home/jre/lib/libjavafx_iio.dylib
0x000000012d5da000 	/Library/Java/JavaVirtualMachines/jdk1.8.0_91.jdk/Contents/Home/jre/lib/libjavafx_font.dylib
0x000000000055e000 	/System/Library/Extensions/AppleIntelHD5000GraphicsMTLDriver.bundle/Contents/MacOS/AppleIntelHD5000GraphicsMTLDriver
0x000000000055e000 	/System/Library/PrivateFrameworks/GPUCompiler.framework/Versions/3802/Libraries/libmetal_timestamp.dylib
0x000000000055e000 	/System/Library/PrivateFrameworks/ViewBridge.framework/Versions/A/ViewBridge
0x000000000055e000 	/System/Library/PrivateFrameworks/Shortcut.framework/Versions/A/Shortcut
0x000000000055e000 	/System/Library/PrivateFrameworks/HelpData.framework/Versions/A/HelpData
0x000000000055e000 	/System/Library/PrivateFrameworks/login.framework/Versions/A/login
0x000000012d835000 	/Library/Java/JavaVirtualMachines/jdk1.8.0_91.jdk/Contents/Home/jre/lib/libawt.dylib
0x000000012d926000 	/Library/Java/JavaVirtualMachines/jdk1.8.0_91.jdk/Contents/Home/jre/lib/./libmlib_image.dylib
0x000000012c985000 	/Library/Java/JavaVirtualMachines/jdk1.8.0_91.jdk/Contents/Home/jre/lib/libawt_lwawt.dylib
0x000000012aa18000 	/Library/Java/JavaVirtualMachines/jdk1.8.0_91.jdk/Contents/Home/jre/lib/./libosxapp.dylib
0x000000000055e000 	/System/Library/Frameworks/ExceptionHandling.framework/Versions/A/ExceptionHandling

VM Arguments:
jvm_args: -Djava.library.path=/Users/Maanas/eclipse-workspace/LaserDefense/Libraries/native/macosx -Dfile.encoding=UTF-8 
java_command: application.Main
java_class_path (initial): /Library/Java/JavaVirtualMachines/jdk1.8.0_91.jdk/Contents/Home/jre/lib/resources.jar:/Library/Java/JavaVirtualMachines/jdk1.8.0_91.jdk/Contents/Home/jre/lib/rt.jar:/Library/Java/JavaVirtualMachines/jdk1.8.0_91.jdk/Contents/Home/jre/lib/jsse.jar:/Library/Java/JavaVirtualMachines/jdk1.8.0_91.jdk/Contents/Home/jre/lib/jce.jar:/Library/Java/JavaVirtualMachines/jdk1.8.0_91.jdk/Contents/Home/jre/lib/charsets.jar:/Library/Java/JavaVirtualMachines/jdk1.8.0_91.jdk/Contents/Home/jre/lib/jfr.jar:/Library/Java/JavaVirtualMachines/jdk1.8.0_91.jdk/Contents/Home/jre/lib/ext/sunec.jar:/Library/Java/JavaVirtualMachines/jdk1.8.0_91.jdk/Contents/Home/jre/lib/ext/nashorn.jar:/Library/Java/JavaVirtualMachines/jdk1.8.0_91.jdk/Contents/Home/jre/lib/ext/cldrdata.jar:/Library/Java/JavaVirtualMachines/jdk1.8.0_91.jdk/Contents/Home/jre/lib/ext/jfxrt.jar:/Library/Java/JavaVirtualMachines/jdk1.8.0_91.jdk/Contents/Home/jre/lib/ext/dnsns.jar:/Library/Java/JavaVirtualMachines/jdk1.8.0_91.jdk/Contents/Home/jre/lib/ext/localedata.jar:/Library/Java/JavaVirtualMachines/jdk1.8.0_91.jdk/Contents/Home/jre/lib/ext/sunjce_provider.jar:/Library/Java/JavaVirtualMachines/jdk1.8.0_91.jdk/Contents/Home/jre/lib/ext/sunpkcs11.jar:/Library/Java/JavaVirtualMachines/jdk1.8.0_91.jdk/Contents/Home/jre/lib/ext/jaccess.jar:/Library/Java/JavaVirtualMachines/jdk1.8.0_91.jdk/Contents/Home/jre/lib/ext/zipfs.jar:/System/Library/Java/Extensions/MRJToolkit.jar:/Users/Maanas/eclipse-workspace/LaserDefense/bin:/Users/Maanas/.p2/pool/plugins/org.eclipse.fx.ide.css.jfx8_3.0.0.201705220750.jar:/Users/Maanas/eclipse-workspace/LaserDefense/Libraries/slick.jar:/Users/Maanas/eclipse-workspace/LaserDefense/Libraries/natives-mac.jar:/Users/Maanas/eclipse-workspace/LaserDefense/Libraries/ibxm.jar:/Users/Maanas/eclipse-workspace/LaserDefense/Libraries/jar/lwjgl.jar
Launcher Type: SUN_STANDARD

Environment Variables:
PATH=/usr/bin:/bin:/usr/sbin:/sbin
SHELL=/bin/bash
DISPLAY=/private/tmp/com.apple.launchd.GEJf30RbP2/org.macosforge.xquartz:0

Signal Handlers:
SIGSEGV: [libjvm.dylib+0x5a97a1], sa_mask[0]=11111111011111110111111111111111, sa_flags=SA_ONSTACK|SA_RESTART|SA_SIGINFO
SIGBUS: [libjvm.dylib+0x5a97a1], sa_mask[0]=11111111011111110111111111111111, sa_flags=SA_RESTART|SA_SIGINFO
SIGFPE: [libjvm.dylib+0x482594], sa_mask[0]=11111111011111110111111111111111, sa_flags=SA_RESTART|SA_SIGINFO
SIGPIPE: [libjvm.dylib+0x482594], sa_mask[0]=11111111011111110111111111111111, sa_flags=SA_RESTART|SA_SIGINFO
SIGXFSZ: [libjvm.dylib+0x482594], sa_mask[0]=11111111011111110111111111111111, sa_flags=SA_RESTART|SA_SIGINFO
SIGILL: [libjvm.dylib+0x482594], sa_mask[0]=11111111011111110111111111111111, sa_flags=SA_RESTART|SA_SIGINFO
SIGUSR1: SIG_DFL, sa_mask[0]=00000000000000000000000000000000, sa_flags=none
SIGUSR2: [libjvm.dylib+0x4820b2], sa_mask[0]=00100000000000000000000000000000, sa_flags=SA_RESTART|SA_SIGINFO
SIGHUP: [libjvm.dylib+0x480689], sa_mask[0]=11111111011111110111111111111111, sa_flags=SA_RESTART|SA_SIGINFO
SIGINT: [libjvm.dylib+0x480689], sa_mask[0]=11111111011111110111111111111111, sa_flags=SA_RESTART|SA_SIGINFO
SIGTERM: [libjvm.dylib+0x480689], sa_mask[0]=11111111011111110111111111111111, sa_flags=SA_RESTART|SA_SIGINFO
SIGQUIT: [libjvm.dylib+0x480689], sa_mask[0]=11111111011111110111111111111111, sa_flags=SA_RESTART|SA_SIGINFO


---------------  S Y S T E M  ---------------

OS:Bsduname:Darwin 17.0.0 Darwin Kernel Version 17.0.0: Thu Aug 24 21:48:19 PDT 2017; root:xnu-4570.1.46~2/RELEASE_X86_64 x86_64
rlimit: STACK 8192k, CORE 0k, NPROC 1418, NOFILE 10240, AS infinity
load average:3.89 3.22 3.11

CPU:total 4 (2 cores per cpu, 2 threads per core) family 6 model 69 stepping 1, cmov, cx8, fxsr, mmx, sse, sse2, sse3, ssse3, sse4.1, sse4.2, popcnt, avx, avx2, aes, clmul, erms, lzcnt, ht, tsc, tscinvbit, bmi1, bmi2

Memory: 4k page, physical 16777216k(301776k free)

/proc/meminfo:


vm_info: Java HotSpot(TM) 64-Bit Server VM (25.91-b14) for bsd-amd64 JRE (1.8.0_91-b14), built on Apr  1 2016 01:03:00 by "java_re" with gcc 4.2.1 (Based on Apple Inc. build 5658) (LLVM build 2336.11.00)

time: Thu Jun  7 17:17:06 2018
elapsed time: 26 seconds (0d 0h 0m 26s)

