13:08:19.487 [JavaFX Application Thread] DEBUG GameApplication      - Logger initialized
13:08:19.499 [JavaFX Application Thread] DEBUG MainWindow           - Creating a JavaFX scene
13:08:19.499 [JavaFX Application Thread] DEBUG MainWindow           - Target size > screen size
13:08:19.710 [JavaFX Application Thread] DEBUG MainWindow           - Target settings size: 1307.0 x 719.0
13:08:19.710 [JavaFX Application Thread] DEBUG MainWindow           - Scaled scene size:    1255.0 x 704.0
13:08:19.711 [JavaFX Application Thread] DEBUG MainWindow           - Scaled ratio: (0.9602142310635042, 0.9791376912378303)
13:08:19.727 [JavaFX Application Thread] DEBUG GameApplication      - Starting FXGL
13:08:19.748 [JavaFX Application Thread] INFO  FXGL                 - FXGL-0.5.2 on DESKTOP
13:08:19.748 [JavaFX Application Thread] INFO  FXGL                 - Source code and latest versions at: https://github.com/AlmasB/FXGL
13:08:19.748 [JavaFX Application Thread] INFO  FXGL                 -              Join the FXGL chat at: https://gitter.im/AlmasB/FXGL
13:08:19.760 [JavaFX Application Thread] DEBUG FS                   - Loaded DesktopFSService
13:08:19.761 [JavaFX Application Thread] DEBUG FXGL                 - Loading FXGL system data
13:08:19.779 [JavaFX Application Thread] DEBUG DesktopFSService     - Reading from: system/fxgl.bundle
13:08:19.789 [JavaFX Application Thread] DEBUG Bundle               - Logging bundle: FXGL
13:08:19.790 [JavaFX Application Thread] DEBUG Bundle               - FXGL.offline.timer.version.check=2018-06-08T17:04:18.376
13:08:19.855 [JavaFX Application Thread] DEBUG GameApplication      - FXGL started
13:08:19.855 [JavaFX Application Thread] DEBUG GameApplication      - Logging game settings
Title: LASER DEFENSE
Version: 0.1
Width: 1307
Height: 719
Fullscreen: false
Intro: false
Menus: false
Profiling: false
Single step:false
App Mode: DEVELOPER
Menu Key: ESCAPE
Stage Style: DECORATED
Scene Factory: class com.almasb.fxgl.scene.SceneFactory
Dialog Factory: class com.almasb.fxgl.ui.FXGLDialogFactory
UI Factory: class com.almasb.fxgl.ui.FXGLUIFactory
Notification Service: class com.almasb.fxgl.gameplay.notification.XboxNotificationView
Exception Handler: class com.almasb.fxgl.app.FXGLExceptionHandler
13:08:19.856 [JavaFX Application Thread] DEBUG GameApplication      - Configuring GameApplication
13:08:19.856 [JavaFX Application Thread] DEBUG GameApplication      - Initializing state machine and application states
13:08:19.878 [JavaFX Application Thread] DEBUG AssetLoader          - Loading from disk: /assets/ui/cursors/fxgl_default.png
13:08:19.924 [JavaFX Application Thread] DEBUG AssetLoader          - Loading from disk: /assets/ui/cursors/fxgl_default.png
13:08:20.374 [JavaFX Application Thread] DEBUG FXGLAssets           - Loading FXGLAssets
13:08:20.453 [JavaFX Application Thread] DEBUG AssetLoader          - Loading from disk: /assets/ui/fonts/VarelaRound-Regular.ttf
13:08:20.476 [JavaFX Application Thread] DEBUG AssetLoader          - Loading from disk: /assets/ui/fonts/lucida_console.ttf
13:08:20.479 [JavaFX Application Thread] DEBUG AssetLoader          - Loading from disk: /assets/ui/css/fxgl_dark.css
13:08:20.537 [JavaFX Application Thread] DEBUG AssetLoader          - Loading from disk: /assets/ui/cursors/fxgl_default.png
13:08:20.592 [JavaFX Application Thread] DEBUG AssetLoader          - Loading from disk: /assets/ui/cursors/fxgl_default.png
13:08:20.638 [JavaFX Application Thread] DEBUG GameScene            - Game scene initialized: 1307x719
13:08:20.641 [JavaFX Application Thread] DEBUG GameWorld            - Game world initialized
13:08:20.727 [JavaFX Application Thread] DEBUG PhysicsWorld         - Physics world initialized: appHeight=719, physics.ppm=50.0
13:08:20.756 [JavaFX Application Thread] DEBUG Input                - Registered new binding: Pause - Esc
13:08:20.787 [JavaFX Application Thread] DEBUG Input                - Clearing active input actions
13:08:20.856 [JavaFX Application Thread] DEBUG AppStateMachine      - StartupState -> StartupState
13:08:20.861 [JavaFX Application Thread] INFO  GameApplication      - Game configuration took:  1.005 sec
13:08:20.864 [JavaFX Application Thread] DEBUG AssetLoader          - Loading from disk: /assets/textures/fxgl_icon.png
13:08:20.882 [JavaFX Application Thread] DEBUG MainWindow           - Opening main window
13:08:21.084 [JavaFX Application Thread] DEBUG MainWindow           - Window border size: (0.0, 22.0)
13:08:21.085 [JavaFX Application Thread] DEBUG MainWindow           - Scaled size: 1255.0 x 704.0
13:08:21.085 [JavaFX Application Thread] DEBUG MainWindow           - Scaled ratio: (0.9602142310635042, 0.9791376912378303)
13:08:21.085 [JavaFX Application Thread] DEBUG MainWindow           - Scene size: 1255.0 x 704.0
13:08:21.086 [JavaFX Application Thread] DEBUG MainWindow           - Stage size: 1255.0 x 726.0
13:08:21.086 [JavaFX Application Thread] DEBUG GameApplication      - Running preInit()
13:08:21.088 [JavaFX Application Thread] DEBUG Input                - Registered new binding: Screenshot - P
13:08:21.091 [JavaFX Application Thread] DEBUG Input                - Registered new binding: Dev Options - CTRL+0
13:08:21.093 [JavaFX Application Thread] DEBUG Input                - Registered new binding: System info dump - CTRL+9
13:08:21.094 [JavaFX Application Thread] DEBUG Input                - Registered new binding: Restart - CTRL+R
13:08:21.098 [JavaFX Application Thread] DEBUG Input                - Registered new binding: Hit - LMB
13:08:21.145 [JavaFX Application Thread] DEBUG GameApplication      - Starting main loop
13:08:21.245 [JavaFX Application Thread] DEBUG StartupState         - STARTUP
13:08:21.246 [JavaFX Application Thread] DEBUG GameApplication      - Starting new game
13:08:21.247 [JavaFX Application Thread] DEBUG Input                - Clearing active input actions
13:08:21.258 [JavaFX Application Thread] DEBUG AppStateMachine      - StartupState -> LoadingState
13:08:21.266 [FXGL Background Thread 1 ] DEBUG InitAppTask          - Clearing previous game
13:08:21.266 [FXGL Background Thread 1 ] DEBUG GameWorld            - Clearing game world
13:08:21.266 [FXGL Background Thread 1 ] DEBUG PhysicsWorld         - Clearing physics world
13:08:21.266 [FXGL Background Thread 1 ] DEBUG GameScene            - Clearing game scene
13:08:21.268 [FXGL Background Thread 1 ] DEBUG InitAppTask          - Initializing Game
13:08:21.309 [FXGL Background Thread 1 ] DEBUG GameScene            - Creating render group for layer: DEFAULT(100000)
13:08:21.408 [FXGL Background Thread 1 ] DEBUG AssetLoader          - Loading from disk: /assets/textures/enemy2Sheet.png
13:08:21.451 [FXGL Background Thread 1 ] DEBUG AssetLoader          - Loading from cache: /assets/textures/enemy2Sheet.png
13:08:21.455 [FXGL Background Thread 1 ] DEBUG AssetLoader          - Loading from cache: /assets/textures/enemy2Sheet.png
13:08:21.457 [FXGL Background Thread 1 ] DEBUG AssetLoader          - Loading from cache: /assets/textures/enemy2Sheet.png
13:08:21.459 [FXGL Background Thread 1 ] DEBUG AssetLoader          - Loading from cache: /assets/textures/enemy2Sheet.png
13:08:21.461 [FXGL Background Thread 1 ] DEBUG AssetLoader          - Loading from cache: /assets/textures/enemy2Sheet.png
13:08:21.463 [FXGL Background Thread 1 ] DEBUG AssetLoader          - Loading from cache: /assets/textures/enemy2Sheet.png
13:08:21.465 [FXGL Background Thread 1 ] DEBUG AssetLoader          - Loading from cache: /assets/textures/enemy2Sheet.png
13:08:21.468 [FXGL Background Thread 1 ] DEBUG AssetLoader          - Loading from cache: /assets/textures/enemy2Sheet.png
13:08:21.474 [FXGL Background Thread 1 ] DEBUG AssetLoader          - Loading from cache: /assets/textures/enemy2Sheet.png
13:08:21.476 [FXGL Background Thread 1 ] DEBUG AssetLoader          - Loading from cache: /assets/textures/enemy2Sheet.png
13:08:21.478 [FXGL Background Thread 1 ] DEBUG AssetLoader          - Loading from cache: /assets/textures/enemy2Sheet.png
13:08:21.480 [FXGL Background Thread 1 ] DEBUG AssetLoader          - Loading from cache: /assets/textures/enemy2Sheet.png
13:08:21.481 [FXGL Background Thread 1 ] DEBUG AssetLoader          - Loading from cache: /assets/textures/enemy2Sheet.png
13:08:21.482 [FXGL Background Thread 1 ] DEBUG AssetLoader          - Loading from cache: /assets/textures/enemy2Sheet.png
13:08:21.484 [FXGL Background Thread 1 ] DEBUG AssetLoader          - Loading from cache: /assets/textures/enemy2Sheet.png
13:08:21.485 [FXGL Background Thread 1 ] DEBUG AssetLoader          - Loading from cache: /assets/textures/enemy2Sheet.png
13:08:21.486 [FXGL Background Thread 1 ] DEBUG AssetLoader          - Loading from cache: /assets/textures/enemy2Sheet.png
13:08:21.488 [FXGL Background Thread 1 ] DEBUG AssetLoader          - Loading from cache: /assets/textures/enemy2Sheet.png
13:08:21.489 [FXGL Background Thread 1 ] DEBUG AssetLoader          - Loading from cache: /assets/textures/enemy2Sheet.png
13:08:21.490 [FXGL Background Thread 1 ] DEBUG AssetLoader          - Loading from cache: /assets/textures/enemy2Sheet.png
13:08:21.492 [FXGL Background Thread 1 ] DEBUG AssetLoader          - Loading from cache: /assets/textures/enemy2Sheet.png
13:08:21.493 [FXGL Background Thread 1 ] DEBUG AssetLoader          - Loading from cache: /assets/textures/enemy2Sheet.png
13:08:21.495 [FXGL Background Thread 1 ] DEBUG AssetLoader          - Loading from cache: /assets/textures/enemy2Sheet.png
13:08:21.497 [FXGL Background Thread 1 ] DEBUG AssetLoader          - Loading from cache: /assets/textures/enemy2Sheet.png
13:08:21.498 [FXGL Background Thread 1 ] DEBUG AssetLoader          - Loading from cache: /assets/textures/enemy2Sheet.png
13:08:21.500 [FXGL Background Thread 1 ] DEBUG AssetLoader          - Loading from cache: /assets/textures/enemy2Sheet.png
13:08:21.501 [FXGL Background Thread 1 ] DEBUG AssetLoader          - Loading from cache: /assets/textures/enemy2Sheet.png
13:08:21.502 [FXGL Background Thread 1 ] DEBUG AssetLoader          - Loading from cache: /assets/textures/enemy2Sheet.png
13:08:21.503 [FXGL Background Thread 1 ] DEBUG AssetLoader          - Loading from cache: /assets/textures/enemy2Sheet.png
13:08:21.505 [FXGL Background Thread 1 ] DEBUG AssetLoader          - Loading from cache: /assets/textures/enemy2Sheet.png
13:08:21.506 [FXGL Background Thread 1 ] DEBUG AssetLoader          - Loading from cache: /assets/textures/enemy2Sheet.png
13:08:21.507 [FXGL Background Thread 1 ] DEBUG AssetLoader          - Loading from cache: /assets/textures/enemy2Sheet.png
13:08:21.508 [FXGL Background Thread 1 ] DEBUG AssetLoader          - Loading from cache: /assets/textures/enemy2Sheet.png
13:08:21.510 [FXGL Background Thread 1 ] DEBUG AssetLoader          - Loading from cache: /assets/textures/enemy2Sheet.png
13:08:21.511 [FXGL Background Thread 1 ] DEBUG AssetLoader          - Loading from cache: /assets/textures/enemy2Sheet.png
13:08:21.512 [FXGL Background Thread 1 ] DEBUG AssetLoader          - Loading from cache: /assets/textures/enemy2Sheet.png
13:08:21.513 [FXGL Background Thread 1 ] DEBUG AssetLoader          - Loading from cache: /assets/textures/enemy2Sheet.png
13:08:21.515 [FXGL Background Thread 1 ] DEBUG AssetLoader          - Loading from cache: /assets/textures/enemy2Sheet.png
13:08:21.516 [FXGL Background Thread 1 ] DEBUG AssetLoader          - Loading from cache: /assets/textures/enemy2Sheet.png
13:08:21.518 [FXGL Background Thread 1 ] DEBUG AssetLoader          - Loading from cache: /assets/textures/enemy2Sheet.png
13:08:21.519 [FXGL Background Thread 1 ] DEBUG AssetLoader          - Loading from cache: /assets/textures/enemy2Sheet.png
13:08:21.520 [FXGL Background Thread 1 ] DEBUG AssetLoader          - Loading from cache: /assets/textures/enemy2Sheet.png
13:08:21.521 [FXGL Background Thread 1 ] DEBUG AssetLoader          - Loading from cache: /assets/textures/enemy2Sheet.png
13:08:21.522 [FXGL Background Thread 1 ] DEBUG AssetLoader          - Loading from cache: /assets/textures/enemy2Sheet.png
13:08:21.524 [FXGL Background Thread 1 ] DEBUG AssetLoader          - Loading from cache: /assets/textures/enemy2Sheet.png
13:08:21.526 [FXGL Background Thread 1 ] DEBUG AssetLoader          - Loading from cache: /assets/textures/enemy2Sheet.png
13:08:21.527 [FXGL Background Thread 1 ] DEBUG AssetLoader          - Loading from cache: /assets/textures/enemy2Sheet.png
13:08:21.528 [FXGL Background Thread 1 ] DEBUG AssetLoader          - Loading from cache: /assets/textures/enemy2Sheet.png
13:08:21.530 [FXGL Background Thread 1 ] DEBUG AssetLoader          - Loading from cache: /assets/textures/enemy2Sheet.png
13:08:21.531 [FXGL Background Thread 1 ] DEBUG InitAppTask          - Initializing Physics
13:08:21.532 [FXGL Background Thread 1 ] DEBUG InitAppTask          - Initializing UI
13:08:21.532 [FXGL Background Thread 1 ] DEBUG InitAppTask          - Initialization Complete
13:08:21.532 [FXGL Background Thread 1 ] INFO  InitAppTask          - Game initialization took: 0.266 sec
13:08:21.558 [JavaFX Application Thread] DEBUG Input                - Clearing active input actions
13:08:21.590 [JavaFX Application Thread] DEBUG AppStateMachine      - LoadingState -> PlayState
13:08:22.620 [JavaFX Application Thread] DEBUG EventBus             - Firing event: NotificationEvent[message=Blue enemies only need one hit to die.]
13:08:22.982 [JavaFX Application Thread] DEBUG AssetLoader          - Loading from disk: /assets/textures/turret1_60x60.png
13:08:23.992 [JavaFX Application Thread] DEBUG AssetLoader          - Loading from disk: /assets/textures/laserBullet_48.png
13:08:24.121 [JavaFX Application Thread] DEBUG AssetLoader          - Loading from disk: /assets/textures/enemy1Sheet.png
13:08:24.125 [JavaFX Application Thread] DEBUG AssetLoader          - Loading from cache: /assets/textures/enemy1Sheet.png
13:08:25.052 [JavaFX Application Thread] DEBUG AssetLoader          - Loading from cache: /assets/textures/laserBullet_48.png
13:08:25.054 [JavaFX Application Thread] DEBUG AssetLoader          - Loading from cache: /assets/sounds/single.wav
13:08:25.102 [JavaFX Application Thread] DEBUG AssetLoader          - Loading from cache: /assets/textures/enemy1Sheet.png
13:08:25.102 [JavaFX Application Thread] DEBUG AssetLoader          - Loading from cache: /assets/textures/enemy1Sheet.png
13:08:26.025 [JavaFX Application Thread] DEBUG AssetLoader          - Loading from cache: /assets/textures/turret1_60x60.png
13:08:26.069 [JavaFX Application Thread] DEBUG AssetLoader          - Loading from cache: /assets/textures/laserBullet_48.png
13:08:26.072 [JavaFX Application Thread] DEBUG AssetLoader          - Loading from cache: /assets/sounds/single.wav
13:08:26.120 [JavaFX Application Thread] DEBUG AssetLoader          - Loading from cache: /assets/textures/enemy1Sheet.png
13:08:26.121 [JavaFX Application Thread] DEBUG AssetLoader          - Loading from cache: /assets/textures/enemy1Sheet.png
13:08:27.037 [JavaFX Application Thread] DEBUG AssetLoader          - Loading from cache: /assets/textures/laserBullet_48.png
13:08:27.040 [JavaFX Application Thread] DEBUG AssetLoader          - Loading from cache: /assets/sounds/single.wav
13:08:27.086 [JavaFX Application Thread] DEBUG AssetLoader          - Loading from cache: /assets/textures/laserBullet_48.png
13:08:27.088 [JavaFX Application Thread] DEBUG AssetLoader          - Loading from cache: /assets/sounds/single.wav
13:08:27.105 [JavaFX Application Thread] DEBUG AssetLoader          - Loading from disk: /assets/textures/explosion_blue.png
13:08:27.188 [JavaFX Application Thread] DEBUG AssetLoader          - Loading from cache: /assets/textures/enemy1Sheet.png
13:08:27.188 [JavaFX Application Thread] DEBUG AssetLoader          - Loading from cache: /assets/textures/enemy1Sheet.png
13:08:28.104 [JavaFX Application Thread] DEBUG AssetLoader          - Loading from cache: /assets/textures/laserBullet_48.png
13:08:28.108 [JavaFX Application Thread] DEBUG AssetLoader          - Loading from cache: /assets/sounds/single.wav
13:08:28.122 [JavaFX Application Thread] DEBUG AssetLoader          - Loading from cache: /assets/textures/explosion_blue.png
13:08:28.160 [JavaFX Application Thread] DEBUG AssetLoader          - Loading from cache: /assets/textures/laserBullet_48.png
13:08:28.160 [JavaFX Application Thread] DEBUG AssetLoader          - Loading from cache: /assets/sounds/single.wav
13:08:28.203 [JavaFX Application Thread] DEBUG AssetLoader          - Loading from cache: /assets/textures/enemy1Sheet.png
13:08:28.204 [JavaFX Application Thread] DEBUG AssetLoader          - Loading from cache: /assets/textures/enemy1Sheet.png
13:08:29.138 [JavaFX Application Thread] DEBUG AssetLoader          - Loading from cache: /assets/textures/laserBullet_48.png
13:08:29.140 [JavaFX Application Thread] DEBUG AssetLoader          - Loading from cache: /assets/sounds/single.wav
13:08:29.161 [JavaFX Application Thread] DEBUG AssetLoader          - Loading from cache: /assets/textures/explosion_blue.png
13:08:29.189 [JavaFX Application Thread] DEBUG AssetLoader          - Loading from cache: /assets/textures/laserBullet_48.png
13:08:29.191 [JavaFX Application Thread] DEBUG AssetLoader          - Loading from cache: /assets/sounds/single.wav
13:08:29.238 [JavaFX Application Thread] DEBUG AssetLoader          - Loading from cache: /assets/textures/enemy1Sheet.png
13:08:29.239 [JavaFX Application Thread] DEBUG AssetLoader          - Loading from cache: /assets/textures/enemy1Sheet.png
13:08:30.170 [JavaFX Application Thread] DEBUG AssetLoader          - Loading from cache: /assets/textures/laserBullet_48.png
13:08:30.173 [JavaFX Application Thread] DEBUG AssetLoader          - Loading from cache: /assets/sounds/single.wav
13:08:30.188 [JavaFX Application Thread] DEBUG AssetLoader          - Loading from cache: /assets/textures/explosion_blue.png
13:08:30.222 [JavaFX Application Thread] DEBUG AssetLoader          - Loading from cache: /assets/textures/laserBullet_48.png
13:08:30.225 [JavaFX Application Thread] DEBUG AssetLoader          - Loading from cache: /assets/sounds/single.wav
13:08:30.288 [JavaFX Application Thread] DEBUG AssetLoader          - Loading from cache: /assets/textures/enemy1Sheet.png
13:08:30.289 [JavaFX Application Thread] DEBUG AssetLoader          - Loading from cache: /assets/textures/enemy1Sheet.png
13:08:30.398 [JavaFX Application Thread] DEBUG AssetLoader          - Loading from cache: /assets/textures/turret1_60x60.png
13:08:31.188 [JavaFX Application Thread] DEBUG AssetLoader          - Loading from cache: /assets/textures/laserBullet_48.png
13:08:31.189 [JavaFX Application Thread] DEBUG AssetLoader          - Loading from cache: /assets/sounds/single.wav
13:08:31.209 [JavaFX Application Thread] DEBUG AssetLoader          - Loading from cache: /assets/textures/explosion_blue.png
13:08:31.238 [JavaFX Application Thread] DEBUG AssetLoader          - Loading from cache: /assets/textures/laserBullet_48.png
13:08:31.241 [JavaFX Application Thread] DEBUG AssetLoader          - Loading from cache: /assets/sounds/single.wav
13:08:31.293 [JavaFX Application Thread] DEBUG AssetLoader          - Loading from cache: /assets/textures/enemy1Sheet.png
13:08:31.293 [JavaFX Application Thread] DEBUG AssetLoader          - Loading from cache: /assets/textures/enemy1Sheet.png
13:08:31.405 [JavaFX Application Thread] DEBUG AssetLoader          - Loading from cache: /assets/textures/laserBullet_48.png
13:08:31.405 [JavaFX Application Thread] DEBUG AssetLoader          - Loading from cache: /assets/sounds/single.wav
13:08:31.456 [JavaFX Application Thread] DEBUG AssetLoader          - Loading from cache: /assets/textures/enemy1Sheet.png
13:08:31.456 [JavaFX Application Thread] DEBUG AssetLoader          - Loading from cache: /assets/textures/enemy1Sheet.png
13:08:32.206 [JavaFX Application Thread] DEBUG AssetLoader          - Loading from cache: /assets/textures/laserBullet_48.png
13:08:32.208 [JavaFX Application Thread] DEBUG AssetLoader          - Loading from cache: /assets/sounds/single.wav
13:08:32.212 [JavaFX Application Thread] DEBUG AssetLoader          - Loading from cache: /assets/textures/turret1_60x60.png
13:08:32.221 [JavaFX Application Thread] DEBUG AssetLoader          - Loading from cache: /assets/textures/explosion_blue.png
13:08:32.257 [JavaFX Application Thread] DEBUG AssetLoader          - Loading from cache: /assets/textures/laserBullet_48.png
13:08:32.259 [JavaFX Application Thread] DEBUG AssetLoader          - Loading from cache: /assets/sounds/single.wav
13:08:32.322 [JavaFX Application Thread] DEBUG AssetLoader          - Loading from cache: /assets/textures/enemy1Sheet.png
13:08:32.323 [JavaFX Application Thread] DEBUG AssetLoader          - Loading from cache: /assets/textures/enemy1Sheet.png
13:08:32.423 [JavaFX Application Thread] DEBUG AssetLoader          - Loading from cache: /assets/textures/laserBullet_48.png
13:08:32.424 [JavaFX Application Thread] DEBUG AssetLoader          - Loading from cache: /assets/sounds/single.wav
13:08:32.455 [JavaFX Application Thread] DEBUG AssetLoader          - Loading from cache: /assets/textures/enemy1Sheet.png
13:08:32.456 [JavaFX Application Thread] DEBUG AssetLoader          - Loading from cache: /assets/textures/enemy1Sheet.png
13:08:33.224 [JavaFX Application Thread] DEBUG AssetLoader          - Loading from cache: /assets/textures/laserBullet_48.png
13:08:33.226 [JavaFX Application Thread] DEBUG AssetLoader          - Loading from cache: /assets/sounds/single.wav
13:08:33.227 [JavaFX Application Thread] DEBUG AssetLoader          - Loading from cache: /assets/textures/laserBullet_48.png
13:08:33.229 [JavaFX Application Thread] DEBUG AssetLoader          - Loading from cache: /assets/sounds/single.wav
13:08:33.240 [JavaFX Application Thread] DEBUG AssetLoader          - Loading from cache: /assets/textures/enemy1Sheet.png
13:08:33.241 [JavaFX Application Thread] DEBUG AssetLoader          - Loading from cache: /assets/textures/enemy1Sheet.png
13:08:33.273 [JavaFX Application Thread] DEBUG AssetLoader          - Loading from cache: /assets/textures/laserBullet_48.png
13:08:33.275 [JavaFX Application Thread] DEBUG AssetLoader          - Loading from cache: /assets/sounds/single.wav
13:08:33.275 [JavaFX Application Thread] DEBUG AssetLoader          - Loading from cache: /assets/textures/explosion_blue.png
13:08:33.323 [JavaFX Application Thread] DEBUG AssetLoader          - Loading from cache: /assets/textures/enemy1Sheet.png
13:08:33.323 [JavaFX Application Thread] DEBUG AssetLoader          - Loading from cache: /assets/textures/enemy1Sheet.png
13:08:33.439 [JavaFX Application Thread] DEBUG AssetLoader          - Loading from cache: /assets/textures/laserBullet_48.png
13:08:33.442 [JavaFX Application Thread] DEBUG AssetLoader          - Loading from cache: /assets/sounds/single.wav
13:08:33.472 [JavaFX Application Thread] DEBUG AssetLoader          - Loading from cache: /assets/textures/enemy1Sheet.png
13:08:33.472 [JavaFX Application Thread] DEBUG AssetLoader          - Loading from cache: /assets/textures/enemy1Sheet.png
13:08:34.257 [JavaFX Application Thread] DEBUG AssetLoader          - Loading from cache: /assets/textures/laserBullet_48.png
13:08:34.259 [JavaFX Application Thread] DEBUG AssetLoader          - Loading from cache: /assets/sounds/single.wav
13:08:34.259 [JavaFX Application Thread] DEBUG AssetLoader          - Loading from cache: /assets/textures/laserBullet_48.png
13:08:34.260 [JavaFX Application Thread] DEBUG AssetLoader          - Loading from cache: /assets/sounds/single.wav
13:08:34.274 [JavaFX Application Thread] DEBUG AssetLoader          - Loading from cache: /assets/textures/explosion_blue.png
13:08:34.306 [JavaFX Application Thread] DEBUG AssetLoader          - Loading from cache: /assets/textures/laserBullet_48.png
13:08:34.308 [JavaFX Application Thread] DEBUG AssetLoader          - Loading from cache: /assets/sounds/single.wav
13:08:34.357 [JavaFX Application Thread] DEBUG AssetLoader          - Loading from cache: /assets/textures/explosion_blue.png
13:08:34.358 [JavaFX Application Thread] DEBUG AssetLoader          - Loading from cache: /assets/textures/enemy1Sheet.png
13:08:34.358 [JavaFX Application Thread] DEBUG AssetLoader          - Loading from cache: /assets/textures/enemy1Sheet.png
13:08:34.473 [JavaFX Application Thread] DEBUG AssetLoader          - Loading from cache: /assets/textures/laserBullet_48.png
13:08:34.475 [JavaFX Application Thread] DEBUG AssetLoader          - Loading from cache: /assets/sounds/single.wav
13:08:34.506 [JavaFX Application Thread] DEBUG AssetLoader          - Loading from cache: /assets/textures/enemy1Sheet.png
13:08:34.507 [JavaFX Application Thread] DEBUG AssetLoader          - Loading from cache: /assets/textures/enemy1Sheet.png
13:08:35.043 [JavaFX Application Thread] DEBUG AssetLoader          - Loading from cache: /assets/textures/turret1_60x60.png
13:08:35.273 [JavaFX Application Thread] DEBUG AssetLoader          - Loading from cache: /assets/textures/laserBullet_48.png
13:08:35.278 [JavaFX Application Thread] DEBUG AssetLoader          - Loading from cache: /assets/sounds/single.wav
13:08:35.279 [JavaFX Application Thread] DEBUG AssetLoader          - Loading from cache: /assets/textures/laserBullet_48.png
13:08:35.279 [JavaFX Application Thread] DEBUG AssetLoader          - Loading from cache: /assets/sounds/single.wav
13:08:35.291 [JavaFX Application Thread] DEBUG AssetLoader          - Loading from cache: /assets/textures/enemy1Sheet.png
13:08:35.292 [JavaFX Application Thread] DEBUG AssetLoader          - Loading from cache: /assets/textures/enemy1Sheet.png
13:08:35.329 [JavaFX Application Thread] DEBUG AssetLoader          - Loading from cache: /assets/textures/laserBullet_48.png
13:08:35.329 [JavaFX Application Thread] DEBUG AssetLoader          - Loading from cache: /assets/sounds/single.wav
13:08:35.330 [JavaFX Application Thread] DEBUG AssetLoader          - Loading from cache: /assets/textures/enemy1Sheet.png
13:08:35.330 [JavaFX Application Thread] DEBUG AssetLoader          - Loading from cache: /assets/textures/enemy1Sheet.png
13:08:35.374 [JavaFX Application Thread] DEBUG AssetLoader          - Loading from cache: /assets/textures/enemy1Sheet.png
13:08:35.375 [JavaFX Application Thread] DEBUG AssetLoader          - Loading from cache: /assets/textures/enemy1Sheet.png
13:08:35.490 [JavaFX Application Thread] DEBUG AssetLoader          - Loading from cache: /assets/textures/laserBullet_48.png
13:08:35.491 [JavaFX Application Thread] DEBUG AssetLoader          - Loading from cache: /assets/sounds/single.wav
13:08:35.523 [JavaFX Application Thread] DEBUG AssetLoader          - Loading from cache: /assets/textures/enemy1Sheet.png
13:08:35.524 [JavaFX Application Thread] DEBUG AssetLoader          - Loading from cache: /assets/textures/enemy1Sheet.png
13:08:36.059 [JavaFX Application Thread] DEBUG AssetLoader          - Loading from cache: /assets/textures/laserBullet_48.png
13:08:36.061 [JavaFX Application Thread] DEBUG AssetLoader          - Loading from cache: /assets/sounds/single.wav
13:08:36.141 [JavaFX Application Thread] DEBUG AssetLoader          - Loading from cache: /assets/textures/explosion_blue.png
13:08:36.291 [JavaFX Application Thread] DEBUG AssetLoader          - Loading from cache: /assets/textures/laserBullet_48.png
13:08:36.292 [JavaFX Application Thread] DEBUG AssetLoader          - Loading from cache: /assets/sounds/single.wav
13:08:36.293 [JavaFX Application Thread] DEBUG AssetLoader          - Loading from cache: /assets/textures/laserBullet_48.png
13:08:36.295 [JavaFX Application Thread] DEBUG AssetLoader          - Loading from cache: /assets/sounds/single.wav
13:08:36.324 [JavaFX Application Thread] DEBUG AssetLoader          - Loading from cache: /assets/textures/explosion_blue.png
13:08:36.344 [JavaFX Application Thread] DEBUG AssetLoader          - Loading from cache: /assets/textures/laserBullet_48.png
13:08:36.345 [JavaFX Application Thread] DEBUG AssetLoader          - Loading from cache: /assets/sounds/single.wav
13:08:36.375 [JavaFX Application Thread] DEBUG AssetLoader          - Loading from cache: /assets/textures/explosion_blue.png
13:08:36.391 [JavaFX Application Thread] DEBUG AssetLoader          - Loading from cache: /assets/textures/enemy1Sheet.png
13:08:36.391 [JavaFX Application Thread] DEBUG AssetLoader          - Loading from cache: /assets/textures/enemy1Sheet.png
13:08:36.507 [JavaFX Application Thread] DEBUG AssetLoader          - Loading from cache: /assets/textures/laserBullet_48.png
13:08:36.508 [JavaFX Application Thread] DEBUG AssetLoader          - Loading from cache: /assets/sounds/single.wav
13:08:36.559 [JavaFX Application Thread] DEBUG AssetLoader          - Loading from cache: /assets/textures/enemy1Sheet.png
13:08:36.560 [JavaFX Application Thread] DEBUG AssetLoader          - Loading from cache: /assets/textures/enemy1Sheet.png
13:08:37.074 [JavaFX Application Thread] DEBUG AssetLoader          - Loading from cache: /assets/textures/laserBullet_48.png
13:08:37.077 [JavaFX Application Thread] DEBUG AssetLoader          - Loading from cache: /assets/sounds/single.wav
13:08:37.142 [JavaFX Application Thread] DEBUG AssetLoader          - Loading from cache: /assets/textures/explosion_blue.png
13:08:37.308 [JavaFX Application Thread] DEBUG AssetLoader          - Loading from cache: /assets/textures/laserBullet_48.png
13:08:37.310 [JavaFX Application Thread] DEBUG AssetLoader          - Loading from cache: /assets/sounds/single.wav
13:08:37.311 [JavaFX Application Thread] DEBUG AssetLoader          - Loading from cache: /assets/textures/laserBullet_48.png
13:08:37.312 [JavaFX Application Thread] DEBUG AssetLoader          - Loading from cache: /assets/sounds/single.wav
13:08:37.326 [JavaFX Application Thread] DEBUG AssetLoader          - Loading from cache: /assets/textures/explosion_blue.png
13:08:37.357 [JavaFX Application Thread] DEBUG AssetLoader          - Loading from cache: /assets/textures/laserBullet_48.png
13:08:37.359 [JavaFX Application Thread] DEBUG AssetLoader          - Loading from cache: /assets/sounds/single.wav
13:08:37.361 [JavaFX Application Thread] DEBUG AssetLoader          - Loading from cache: /assets/textures/explosion_blue.png
13:08:37.424 [JavaFX Application Thread] DEBUG AssetLoader          - Loading from cache: /assets/textures/enemy1Sheet.png
13:08:37.425 [JavaFX Application Thread] DEBUG AssetLoader          - Loading from cache: /assets/textures/enemy1Sheet.png
13:08:37.524 [JavaFX Application Thread] DEBUG AssetLoader          - Loading from cache: /assets/textures/laserBullet_48.png
13:08:37.525 [JavaFX Application Thread] DEBUG AssetLoader          - Loading from cache: /assets/sounds/single.wav
13:08:37.558 [JavaFX Application Thread] DEBUG AssetLoader          - Loading from cache: /assets/textures/enemy1Sheet.png
13:08:37.558 [JavaFX Application Thread] DEBUG AssetLoader          - Loading from cache: /assets/textures/enemy1Sheet.png
13:08:38.091 [JavaFX Application Thread] DEBUG AssetLoader          - Loading from cache: /assets/textures/laserBullet_48.png
13:08:38.094 [JavaFX Application Thread] DEBUG AssetLoader          - Loading from cache: /assets/sounds/single.wav
13:08:38.175 [JavaFX Application Thread] DEBUG AssetLoader          - Loading from cache: /assets/textures/explosion_blue.png
13:08:38.324 [JavaFX Application Thread] DEBUG AssetLoader          - Loading from cache: /assets/textures/laserBullet_48.png
13:08:38.325 [JavaFX Application Thread] DEBUG AssetLoader          - Loading from cache: /assets/sounds/single.wav
13:08:38.325 [JavaFX Application Thread] DEBUG AssetLoader          - Loading from cache: /assets/textures/laserBullet_48.png
13:08:38.326 [JavaFX Application Thread] DEBUG AssetLoader          - Loading from cache: /assets/sounds/single.wav
13:08:38.342 [JavaFX Application Thread] DEBUG AssetLoader          - Loading from cache: /assets/textures/explosion_blue.png
13:08:38.359 [JavaFX Application Thread] DEBUG AssetLoader          - Loading from cache: /assets/textures/explosion_blue.png
13:08:38.376 [JavaFX Application Thread] DEBUG AssetLoader          - Loading from cache: /assets/textures/laserBullet_48.png
13:08:38.378 [JavaFX Application Thread] DEBUG AssetLoader          - Loading from cache: /assets/sounds/single.wav
13:08:38.425 [JavaFX Application Thread] DEBUG AssetLoader          - Loading from cache: /assets/textures/enemy1Sheet.png
13:08:38.425 [JavaFX Application Thread] DEBUG AssetLoader          - Loading from cache: /assets/textures/enemy1Sheet.png
13:08:38.541 [JavaFX Application Thread] DEBUG AssetLoader          - Loading from cache: /assets/textures/laserBullet_48.png
13:08:38.543 [JavaFX Application Thread] DEBUG AssetLoader          - Loading from cache: /assets/sounds/single.wav
13:08:38.591 [JavaFX Application Thread] DEBUG AssetLoader          - Loading from cache: /assets/textures/enemy1Sheet.png
13:08:38.592 [JavaFX Application Thread] DEBUG AssetLoader          - Loading from cache: /assets/textures/enemy1Sheet.png
13:08:39.140 [JavaFX Application Thread] DEBUG AssetLoader          - Loading from cache: /assets/textures/laserBullet_48.png
13:08:39.142 [JavaFX Application Thread] DEBUG AssetLoader          - Loading from cache: /assets/sounds/single.wav
13:08:39.243 [JavaFX Application Thread] DEBUG AssetLoader          - Loading from cache: /assets/textures/explosion_blue.png
13:08:39.344 [JavaFX Application Thread] DEBUG AssetLoader          - Loading from cache: /assets/textures/laserBullet_48.png
13:08:39.346 [JavaFX Application Thread] DEBUG AssetLoader          - Loading from cache: /assets/sounds/single.wav
13:08:39.347 [JavaFX Application Thread] DEBUG AssetLoader          - Loading from cache: /assets/textures/laserBullet_48.png
13:08:39.349 [JavaFX Application Thread] DEBUG AssetLoader          - Loading from cache: /assets/sounds/single.wav
13:08:39.360 [JavaFX Application Thread] DEBUG AssetLoader          - Loading from cache: /assets/textures/explosion_blue.png
13:08:39.392 [JavaFX Application Thread] DEBUG AssetLoader          - Loading from cache: /assets/textures/laserBullet_48.png
13:08:39.394 [JavaFX Application Thread] DEBUG AssetLoader          - Loading from cache: /assets/sounds/single.wav
13:08:39.395 [JavaFX Application Thread] DEBUG AssetLoader          - Loading from cache: /assets/textures/explosion_blue.png
13:08:39.458 [JavaFX Application Thread] DEBUG AssetLoader          - Loading from cache: /assets/textures/enemy1Sheet.png
13:08:39.459 [JavaFX Application Thread] DEBUG AssetLoader          - Loading from cache: /assets/textures/enemy1Sheet.png
13:08:39.559 [JavaFX Application Thread] DEBUG AssetLoader          - Loading from cache: /assets/textures/laserBullet_48.png
13:08:39.560 [JavaFX Application Thread] DEBUG AssetLoader          - Loading from cache: /assets/sounds/single.wav
13:08:39.592 [JavaFX Application Thread] DEBUG AssetLoader          - Loading from cache: /assets/textures/enemy1Sheet.png
13:08:39.592 [JavaFX Application Thread] DEBUG AssetLoader          - Loading from cache: /assets/textures/enemy1Sheet.png
13:08:40.159 [JavaFX Application Thread] DEBUG AssetLoader          - Loading from cache: /assets/textures/laserBullet_48.png
13:08:40.161 [JavaFX Application Thread] DEBUG AssetLoader          - Loading from cache: /assets/sounds/single.wav
13:08:40.244 [JavaFX Application Thread] DEBUG AssetLoader          - Loading from cache: /assets/textures/explosion_blue.png
13:08:40.359 [JavaFX Application Thread] DEBUG AssetLoader          - Loading from cache: /assets/textures/laserBullet_48.png
13:08:40.360 [JavaFX Application Thread] DEBUG AssetLoader          - Loading from cache: /assets/sounds/single.wav
13:08:40.360 [JavaFX Application Thread] DEBUG AssetLoader          - Loading from cache: /assets/textures/laserBullet_48.png
13:08:40.361 [JavaFX Application Thread] DEBUG AssetLoader          - Loading from cache: /assets/sounds/single.wav
13:08:40.393 [JavaFX Application Thread] DEBUG AssetLoader          - Loading from cache: /assets/textures/enemy1Sheet.png
13:08:40.393 [JavaFX Application Thread] DEBUG AssetLoader          - Loading from cache: /assets/textures/enemy1Sheet.png
13:08:40.408 [JavaFX Application Thread] DEBUG AssetLoader          - Loading from cache: /assets/textures/laserBullet_48.png
13:08:40.410 [JavaFX Application Thread] DEBUG AssetLoader          - Loading from cache: /assets/sounds/single.wav
13:08:40.426 [JavaFX Application Thread] DEBUG AssetLoader          - Loading from cache: /assets/textures/explosion_blue.png
13:08:40.458 [JavaFX Application Thread] DEBUG AssetLoader          - Loading from cache: /assets/textures/enemy1Sheet.png
13:08:40.459 [JavaFX Application Thread] DEBUG AssetLoader          - Loading from cache: /assets/textures/enemy1Sheet.png
13:08:40.577 [JavaFX Application Thread] DEBUG AssetLoader          - Loading from cache: /assets/textures/laserBullet_48.png
13:08:40.577 [JavaFX Application Thread] DEBUG AssetLoader          - Loading from cache: /assets/sounds/single.wav
13:08:40.626 [JavaFX Application Thread] DEBUG AssetLoader          - Loading from cache: /assets/textures/enemy1Sheet.png
13:08:40.626 [JavaFX Application Thread] DEBUG AssetLoader          - Loading from cache: /assets/textures/enemy1Sheet.png
13:08:41.376 [JavaFX Application Thread] DEBUG AssetLoader          - Loading from cache: /assets/textures/laserBullet_48.png
13:08:41.378 [JavaFX Application Thread] DEBUG AssetLoader          - Loading from cache: /assets/sounds/single.wav
13:08:41.380 [JavaFX Application Thread] DEBUG AssetLoader          - Loading from cache: /assets/textures/laserBullet_48.png
13:08:41.381 [JavaFX Application Thread] DEBUG AssetLoader          - Loading from cache: /assets/sounds/single.wav
13:08:41.395 [JavaFX Application Thread] DEBUG AssetLoader          - Loading from cache: /assets/textures/explosion_blue.png
13:08:41.426 [JavaFX Application Thread] DEBUG AssetLoader          - Loading from cache: /assets/textures/laserBullet_48.png
13:08:41.427 [JavaFX Application Thread] DEBUG AssetLoader          - Loading from cache: /assets/sounds/single.wav
13:08:41.476 [JavaFX Application Thread] DEBUG AssetLoader          - Loading from cache: /assets/textures/enemy1Sheet.png
13:08:41.477 [JavaFX Application Thread] DEBUG AssetLoader          - Loading from cache: /assets/textures/enemy1Sheet.png
13:08:41.494 [JavaFX Application Thread] DEBUG AssetLoader          - Loading from cache: /assets/textures/explosion_blue.png
13:08:41.592 [JavaFX Application Thread] DEBUG AssetLoader          - Loading from cache: /assets/textures/laserBullet_48.png
13:08:41.594 [JavaFX Application Thread] DEBUG AssetLoader          - Loading from cache: /assets/sounds/single.wav
13:08:41.626 [JavaFX Application Thread] DEBUG AssetLoader          - Loading from cache: /assets/textures/enemy1Sheet.png
13:08:41.627 [JavaFX Application Thread] DEBUG AssetLoader          - Loading from cache: /assets/textures/enemy1Sheet.png
13:08:41.643 [JavaFX Application Thread] DEBUG AssetLoader          - Loading from cache: /assets/textures/laserBullet_48.png
13:08:41.645 [JavaFX Application Thread] DEBUG AssetLoader          - Loading from cache: /assets/sounds/single.wav
13:08:41.743 [JavaFX Application Thread] DEBUG AssetLoader          - Loading from cache: /assets/textures/explosion_blue.png
13:08:42.393 [JavaFX Application Thread] DEBUG AssetLoader          - Loading from cache: /assets/textures/laserBullet_48.png
13:08:42.396 [JavaFX Application Thread] DEBUG AssetLoader          - Loading from cache: /assets/sounds/single.wav
13:08:42.397 [JavaFX Application Thread] DEBUG AssetLoader          - Loading from cache: /assets/textures/laserBullet_48.png
13:08:42.398 [JavaFX Application Thread] DEBUG AssetLoader          - Loading from cache: /assets/sounds/single.wav
13:08:42.411 [JavaFX Application Thread] DEBUG AssetLoader          - Loading from cache: /assets/textures/enemy1Sheet.png
13:08:42.412 [JavaFX Application Thread] DEBUG AssetLoader          - Loading from cache: /assets/textures/enemy1Sheet.png
13:08:42.444 [JavaFX Application Thread] DEBUG AssetLoader          - Loading from cache: /assets/textures/laserBullet_48.png
13:08:42.446 [JavaFX Application Thread] DEBUG AssetLoader          - Loading from cache: /assets/sounds/single.wav
13:08:42.447 [JavaFX Application Thread] DEBUG AssetLoader          - Loading from cache: /assets/textures/enemy1Sheet.png
13:08:42.448 [JavaFX Application Thread] DEBUG AssetLoader          - Loading from cache: /assets/textures/enemy1Sheet.png
13:08:42.493 [JavaFX Application Thread] DEBUG AssetLoader          - Loading from cache: /assets/textures/enemy1Sheet.png
13:08:42.494 [JavaFX Application Thread] DEBUG AssetLoader          - Loading from cache: /assets/textures/enemy1Sheet.png
13:08:42.611 [JavaFX Application Thread] DEBUG AssetLoader          - Loading from cache: /assets/textures/laserBullet_48.png
13:08:42.612 [JavaFX Application Thread] DEBUG AssetLoader          - Loading from cache: /assets/sounds/single.wav
13:08:42.643 [JavaFX Application Thread] DEBUG AssetLoader          - Loading from cache: /assets/textures/enemy1Sheet.png
13:08:42.643 [JavaFX Application Thread] DEBUG AssetLoader          - Loading from cache: /assets/textures/enemy1Sheet.png
13:08:42.893 [JavaFX Application Thread] DEBUG AssetLoader          - Loading from cache: /assets/textures/laserBullet_48.png
13:08:42.894 [JavaFX Application Thread] DEBUG AssetLoader          - Loading from cache: /assets/sounds/single.wav
13:08:43.011 [JavaFX Application Thread] DEBUG AssetLoader          - Loading from cache: /assets/textures/explosion_blue.png
13:08:43.427 [JavaFX Application Thread] DEBUG AssetLoader          - Loading from cache: /assets/textures/laserBullet_48.png
13:08:43.429 [JavaFX Application Thread] DEBUG AssetLoader          - Loading from cache: /assets/sounds/single.wav
13:08:43.431 [JavaFX Application Thread] DEBUG AssetLoader          - Loading from cache: /assets/textures/laserBullet_48.png
13:08:43.432 [JavaFX Application Thread] DEBUG AssetLoader          - Loading from cache: /assets/sounds/single.wav
13:08:43.446 [JavaFX Application Thread] DEBUG AssetLoader          - Loading from cache: /assets/textures/explosion_blue.png
13:08:43.476 [JavaFX Application Thread] DEBUG AssetLoader          - Loading from cache: /assets/textures/laserBullet_48.png
13:08:43.478 [JavaFX Application Thread] DEBUG AssetLoader          - Loading from cache: /assets/sounds/single.wav
13:08:43.527 [JavaFX Application Thread] DEBUG AssetLoader          - Loading from cache: /assets/textures/enemy1Sheet.png
13:08:43.528 [JavaFX Application Thread] DEBUG AssetLoader          - Loading from cache: /assets/textures/enemy1Sheet.png
13:08:43.529 [JavaFX Application Thread] DEBUG AssetLoader          - Loading from cache: /assets/textures/explosion_blue.png
13:08:43.643 [JavaFX Application Thread] DEBUG AssetLoader          - Loading from cache: /assets/textures/laserBullet_48.png
13:08:43.645 [JavaFX Application Thread] DEBUG AssetLoader          - Loading from cache: /assets/sounds/single.wav
13:08:43.677 [JavaFX Application Thread] DEBUG AssetLoader          - Loading from cache: /assets/textures/explosion_blue.png
13:08:43.927 [JavaFX Application Thread] DEBUG AssetLoader          - Loading from cache: /assets/textures/laserBullet_48.png
13:08:43.929 [JavaFX Application Thread] DEBUG AssetLoader          - Loading from cache: /assets/sounds/single.wav
13:08:44.016 [JavaFX Application Thread] DEBUG AssetLoader          - Loading from cache: /assets/textures/explosion_blue.png
13:08:44.444 [JavaFX Application Thread] DEBUG AssetLoader          - Loading from cache: /assets/textures/laserBullet_48.png
13:08:44.446 [JavaFX Application Thread] DEBUG AssetLoader          - Loading from cache: /assets/sounds/single.wav
13:08:44.447 [JavaFX Application Thread] DEBUG AssetLoader          - Loading from cache: /assets/textures/laserBullet_48.png
13:08:44.448 [JavaFX Application Thread] DEBUG AssetLoader          - Loading from cache: /assets/sounds/single.wav
13:08:44.463 [JavaFX Application Thread] DEBUG AssetLoader          - Loading from cache: /assets/textures/explosion_blue.png
13:08:44.495 [JavaFX Application Thread] DEBUG AssetLoader          - Loading from cache: /assets/textures/laserBullet_48.png
13:08:44.496 [JavaFX Application Thread] DEBUG AssetLoader          - Loading from cache: /assets/sounds/single.wav
13:08:44.497 [JavaFX Application Thread] DEBUG AssetLoader          - Loading from cache: /assets/textures/enemy1Sheet.png
13:08:44.498 [JavaFX Application Thread] DEBUG AssetLoader          - Loading from cache: /assets/textures/enemy1Sheet.png
13:08:44.544 [JavaFX Application Thread] DEBUG AssetLoader          - Loading from cache: /assets/textures/enemy1Sheet.png
13:08:44.545 [JavaFX Application Thread] DEBUG AssetLoader          - Loading from cache: /assets/textures/enemy1Sheet.png
13:08:44.660 [JavaFX Application Thread] DEBUG AssetLoader          - Loading from cache: /assets/textures/laserBullet_48.png
13:08:44.662 [JavaFX Application Thread] DEBUG AssetLoader          - Loading from cache: /assets/sounds/single.wav
13:08:44.694 [JavaFX Application Thread] DEBUG AssetLoader          - Loading from cache: /assets/textures/enemy1Sheet.png
13:08:44.695 [JavaFX Application Thread] DEBUG AssetLoader          - Loading from cache: /assets/textures/enemy1Sheet.png
13:08:44.994 [JavaFX Application Thread] DEBUG AssetLoader          - Loading from cache: /assets/textures/laserBullet_48.png
13:08:44.994 [JavaFX Application Thread] DEBUG AssetLoader          - Loading from cache: /assets/sounds/single.wav
13:08:45.095 [JavaFX Application Thread] DEBUG AssetLoader          - Loading from cache: /assets/textures/explosion_blue.png
13:08:45.462 [JavaFX Application Thread] DEBUG AssetLoader          - Loading from cache: /assets/textures/laserBullet_48.png
13:08:45.464 [JavaFX Application Thread] DEBUG AssetLoader          - Loading from cache: /assets/sounds/single.wav
13:08:45.465 [JavaFX Application Thread] DEBUG AssetLoader          - Loading from cache: /assets/textures/laserBullet_48.png
13:08:45.466 [JavaFX Application Thread] DEBUG AssetLoader          - Loading from cache: /assets/sounds/single.wav
13:08:45.480 [JavaFX Application Thread] DEBUG AssetLoader          - Loading from cache: /assets/textures/explosion_blue.png
13:08:45.496 [JavaFX Application Thread] DEBUG AssetLoader          - Loading from cache: /assets/textures/explosion_blue.png
13:08:45.512 [JavaFX Application Thread] DEBUG AssetLoader          - Loading from cache: /assets/textures/laserBullet_48.png
13:08:45.513 [JavaFX Application Thread] DEBUG AssetLoader          - Loading from cache: /assets/sounds/single.wav
13:08:45.561 [JavaFX Application Thread] DEBUG AssetLoader          - Loading from cache: /assets/textures/enemy1Sheet.png
13:08:45.561 [JavaFX Application Thread] DEBUG AssetLoader          - Loading from cache: /assets/textures/enemy1Sheet.png
13:08:45.679 [JavaFX Application Thread] DEBUG AssetLoader          - Loading from cache: /assets/textures/laserBullet_48.png
13:08:45.680 [JavaFX Application Thread] DEBUG AssetLoader          - Loading from cache: /assets/sounds/single.wav
13:08:45.729 [JavaFX Application Thread] DEBUG AssetLoader          - Loading from cache: /assets/textures/enemy1Sheet.png
13:08:45.729 [JavaFX Application Thread] DEBUG AssetLoader          - Loading from cache: /assets/textures/enemy1Sheet.png
13:08:46.012 [JavaFX Application Thread] DEBUG AssetLoader          - Loading from cache: /assets/textures/laserBullet_48.png
13:08:46.015 [JavaFX Application Thread] DEBUG AssetLoader          - Loading from cache: /assets/sounds/single.wav
13:08:46.096 [JavaFX Application Thread] DEBUG AssetLoader          - Loading from cache: /assets/textures/explosion_blue.png
13:08:46.478 [JavaFX Application Thread] DEBUG AssetLoader          - Loading from cache: /assets/textures/laserBullet_48.png
13:08:46.480 [JavaFX Application Thread] DEBUG AssetLoader          - Loading from cache: /assets/sounds/single.wav
13:08:46.481 [JavaFX Application Thread] DEBUG AssetLoader          - Loading from cache: /assets/textures/laserBullet_48.png
13:08:46.481 [JavaFX Application Thread] DEBUG AssetLoader          - Loading from cache: /assets/sounds/single.wav
13:08:46.496 [JavaFX Application Thread] DEBUG AssetLoader          - Loading from cache: /assets/textures/explosion_blue.png
13:08:46.529 [JavaFX Application Thread] DEBUG AssetLoader          - Loading from cache: /assets/textures/laserBullet_48.png
13:08:46.531 [JavaFX Application Thread] DEBUG AssetLoader          - Loading from cache: /assets/sounds/single.wav
13:08:46.533 [JavaFX Application Thread] DEBUG AssetLoader          - Loading from cache: /assets/textures/explosion_blue.png
13:08:46.612 [JavaFX Application Thread] DEBUG AssetLoader          - Loading from cache: /assets/textures/enemy1Sheet.png
13:08:46.612 [JavaFX Application Thread] DEBUG AssetLoader          - Loading from cache: /assets/textures/enemy1Sheet.png
13:08:46.694 [JavaFX Application Thread] DEBUG AssetLoader          - Loading from cache: /assets/textures/laserBullet_48.png
13:08:46.695 [JavaFX Application Thread] DEBUG AssetLoader          - Loading from cache: /assets/sounds/single.wav
13:08:46.728 [JavaFX Application Thread] DEBUG AssetLoader          - Loading from cache: /assets/textures/enemy1Sheet.png
13:08:46.729 [JavaFX Application Thread] DEBUG AssetLoader          - Loading from cache: /assets/textures/enemy1Sheet.png
13:08:47.079 [JavaFX Application Thread] DEBUG AssetLoader          - Loading from cache: /assets/textures/laserBullet_48.png
13:08:47.081 [JavaFX Application Thread] DEBUG AssetLoader          - Loading from cache: /assets/sounds/single.wav
13:08:47.179 [JavaFX Application Thread] DEBUG AssetLoader          - Loading from cache: /assets/textures/explosion_blue.png
13:08:47.496 [JavaFX Application Thread] DEBUG AssetLoader          - Loading from cache: /assets/textures/laserBullet_48.png
13:08:47.497 [JavaFX Application Thread] DEBUG AssetLoader          - Loading from cache: /assets/sounds/single.wav
13:08:47.497 [JavaFX Application Thread] DEBUG AssetLoader          - Loading from cache: /assets/textures/laserBullet_48.png
13:08:47.498 [JavaFX Application Thread] DEBUG AssetLoader          - Loading from cache: /assets/sounds/single.wav
13:08:47.513 [JavaFX Application Thread] DEBUG AssetLoader          - Loading from cache: /assets/textures/explosion_blue.png
13:08:47.531 [JavaFX Application Thread] DEBUG AssetLoader          - Loading from cache: /assets/textures/explosion_blue.png
13:08:47.712 [JavaFX Application Thread] DEBUG AssetLoader          - Loading from cache: /assets/textures/laserBullet_48.png
13:08:47.714 [JavaFX Application Thread] DEBUG AssetLoader          - Loading from cache: /assets/sounds/single.wav
13:08:47.762 [JavaFX Application Thread] DEBUG AssetLoader          - Loading from cache: /assets/textures/enemy1Sheet.png
13:08:47.763 [JavaFX Application Thread] DEBUG AssetLoader          - Loading from cache: /assets/textures/enemy1Sheet.png
13:08:48.331 [JavaFX Application Thread] DEBUG AssetLoader          - Loading from cache: /assets/textures/laserBullet_48.png
13:08:48.333 [JavaFX Application Thread] DEBUG AssetLoader          - Loading from cache: /assets/sounds/single.wav
13:08:48.430 [JavaFX Application Thread] DEBUG AssetLoader          - Loading from cache: /assets/textures/explosion_blue.png
13:08:48.512 [JavaFX Application Thread] DEBUG AssetLoader          - Loading from cache: /assets/textures/laserBullet_48.png
13:08:48.513 [JavaFX Application Thread] DEBUG AssetLoader          - Loading from cache: /assets/sounds/single.wav
13:08:48.514 [JavaFX Application Thread] DEBUG AssetLoader          - Loading from cache: /assets/textures/laserBullet_48.png
13:08:48.514 [JavaFX Application Thread] DEBUG AssetLoader          - Loading from cache: /assets/sounds/single.wav
13:08:48.565 [JavaFX Application Thread] DEBUG AssetLoader          - Loading from cache: /assets/textures/explosion_blue.png
13:08:48.597 [JavaFX Application Thread] DEBUG AssetLoader          - Loading from cache: /assets/textures/explosion_blue.png
13:08:48.729 [JavaFX Application Thread] DEBUG AssetLoader          - Loading from cache: /assets/textures/laserBullet_48.png
13:08:48.731 [JavaFX Application Thread] DEBUG AssetLoader          - Loading from cache: /assets/sounds/single.wav
13:08:48.762 [JavaFX Application Thread] DEBUG AssetLoader          - Loading from cache: /assets/textures/enemy1Sheet.png
13:08:48.763 [JavaFX Application Thread] DEBUG AssetLoader          - Loading from cache: /assets/textures/enemy1Sheet.png
13:08:49.347 [JavaFX Application Thread] DEBUG AssetLoader          - Loading from cache: /assets/textures/laserBullet_48.png
13:08:49.348 [JavaFX Application Thread] DEBUG AssetLoader          - Loading from cache: /assets/sounds/single.wav
13:08:49.430 [JavaFX Application Thread] DEBUG AssetLoader          - Loading from cache: /assets/textures/explosion_blue.png
13:08:49.530 [JavaFX Application Thread] DEBUG AssetLoader          - Loading from cache: /assets/textures/laserBullet_48.png
13:08:49.532 [JavaFX Application Thread] DEBUG AssetLoader          - Loading from cache: /assets/sounds/single.wav
13:08:49.564 [JavaFX Application Thread] DEBUG AssetLoader          - Loading from cache: /assets/textures/enemy1Sheet.png
13:08:49.565 [JavaFX Application Thread] DEBUG AssetLoader          - Loading from cache: /assets/textures/enemy1Sheet.png
13:08:49.746 [JavaFX Application Thread] DEBUG AssetLoader          - Loading from cache: /assets/textures/laserBullet_48.png
13:08:49.747 [JavaFX Application Thread] DEBUG AssetLoader          - Loading from cache: /assets/sounds/single.wav
13:08:49.795 [JavaFX Application Thread] DEBUG AssetLoader          - Loading from cache: /assets/textures/enemy1Sheet.png
13:08:49.796 [JavaFX Application Thread] DEBUG AssetLoader          - Loading from cache: /assets/textures/enemy1Sheet.png
13:08:50.547 [JavaFX Application Thread] DEBUG AssetLoader          - Loading from cache: /assets/textures/laserBullet_48.png
13:08:50.549 [JavaFX Application Thread] DEBUG AssetLoader          - Loading from cache: /assets/sounds/single.wav
13:08:50.647 [JavaFX Application Thread] DEBUG AssetLoader          - Loading from cache: /assets/textures/explosion_blue.png
13:08:50.764 [JavaFX Application Thread] DEBUG AssetLoader          - Loading from cache: /assets/textures/laserBullet_48.png
13:08:50.766 [JavaFX Application Thread] DEBUG AssetLoader          - Loading from cache: /assets/sounds/single.wav
13:08:50.797 [JavaFX Application Thread] DEBUG AssetLoader          - Loading from cache: /assets/textures/explosion_blue.png
13:08:50.832 [JavaFX Application Thread] DEBUG AssetLoader          - Loading from cache: /assets/textures/laserBullet_48.png
13:08:50.833 [JavaFX Application Thread] DEBUG AssetLoader          - Loading from cache: /assets/sounds/single.wav
13:08:50.931 [JavaFX Application Thread] DEBUG AssetLoader          - Loading from cache: /assets/textures/explosion_blue.png
13:08:51.565 [JavaFX Application Thread] DEBUG AssetLoader          - Loading from cache: /assets/textures/laserBullet_48.png
13:08:51.566 [JavaFX Application Thread] DEBUG AssetLoader          - Loading from cache: /assets/sounds/single.wav
13:08:51.615 [JavaFX Application Thread] DEBUG AssetLoader          - Loading from cache: /assets/textures/enemy1Sheet.png
13:08:51.615 [JavaFX Application Thread] DEBUG AssetLoader          - Loading from cache: /assets/textures/enemy1Sheet.png
13:08:52.082 [JavaFX Application Thread] DEBUG AssetLoader          - Loading from cache: /assets/textures/laserBullet_48.png
13:08:52.083 [JavaFX Application Thread] DEBUG AssetLoader          - Loading from cache: /assets/sounds/single.wav
13:08:52.182 [JavaFX Application Thread] DEBUG AssetLoader          - Loading from cache: /assets/textures/explosion_blue.png
13:08:53.098 [JavaFX Application Thread] DEBUG AssetLoader          - Loading from cache: /assets/textures/laserBullet_48.png
13:08:53.100 [JavaFX Application Thread] DEBUG AssetLoader          - Loading from cache: /assets/sounds/single.wav
13:08:53.182 [JavaFX Application Thread] DEBUG AssetLoader          - Loading from cache: /assets/textures/explosion_blue.png
13:08:56.032 [JavaFX Application Thread] DEBUG GameApplication      - Exiting game application
13:08:56.033 [JavaFX Application Thread] DEBUG GameApplication      - Shutting down background threads
13:08:56.033 [JavaFX Application Thread] DEBUG GameApplication      - Exiting FXGL
13:08:56.033 [JavaFX Application Thread] DEBUG FXGL                 - Saving FXGL system data
13:08:56.036 [JavaFX Application Thread] DEBUG DesktopFSService     - Writing to: system/fxgl.bundle
13:08:56.043 [JavaFX Application Thread] DEBUG GameApplication      - Closing logger and exiting JavaFX
