22:02:08.707 [JavaFX Application Thread] DEBUG GameApplication      - Logger initialized
22:02:08.714 [JavaFX Application Thread] DEBUG MainWindow           - Creating a JavaFX scene
22:02:08.714 [JavaFX Application Thread] DEBUG MainWindow           - Target size > screen size
22:02:08.762 [JavaFX Application Thread] DEBUG MainWindow           - Target settings size: 1307.0 x 719.0
22:02:08.763 [JavaFX Application Thread] DEBUG MainWindow           - Scaled scene size:    1255.0 x 704.0
22:02:08.763 [JavaFX Application Thread] DEBUG MainWindow           - Scaled ratio: (0.9602142310635042, 0.9791376912378303)
22:02:08.765 [JavaFX Application Thread] DEBUG GameApplication      - Starting FXGL
22:02:08.774 [JavaFX Application Thread] INFO  FXGL                 - FXGL-0.5.2 on DESKTOP
22:02:08.775 [JavaFX Application Thread] INFO  FXGL                 - Source code and latest versions at: https://github.com/AlmasB/FXGL
22:02:08.775 [JavaFX Application Thread] INFO  FXGL                 -              Join the FXGL chat at: https://gitter.im/AlmasB/FXGL
22:02:08.781 [JavaFX Application Thread] DEBUG FS                   - Loaded DesktopFSService
22:02:08.781 [JavaFX Application Thread] DEBUG FXGL                 - Loading FXGL system data
22:02:08.786 [JavaFX Application Thread] DEBUG DesktopFSService     - Reading from: system/fxgl.bundle
22:02:08.794 [JavaFX Application Thread] DEBUG Bundle               - Logging bundle: FXGL
22:02:08.794 [JavaFX Application Thread] DEBUG Bundle               - FXGL.offline.timer.version.check=2018-06-15T20:27:09.659
22:02:08.816 [JavaFX Application Thread] DEBUG GameApplication      - FXGL started
22:02:08.816 [JavaFX Application Thread] DEBUG GameApplication      - Logging game settings
Title: Laser Defense
Version: 
Width: 1307
Height: 719
Fullscreen: false
Intro: false
Menus: false
Profiling: false
Single step:false
App Mode: DEVELOPER
Menu Key: ESCAPE
Stage Style: DECORATED
Scene Factory: class com.almasb.fxgl.scene.SceneFactory
Dialog Factory: class com.almasb.fxgl.ui.FXGLDialogFactory
UI Factory: class com.almasb.fxgl.ui.FXGLUIFactory
Notification Service: class com.almasb.fxgl.gameplay.notification.XboxNotificationView
Exception Handler: class com.almasb.fxgl.app.FXGLExceptionHandler
22:02:08.817 [JavaFX Application Thread] DEBUG GameApplication      - Configuring GameApplication
22:02:08.817 [JavaFX Application Thread] DEBUG GameApplication      - Initializing state machine and application states
22:02:08.827 [JavaFX Application Thread] DEBUG AssetLoader          - Loading from disk: /assets/ui/cursors/fxgl_default.png
22:02:08.851 [JavaFX Application Thread] DEBUG AssetLoader          - Loading from disk: /assets/ui/cursors/fxgl_default.png
22:02:09.100 [JavaFX Application Thread] DEBUG FXGLAssets           - Loading FXGLAssets
22:02:09.135 [JavaFX Application Thread] DEBUG AssetLoader          - Loading from disk: /assets/ui/fonts/VarelaRound-Regular.ttf
22:02:09.142 [JavaFX Application Thread] DEBUG AssetLoader          - Loading from disk: /assets/ui/fonts/lucida_console.ttf
22:02:09.148 [JavaFX Application Thread] DEBUG AssetLoader          - Loading from disk: /assets/ui/css/fxgl_dark.css
22:02:09.175 [JavaFX Application Thread] DEBUG AssetLoader          - Loading from disk: /assets/ui/cursors/fxgl_default.png
22:02:09.179 [JavaFX Application Thread] DEBUG AssetLoader          - Loading from disk: /assets/ui/cursors/fxgl_default.png
22:02:09.195 [JavaFX Application Thread] DEBUG GameScene            - Game scene initialized: 1307x719
22:02:09.198 [JavaFX Application Thread] DEBUG GameWorld            - Game world initialized
22:02:09.234 [JavaFX Application Thread] DEBUG PhysicsWorld         - Physics world initialized: appHeight=719, physics.ppm=50.0
22:02:09.252 [JavaFX Application Thread] DEBUG Input                - Registered new binding: Pause - Esc
22:02:09.267 [JavaFX Application Thread] DEBUG Input                - Clearing active input actions
22:02:09.313 [JavaFX Application Thread] DEBUG AppStateMachine      - StartupState -> StartupState
22:02:09.317 [JavaFX Application Thread] INFO  GameApplication      - Game configuration took:  0.499 sec
22:02:09.319 [JavaFX Application Thread] DEBUG AssetLoader          - Loading from disk: /assets/textures/fxgl_icon.png
22:02:09.335 [JavaFX Application Thread] DEBUG MainWindow           - Opening main window
22:02:09.455 [JavaFX Application Thread] DEBUG MainWindow           - Window border size: (0.0, 22.0)
22:02:09.455 [JavaFX Application Thread] DEBUG MainWindow           - Scaled size: 1255.0 x 704.0
22:02:09.456 [JavaFX Application Thread] DEBUG MainWindow           - Scaled ratio: (0.9602142310635042, 0.9791376912378303)
22:02:09.456 [JavaFX Application Thread] DEBUG MainWindow           - Scene size: 1255.0 x 704.0
22:02:09.456 [JavaFX Application Thread] DEBUG MainWindow           - Stage size: 1255.0 x 726.0
22:02:09.456 [JavaFX Application Thread] DEBUG GameApplication      - Running preInit()
22:02:09.457 [JavaFX Application Thread] DEBUG Input                - Registered new binding: Screenshot - P
22:02:09.458 [JavaFX Application Thread] DEBUG Input                - Registered new binding: Dev Options - CTRL+0
22:02:09.458 [JavaFX Application Thread] DEBUG Input                - Registered new binding: System info dump - CTRL+9
22:02:09.459 [JavaFX Application Thread] DEBUG Input                - Registered new binding: Restart - CTRL+R
22:02:09.460 [JavaFX Application Thread] DEBUG Input                - Registered new binding: Hit - LMB
22:02:09.496 [JavaFX Application Thread] DEBUG GameApplication      - Starting main loop
22:02:09.557 [JavaFX Application Thread] DEBUG StartupState         - STARTUP
22:02:09.557 [JavaFX Application Thread] DEBUG GameApplication      - Starting new game
22:02:09.557 [JavaFX Application Thread] DEBUG Input                - Clearing active input actions
22:02:09.566 [JavaFX Application Thread] DEBUG AppStateMachine      - StartupState -> LoadingState
22:02:09.571 [FXGL Background Thread 1 ] DEBUG InitAppTask          - Clearing previous game
22:02:09.572 [FXGL Background Thread 1 ] DEBUG GameWorld            - Clearing game world
22:02:09.572 [FXGL Background Thread 1 ] DEBUG PhysicsWorld         - Clearing physics world
22:02:09.572 [FXGL Background Thread 1 ] DEBUG GameScene            - Clearing game scene
22:02:09.573 [FXGL Background Thread 1 ] DEBUG InitAppTask          - Initializing Game
22:02:09.594 [FXGL Background Thread 1 ] DEBUG GameScene            - Creating render group for layer: DEFAULT(100000)
22:02:09.599 [FXGL Background Thread 1 ] DEBUG InitAppTask          - Initializing Physics
22:02:09.600 [FXGL Background Thread 1 ] DEBUG InitAppTask          - Initializing UI
22:02:09.624 [FXGL Background Thread 1 ] DEBUG InitAppTask          - Initialization Complete
22:02:09.624 [FXGL Background Thread 1 ] INFO  InitAppTask          - Game initialization took: 0.053 sec
22:02:09.744 [JavaFX Application Thread] DEBUG Input                - Clearing active input actions
22:02:09.762 [JavaFX Application Thread] DEBUG AppStateMachine      - LoadingState -> PlayState
22:02:14.626 [JavaFX Application Thread] DEBUG AssetLoader          - Loading from disk: /assets/ui/cursors/turret1_60x60.png
22:02:15.987 [JavaFX Application Thread] DEBUG AssetLoader          - Loading from disk: /assets/textures/turret1_60x60.png
22:02:18.557 [JavaFX Application Thread] DEBUG AssetLoader          - Loading from cache: /assets/textures/turret1_60x60.png
22:02:18.563 [JavaFX Application Thread] DEBUG AssetLoader          - Loading from disk: /assets/textures/turret1_60x60selected.png
22:02:21.602 [JavaFX Application Thread] DEBUG AssetLoader          - Loading from disk: /assets/textures/enemy1Sheet.png
22:02:21.609 [JavaFX Application Thread] DEBUG AssetLoader          - Loading from cache: /assets/textures/enemy1Sheet.png
22:02:21.610 [JavaFX Application Thread] DEBUG AssetLoader          - Loading from cache: /assets/textures/enemy1Sheet.png
22:02:21.611 [JavaFX Application Thread] DEBUG AssetLoader          - Loading from cache: /assets/textures/enemy1Sheet.png
22:02:21.612 [JavaFX Application Thread] DEBUG AssetLoader          - Loading from cache: /assets/textures/enemy1Sheet.png
22:02:21.613 [JavaFX Application Thread] DEBUG AssetLoader          - Loading from cache: /assets/textures/enemy1Sheet.png
22:02:21.614 [JavaFX Application Thread] DEBUG AssetLoader          - Loading from cache: /assets/textures/enemy1Sheet.png
22:02:21.615 [JavaFX Application Thread] DEBUG AssetLoader          - Loading from cache: /assets/textures/enemy1Sheet.png
22:02:21.616 [JavaFX Application Thread] DEBUG AssetLoader          - Loading from cache: /assets/textures/enemy1Sheet.png
22:02:21.617 [JavaFX Application Thread] DEBUG AssetLoader          - Loading from cache: /assets/textures/enemy1Sheet.png
22:02:21.618 [JavaFX Application Thread] DEBUG AssetLoader          - Loading from cache: /assets/textures/enemy1Sheet.png
22:02:21.619 [JavaFX Application Thread] DEBUG AssetLoader          - Loading from cache: /assets/textures/enemy1Sheet.png
22:02:21.620 [JavaFX Application Thread] DEBUG AssetLoader          - Loading from cache: /assets/textures/enemy1Sheet.png
22:02:21.620 [JavaFX Application Thread] DEBUG AssetLoader          - Loading from cache: /assets/textures/enemy1Sheet.png
22:02:21.621 [JavaFX Application Thread] DEBUG AssetLoader          - Loading from cache: /assets/textures/enemy1Sheet.png
22:02:21.622 [JavaFX Application Thread] DEBUG AssetLoader          - Loading from cache: /assets/textures/enemy1Sheet.png
22:02:21.622 [JavaFX Application Thread] DEBUG AssetLoader          - Loading from cache: /assets/textures/enemy1Sheet.png
22:02:21.623 [JavaFX Application Thread] DEBUG AssetLoader          - Loading from cache: /assets/textures/enemy1Sheet.png
22:02:21.624 [JavaFX Application Thread] DEBUG AssetLoader          - Loading from cache: /assets/textures/enemy1Sheet.png
22:02:21.625 [JavaFX Application Thread] DEBUG AssetLoader          - Loading from cache: /assets/textures/enemy1Sheet.png
22:02:22.530 [JavaFX Application Thread] DEBUG AssetLoader          - Loading from cache: /assets/textures/turret1_60x60.png
22:02:24.169 [JavaFX Application Thread] DEBUG AssetLoader          - Loading from disk: /assets/textures/laserBullet_48.png
22:02:24.316 [JavaFX Application Thread] DEBUG AssetLoader          - Loading from cache: /assets/textures/laserBullet_48.png
22:02:24.351 [JavaFX Application Thread] DEBUG AssetLoader          - Loading from disk: /assets/textures/explosion_blue.png
22:02:24.483 [JavaFX Application Thread] DEBUG AssetLoader          - Loading from cache: /assets/textures/laserBullet_48.png
22:02:24.633 [JavaFX Application Thread] DEBUG AssetLoader          - Loading from cache: /assets/textures/laserBullet_48.png
22:02:24.717 [JavaFX Application Thread] DEBUG AssetLoader          - Loading from cache: /assets/textures/explosion_blue.png
22:02:24.833 [JavaFX Application Thread] DEBUG AssetLoader          - Loading from cache: /assets/textures/laserBullet_48.png
22:02:25.100 [JavaFX Application Thread] DEBUG AssetLoader          - Loading from cache: /assets/textures/explosion_blue.png
22:02:25.950 [JavaFX Application Thread] DEBUG AssetLoader          - Loading from cache: /assets/textures/laserBullet_48.png
22:02:26.100 [JavaFX Application Thread] DEBUG AssetLoader          - Loading from cache: /assets/textures/laserBullet_48.png
22:02:26.200 [JavaFX Application Thread] DEBUG AssetLoader          - Loading from cache: /assets/textures/explosion_blue.png
22:02:27.517 [JavaFX Application Thread] DEBUG AssetLoader          - Loading from cache: /assets/textures/laserBullet_48.png
22:02:27.667 [JavaFX Application Thread] DEBUG AssetLoader          - Loading from cache: /assets/textures/laserBullet_48.png
22:02:27.701 [JavaFX Application Thread] DEBUG AssetLoader          - Loading from cache: /assets/textures/explosion_blue.png
22:02:27.817 [JavaFX Application Thread] DEBUG AssetLoader          - Loading from cache: /assets/textures/laserBullet_48.png
22:02:27.969 [JavaFX Application Thread] DEBUG AssetLoader          - Loading from cache: /assets/textures/laserBullet_48.png
22:02:28.052 [JavaFX Application Thread] DEBUG AssetLoader          - Loading from cache: /assets/textures/explosion_blue.png
22:02:28.168 [JavaFX Application Thread] DEBUG AssetLoader          - Loading from cache: /assets/textures/laserBullet_48.png
22:02:28.435 [JavaFX Application Thread] DEBUG AssetLoader          - Loading from cache: /assets/textures/explosion_blue.png
22:02:29.285 [JavaFX Application Thread] DEBUG AssetLoader          - Loading from cache: /assets/textures/laserBullet_48.png
22:02:29.435 [JavaFX Application Thread] DEBUG AssetLoader          - Loading from cache: /assets/textures/laserBullet_48.png
22:02:29.535 [JavaFX Application Thread] DEBUG AssetLoader          - Loading from cache: /assets/textures/explosion_blue.png
22:02:30.853 [JavaFX Application Thread] DEBUG AssetLoader          - Loading from cache: /assets/textures/laserBullet_48.png
22:02:31.002 [JavaFX Application Thread] DEBUG AssetLoader          - Loading from cache: /assets/textures/laserBullet_48.png
22:02:31.036 [JavaFX Application Thread] DEBUG AssetLoader          - Loading from cache: /assets/textures/explosion_blue.png
22:02:31.152 [JavaFX Application Thread] DEBUG AssetLoader          - Loading from cache: /assets/textures/laserBullet_48.png
22:02:31.303 [JavaFX Application Thread] DEBUG AssetLoader          - Loading from cache: /assets/textures/laserBullet_48.png
22:02:31.387 [JavaFX Application Thread] DEBUG AssetLoader          - Loading from cache: /assets/textures/explosion_blue.png
22:02:31.503 [JavaFX Application Thread] DEBUG AssetLoader          - Loading from cache: /assets/textures/laserBullet_48.png
22:02:31.770 [JavaFX Application Thread] DEBUG AssetLoader          - Loading from cache: /assets/textures/explosion_blue.png
22:02:32.620 [JavaFX Application Thread] DEBUG AssetLoader          - Loading from cache: /assets/textures/laserBullet_48.png
22:02:32.770 [JavaFX Application Thread] DEBUG AssetLoader          - Loading from cache: /assets/textures/laserBullet_48.png
22:02:32.871 [JavaFX Application Thread] DEBUG AssetLoader          - Loading from cache: /assets/textures/explosion_blue.png
22:02:34.188 [JavaFX Application Thread] DEBUG AssetLoader          - Loading from cache: /assets/textures/laserBullet_48.png
22:02:34.338 [JavaFX Application Thread] DEBUG AssetLoader          - Loading from cache: /assets/textures/laserBullet_48.png
22:02:34.372 [JavaFX Application Thread] DEBUG AssetLoader          - Loading from cache: /assets/textures/explosion_blue.png
22:02:34.488 [JavaFX Application Thread] DEBUG AssetLoader          - Loading from cache: /assets/textures/laserBullet_48.png
22:02:34.638 [JavaFX Application Thread] DEBUG AssetLoader          - Loading from cache: /assets/textures/laserBullet_48.png
22:02:34.721 [JavaFX Application Thread] DEBUG AssetLoader          - Loading from cache: /assets/textures/explosion_blue.png
22:02:34.838 [JavaFX Application Thread] DEBUG AssetLoader          - Loading from cache: /assets/textures/laserBullet_48.png
22:02:35.105 [JavaFX Application Thread] DEBUG AssetLoader          - Loading from cache: /assets/textures/explosion_blue.png
22:02:35.954 [JavaFX Application Thread] DEBUG AssetLoader          - Loading from cache: /assets/textures/laserBullet_48.png
22:02:36.106 [JavaFX Application Thread] DEBUG AssetLoader          - Loading from cache: /assets/textures/laserBullet_48.png
22:02:36.206 [JavaFX Application Thread] DEBUG AssetLoader          - Loading from cache: /assets/textures/explosion_blue.png
22:02:37.523 [JavaFX Application Thread] DEBUG AssetLoader          - Loading from cache: /assets/textures/laserBullet_48.png
22:02:37.672 [JavaFX Application Thread] DEBUG AssetLoader          - Loading from cache: /assets/textures/laserBullet_48.png
22:02:37.706 [JavaFX Application Thread] DEBUG AssetLoader          - Loading from cache: /assets/textures/explosion_blue.png
22:02:37.821 [JavaFX Application Thread] DEBUG AssetLoader          - Loading from cache: /assets/textures/laserBullet_48.png
22:02:37.971 [JavaFX Application Thread] DEBUG AssetLoader          - Loading from cache: /assets/textures/laserBullet_48.png
22:02:38.057 [JavaFX Application Thread] DEBUG AssetLoader          - Loading from cache: /assets/textures/explosion_blue.png
22:02:38.172 [JavaFX Application Thread] DEBUG AssetLoader          - Loading from cache: /assets/textures/laserBullet_48.png
22:02:38.440 [JavaFX Application Thread] DEBUG AssetLoader          - Loading from cache: /assets/textures/explosion_blue.png
22:02:39.289 [JavaFX Application Thread] DEBUG AssetLoader          - Loading from cache: /assets/textures/laserBullet_48.png
22:02:39.440 [JavaFX Application Thread] DEBUG AssetLoader          - Loading from cache: /assets/textures/laserBullet_48.png
22:02:39.540 [JavaFX Application Thread] DEBUG AssetLoader          - Loading from cache: /assets/textures/explosion_blue.png
22:02:44.276 [JavaFX Application Thread] DEBUG AssetLoader          - Loading from cache: /assets/textures/enemy1Sheet.png
22:02:44.277 [JavaFX Application Thread] DEBUG AssetLoader          - Loading from cache: /assets/textures/enemy1Sheet.png
22:02:44.278 [JavaFX Application Thread] DEBUG AssetLoader          - Loading from cache: /assets/textures/enemy1Sheet.png
22:02:44.279 [JavaFX Application Thread] DEBUG AssetLoader          - Loading from cache: /assets/textures/enemy1Sheet.png
22:02:44.279 [JavaFX Application Thread] DEBUG AssetLoader          - Loading from cache: /assets/textures/enemy1Sheet.png
22:02:44.279 [JavaFX Application Thread] DEBUG AssetLoader          - Loading from cache: /assets/textures/enemy1Sheet.png
22:02:44.280 [JavaFX Application Thread] DEBUG AssetLoader          - Loading from cache: /assets/textures/enemy1Sheet.png
22:02:44.281 [JavaFX Application Thread] DEBUG AssetLoader          - Loading from cache: /assets/textures/enemy1Sheet.png
22:02:44.281 [JavaFX Application Thread] DEBUG AssetLoader          - Loading from cache: /assets/textures/enemy1Sheet.png
22:02:44.282 [JavaFX Application Thread] DEBUG AssetLoader          - Loading from cache: /assets/textures/enemy1Sheet.png
22:02:44.283 [JavaFX Application Thread] DEBUG AssetLoader          - Loading from disk: /assets/textures/enemy2Sheet.png
22:02:44.285 [JavaFX Application Thread] DEBUG AssetLoader          - Loading from cache: /assets/textures/enemy2Sheet.png
22:02:44.285 [JavaFX Application Thread] DEBUG AssetLoader          - Loading from cache: /assets/textures/enemy2Sheet.png
22:02:44.285 [JavaFX Application Thread] DEBUG AssetLoader          - Loading from cache: /assets/textures/enemy2Sheet.png
22:02:44.286 [JavaFX Application Thread] DEBUG AssetLoader          - Loading from cache: /assets/textures/enemy2Sheet.png
22:02:46.077 [JavaFX Application Thread] DEBUG AssetLoader          - Loading from cache: /assets/textures/laserBullet_48.png
22:02:46.160 [JavaFX Application Thread] DEBUG AssetLoader          - Loading from cache: /assets/textures/enemy1Sheet.png
22:02:46.161 [JavaFX Application Thread] DEBUG AssetLoader          - Loading from cache: /assets/textures/enemy1Sheet.png
22:02:46.226 [JavaFX Application Thread] DEBUG AssetLoader          - Loading from cache: /assets/textures/laserBullet_48.png
22:02:46.311 [JavaFX Application Thread] DEBUG AssetLoader          - Loading from cache: /assets/textures/explosion_blue.png
22:02:46.377 [JavaFX Application Thread] DEBUG AssetLoader          - Loading from cache: /assets/textures/laserBullet_48.png
22:02:46.477 [JavaFX Application Thread] DEBUG AssetLoader          - Loading from cache: /assets/textures/enemy1Sheet.png
22:02:46.477 [JavaFX Application Thread] DEBUG AssetLoader          - Loading from cache: /assets/textures/enemy1Sheet.png
22:02:46.526 [JavaFX Application Thread] DEBUG AssetLoader          - Loading from cache: /assets/textures/laserBullet_48.png
22:02:46.610 [JavaFX Application Thread] DEBUG AssetLoader          - Loading from cache: /assets/textures/explosion_blue.png
22:02:46.677 [JavaFX Application Thread] DEBUG AssetLoader          - Loading from cache: /assets/textures/laserBullet_48.png
22:02:46.794 [JavaFX Application Thread] DEBUG AssetLoader          - Loading from cache: /assets/textures/enemy1Sheet.png
22:02:46.794 [JavaFX Application Thread] DEBUG AssetLoader          - Loading from cache: /assets/textures/enemy1Sheet.png
22:02:47.096 [JavaFX Application Thread] DEBUG AssetLoader          - Loading from disk: /assets/ui/cursors/turret1_60x60.png
22:02:47.844 [JavaFX Application Thread] DEBUG AssetLoader          - Loading from cache: /assets/textures/laserBullet_48.png
22:02:47.927 [JavaFX Application Thread] DEBUG AssetLoader          - Loading from cache: /assets/textures/explosion_blue.png
22:02:47.992 [JavaFX Application Thread] DEBUG AssetLoader          - Loading from cache: /assets/textures/laserBullet_48.png
22:02:48.093 [JavaFX Application Thread] DEBUG AssetLoader          - Loading from cache: /assets/textures/enemy1Sheet.png
22:02:48.094 [JavaFX Application Thread] DEBUG AssetLoader          - Loading from cache: /assets/textures/enemy1Sheet.png
22:02:48.143 [JavaFX Application Thread] DEBUG AssetLoader          - Loading from cache: /assets/textures/laserBullet_48.png
22:02:48.210 [JavaFX Application Thread] DEBUG AssetLoader          - Loading from cache: /assets/textures/turret1_60x60.png
22:02:48.243 [JavaFX Application Thread] DEBUG AssetLoader          - Loading from cache: /assets/textures/explosion_blue.png
22:02:48.294 [JavaFX Application Thread] DEBUG AssetLoader          - Loading from cache: /assets/textures/laserBullet_48.png
22:02:48.410 [JavaFX Application Thread] DEBUG AssetLoader          - Loading from cache: /assets/textures/explosion_blue.png
22:02:48.442 [JavaFX Application Thread] DEBUG AssetLoader          - Loading from cache: /assets/textures/laserBullet_48.png
22:02:48.577 [JavaFX Application Thread] DEBUG AssetLoader          - Loading from cache: /assets/textures/explosion_blue.png
22:02:48.708 [JavaFX Application Thread] DEBUG AssetLoader          - Loading from cache: /assets/textures/turret1_60x60.png
22:02:48.711 [JavaFX Application Thread] DEBUG AssetLoader          - Loading from cache: /assets/textures/turret1_60x60selected.png
22:02:49.210 [JavaFX Application Thread] DEBUG AssetLoader          - Loading from cache: /assets/textures/laserBullet_48.png
22:02:49.376 [JavaFX Application Thread] DEBUG AssetLoader          - Loading from cache: /assets/textures/enemy1Sheet.png
22:02:49.377 [JavaFX Application Thread] DEBUG AssetLoader          - Loading from cache: /assets/textures/enemy1Sheet.png
22:02:49.610 [JavaFX Application Thread] DEBUG AssetLoader          - Loading from cache: /assets/textures/laserBullet_48.png
22:02:49.694 [JavaFX Application Thread] DEBUG AssetLoader          - Loading from cache: /assets/textures/explosion_blue.png
22:02:49.760 [JavaFX Application Thread] DEBUG AssetLoader          - Loading from cache: /assets/textures/laserBullet_48.png
22:02:49.910 [JavaFX Application Thread] DEBUG AssetLoader          - Loading from cache: /assets/textures/laserBullet_48.png
22:02:49.911 [JavaFX Application Thread] DEBUG AssetLoader          - Loading from cache: /assets/textures/explosion_blue.png
22:02:50.061 [JavaFX Application Thread] DEBUG AssetLoader          - Loading from cache: /assets/textures/laserBullet_48.png
22:02:50.210 [JavaFX Application Thread] DEBUG AssetLoader          - Loading from cache: /assets/textures/laserBullet_48.png
22:02:50.245 [JavaFX Application Thread] DEBUG AssetLoader          - Loading from cache: /assets/textures/explosion_blue.png
22:02:50.377 [JavaFX Application Thread] DEBUG AssetLoader          - Loading from cache: /assets/textures/laserBullet_48.png
22:02:50.442 [JavaFX Application Thread] DEBUG AssetLoader          - Loading from cache: /assets/textures/turret1_60x60.png
22:02:50.461 [JavaFX Application Thread] DEBUG AssetLoader          - Loading from cache: /assets/textures/explosion_blue.png
22:02:51.378 [JavaFX Application Thread] DEBUG AssetLoader          - Loading from cache: /assets/textures/laserBullet_48.png
22:02:51.528 [JavaFX Application Thread] DEBUG AssetLoader          - Loading from cache: /assets/textures/laserBullet_48.png
22:02:51.530 [JavaFX Application Thread] DEBUG AssetLoader          - Loading from cache: /assets/textures/explosion_blue.png
22:02:51.678 [JavaFX Application Thread] DEBUG AssetLoader          - Loading from cache: /assets/textures/laserBullet_48.png
22:02:51.829 [JavaFX Application Thread] DEBUG AssetLoader          - Loading from cache: /assets/textures/laserBullet_48.png
22:02:51.879 [JavaFX Application Thread] DEBUG AssetLoader          - Loading from cache: /assets/textures/explosion_blue.png
22:02:51.978 [JavaFX Application Thread] DEBUG AssetLoader          - Loading from cache: /assets/textures/laserBullet_48.png
22:02:52.229 [JavaFX Application Thread] DEBUG AssetLoader          - Loading from cache: /assets/textures/explosion_blue.png
22:02:53.146 [JavaFX Application Thread] DEBUG AssetLoader          - Loading from cache: /assets/textures/laserBullet_48.png
22:02:53.296 [JavaFX Application Thread] DEBUG AssetLoader          - Loading from cache: /assets/textures/laserBullet_48.png
22:02:53.366 [JavaFX Application Thread] DEBUG AssetLoader          - Loading from cache: /assets/textures/explosion_blue.png
22:02:53.446 [JavaFX Application Thread] DEBUG AssetLoader          - Loading from cache: /assets/textures/laserBullet_48.png
22:02:53.596 [JavaFX Application Thread] DEBUG AssetLoader          - Loading from cache: /assets/textures/laserBullet_48.png
22:02:53.713 [JavaFX Application Thread] DEBUG AssetLoader          - Loading from cache: /assets/textures/explosion_blue.png
22:09:31.806 [JavaFX Application Thread] DEBUG GameApplication      - Exiting game application
22:09:31.808 [JavaFX Application Thread] DEBUG GameApplication      - Shutting down background threads
22:09:31.808 [JavaFX Application Thread] DEBUG GameApplication      - Exiting FXGL
22:09:31.808 [JavaFX Application Thread] DEBUG FXGL                 - Saving FXGL system data
22:09:31.813 [JavaFX Application Thread] DEBUG DesktopFSService     - Writing to: system/fxgl.bundle
22:09:31.818 [JavaFX Application Thread] DEBUG GameApplication      - Closing logger and exiting JavaFX
