00:42:01.031 [JavaFX Application Thread] DEBUG GameApplication      - Logger initialized
00:42:01.041 [JavaFX Application Thread] DEBUG MainWindow           - Creating a JavaFX scene
00:42:01.042 [JavaFX Application Thread] DEBUG MainWindow           - Target size > screen size
00:42:01.096 [JavaFX Application Thread] DEBUG MainWindow           - Target settings size: 1307.0 x 719.0
00:42:01.096 [JavaFX Application Thread] DEBUG MainWindow           - Scaled scene size:    1255.0 x 704.0
00:42:01.097 [JavaFX Application Thread] DEBUG MainWindow           - Scaled ratio: (0.9602142310635042, 0.9791376912378303)
00:42:01.100 [JavaFX Application Thread] DEBUG GameApplication      - Starting FXGL
00:42:01.114 [JavaFX Application Thread] INFO  FXGL                 - FXGL-0.5.2 on DESKTOP
00:42:01.114 [JavaFX Application Thread] INFO  FXGL                 - Source code and latest versions at: https://github.com/AlmasB/FXGL
00:42:01.114 [JavaFX Application Thread] INFO  FXGL                 -              Join the FXGL chat at: https://gitter.im/AlmasB/FXGL
00:42:01.123 [JavaFX Application Thread] DEBUG FS                   - Loaded DesktopFSService
00:42:01.124 [JavaFX Application Thread] DEBUG FXGL                 - Loading FXGL system data
00:42:01.132 [JavaFX Application Thread] DEBUG DesktopFSService     - Reading from: system/fxgl.bundle
00:42:01.143 [JavaFX Application Thread] DEBUG Bundle               - Logging bundle: FXGL
00:42:01.144 [JavaFX Application Thread] DEBUG Bundle               - FXGL.offline.timer.version.check=2018-06-15T20:27:09.659
00:42:01.171 [JavaFX Application Thread] DEBUG GameApplication      - FXGL started
00:42:01.171 [JavaFX Application Thread] DEBUG GameApplication      - Logging game settings
Title: Laser Defense
Version: 
Width: 1307
Height: 719
Fullscreen: false
Intro: false
Menus: false
Profiling: false
Single step:false
App Mode: DEVELOPER
Menu Key: ESCAPE
Stage Style: DECORATED
Scene Factory: class com.almasb.fxgl.scene.SceneFactory
Dialog Factory: class com.almasb.fxgl.ui.FXGLDialogFactory
UI Factory: class com.almasb.fxgl.ui.FXGLUIFactory
Notification Service: class com.almasb.fxgl.gameplay.notification.XboxNotificationView
Exception Handler: class com.almasb.fxgl.app.FXGLExceptionHandler
00:42:01.172 [JavaFX Application Thread] DEBUG GameApplication      - Configuring GameApplication
00:42:01.172 [JavaFX Application Thread] DEBUG GameApplication      - Initializing state machine and application states
00:42:01.187 [JavaFX Application Thread] DEBUG AssetLoader          - Loading from disk: /assets/ui/cursors/fxgl_default.png
00:42:01.210 [JavaFX Application Thread] DEBUG AssetLoader          - Loading from disk: /assets/ui/cursors/fxgl_default.png
00:42:01.523 [JavaFX Application Thread] DEBUG FXGLAssets           - Loading FXGLAssets
00:42:01.571 [JavaFX Application Thread] DEBUG AssetLoader          - Loading from disk: /assets/ui/fonts/VarelaRound-Regular.ttf
00:42:01.577 [JavaFX Application Thread] DEBUG AssetLoader          - Loading from disk: /assets/ui/fonts/lucida_console.ttf
00:42:01.583 [JavaFX Application Thread] DEBUG AssetLoader          - Loading from disk: /assets/ui/css/fxgl_dark.css
00:42:01.616 [JavaFX Application Thread] DEBUG AssetLoader          - Loading from disk: /assets/ui/cursors/fxgl_default.png
00:42:01.621 [JavaFX Application Thread] DEBUG AssetLoader          - Loading from disk: /assets/ui/cursors/fxgl_default.png
00:42:01.639 [JavaFX Application Thread] DEBUG GameScene            - Game scene initialized: 1307x719
00:42:01.642 [JavaFX Application Thread] DEBUG GameWorld            - Game world initialized
00:42:01.703 [JavaFX Application Thread] DEBUG PhysicsWorld         - Physics world initialized: appHeight=719, physics.ppm=50.0
00:42:01.724 [JavaFX Application Thread] DEBUG Input                - Registered new binding: Pause - Esc
00:42:01.754 [JavaFX Application Thread] DEBUG Input                - Clearing active input actions
00:42:01.808 [JavaFX Application Thread] DEBUG AppStateMachine      - StartupState -> StartupState
00:42:01.814 [JavaFX Application Thread] INFO  GameApplication      - Game configuration took:  0.642 sec
00:42:01.817 [JavaFX Application Thread] DEBUG AssetLoader          - Loading from disk: /assets/textures/fxgl_icon.png
00:42:01.834 [JavaFX Application Thread] DEBUG MainWindow           - Opening main window
00:42:02.005 [JavaFX Application Thread] DEBUG MainWindow           - Window border size: (0.0, 22.0)
00:42:02.006 [JavaFX Application Thread] DEBUG MainWindow           - Scaled size: 1255.0 x 704.0
00:42:02.006 [JavaFX Application Thread] DEBUG MainWindow           - Scaled ratio: (0.9602142310635042, 0.9791376912378303)
00:42:02.006 [JavaFX Application Thread] DEBUG MainWindow           - Scene size: 1255.0 x 704.0
00:42:02.006 [JavaFX Application Thread] DEBUG MainWindow           - Stage size: 1255.0 x 726.0
00:42:02.006 [JavaFX Application Thread] DEBUG GameApplication      - Running preInit()
00:42:02.008 [JavaFX Application Thread] DEBUG Input                - Registered new binding: Screenshot - P
00:42:02.009 [JavaFX Application Thread] DEBUG Input                - Registered new binding: Dev Options - CTRL+0
00:42:02.010 [JavaFX Application Thread] DEBUG Input                - Registered new binding: System info dump - CTRL+9
00:42:02.010 [JavaFX Application Thread] DEBUG Input                - Registered new binding: Restart - CTRL+R
00:42:02.012 [JavaFX Application Thread] DEBUG Input                - Registered new binding: Hit - LMB
00:42:02.055 [JavaFX Application Thread] DEBUG GameApplication      - Starting main loop
00:42:02.141 [JavaFX Application Thread] DEBUG StartupState         - STARTUP
00:42:02.142 [JavaFX Application Thread] DEBUG GameApplication      - Starting new game
00:42:02.142 [JavaFX Application Thread] DEBUG Input                - Clearing active input actions
00:42:02.156 [JavaFX Application Thread] DEBUG AppStateMachine      - StartupState -> LoadingState
00:42:02.162 [FXGL Background Thread 1 ] DEBUG InitAppTask          - Clearing previous game
00:42:02.163 [FXGL Background Thread 1 ] DEBUG GameWorld            - Clearing game world
00:42:02.163 [FXGL Background Thread 1 ] DEBUG PhysicsWorld         - Clearing physics world
00:42:02.163 [FXGL Background Thread 1 ] DEBUG GameScene            - Clearing game scene
00:42:02.164 [FXGL Background Thread 1 ] DEBUG InitAppTask          - Initializing Game
00:42:02.188 [FXGL Background Thread 1 ] DEBUG GameScene            - Creating render group for layer: DEFAULT(100000)
00:42:02.189 [FXGL Background Thread 1 ] DEBUG InitAppTask          - Initializing Physics
00:42:02.194 [FXGL Background Thread 1 ] DEBUG InitAppTask          - Initializing UI
00:42:02.223 [FXGL Background Thread 1 ] DEBUG InitAppTask          - Initialization Complete
00:42:02.223 [FXGL Background Thread 1 ] INFO  InitAppTask          - Game initialization took: 0.061 sec
00:42:02.369 [JavaFX Application Thread] DEBUG Input                - Clearing active input actions
00:42:02.388 [JavaFX Application Thread] DEBUG AppStateMachine      - LoadingState -> PlayState
00:42:03.816 [JavaFX Application Thread] DEBUG AssetLoader          - Loading from disk: /assets/ui/cursors/defenseCursor.png
00:42:04.627 [JavaFX Application Thread] DEBUG AssetLoader          - Loading from disk: /assets/textures/defense.png
00:42:05.642 [JavaFX Application Thread] DEBUG AssetLoader          - Loading from cache: /assets/textures/defense.png
00:42:05.648 [JavaFX Application Thread] DEBUG AssetLoader          - Loading from disk: /assets/textures/defenseSelected.png
00:42:06.207 [JavaFX Application Thread] DEBUG AssetLoader          - Loading from cache: /assets/textures/defense.png
00:42:06.208 [JavaFX Application Thread] DEBUG AssetLoader          - Loading from cache: /assets/textures/defense.png
00:42:06.861 [JavaFX Application Thread] DEBUG AssetLoader          - Loading from cache: /assets/textures/defense.png
00:42:06.863 [JavaFX Application Thread] DEBUG AssetLoader          - Loading from cache: /assets/textures/defenseSelected.png
00:42:08.287 [JavaFX Application Thread] DEBUG AssetLoader          - Loading from cache: /assets/textures/defense.png
00:42:08.287 [JavaFX Application Thread] DEBUG AssetLoader          - Loading from cache: /assets/textures/defense.png
00:42:08.921 [JavaFX Application Thread] DEBUG AssetLoader          - Loading from cache: /assets/textures/defense.png
00:42:08.922 [JavaFX Application Thread] DEBUG AssetLoader          - Loading from cache: /assets/textures/defenseSelected.png
00:42:10.216 [JavaFX Application Thread] DEBUG AssetLoader          - Loading from cache: /assets/textures/defense.png
00:42:10.217 [JavaFX Application Thread] DEBUG AssetLoader          - Loading from cache: /assets/textures/defense.png
00:42:10.978 [JavaFX Application Thread] DEBUG AssetLoader          - Loading from cache: /assets/textures/defense.png
00:42:10.980 [JavaFX Application Thread] DEBUG AssetLoader          - Loading from cache: /assets/textures/defenseSelected.png
00:42:11.725 [JavaFX Application Thread] DEBUG AssetLoader          - Loading from cache: /assets/textures/defense.png
00:42:11.725 [JavaFX Application Thread] DEBUG AssetLoader          - Loading from cache: /assets/textures/defense.png
00:42:12.492 [JavaFX Application Thread] DEBUG AssetLoader          - Loading from cache: /assets/textures/defense.png
00:42:12.494 [JavaFX Application Thread] DEBUG AssetLoader          - Loading from cache: /assets/textures/defenseSelected.png
00:42:13.831 [JavaFX Application Thread] DEBUG AssetLoader          - Loading from cache: /assets/textures/defense.png
00:42:13.831 [JavaFX Application Thread] DEBUG AssetLoader          - Loading from cache: /assets/textures/defense.png
00:42:14.971 [JavaFX Application Thread] DEBUG GameApplication      - Exiting game application
00:42:14.972 [JavaFX Application Thread] DEBUG GameApplication      - Shutting down background threads
00:42:14.972 [JavaFX Application Thread] DEBUG GameApplication      - Exiting FXGL
00:42:14.972 [JavaFX Application Thread] DEBUG FXGL                 - Saving FXGL system data
00:42:14.974 [JavaFX Application Thread] DEBUG DesktopFSService     - Writing to: system/fxgl.bundle
00:42:14.978 [JavaFX Application Thread] DEBUG GameApplication      - Closing logger and exiting JavaFX
