00:16:32.112 [JavaFX Application Thread] DEBUG GameApplication      - Logger initialized
00:16:32.124 [JavaFX Application Thread] DEBUG MainWindow           - Creating a JavaFX scene
00:16:32.124 [JavaFX Application Thread] DEBUG MainWindow           - Target size > screen size
00:16:32.210 [JavaFX Application Thread] DEBUG MainWindow           - Target settings size: 1307.0 x 719.0
00:16:32.210 [JavaFX Application Thread] DEBUG MainWindow           - Scaled scene size:    1255.0 x 704.0
00:16:32.211 [JavaFX Application Thread] DEBUG MainWindow           - Scaled ratio: (0.9602142310635042, 0.9791376912378303)
00:16:32.216 [JavaFX Application Thread] DEBUG GameApplication      - Starting FXGL
00:16:32.234 [JavaFX Application Thread] INFO  FXGL                 - FXGL-0.5.2 on DESKTOP
00:16:32.236 [JavaFX Application Thread] INFO  FXGL                 - Source code and latest versions at: https://github.com/AlmasB/FXGL
00:16:32.236 [JavaFX Application Thread] INFO  FXGL                 -              Join the FXGL chat at: https://gitter.im/AlmasB/FXGL
00:16:32.244 [JavaFX Application Thread] DEBUG FS                   - Loaded DesktopFSService
00:16:32.244 [JavaFX Application Thread] DEBUG FXGL                 - Loading FXGL system data
00:16:32.250 [JavaFX Application Thread] DEBUG DesktopFSService     - Reading from: system/fxgl.bundle
00:16:32.259 [JavaFX Application Thread] DEBUG Bundle               - Logging bundle: FXGL
00:16:32.260 [JavaFX Application Thread] DEBUG Bundle               - FXGL.offline.timer.version.check=2018-06-15T20:27:09.659
00:16:32.282 [JavaFX Application Thread] DEBUG GameApplication      - FXGL started
00:16:32.282 [JavaFX Application Thread] DEBUG GameApplication      - Logging game settings
Title: Laser Defense
Version: 
Width: 1307
Height: 719
Fullscreen: false
Intro: false
Menus: false
Profiling: false
Single step:false
App Mode: DEVELOPER
Menu Key: ESCAPE
Stage Style: DECORATED
Scene Factory: class com.almasb.fxgl.scene.SceneFactory
Dialog Factory: class com.almasb.fxgl.ui.FXGLDialogFactory
UI Factory: class com.almasb.fxgl.ui.FXGLUIFactory
Notification Service: class com.almasb.fxgl.gameplay.notification.XboxNotificationView
Exception Handler: class com.almasb.fxgl.app.FXGLExceptionHandler
00:16:32.283 [JavaFX Application Thread] DEBUG GameApplication      - Configuring GameApplication
00:16:32.283 [JavaFX Application Thread] DEBUG GameApplication      - Initializing state machine and application states
00:16:32.297 [JavaFX Application Thread] DEBUG AssetLoader          - Loading from disk: /assets/ui/cursors/fxgl_default.png
00:16:32.320 [JavaFX Application Thread] DEBUG AssetLoader          - Loading from disk: /assets/ui/cursors/fxgl_default.png
00:16:32.626 [JavaFX Application Thread] DEBUG FXGLAssets           - Loading FXGLAssets
00:16:32.675 [JavaFX Application Thread] DEBUG AssetLoader          - Loading from disk: /assets/ui/fonts/VarelaRound-Regular.ttf
00:16:32.681 [JavaFX Application Thread] DEBUG AssetLoader          - Loading from disk: /assets/ui/fonts/lucida_console.ttf
00:16:32.688 [JavaFX Application Thread] DEBUG AssetLoader          - Loading from disk: /assets/ui/css/fxgl_dark.css
00:16:32.717 [JavaFX Application Thread] DEBUG AssetLoader          - Loading from disk: /assets/ui/cursors/fxgl_default.png
00:16:32.721 [JavaFX Application Thread] DEBUG AssetLoader          - Loading from disk: /assets/ui/cursors/fxgl_default.png
00:16:32.743 [JavaFX Application Thread] DEBUG GameScene            - Game scene initialized: 1307x719
00:16:32.746 [JavaFX Application Thread] DEBUG GameWorld            - Game world initialized
00:16:32.797 [JavaFX Application Thread] DEBUG PhysicsWorld         - Physics world initialized: appHeight=719, physics.ppm=50.0
00:16:32.818 [JavaFX Application Thread] DEBUG Input                - Registered new binding: Pause - Esc
00:16:32.841 [JavaFX Application Thread] DEBUG Input                - Clearing active input actions
00:16:32.897 [JavaFX Application Thread] DEBUG AppStateMachine      - StartupState -> StartupState
00:16:32.903 [JavaFX Application Thread] INFO  GameApplication      - Game configuration took:  0.620 sec
00:16:32.905 [JavaFX Application Thread] DEBUG AssetLoader          - Loading from disk: /assets/textures/fxgl_icon.png
00:16:32.922 [JavaFX Application Thread] DEBUG MainWindow           - Opening main window
00:16:33.074 [JavaFX Application Thread] DEBUG MainWindow           - Window border size: (0.0, 22.0)
00:16:33.074 [JavaFX Application Thread] DEBUG MainWindow           - Scaled size: 1255.0 x 704.0
00:16:33.074 [JavaFX Application Thread] DEBUG MainWindow           - Scaled ratio: (0.9602142310635042, 0.9791376912378303)
00:16:33.074 [JavaFX Application Thread] DEBUG MainWindow           - Scene size: 1255.0 x 704.0
00:16:33.075 [JavaFX Application Thread] DEBUG MainWindow           - Stage size: 1255.0 x 726.0
00:16:33.075 [JavaFX Application Thread] DEBUG GameApplication      - Running preInit()
00:16:33.076 [JavaFX Application Thread] DEBUG Input                - Registered new binding: Screenshot - P
00:16:33.077 [JavaFX Application Thread] DEBUG Input                - Registered new binding: Dev Options - CTRL+0
00:16:33.077 [JavaFX Application Thread] DEBUG Input                - Registered new binding: System info dump - CTRL+9
00:16:33.078 [JavaFX Application Thread] DEBUG Input                - Registered new binding: Restart - CTRL+R
00:16:33.079 [JavaFX Application Thread] DEBUG Input                - Registered new binding: Hit - LMB
00:16:33.121 [JavaFX Application Thread] DEBUG GameApplication      - Starting main loop
00:16:33.192 [JavaFX Application Thread] DEBUG StartupState         - STARTUP
00:16:33.192 [JavaFX Application Thread] DEBUG GameApplication      - Starting new game
00:16:33.193 [JavaFX Application Thread] DEBUG Input                - Clearing active input actions
00:16:33.204 [JavaFX Application Thread] DEBUG AppStateMachine      - StartupState -> LoadingState
00:16:33.210 [FXGL Background Thread 1 ] DEBUG InitAppTask          - Clearing previous game
00:16:33.210 [FXGL Background Thread 1 ] DEBUG GameWorld            - Clearing game world
00:16:33.211 [FXGL Background Thread 1 ] DEBUG PhysicsWorld         - Clearing physics world
00:16:33.211 [FXGL Background Thread 1 ] DEBUG GameScene            - Clearing game scene
00:16:33.212 [FXGL Background Thread 1 ] DEBUG InitAppTask          - Initializing Game
00:16:33.230 [FXGL Background Thread 1 ] DEBUG GameScene            - Creating render group for layer: DEFAULT(100000)
00:16:33.232 [FXGL Background Thread 1 ] DEBUG InitAppTask          - Initializing Physics
00:16:33.233 [FXGL Background Thread 1 ] DEBUG InitAppTask          - Initializing UI
00:16:33.251 [FXGL Background Thread 1 ] DEBUG InitAppTask          - Initialization Complete
00:16:33.251 [FXGL Background Thread 1 ] INFO  InitAppTask          - Game initialization took: 0.041 sec
00:16:33.296 [JavaFX Application Thread] DEBUG Input                - Clearing active input actions
00:16:33.372 [JavaFX Application Thread] DEBUG AppStateMachine      - LoadingState -> PlayState
00:16:34.673 [JavaFX Application Thread] DEBUG AssetLoader          - Loading from disk: /assets/ui/cursors/defenseCursor.png
00:16:35.609 [JavaFX Application Thread] DEBUG AssetLoader          - Loading from disk: /assets/textures/defense.png
00:16:36.808 [JavaFX Application Thread] DEBUG AssetLoader          - Loading from disk: /assets/textures/enemy1Sheet.png
00:16:36.815 [JavaFX Application Thread] DEBUG AssetLoader          - Loading from cache: /assets/textures/enemy1Sheet.png
00:16:36.816 [JavaFX Application Thread] DEBUG AssetLoader          - Loading from cache: /assets/textures/enemy1Sheet.png
00:16:36.817 [JavaFX Application Thread] DEBUG AssetLoader          - Loading from cache: /assets/textures/enemy1Sheet.png
00:16:36.818 [JavaFX Application Thread] DEBUG AssetLoader          - Loading from cache: /assets/textures/enemy1Sheet.png
00:16:36.819 [JavaFX Application Thread] DEBUG AssetLoader          - Loading from cache: /assets/textures/enemy1Sheet.png
00:16:36.819 [JavaFX Application Thread] DEBUG AssetLoader          - Loading from cache: /assets/textures/enemy1Sheet.png
00:16:36.820 [JavaFX Application Thread] DEBUG AssetLoader          - Loading from cache: /assets/textures/enemy1Sheet.png
00:16:36.821 [JavaFX Application Thread] DEBUG AssetLoader          - Loading from cache: /assets/textures/enemy1Sheet.png
00:16:36.822 [JavaFX Application Thread] DEBUG AssetLoader          - Loading from cache: /assets/textures/enemy1Sheet.png
00:16:36.823 [JavaFX Application Thread] DEBUG AssetLoader          - Loading from cache: /assets/textures/enemy1Sheet.png
00:16:36.824 [JavaFX Application Thread] DEBUG AssetLoader          - Loading from cache: /assets/textures/enemy1Sheet.png
00:16:36.824 [JavaFX Application Thread] DEBUG AssetLoader          - Loading from cache: /assets/textures/enemy1Sheet.png
00:16:36.825 [JavaFX Application Thread] DEBUG AssetLoader          - Loading from cache: /assets/textures/enemy1Sheet.png
00:16:36.826 [JavaFX Application Thread] DEBUG AssetLoader          - Loading from cache: /assets/textures/enemy1Sheet.png
00:16:36.827 [JavaFX Application Thread] DEBUG AssetLoader          - Loading from cache: /assets/textures/enemy1Sheet.png
00:16:36.827 [JavaFX Application Thread] DEBUG AssetLoader          - Loading from cache: /assets/textures/enemy1Sheet.png
00:16:36.828 [JavaFX Application Thread] DEBUG AssetLoader          - Loading from cache: /assets/textures/enemy1Sheet.png
00:16:36.829 [JavaFX Application Thread] DEBUG AssetLoader          - Loading from cache: /assets/textures/enemy1Sheet.png
00:16:36.831 [JavaFX Application Thread] DEBUG AssetLoader          - Loading from cache: /assets/textures/enemy1Sheet.png
00:16:36.831 [JavaFX Application Thread] DEBUG AssetLoader          - Loading from disk: /assets/textures/enemy2Sheet.png
00:16:36.833 [JavaFX Application Thread] DEBUG AssetLoader          - Loading from cache: /assets/textures/enemy2Sheet.png
00:16:36.834 [JavaFX Application Thread] DEBUG AssetLoader          - Loading from cache: /assets/textures/enemy2Sheet.png
00:16:36.835 [JavaFX Application Thread] DEBUG AssetLoader          - Loading from cache: /assets/textures/enemy2Sheet.png
00:16:36.835 [JavaFX Application Thread] DEBUG AssetLoader          - Loading from cache: /assets/textures/enemy2Sheet.png
00:16:39.367 [JavaFX Application Thread] DEBUG GameApplication      - Exiting game application
00:16:39.368 [JavaFX Application Thread] DEBUG GameApplication      - Shutting down background threads
00:16:39.368 [JavaFX Application Thread] DEBUG GameApplication      - Exiting FXGL
00:16:39.369 [JavaFX Application Thread] DEBUG FXGL                 - Saving FXGL system data
00:16:39.375 [JavaFX Application Thread] DEBUG DesktopFSService     - Writing to: system/fxgl.bundle
00:16:39.380 [JavaFX Application Thread] DEBUG GameApplication      - Closing logger and exiting JavaFX
