13:05:13.131 [JavaFX Application Thread] DEBUG GameApplication      - Logger initialized
13:05:13.145 [JavaFX Application Thread] DEBUG MainWindow           - Creating a JavaFX scene
13:05:13.145 [JavaFX Application Thread] DEBUG MainWindow           - Target size > screen size
13:05:13.285 [JavaFX Application Thread] DEBUG MainWindow           - Target settings size: 1307.0 x 719.0
13:05:13.286 [JavaFX Application Thread] DEBUG MainWindow           - Scaled scene size:    1255.0 x 704.0
13:05:13.287 [JavaFX Application Thread] DEBUG MainWindow           - Scaled ratio: (0.9602142310635042, 0.9791376912378303)
13:05:13.295 [JavaFX Application Thread] DEBUG GameApplication      - Starting FXGL
13:05:13.310 [JavaFX Application Thread] INFO  FXGL                 - FXGL-0.5.2 on DESKTOP
13:05:13.311 [JavaFX Application Thread] INFO  FXGL                 - Source code and latest versions at: https://github.com/AlmasB/FXGL
13:05:13.312 [JavaFX Application Thread] INFO  FXGL                 -              Join the FXGL chat at: https://gitter.im/AlmasB/FXGL
13:05:13.326 [JavaFX Application Thread] DEBUG FS                   - Loaded DesktopFSService
13:05:13.327 [JavaFX Application Thread] DEBUG FXGL                 - Loading FXGL system data
13:05:13.337 [JavaFX Application Thread] DEBUG DesktopFSService     - Reading from: system/fxgl.bundle
13:05:13.352 [JavaFX Application Thread] DEBUG Bundle               - Logging bundle: FXGL
13:05:13.354 [JavaFX Application Thread] DEBUG Bundle               - FXGL.offline.timer.version.check=2018-06-08T17:04:18.376
13:05:13.398 [JavaFX Application Thread] DEBUG GameApplication      - FXGL started
13:05:13.398 [JavaFX Application Thread] DEBUG GameApplication      - Logging game settings
Title: LASER DEFENSE
Version: 0.1
Width: 1307
Height: 719
Fullscreen: false
Intro: false
Menus: false
Profiling: false
Single step:false
App Mode: DEVELOPER
Menu Key: ESCAPE
Stage Style: DECORATED
Scene Factory: class com.almasb.fxgl.scene.SceneFactory
Dialog Factory: class com.almasb.fxgl.ui.FXGLDialogFactory
UI Factory: class com.almasb.fxgl.ui.FXGLUIFactory
Notification Service: class com.almasb.fxgl.gameplay.notification.XboxNotificationView
Exception Handler: class com.almasb.fxgl.app.FXGLExceptionHandler
13:05:13.399 [JavaFX Application Thread] DEBUG GameApplication      - Configuring GameApplication
13:05:13.399 [JavaFX Application Thread] DEBUG GameApplication      - Initializing state machine and application states
13:05:13.420 [JavaFX Application Thread] DEBUG AssetLoader          - Loading from disk: /assets/ui/cursors/fxgl_default.png
13:05:13.453 [JavaFX Application Thread] DEBUG AssetLoader          - Loading from disk: /assets/ui/cursors/fxgl_default.png
13:05:13.850 [JavaFX Application Thread] DEBUG FXGLAssets           - Loading FXGLAssets
13:05:13.901 [JavaFX Application Thread] DEBUG AssetLoader          - Loading from disk: /assets/ui/fonts/VarelaRound-Regular.ttf
13:05:13.923 [JavaFX Application Thread] DEBUG AssetLoader          - Loading from disk: /assets/ui/fonts/lucida_console.ttf
13:05:13.927 [JavaFX Application Thread] DEBUG AssetLoader          - Loading from disk: /assets/ui/css/fxgl_dark.css
13:05:13.971 [JavaFX Application Thread] DEBUG AssetLoader          - Loading from disk: /assets/ui/cursors/fxgl_default.png
13:05:14.013 [JavaFX Application Thread] DEBUG AssetLoader          - Loading from disk: /assets/ui/cursors/fxgl_default.png
13:05:14.040 [JavaFX Application Thread] DEBUG GameScene            - Game scene initialized: 1307x719
13:05:14.043 [JavaFX Application Thread] DEBUG GameWorld            - Game world initialized
13:05:14.096 [JavaFX Application Thread] DEBUG PhysicsWorld         - Physics world initialized: appHeight=719, physics.ppm=50.0
13:05:14.117 [JavaFX Application Thread] DEBUG Input                - Registered new binding: Pause - Esc
13:05:14.134 [JavaFX Application Thread] DEBUG Input                - Clearing active input actions
13:05:14.207 [JavaFX Application Thread] DEBUG AppStateMachine      - StartupState -> StartupState
13:05:14.213 [JavaFX Application Thread] INFO  GameApplication      - Game configuration took:  0.814 sec
13:05:14.217 [JavaFX Application Thread] DEBUG AssetLoader          - Loading from disk: /assets/textures/fxgl_icon.png
13:05:14.236 [JavaFX Application Thread] DEBUG MainWindow           - Opening main window
13:05:14.413 [JavaFX Application Thread] DEBUG MainWindow           - Window border size: (0.0, 22.0)
13:05:14.414 [JavaFX Application Thread] DEBUG MainWindow           - Scaled size: 1255.0 x 704.0
13:05:14.414 [JavaFX Application Thread] DEBUG MainWindow           - Scaled ratio: (0.9602142310635042, 0.9791376912378303)
13:05:14.414 [JavaFX Application Thread] DEBUG MainWindow           - Scene size: 1255.0 x 704.0
13:05:14.414 [JavaFX Application Thread] DEBUG MainWindow           - Stage size: 1255.0 x 726.0
13:05:14.414 [JavaFX Application Thread] DEBUG GameApplication      - Running preInit()
13:05:14.419 [JavaFX Application Thread] DEBUG Input                - Registered new binding: Screenshot - P
13:05:14.421 [JavaFX Application Thread] DEBUG Input                - Registered new binding: Dev Options - CTRL+0
13:05:14.421 [JavaFX Application Thread] DEBUG Input                - Registered new binding: System info dump - CTRL+9
13:05:14.421 [JavaFX Application Thread] DEBUG Input                - Registered new binding: Restart - CTRL+R
13:05:14.422 [JavaFX Application Thread] DEBUG Input                - Registered new binding: Hit - LMB
13:05:14.468 [JavaFX Application Thread] DEBUG GameApplication      - Starting main loop
13:05:14.528 [JavaFX Application Thread] DEBUG StartupState         - STARTUP
13:05:14.528 [JavaFX Application Thread] DEBUG GameApplication      - Starting new game
13:05:14.528 [JavaFX Application Thread] DEBUG Input                - Clearing active input actions
13:05:14.544 [JavaFX Application Thread] DEBUG AppStateMachine      - StartupState -> LoadingState
13:05:14.552 [FXGL Background Thread 1 ] DEBUG InitAppTask          - Clearing previous game
13:05:14.552 [FXGL Background Thread 1 ] DEBUG GameWorld            - Clearing game world
13:05:14.552 [FXGL Background Thread 1 ] DEBUG PhysicsWorld         - Clearing physics world
13:05:14.552 [FXGL Background Thread 1 ] DEBUG GameScene            - Clearing game scene
13:05:14.554 [FXGL Background Thread 1 ] DEBUG InitAppTask          - Initializing Game
13:05:14.599 [FXGL Background Thread 1 ] DEBUG GameScene            - Creating render group for layer: DEFAULT(100000)
13:05:14.667 [FXGL Background Thread 1 ] DEBUG AssetLoader          - Loading from disk: /assets/textures/enemy2Sheet.png
13:05:14.681 [FXGL Background Thread 1 ] DEBUG AssetLoader          - Loading from cache: /assets/textures/enemy2Sheet.png
13:05:14.688 [FXGL Background Thread 1 ] DEBUG AssetLoader          - Loading from cache: /assets/textures/enemy2Sheet.png
13:05:14.691 [FXGL Background Thread 1 ] DEBUG AssetLoader          - Loading from cache: /assets/textures/enemy2Sheet.png
13:05:14.693 [FXGL Background Thread 1 ] DEBUG AssetLoader          - Loading from cache: /assets/textures/enemy2Sheet.png
13:05:14.694 [FXGL Background Thread 1 ] DEBUG AssetLoader          - Loading from cache: /assets/textures/enemy2Sheet.png
13:05:14.696 [FXGL Background Thread 1 ] DEBUG AssetLoader          - Loading from cache: /assets/textures/enemy2Sheet.png
13:05:14.698 [FXGL Background Thread 1 ] DEBUG AssetLoader          - Loading from cache: /assets/textures/enemy2Sheet.png
13:05:14.700 [FXGL Background Thread 1 ] DEBUG AssetLoader          - Loading from cache: /assets/textures/enemy2Sheet.png
13:05:14.703 [FXGL Background Thread 1 ] DEBUG AssetLoader          - Loading from cache: /assets/textures/enemy2Sheet.png
13:05:14.705 [FXGL Background Thread 1 ] DEBUG AssetLoader          - Loading from cache: /assets/textures/enemy2Sheet.png
13:05:14.706 [FXGL Background Thread 1 ] DEBUG AssetLoader          - Loading from cache: /assets/textures/enemy2Sheet.png
13:05:14.712 [FXGL Background Thread 1 ] DEBUG AssetLoader          - Loading from cache: /assets/textures/enemy2Sheet.png
13:05:14.722 [FXGL Background Thread 1 ] DEBUG AssetLoader          - Loading from cache: /assets/textures/enemy2Sheet.png
13:05:14.724 [FXGL Background Thread 1 ] DEBUG AssetLoader          - Loading from cache: /assets/textures/enemy2Sheet.png
13:05:14.728 [FXGL Background Thread 1 ] DEBUG AssetLoader          - Loading from cache: /assets/textures/enemy2Sheet.png
13:05:14.729 [FXGL Background Thread 1 ] DEBUG AssetLoader          - Loading from cache: /assets/textures/enemy2Sheet.png
13:05:14.731 [FXGL Background Thread 1 ] DEBUG AssetLoader          - Loading from cache: /assets/textures/enemy2Sheet.png
13:05:14.733 [FXGL Background Thread 1 ] DEBUG AssetLoader          - Loading from cache: /assets/textures/enemy2Sheet.png
13:05:14.734 [FXGL Background Thread 1 ] DEBUG AssetLoader          - Loading from cache: /assets/textures/enemy2Sheet.png
13:05:14.735 [FXGL Background Thread 1 ] DEBUG AssetLoader          - Loading from cache: /assets/textures/enemy2Sheet.png
13:05:14.737 [FXGL Background Thread 1 ] DEBUG AssetLoader          - Loading from cache: /assets/textures/enemy2Sheet.png
13:05:14.738 [FXGL Background Thread 1 ] DEBUG AssetLoader          - Loading from cache: /assets/textures/enemy2Sheet.png
13:05:14.739 [FXGL Background Thread 1 ] DEBUG AssetLoader          - Loading from cache: /assets/textures/enemy2Sheet.png
13:05:14.743 [FXGL Background Thread 1 ] DEBUG AssetLoader          - Loading from cache: /assets/textures/enemy2Sheet.png
13:05:14.744 [FXGL Background Thread 1 ] DEBUG AssetLoader          - Loading from cache: /assets/textures/enemy2Sheet.png
13:05:14.745 [FXGL Background Thread 1 ] DEBUG AssetLoader          - Loading from cache: /assets/textures/enemy2Sheet.png
13:05:14.746 [FXGL Background Thread 1 ] DEBUG AssetLoader          - Loading from cache: /assets/textures/enemy2Sheet.png
13:05:14.749 [FXGL Background Thread 1 ] DEBUG AssetLoader          - Loading from cache: /assets/textures/enemy2Sheet.png
13:05:14.750 [FXGL Background Thread 1 ] DEBUG AssetLoader          - Loading from cache: /assets/textures/enemy2Sheet.png
13:05:14.751 [FXGL Background Thread 1 ] DEBUG AssetLoader          - Loading from cache: /assets/textures/enemy2Sheet.png
13:05:14.752 [FXGL Background Thread 1 ] DEBUG AssetLoader          - Loading from cache: /assets/textures/enemy2Sheet.png
13:05:14.753 [FXGL Background Thread 1 ] DEBUG AssetLoader          - Loading from cache: /assets/textures/enemy2Sheet.png
13:05:14.755 [FXGL Background Thread 1 ] DEBUG AssetLoader          - Loading from cache: /assets/textures/enemy2Sheet.png
13:05:14.756 [FXGL Background Thread 1 ] DEBUG AssetLoader          - Loading from cache: /assets/textures/enemy2Sheet.png
13:05:14.757 [FXGL Background Thread 1 ] DEBUG AssetLoader          - Loading from cache: /assets/textures/enemy2Sheet.png
13:05:14.757 [FXGL Background Thread 1 ] DEBUG AssetLoader          - Loading from cache: /assets/textures/enemy2Sheet.png
13:05:14.758 [FXGL Background Thread 1 ] DEBUG AssetLoader          - Loading from cache: /assets/textures/enemy2Sheet.png
13:05:14.762 [FXGL Background Thread 1 ] DEBUG AssetLoader          - Loading from cache: /assets/textures/enemy2Sheet.png
13:05:14.766 [FXGL Background Thread 1 ] DEBUG AssetLoader          - Loading from cache: /assets/textures/enemy2Sheet.png
13:05:14.767 [FXGL Background Thread 1 ] DEBUG AssetLoader          - Loading from cache: /assets/textures/enemy2Sheet.png
13:05:14.772 [FXGL Background Thread 1 ] DEBUG AssetLoader          - Loading from cache: /assets/textures/enemy2Sheet.png
13:05:14.774 [FXGL Background Thread 1 ] DEBUG AssetLoader          - Loading from cache: /assets/textures/enemy2Sheet.png
13:05:14.784 [FXGL Background Thread 1 ] DEBUG AssetLoader          - Loading from cache: /assets/textures/enemy2Sheet.png
13:05:14.796 [FXGL Background Thread 1 ] DEBUG AssetLoader          - Loading from cache: /assets/textures/enemy2Sheet.png
13:05:14.797 [FXGL Background Thread 1 ] DEBUG AssetLoader          - Loading from cache: /assets/textures/enemy2Sheet.png
13:05:14.798 [FXGL Background Thread 1 ] DEBUG AssetLoader          - Loading from cache: /assets/textures/enemy2Sheet.png
13:05:14.799 [FXGL Background Thread 1 ] DEBUG AssetLoader          - Loading from cache: /assets/textures/enemy2Sheet.png
13:05:14.800 [FXGL Background Thread 1 ] DEBUG AssetLoader          - Loading from cache: /assets/textures/enemy2Sheet.png
13:05:14.801 [FXGL Background Thread 1 ] DEBUG AssetLoader          - Loading from cache: /assets/textures/enemy2Sheet.png
13:05:14.802 [FXGL Background Thread 1 ] DEBUG InitAppTask          - Initializing Physics
13:05:14.805 [FXGL Background Thread 1 ] DEBUG InitAppTask          - Initializing UI
13:05:14.805 [FXGL Background Thread 1 ] DEBUG InitAppTask          - Initialization Complete
13:05:14.806 [FXGL Background Thread 1 ] INFO  InitAppTask          - Game initialization took: 0.254 sec
13:05:14.821 [JavaFX Application Thread] DEBUG Input                - Clearing active input actions
13:05:14.851 [JavaFX Application Thread] DEBUG AppStateMachine      - LoadingState -> PlayState
13:05:15.866 [JavaFX Application Thread] DEBUG AssetLoader          - Loading from disk: /assets/textures/turret1_60x60.png
13:05:15.876 [JavaFX Application Thread] DEBUG EventBus             - Firing event: NotificationEvent[message=Blue enemies only need one hit to die.]
13:05:17.045 [JavaFX Application Thread] DEBUG AssetLoader          - Loading from disk: /assets/textures/laserBullet_48.png
13:05:17.192 [JavaFX Application Thread] DEBUG AssetLoader          - Loading from disk: /assets/textures/enemy1Sheet.png
13:05:17.194 [JavaFX Application Thread] DEBUG AssetLoader          - Loading from cache: /assets/textures/enemy1Sheet.png
13:05:18.107 [JavaFX Application Thread] DEBUG AssetLoader          - Loading from cache: /assets/textures/laserBullet_48.png
13:05:18.111 [JavaFX Application Thread] DEBUG AssetLoader          - Loading from cache: /assets/sounds/single.wav
13:05:18.158 [JavaFX Application Thread] DEBUG AssetLoader          - Loading from cache: /assets/textures/enemy1Sheet.png
13:05:18.159 [JavaFX Application Thread] DEBUG AssetLoader          - Loading from cache: /assets/textures/enemy1Sheet.png
13:05:19.125 [JavaFX Application Thread] DEBUG AssetLoader          - Loading from cache: /assets/textures/laserBullet_48.png
13:05:19.126 [JavaFX Application Thread] DEBUG AssetLoader          - Loading from cache: /assets/sounds/single.wav
13:05:19.209 [JavaFX Application Thread] DEBUG AssetLoader          - Loading from cache: /assets/textures/enemy1Sheet.png
13:05:19.209 [JavaFX Application Thread] DEBUG AssetLoader          - Loading from cache: /assets/textures/enemy1Sheet.png
13:05:19.496 [JavaFX Application Thread] DEBUG AssetLoader          - Loading from cache: /assets/textures/turret1_60x60.png
13:05:20.158 [JavaFX Application Thread] DEBUG AssetLoader          - Loading from cache: /assets/textures/laserBullet_48.png
13:05:20.160 [JavaFX Application Thread] DEBUG AssetLoader          - Loading from cache: /assets/sounds/single.wav
13:05:20.209 [JavaFX Application Thread] DEBUG AssetLoader          - Loading from cache: /assets/textures/enemy1Sheet.png
13:05:20.209 [JavaFX Application Thread] DEBUG AssetLoader          - Loading from cache: /assets/textures/enemy1Sheet.png
13:05:20.510 [JavaFX Application Thread] DEBUG AssetLoader          - Loading from cache: /assets/textures/laserBullet_48.png
13:05:20.513 [JavaFX Application Thread] DEBUG AssetLoader          - Loading from cache: /assets/sounds/single.wav
13:05:20.567 [JavaFX Application Thread] DEBUG AssetLoader          - Loading from disk: /assets/textures/explosion_blue.png
13:05:21.209 [JavaFX Application Thread] DEBUG AssetLoader          - Loading from cache: /assets/textures/laserBullet_48.png
13:05:21.213 [JavaFX Application Thread] DEBUG AssetLoader          - Loading from cache: /assets/sounds/single.wav
13:05:21.259 [JavaFX Application Thread] DEBUG AssetLoader          - Loading from cache: /assets/textures/enemy1Sheet.png
13:05:21.260 [JavaFX Application Thread] DEBUG AssetLoader          - Loading from cache: /assets/textures/enemy1Sheet.png
13:05:21.559 [JavaFX Application Thread] DEBUG AssetLoader          - Loading from cache: /assets/textures/laserBullet_48.png
13:05:21.562 [JavaFX Application Thread] DEBUG AssetLoader          - Loading from cache: /assets/sounds/single.wav
13:05:21.610 [JavaFX Application Thread] DEBUG AssetLoader          - Loading from cache: /assets/textures/explosion_blue.png
13:05:22.228 [JavaFX Application Thread] DEBUG AssetLoader          - Loading from cache: /assets/textures/laserBullet_48.png
13:05:22.231 [JavaFX Application Thread] DEBUG AssetLoader          - Loading from cache: /assets/sounds/single.wav
13:05:22.277 [JavaFX Application Thread] DEBUG AssetLoader          - Loading from cache: /assets/textures/enemy1Sheet.png
13:05:22.278 [JavaFX Application Thread] DEBUG AssetLoader          - Loading from cache: /assets/textures/enemy1Sheet.png
13:05:22.575 [JavaFX Application Thread] DEBUG AssetLoader          - Loading from cache: /assets/textures/laserBullet_48.png
13:05:22.578 [JavaFX Application Thread] DEBUG AssetLoader          - Loading from cache: /assets/sounds/single.wav
13:05:22.611 [JavaFX Application Thread] DEBUG AssetLoader          - Loading from cache: /assets/textures/explosion_blue.png
13:05:22.698 [JavaFX Application Thread] DEBUG AssetLoader          - Loading from cache: /assets/textures/turret1_60x60.png
13:05:23.243 [JavaFX Application Thread] DEBUG AssetLoader          - Loading from cache: /assets/textures/laserBullet_48.png
13:05:23.245 [JavaFX Application Thread] DEBUG AssetLoader          - Loading from cache: /assets/sounds/single.wav
13:05:23.294 [JavaFX Application Thread] DEBUG AssetLoader          - Loading from cache: /assets/textures/enemy1Sheet.png
13:05:23.295 [JavaFX Application Thread] DEBUG AssetLoader          - Loading from cache: /assets/textures/enemy1Sheet.png
13:05:23.593 [JavaFX Application Thread] DEBUG AssetLoader          - Loading from cache: /assets/textures/laserBullet_48.png
13:05:23.596 [JavaFX Application Thread] DEBUG AssetLoader          - Loading from cache: /assets/sounds/single.wav
13:05:23.646 [JavaFX Application Thread] DEBUG AssetLoader          - Loading from cache: /assets/textures/explosion_blue.png
13:05:23.711 [JavaFX Application Thread] DEBUG AssetLoader          - Loading from cache: /assets/textures/laserBullet_48.png
13:05:23.715 [JavaFX Application Thread] DEBUG AssetLoader          - Loading from cache: /assets/sounds/single.wav
13:05:23.760 [JavaFX Application Thread] DEBUG AssetLoader          - Loading from cache: /assets/textures/enemy1Sheet.png
13:05:23.761 [JavaFX Application Thread] DEBUG AssetLoader          - Loading from cache: /assets/textures/enemy1Sheet.png
13:05:24.261 [JavaFX Application Thread] DEBUG AssetLoader          - Loading from cache: /assets/textures/laserBullet_48.png
13:05:24.263 [JavaFX Application Thread] DEBUG AssetLoader          - Loading from cache: /assets/sounds/single.wav
13:05:24.309 [JavaFX Application Thread] DEBUG AssetLoader          - Loading from cache: /assets/textures/enemy1Sheet.png
13:05:24.310 [JavaFX Application Thread] DEBUG AssetLoader          - Loading from cache: /assets/textures/enemy1Sheet.png
13:05:24.610 [JavaFX Application Thread] DEBUG AssetLoader          - Loading from cache: /assets/textures/laserBullet_48.png
13:05:24.612 [JavaFX Application Thread] DEBUG AssetLoader          - Loading from cache: /assets/sounds/single.wav
13:05:24.644 [JavaFX Application Thread] DEBUG AssetLoader          - Loading from cache: /assets/textures/enemy1Sheet.png
13:05:24.644 [JavaFX Application Thread] DEBUG AssetLoader          - Loading from cache: /assets/textures/enemy1Sheet.png
13:05:24.725 [JavaFX Application Thread] DEBUG AssetLoader          - Loading from cache: /assets/textures/laserBullet_48.png
13:05:24.726 [JavaFX Application Thread] DEBUG AssetLoader          - Loading from cache: /assets/sounds/single.wav
13:05:24.760 [JavaFX Application Thread] DEBUG AssetLoader          - Loading from cache: /assets/textures/enemy1Sheet.png
13:05:24.760 [JavaFX Application Thread] DEBUG AssetLoader          - Loading from cache: /assets/textures/enemy1Sheet.png
13:05:25.277 [JavaFX Application Thread] DEBUG AssetLoader          - Loading from cache: /assets/textures/laserBullet_48.png
13:05:25.279 [JavaFX Application Thread] DEBUG AssetLoader          - Loading from cache: /assets/sounds/single.wav
13:05:25.327 [JavaFX Application Thread] DEBUG AssetLoader          - Loading from cache: /assets/textures/enemy1Sheet.png
13:05:25.328 [JavaFX Application Thread] DEBUG AssetLoader          - Loading from cache: /assets/textures/enemy1Sheet.png
13:05:25.628 [JavaFX Application Thread] DEBUG AssetLoader          - Loading from cache: /assets/textures/laserBullet_48.png
13:05:25.631 [JavaFX Application Thread] DEBUG AssetLoader          - Loading from cache: /assets/sounds/single.wav
13:05:25.679 [JavaFX Application Thread] DEBUG AssetLoader          - Loading from cache: /assets/textures/explosion_blue.png
13:05:25.745 [JavaFX Application Thread] DEBUG AssetLoader          - Loading from cache: /assets/textures/laserBullet_48.png
13:05:25.745 [JavaFX Application Thread] DEBUG AssetLoader          - Loading from cache: /assets/sounds/single.wav
13:05:25.843 [JavaFX Application Thread] DEBUG GameApplication      - Exiting game application
13:05:25.844 [JavaFX Application Thread] DEBUG GameApplication      - Shutting down background threads
13:05:25.844 [JavaFX Application Thread] DEBUG GameApplication      - Exiting FXGL
13:05:25.844 [JavaFX Application Thread] DEBUG FXGL                 - Saving FXGL system data
13:05:25.847 [JavaFX Application Thread] DEBUG DesktopFSService     - Writing to: system/fxgl.bundle
13:05:25.852 [JavaFX Application Thread] DEBUG GameApplication      - Closing logger and exiting JavaFX
