12:11:03.619 [JavaFX Application Thread] DEBUG GameApplication      - Logger initialized
12:11:03.635 [JavaFX Application Thread] DEBUG MainWindow           - Creating a JavaFX scene
12:11:03.635 [JavaFX Application Thread] DEBUG MainWindow           - Target size > screen size
12:11:03.830 [JavaFX Application Thread] DEBUG MainWindow           - Target settings size: 1307.0 x 719.0
12:11:03.830 [JavaFX Application Thread] DEBUG MainWindow           - Scaled scene size:    1255.0 x 704.0
12:11:03.831 [JavaFX Application Thread] DEBUG MainWindow           - Scaled ratio: (0.9602142310635042, 0.9791376912378303)
12:11:03.839 [JavaFX Application Thread] DEBUG GameApplication      - Starting FXGL
12:11:03.863 [JavaFX Application Thread] INFO  FXGL                 - FXGL-0.5.2 on DESKTOP
12:11:03.863 [JavaFX Application Thread] INFO  FXGL                 - Source code and latest versions at: https://github.com/AlmasB/FXGL
12:11:03.864 [JavaFX Application Thread] INFO  FXGL                 -              Join the FXGL chat at: https://gitter.im/AlmasB/FXGL
12:11:03.876 [JavaFX Application Thread] DEBUG FS                   - Loaded DesktopFSService
12:11:03.876 [JavaFX Application Thread] DEBUG FXGL                 - Loading FXGL system data
12:11:03.896 [JavaFX Application Thread] DEBUG DesktopFSService     - Reading from: system/fxgl.bundle
12:11:03.914 [JavaFX Application Thread] DEBUG Bundle               - Logging bundle: FXGL
12:11:03.914 [JavaFX Application Thread] DEBUG Bundle               - FXGL.offline.timer.version.check=2018-06-08T17:04:18.376
12:11:03.967 [JavaFX Application Thread] DEBUG GameApplication      - FXGL started
12:11:03.968 [JavaFX Application Thread] DEBUG GameApplication      - Logging game settings
Title: LASER DEFENSE
Version: 0.1
Width: 1307
Height: 719
Fullscreen: false
Intro: false
Menus: false
Profiling: false
Single step:false
App Mode: DEVELOPER
Menu Key: ESCAPE
Stage Style: DECORATED
Scene Factory: class com.almasb.fxgl.scene.SceneFactory
Dialog Factory: class com.almasb.fxgl.ui.FXGLDialogFactory
UI Factory: class com.almasb.fxgl.ui.FXGLUIFactory
Notification Service: class com.almasb.fxgl.gameplay.notification.XboxNotificationView
Exception Handler: class com.almasb.fxgl.app.FXGLExceptionHandler
12:11:03.969 [JavaFX Application Thread] DEBUG GameApplication      - Configuring GameApplication
12:11:03.969 [JavaFX Application Thread] DEBUG GameApplication      - Initializing state machine and application states
12:11:03.987 [JavaFX Application Thread] DEBUG AssetLoader          - Loading from disk: /assets/ui/cursors/fxgl_default.png
12:11:04.035 [JavaFX Application Thread] DEBUG AssetLoader          - Loading from disk: /assets/ui/cursors/fxgl_default.png
12:11:04.554 [JavaFX Application Thread] DEBUG FXGLAssets           - Loading FXGLAssets
12:11:04.627 [JavaFX Application Thread] DEBUG AssetLoader          - Loading from disk: /assets/ui/fonts/VarelaRound-Regular.ttf
12:11:04.658 [JavaFX Application Thread] DEBUG AssetLoader          - Loading from disk: /assets/ui/fonts/lucida_console.ttf
12:11:04.663 [JavaFX Application Thread] DEBUG AssetLoader          - Loading from disk: /assets/ui/css/fxgl_dark.css
12:11:04.724 [JavaFX Application Thread] DEBUG AssetLoader          - Loading from disk: /assets/ui/cursors/fxgl_default.png
12:11:04.783 [JavaFX Application Thread] DEBUG AssetLoader          - Loading from disk: /assets/ui/cursors/fxgl_default.png
12:11:04.824 [JavaFX Application Thread] DEBUG GameScene            - Game scene initialized: 1307x719
12:11:04.828 [JavaFX Application Thread] DEBUG GameWorld            - Game world initialized
12:11:04.899 [JavaFX Application Thread] DEBUG PhysicsWorld         - Physics world initialized: appHeight=719, physics.ppm=50.0
12:11:04.921 [JavaFX Application Thread] DEBUG Input                - Registered new binding: Pause - Esc
12:11:04.956 [JavaFX Application Thread] DEBUG Input                - Clearing active input actions
12:11:05.038 [JavaFX Application Thread] DEBUG AppStateMachine      - StartupState -> StartupState
12:11:05.047 [JavaFX Application Thread] INFO  GameApplication      - Game configuration took:  1.078 sec
12:11:05.050 [JavaFX Application Thread] DEBUG AssetLoader          - Loading from disk: /assets/textures/fxgl_icon.png
12:11:05.066 [JavaFX Application Thread] DEBUG MainWindow           - Opening main window
12:11:05.266 [JavaFX Application Thread] DEBUG MainWindow           - Window border size: (0.0, 22.0)
12:11:05.267 [JavaFX Application Thread] DEBUG MainWindow           - Scaled size: 1255.0 x 704.0
12:11:05.267 [JavaFX Application Thread] DEBUG MainWindow           - Scaled ratio: (0.9602142310635042, 0.9791376912378303)
12:11:05.267 [JavaFX Application Thread] DEBUG MainWindow           - Scene size: 1255.0 x 704.0
12:11:05.267 [JavaFX Application Thread] DEBUG MainWindow           - Stage size: 1255.0 x 726.0
12:11:05.268 [JavaFX Application Thread] DEBUG GameApplication      - Running preInit()
12:11:05.270 [JavaFX Application Thread] DEBUG Input                - Registered new binding: Screenshot - P
12:11:05.271 [JavaFX Application Thread] DEBUG Input                - Registered new binding: Dev Options - CTRL+0
12:11:05.271 [JavaFX Application Thread] DEBUG Input                - Registered new binding: System info dump - CTRL+9
12:11:05.272 [JavaFX Application Thread] DEBUG Input                - Registered new binding: Restart - CTRL+R
12:11:05.272 [JavaFX Application Thread] DEBUG Input                - Registered new binding: Hit - LMB
12:11:05.319 [JavaFX Application Thread] DEBUG GameApplication      - Starting main loop
12:11:05.453 [JavaFX Application Thread] DEBUG StartupState         - STARTUP
12:11:05.454 [JavaFX Application Thread] DEBUG GameApplication      - Starting new game
12:11:05.454 [JavaFX Application Thread] DEBUG Input                - Clearing active input actions
12:11:05.467 [JavaFX Application Thread] DEBUG AppStateMachine      - StartupState -> LoadingState
12:11:05.483 [FXGL Background Thread 1 ] DEBUG InitAppTask          - Clearing previous game
12:11:05.483 [FXGL Background Thread 1 ] DEBUG GameWorld            - Clearing game world
12:11:05.483 [FXGL Background Thread 1 ] DEBUG PhysicsWorld         - Clearing physics world
12:11:05.484 [FXGL Background Thread 1 ] DEBUG GameScene            - Clearing game scene
12:11:05.486 [FXGL Background Thread 1 ] DEBUG InitAppTask          - Initializing Game
12:11:05.536 [FXGL Background Thread 1 ] DEBUG GameScene            - Creating render group for layer: DEFAULT(100000)
12:11:05.634 [FXGL Background Thread 1 ] DEBUG AssetLoader          - Loading from disk: /assets/textures//enemy1.png
12:11:05.651 [FXGL Background Thread 1 ] DEBUG InitAppTask          - Initializing Physics
12:11:05.651 [FXGL Background Thread 1 ] DEBUG InitAppTask          - Initializing UI
12:11:05.651 [FXGL Background Thread 1 ] DEBUG InitAppTask          - Initialization Complete
12:11:05.652 [FXGL Background Thread 1 ] INFO  InitAppTask          - Game initialization took: 0.169 sec
12:11:05.720 [JavaFX Application Thread] DEBUG Input                - Clearing active input actions
12:11:05.736 [JavaFX Application Thread] DEBUG AppStateMachine      - LoadingState -> PlayState
12:12:09.680 [JavaFX Application Thread] DEBUG GameApplication      - Exiting game application
12:12:09.680 [JavaFX Application Thread] DEBUG GameApplication      - Shutting down background threads
12:12:09.681 [JavaFX Application Thread] DEBUG GameApplication      - Exiting FXGL
12:12:09.681 [JavaFX Application Thread] DEBUG FXGL                 - Saving FXGL system data
12:12:09.684 [JavaFX Application Thread] DEBUG DesktopFSService     - Writing to: system/fxgl.bundle
12:12:09.688 [JavaFX Application Thread] DEBUG GameApplication      - Closing logger and exiting JavaFX
