19:11:37.970 [JavaFX Application Thread] DEBUG GameApplication      - Logger initialized
19:11:37.977 [JavaFX Application Thread] DEBUG MainWindow           - Creating a JavaFX scene
19:11:37.977 [JavaFX Application Thread] DEBUG MainWindow           - Target size > screen size
19:11:38.123 [JavaFX Application Thread] DEBUG MainWindow           - Target settings size: 1307.0 x 719.0
19:11:38.123 [JavaFX Application Thread] DEBUG MainWindow           - Scaled scene size:    1255.0 x 704.0
19:11:38.124 [JavaFX Application Thread] DEBUG MainWindow           - Scaled ratio: (0.9602142310635042, 0.9791376912378303)
19:11:38.131 [JavaFX Application Thread] DEBUG GameApplication      - Starting FXGL
19:11:38.150 [JavaFX Application Thread] INFO  FXGL                 - FXGL-0.5.2 on DESKTOP
19:11:38.150 [JavaFX Application Thread] INFO  FXGL                 - Source code and latest versions at: https://github.com/AlmasB/FXGL
19:11:38.150 [JavaFX Application Thread] INFO  FXGL                 -              Join the FXGL chat at: https://gitter.im/AlmasB/FXGL
19:11:38.167 [JavaFX Application Thread] DEBUG FS                   - Loaded DesktopFSService
19:11:38.167 [JavaFX Application Thread] DEBUG FXGL                 - Loading FXGL system data
19:11:38.179 [JavaFX Application Thread] DEBUG DesktopFSService     - Reading from: system/fxgl.bundle
19:11:38.193 [JavaFX Application Thread] DEBUG Bundle               - Logging bundle: FXGL
19:11:38.194 [JavaFX Application Thread] DEBUG Bundle               - FXGL.offline.timer.version.check=2018-06-08T17:04:18.376
19:11:38.234 [JavaFX Application Thread] DEBUG GameApplication      - FXGL started
19:11:38.235 [JavaFX Application Thread] DEBUG GameApplication      - Logging game settings
Title: LASER DEFENSE
Version: 0.1
Width: 1307
Height: 719
Fullscreen: false
Intro: false
Menus: false
Profiling: false
Single step:false
App Mode: DEVELOPER
Menu Key: ESCAPE
Stage Style: DECORATED
Scene Factory: class com.almasb.fxgl.scene.SceneFactory
Dialog Factory: class com.almasb.fxgl.ui.FXGLDialogFactory
UI Factory: class com.almasb.fxgl.ui.FXGLUIFactory
Notification Service: class com.almasb.fxgl.gameplay.notification.XboxNotificationView
Exception Handler: class com.almasb.fxgl.app.FXGLExceptionHandler
19:11:38.238 [JavaFX Application Thread] DEBUG GameApplication      - Configuring GameApplication
19:11:38.238 [JavaFX Application Thread] DEBUG GameApplication      - Initializing state machine and application states
19:11:38.256 [JavaFX Application Thread] DEBUG AssetLoader          - Loading from disk: /assets/ui/cursors/fxgl_default.png
19:11:38.286 [JavaFX Application Thread] DEBUG AssetLoader          - Loading from disk: /assets/ui/cursors/fxgl_default.png
19:11:38.772 [JavaFX Application Thread] DEBUG FXGLAssets           - Loading FXGLAssets
19:11:38.833 [JavaFX Application Thread] DEBUG AssetLoader          - Loading from disk: /assets/ui/fonts/VarelaRound-Regular.ttf
19:11:38.849 [JavaFX Application Thread] DEBUG AssetLoader          - Loading from disk: /assets/ui/fonts/lucida_console.ttf
19:11:38.861 [JavaFX Application Thread] DEBUG AssetLoader          - Loading from disk: /assets/ui/css/fxgl_dark.css
19:11:38.915 [JavaFX Application Thread] DEBUG AssetLoader          - Loading from disk: /assets/ui/cursors/fxgl_default.png
19:11:38.970 [JavaFX Application Thread] DEBUG AssetLoader          - Loading from disk: /assets/ui/cursors/fxgl_default.png
19:11:38.995 [JavaFX Application Thread] DEBUG GameScene            - Game scene initialized: 1307x719
19:11:38.998 [JavaFX Application Thread] DEBUG GameWorld            - Game world initialized
19:11:39.083 [JavaFX Application Thread] DEBUG PhysicsWorld         - Physics world initialized: appHeight=719, physics.ppm=50.0
19:11:39.115 [JavaFX Application Thread] DEBUG Input                - Registered new binding: Pause - Esc
19:11:39.134 [JavaFX Application Thread] DEBUG Input                - Clearing active input actions
19:11:39.213 [JavaFX Application Thread] DEBUG AppStateMachine      - StartupState -> StartupState
19:11:39.217 [JavaFX Application Thread] INFO  GameApplication      - Game configuration took:  0.979 sec
19:11:39.219 [JavaFX Application Thread] DEBUG AssetLoader          - Loading from disk: /assets/textures/fxgl_icon.png
19:11:39.234 [JavaFX Application Thread] DEBUG MainWindow           - Opening main window
19:11:39.408 [JavaFX Application Thread] DEBUG MainWindow           - Window border size: (0.0, 22.0)
19:11:39.408 [JavaFX Application Thread] DEBUG MainWindow           - Scaled size: 1255.0 x 704.0
19:11:39.408 [JavaFX Application Thread] DEBUG MainWindow           - Scaled ratio: (0.9602142310635042, 0.9791376912378303)
19:11:39.408 [JavaFX Application Thread] DEBUG MainWindow           - Scene size: 1255.0 x 704.0
19:11:39.408 [JavaFX Application Thread] DEBUG MainWindow           - Stage size: 1255.0 x 726.0
19:11:39.408 [JavaFX Application Thread] DEBUG GameApplication      - Running preInit()
19:11:39.410 [JavaFX Application Thread] DEBUG Input                - Registered new binding: Screenshot - P
19:11:39.411 [JavaFX Application Thread] DEBUG Input                - Registered new binding: Dev Options - CTRL+0
19:11:39.412 [JavaFX Application Thread] DEBUG Input                - Registered new binding: System info dump - CTRL+9
19:11:39.412 [JavaFX Application Thread] DEBUG Input                - Registered new binding: Restart - CTRL+R
19:11:39.413 [JavaFX Application Thread] DEBUG Input                - Registered new binding: Hit - LMB
19:11:39.451 [JavaFX Application Thread] DEBUG GameApplication      - Starting main loop
19:11:39.514 [JavaFX Application Thread] DEBUG StartupState         - STARTUP
19:11:39.515 [JavaFX Application Thread] DEBUG GameApplication      - Starting new game
19:11:39.515 [JavaFX Application Thread] DEBUG Input                - Clearing active input actions
19:11:39.532 [JavaFX Application Thread] DEBUG AppStateMachine      - StartupState -> LoadingState
19:11:39.539 [FXGL Background Thread 1 ] DEBUG InitAppTask          - Clearing previous game
19:11:39.539 [FXGL Background Thread 1 ] DEBUG GameWorld            - Clearing game world
19:11:39.539 [FXGL Background Thread 1 ] DEBUG PhysicsWorld         - Clearing physics world
19:11:39.540 [FXGL Background Thread 1 ] DEBUG GameScene            - Clearing game scene
19:11:39.541 [FXGL Background Thread 1 ] DEBUG InitAppTask          - Initializing Game
19:11:39.556 [FXGL Background Thread 1 ] DEBUG GameScene            - Creating render group for layer: DEFAULT(100000)
19:11:39.640 [FXGL Background Thread 1 ] DEBUG AssetLoader          - Loading from disk: /assets/textures/enemyOneSheet.png
19:11:39.654 [FXGL Background Thread 1 ] DEBUG AssetLoader          - Loading from cache: /assets/textures/enemyOneSheet.png
19:11:39.656 [FXGL Background Thread 1 ] DEBUG AssetLoader          - Loading from cache: /assets/textures/enemyOneSheet.png
19:11:39.661 [FXGL Background Thread 1 ] DEBUG AssetLoader          - Loading from cache: /assets/textures/enemyOneSheet.png
19:11:39.662 [FXGL Background Thread 1 ] DEBUG AssetLoader          - Loading from cache: /assets/textures/enemyOneSheet.png
19:11:39.664 [FXGL Background Thread 1 ] DEBUG AssetLoader          - Loading from cache: /assets/textures/enemyOneSheet.png
19:11:39.666 [FXGL Background Thread 1 ] DEBUG AssetLoader          - Loading from cache: /assets/textures/enemyOneSheet.png
19:11:39.668 [FXGL Background Thread 1 ] DEBUG AssetLoader          - Loading from cache: /assets/textures/enemyOneSheet.png
19:11:39.669 [FXGL Background Thread 1 ] DEBUG AssetLoader          - Loading from cache: /assets/textures/enemyOneSheet.png
19:11:39.670 [FXGL Background Thread 1 ] DEBUG AssetLoader          - Loading from cache: /assets/textures/enemyOneSheet.png
19:11:39.671 [FXGL Background Thread 1 ] DEBUG InitAppTask          - Initializing Physics
19:11:39.672 [FXGL Background Thread 1 ] DEBUG InitAppTask          - Initializing UI
19:11:39.672 [FXGL Background Thread 1 ] DEBUG InitAppTask          - Initialization Complete
19:11:39.673 [FXGL Background Thread 1 ] INFO  InitAppTask          - Game initialization took: 0.133 sec
19:11:39.765 [JavaFX Application Thread] DEBUG Input                - Clearing active input actions
19:11:39.779 [JavaFX Application Thread] DEBUG AppStateMachine      - LoadingState -> PlayState
19:11:40.116 [JavaFX Application Thread] DEBUG AssetLoader          - Loading from disk: /assets/textures/laserBullet.png
19:11:40.266 [JavaFX Application Thread] DEBUG AssetLoader          - Loading from cache: /assets/textures/laserBullet.png
19:11:40.421 [JavaFX Application Thread] DEBUG AssetLoader          - Loading from cache: /assets/textures/laserBullet.png
19:11:40.571 [JavaFX Application Thread] DEBUG AssetLoader          - Loading from cache: /assets/textures/laserBullet.png
19:11:40.730 [JavaFX Application Thread] DEBUG AssetLoader          - Loading from cache: /assets/textures/laserBullet.png
19:11:40.872 [JavaFX Application Thread] DEBUG AssetLoader          - Loading from cache: /assets/textures/laserBullet.png
19:11:41.011 [JavaFX Application Thread] DEBUG AssetLoader          - Loading from cache: /assets/textures/laserBullet.png
19:11:41.159 [JavaFX Application Thread] DEBUG AssetLoader          - Loading from cache: /assets/textures/laserBullet.png
19:11:41.278 [JavaFX Application Thread] DEBUG AssetLoader          - Loading from cache: /assets/textures/laserBullet.png
19:11:41.599 [JavaFX Application Thread] DEBUG AssetLoader          - Loading from cache: /assets/textures/laserBullet.png
19:11:41.747 [JavaFX Application Thread] DEBUG AssetLoader          - Loading from cache: /assets/textures/laserBullet.png
19:11:41.986 [JavaFX Application Thread] DEBUG AssetLoader          - Loading from cache: /assets/textures/laserBullet.png
19:11:42.258 [JavaFX Application Thread] DEBUG AssetLoader          - Loading from cache: /assets/textures/laserBullet.png
19:11:43.074 [JavaFX Application Thread] DEBUG AssetLoader          - Loading from cache: /assets/textures/laserBullet.png
19:11:43.267 [JavaFX Application Thread] DEBUG AssetLoader          - Loading from cache: /assets/textures/laserBullet.png
19:11:43.427 [JavaFX Application Thread] DEBUG AssetLoader          - Loading from cache: /assets/textures/laserBullet.png
19:11:44.548 [JavaFX Application Thread] DEBUG AssetLoader          - Loading from cache: /assets/textures/laserBullet.png
19:11:44.707 [JavaFX Application Thread] DEBUG AssetLoader          - Loading from cache: /assets/textures/laserBullet.png
19:11:44.972 [JavaFX Application Thread] DEBUG AssetLoader          - Loading from cache: /assets/textures/laserBullet.png
19:11:45.131 [JavaFX Application Thread] DEBUG AssetLoader          - Loading from cache: /assets/textures/laserBullet.png
19:11:45.897 [JavaFX Application Thread] DEBUG GameApplication      - Exiting game application
19:11:45.898 [JavaFX Application Thread] DEBUG GameApplication      - Shutting down background threads
19:11:45.898 [JavaFX Application Thread] DEBUG GameApplication      - Exiting FXGL
19:11:45.898 [JavaFX Application Thread] DEBUG FXGL                 - Saving FXGL system data
19:11:45.904 [JavaFX Application Thread] DEBUG DesktopFSService     - Writing to: system/fxgl.bundle
19:11:45.911 [JavaFX Application Thread] DEBUG GameApplication      - Closing logger and exiting JavaFX
