12:33:41.327 [JavaFX Application Thread] DEBUG GameApplication      - Logger initialized
12:33:41.333 [JavaFX Application Thread] DEBUG MainWindow           - Creating a JavaFX scene
12:33:41.334 [JavaFX Application Thread] DEBUG MainWindow           - Target size > screen size
12:33:41.423 [JavaFX Application Thread] DEBUG MainWindow           - Target settings size: 1307.0 x 719.0
12:33:41.423 [JavaFX Application Thread] DEBUG MainWindow           - Scaled scene size:    1255.0 x 704.0
12:33:41.423 [JavaFX Application Thread] DEBUG MainWindow           - Scaled ratio: (0.9602142310635042, 0.9791376912378303)
12:33:41.428 [JavaFX Application Thread] DEBUG GameApplication      - Starting FXGL
12:33:41.440 [JavaFX Application Thread] INFO  FXGL                 - FXGL-0.5.2 on DESKTOP
12:33:41.440 [JavaFX Application Thread] INFO  FXGL                 - Source code and latest versions at: https://github.com/AlmasB/FXGL
12:33:41.441 [JavaFX Application Thread] INFO  FXGL                 -              Join the FXGL chat at: https://gitter.im/AlmasB/FXGL
12:33:41.449 [JavaFX Application Thread] DEBUG FS                   - Loaded DesktopFSService
12:33:41.449 [JavaFX Application Thread] DEBUG FXGL                 - Loading FXGL system data
12:33:41.459 [JavaFX Application Thread] DEBUG DesktopFSService     - Reading from: system/fxgl.bundle
12:33:41.466 [JavaFX Application Thread] DEBUG Bundle               - Logging bundle: FXGL
12:33:41.467 [JavaFX Application Thread] DEBUG Bundle               - FXGL.offline.timer.version.check=2018-06-08T17:04:18.376
12:33:41.489 [JavaFX Application Thread] DEBUG GameApplication      - FXGL started
12:33:41.489 [JavaFX Application Thread] DEBUG GameApplication      - Logging game settings
Title: LASER DEFENSE
Version: 0.1
Width: 1307
Height: 719
Fullscreen: false
Intro: false
Menus: false
Profiling: false
Single step:false
App Mode: DEVELOPER
Menu Key: ESCAPE
Stage Style: DECORATED
Scene Factory: class com.almasb.fxgl.scene.SceneFactory
Dialog Factory: class com.almasb.fxgl.ui.FXGLDialogFactory
UI Factory: class com.almasb.fxgl.ui.FXGLUIFactory
Notification Service: class com.almasb.fxgl.gameplay.notification.XboxNotificationView
Exception Handler: class com.almasb.fxgl.app.FXGLExceptionHandler
12:33:41.490 [JavaFX Application Thread] DEBUG GameApplication      - Configuring GameApplication
12:33:41.490 [JavaFX Application Thread] DEBUG GameApplication      - Initializing state machine and application states
12:33:41.499 [JavaFX Application Thread] DEBUG AssetLoader          - Loading from disk: /assets/ui/cursors/fxgl_default.png
12:33:41.518 [JavaFX Application Thread] DEBUG AssetLoader          - Loading from disk: /assets/ui/cursors/fxgl_default.png
12:33:41.821 [JavaFX Application Thread] DEBUG FXGLAssets           - Loading FXGLAssets
12:33:41.855 [JavaFX Application Thread] DEBUG AssetLoader          - Loading from disk: /assets/ui/fonts/VarelaRound-Regular.ttf
12:33:41.870 [JavaFX Application Thread] DEBUG AssetLoader          - Loading from disk: /assets/ui/fonts/lucida_console.ttf
12:33:41.874 [JavaFX Application Thread] DEBUG AssetLoader          - Loading from disk: /assets/ui/css/fxgl_dark.css
12:33:41.903 [JavaFX Application Thread] DEBUG AssetLoader          - Loading from disk: /assets/ui/cursors/fxgl_default.png
12:33:41.934 [JavaFX Application Thread] DEBUG AssetLoader          - Loading from disk: /assets/ui/cursors/fxgl_default.png
12:33:41.951 [JavaFX Application Thread] DEBUG GameScene            - Game scene initialized: 1307x719
12:33:41.952 [JavaFX Application Thread] DEBUG GameWorld            - Game world initialized
12:33:41.988 [JavaFX Application Thread] DEBUG PhysicsWorld         - Physics world initialized: appHeight=719, physics.ppm=50.0
12:33:42.005 [JavaFX Application Thread] DEBUG Input                - Registered new binding: Pause - Esc
12:33:42.021 [JavaFX Application Thread] DEBUG Input                - Clearing active input actions
12:33:42.068 [JavaFX Application Thread] DEBUG AppStateMachine      - StartupState -> StartupState
12:33:42.071 [JavaFX Application Thread] INFO  GameApplication      - Game configuration took:  0.581 sec
12:33:42.074 [JavaFX Application Thread] DEBUG AssetLoader          - Loading from disk: /assets/textures/fxgl_icon.png
12:33:42.089 [JavaFX Application Thread] DEBUG MainWindow           - Opening main window
12:33:42.210 [JavaFX Application Thread] DEBUG MainWindow           - Window border size: (0.0, 22.0)
12:33:42.210 [JavaFX Application Thread] DEBUG MainWindow           - Scaled size: 1255.0 x 704.0
12:33:42.210 [JavaFX Application Thread] DEBUG MainWindow           - Scaled ratio: (0.9602142310635042, 0.9791376912378303)
12:33:42.211 [JavaFX Application Thread] DEBUG MainWindow           - Scene size: 1255.0 x 704.0
12:33:42.211 [JavaFX Application Thread] DEBUG MainWindow           - Stage size: 1255.0 x 726.0
12:33:42.211 [JavaFX Application Thread] DEBUG GameApplication      - Running preInit()
12:33:42.213 [JavaFX Application Thread] DEBUG Input                - Registered new binding: Screenshot - P
12:33:42.213 [JavaFX Application Thread] DEBUG Input                - Registered new binding: Dev Options - CTRL+0
12:33:42.214 [JavaFX Application Thread] DEBUG Input                - Registered new binding: System info dump - CTRL+9
12:33:42.214 [JavaFX Application Thread] DEBUG Input                - Registered new binding: Restart - CTRL+R
12:33:42.215 [JavaFX Application Thread] DEBUG Input                - Registered new binding: Hit - LMB
12:33:42.252 [JavaFX Application Thread] DEBUG GameApplication      - Starting main loop
12:33:42.310 [JavaFX Application Thread] DEBUG StartupState         - STARTUP
12:33:42.310 [JavaFX Application Thread] DEBUG GameApplication      - Starting new game
12:33:42.311 [JavaFX Application Thread] DEBUG Input                - Clearing active input actions
12:33:42.320 [JavaFX Application Thread] DEBUG AppStateMachine      - StartupState -> LoadingState
12:33:42.336 [FXGL Background Thread 1 ] DEBUG InitAppTask          - Clearing previous game
12:33:42.337 [FXGL Background Thread 1 ] DEBUG GameWorld            - Clearing game world
12:33:42.337 [FXGL Background Thread 1 ] DEBUG PhysicsWorld         - Clearing physics world
12:33:42.338 [FXGL Background Thread 1 ] DEBUG GameScene            - Clearing game scene
12:33:42.341 [FXGL Background Thread 1 ] DEBUG InitAppTask          - Initializing Game
12:33:42.362 [FXGL Background Thread 1 ] DEBUG GameScene            - Creating render group for layer: DEFAULT(100000)
12:33:42.426 [FXGL Background Thread 1 ] DEBUG AssetLoader          - Loading from disk: /assets/textures//enemy1.png
12:33:42.434 [FXGL Background Thread 1 ] DEBUG InitAppTask          - Initializing Physics
12:33:42.434 [FXGL Background Thread 1 ] DEBUG InitAppTask          - Initializing UI
12:33:42.435 [FXGL Background Thread 1 ] DEBUG InitAppTask          - Initialization Complete
12:33:42.435 [FXGL Background Thread 1 ] INFO  InitAppTask          - Game initialization took: 0.099 sec
12:33:42.530 [JavaFX Application Thread] DEBUG Input                - Clearing active input actions
12:33:42.540 [JavaFX Application Thread] DEBUG AppStateMachine      - LoadingState -> PlayState
12:33:45.043 [JavaFX Application Thread] DEBUG GameApplication      - Exiting game application
12:33:45.044 [JavaFX Application Thread] DEBUG GameApplication      - Shutting down background threads
12:33:45.045 [JavaFX Application Thread] DEBUG GameApplication      - Exiting FXGL
12:33:45.045 [JavaFX Application Thread] DEBUG FXGL                 - Saving FXGL system data
12:33:45.047 [JavaFX Application Thread] DEBUG DesktopFSService     - Writing to: system/fxgl.bundle
12:33:45.051 [JavaFX Application Thread] DEBUG GameApplication      - Closing logger and exiting JavaFX
