00:15:10.504 [JavaFX Application Thread] DEBUG GameApplication      - Logger initialized
00:15:10.523 [JavaFX Application Thread] DEBUG MainWindow           - Creating a JavaFX scene
00:15:10.523 [JavaFX Application Thread] DEBUG MainWindow           - Target size > screen size
00:15:10.598 [JavaFX Application Thread] DEBUG MainWindow           - Target settings size: 1307.0 x 719.0
00:15:10.598 [JavaFX Application Thread] DEBUG MainWindow           - Scaled scene size:    1255.0 x 704.0
00:15:10.598 [JavaFX Application Thread] DEBUG MainWindow           - Scaled ratio: (0.9602142310635042, 0.9791376912378303)
00:15:10.601 [JavaFX Application Thread] DEBUG GameApplication      - Starting FXGL
00:15:10.614 [JavaFX Application Thread] INFO  FXGL                 - FXGL-0.5.2 on DESKTOP
00:15:10.614 [JavaFX Application Thread] INFO  FXGL                 - Source code and latest versions at: https://github.com/AlmasB/FXGL
00:15:10.614 [JavaFX Application Thread] INFO  FXGL                 -              Join the FXGL chat at: https://gitter.im/AlmasB/FXGL
00:15:10.625 [JavaFX Application Thread] DEBUG FS                   - Loaded DesktopFSService
00:15:10.625 [JavaFX Application Thread] DEBUG FXGL                 - Loading FXGL system data
00:15:10.637 [JavaFX Application Thread] DEBUG DesktopFSService     - Reading from: system/fxgl.bundle
00:15:10.653 [JavaFX Application Thread] DEBUG Bundle               - Logging bundle: FXGL
00:15:10.654 [JavaFX Application Thread] DEBUG Bundle               - FXGL.offline.timer.version.check=2018-06-15T20:27:09.659
00:15:10.690 [JavaFX Application Thread] DEBUG GameApplication      - FXGL started
00:15:10.690 [JavaFX Application Thread] DEBUG GameApplication      - Logging game settings
Title: Laser Defense
Version: 
Width: 1307
Height: 719
Fullscreen: false
Intro: false
Menus: false
Profiling: false
Single step:false
App Mode: DEVELOPER
Menu Key: ESCAPE
Stage Style: DECORATED
Scene Factory: class com.almasb.fxgl.scene.SceneFactory
Dialog Factory: class com.almasb.fxgl.ui.FXGLDialogFactory
UI Factory: class com.almasb.fxgl.ui.FXGLUIFactory
Notification Service: class com.almasb.fxgl.gameplay.notification.XboxNotificationView
Exception Handler: class com.almasb.fxgl.app.FXGLExceptionHandler
00:15:10.692 [JavaFX Application Thread] DEBUG GameApplication      - Configuring GameApplication
00:15:10.692 [JavaFX Application Thread] DEBUG GameApplication      - Initializing state machine and application states
00:15:10.713 [JavaFX Application Thread] DEBUG AssetLoader          - Loading from disk: /assets/ui/cursors/fxgl_default.png
00:15:10.735 [JavaFX Application Thread] DEBUG AssetLoader          - Loading from disk: /assets/ui/cursors/fxgl_default.png
00:15:11.083 [JavaFX Application Thread] DEBUG FXGLAssets           - Loading FXGLAssets
00:15:11.133 [JavaFX Application Thread] DEBUG AssetLoader          - Loading from disk: /assets/ui/fonts/VarelaRound-Regular.ttf
00:15:11.139 [JavaFX Application Thread] DEBUG AssetLoader          - Loading from disk: /assets/ui/fonts/lucida_console.ttf
00:15:11.147 [JavaFX Application Thread] DEBUG AssetLoader          - Loading from disk: /assets/ui/css/fxgl_dark.css
00:15:11.191 [JavaFX Application Thread] DEBUG AssetLoader          - Loading from disk: /assets/ui/cursors/fxgl_default.png
00:15:11.197 [JavaFX Application Thread] DEBUG AssetLoader          - Loading from disk: /assets/ui/cursors/fxgl_default.png
00:15:11.223 [JavaFX Application Thread] DEBUG GameScene            - Game scene initialized: 1307x719
00:15:11.227 [JavaFX Application Thread] DEBUG GameWorld            - Game world initialized
00:15:11.281 [JavaFX Application Thread] DEBUG PhysicsWorld         - Physics world initialized: appHeight=719, physics.ppm=50.0
00:15:11.299 [JavaFX Application Thread] DEBUG Input                - Registered new binding: Pause - Esc
00:15:11.325 [JavaFX Application Thread] DEBUG Input                - Clearing active input actions
00:15:11.383 [JavaFX Application Thread] DEBUG AppStateMachine      - StartupState -> StartupState
00:15:11.389 [JavaFX Application Thread] INFO  GameApplication      - Game configuration took:  0.697 sec
00:15:11.392 [JavaFX Application Thread] DEBUG AssetLoader          - Loading from disk: /assets/textures/fxgl_icon.png
00:15:11.414 [JavaFX Application Thread] DEBUG MainWindow           - Opening main window
00:15:11.601 [JavaFX Application Thread] DEBUG MainWindow           - Window border size: (0.0, 22.0)
00:15:11.601 [JavaFX Application Thread] DEBUG MainWindow           - Scaled size: 1255.0 x 704.0
00:15:11.602 [JavaFX Application Thread] DEBUG MainWindow           - Scaled ratio: (0.9602142310635042, 0.9791376912378303)
00:15:11.602 [JavaFX Application Thread] DEBUG MainWindow           - Scene size: 1255.0 x 704.0
00:15:11.602 [JavaFX Application Thread] DEBUG MainWindow           - Stage size: 1255.0 x 726.0
00:15:11.602 [JavaFX Application Thread] DEBUG GameApplication      - Running preInit()
00:15:11.605 [JavaFX Application Thread] DEBUG Input                - Registered new binding: Screenshot - P
00:15:11.605 [JavaFX Application Thread] DEBUG Input                - Registered new binding: Dev Options - CTRL+0
00:15:11.606 [JavaFX Application Thread] DEBUG Input                - Registered new binding: System info dump - CTRL+9
00:15:11.607 [JavaFX Application Thread] DEBUG Input                - Registered new binding: Restart - CTRL+R
00:15:11.608 [JavaFX Application Thread] DEBUG Input                - Registered new binding: Hit - LMB
00:15:11.664 [JavaFX Application Thread] DEBUG GameApplication      - Starting main loop
00:15:11.765 [JavaFX Application Thread] DEBUG StartupState         - STARTUP
00:15:11.765 [JavaFX Application Thread] DEBUG GameApplication      - Starting new game
00:15:11.770 [JavaFX Application Thread] DEBUG Input                - Clearing active input actions
00:15:11.784 [JavaFX Application Thread] DEBUG AppStateMachine      - StartupState -> LoadingState
00:15:11.791 [FXGL Background Thread 1 ] DEBUG InitAppTask          - Clearing previous game
00:15:11.792 [FXGL Background Thread 1 ] DEBUG GameWorld            - Clearing game world
00:15:11.792 [FXGL Background Thread 1 ] DEBUG PhysicsWorld         - Clearing physics world
00:15:11.792 [FXGL Background Thread 1 ] DEBUG GameScene            - Clearing game scene
00:15:11.794 [FXGL Background Thread 1 ] DEBUG InitAppTask          - Initializing Game
00:15:11.813 [FXGL Background Thread 1 ] DEBUG GameScene            - Creating render group for layer: DEFAULT(100000)
00:15:11.815 [FXGL Background Thread 1 ] DEBUG InitAppTask          - Initializing Physics
00:15:11.816 [FXGL Background Thread 1 ] DEBUG InitAppTask          - Initializing UI
00:15:11.825 [FXGL Background Thread 1 ] DEBUG InitAppTask          - Initialization Complete
00:15:11.825 [FXGL Background Thread 1 ] INFO  InitAppTask          - Game initialization took: 0.034 sec
00:15:11.938 [JavaFX Application Thread] DEBUG Input                - Clearing active input actions
00:15:11.956 [JavaFX Application Thread] DEBUG AppStateMachine      - LoadingState -> PlayState
00:15:12.036 [JavaFX Application Thread] FATAL GameApplication      - Uncaught Exception:

Fatal exception occurred: java.lang.NullPointerException : null
E: com.sun.javafx.scene.control.skin.Utils.computeTextWidth(Utils.java:118)
E: com.sun.javafx.scene.control.skin.LabeledSkinBase.computePrefWidth(LabeledSkinBase.java:734)
E: javafx.scene.control.Control.computePrefWidth(Control.java:537)
E: javafx.scene.Parent.prefWidth(Parent.java:915)
E: javafx.scene.layout.Region.prefWidth(Region.java:1419)
E: javafx.scene.Node.autosize(Node.java:2886)
E: javafx.scene.Parent.layoutChildren(Parent.java:1116)
E: javafx.scene.Group.layoutChildren(Group.java:226)
E: javafx.scene.Parent.layout(Parent.java:1087)
E: javafx.scene.Group.impl_computeLayoutBounds(Group.java:164)
E: javafx.scene.Node$12.computeBounds(Node.java:3223)
E: javafx.scene.Node$LazyBoundsProperty.get(Node.java:9306)
E: javafx.scene.Node$LazyBoundsProperty.get(Node.java:9276)
E: javafx.scene.Node.getLayoutBounds(Node.java:3238)
E: javafx.scene.Parent.computePrefWidth(Parent.java:985)
E: javafx.scene.layout.Region.computePrefWidth(Region.java:1514)
E: javafx.scene.Parent.prefWidth(Parent.java:915)
E: javafx.scene.layout.Region.prefWidth(Region.java:1419)
E: javafx.scene.Node.autosize(Node.java:2886)
E: javafx.scene.Parent.layoutChildren(Parent.java:1116)
E: javafx.scene.Parent.layout(Parent.java:1087)
E: javafx.scene.Scene.doLayoutPass(Scene.java:552)
E: javafx.scene.Scene$ScenePulseListener.pulse(Scene.java:2397)
E: com.sun.javafx.tk.Toolkit.lambda$runPulse$30(Toolkit.java:355)
E: java.security.AccessController.doPrivileged(Native Method)
E: com.sun.javafx.tk.Toolkit.runPulse(Toolkit.java:354)
E: com.sun.javafx.tk.Toolkit.firePulse(Toolkit.java:381)
E: com.sun.javafx.tk.quantum.QuantumToolkit.pulse(QuantumToolkit.java:510)
E: com.sun.javafx.tk.quantum.QuantumToolkit.pulse(QuantumToolkit.java:490)
E: com.sun.javafx.tk.quantum.QuantumToolkit.lambda$runToolkit$404(QuantumToolkit.java:319)
E: com.sun.glass.ui.InvokeLaterDispatcher$Future.run(InvokeLaterDispatcher.java:95)

00:15:12.036 [JavaFX Application Thread] FATAL GameApplication      - Application will now exit
00:15:12.036 [JavaFX Application Thread] DEBUG GameApplication      - Stopping main loop
00:15:16.110 [JavaFX Application Thread] DEBUG GameApplication      - Exiting game application
00:15:16.112 [JavaFX Application Thread] DEBUG GameApplication      - Shutting down background threads
00:15:16.112 [JavaFX Application Thread] DEBUG GameApplication      - Exiting FXGL
00:15:16.112 [JavaFX Application Thread] DEBUG FXGL                 - Saving FXGL system data
00:15:16.115 [JavaFX Application Thread] DEBUG DesktopFSService     - Writing to: system/fxgl.bundle
00:15:16.120 [JavaFX Application Thread] DEBUG GameApplication      - Closing logger and exiting JavaFX
