23:45:38.050 [JavaFX Application Thread] DEBUG GameApplication      - Logger initialized
23:45:38.058 [JavaFX Application Thread] DEBUG MainWindow           - Creating a JavaFX scene
23:45:38.058 [JavaFX Application Thread] DEBUG MainWindow           - Target size > screen size
23:45:38.109 [JavaFX Application Thread] DEBUG MainWindow           - Target settings size: 1307.0 x 719.0
23:45:38.109 [JavaFX Application Thread] DEBUG MainWindow           - Scaled scene size:    1255.0 x 704.0
23:45:38.109 [JavaFX Application Thread] DEBUG MainWindow           - Scaled ratio: (0.9602142310635042, 0.9791376912378303)
23:45:38.112 [JavaFX Application Thread] DEBUG GameApplication      - Starting FXGL
23:45:38.123 [JavaFX Application Thread] INFO  FXGL                 - FXGL-0.5.2 on DESKTOP
23:45:38.123 [JavaFX Application Thread] INFO  FXGL                 - Source code and latest versions at: https://github.com/AlmasB/FXGL
23:45:38.123 [JavaFX Application Thread] INFO  FXGL                 -              Join the FXGL chat at: https://gitter.im/AlmasB/FXGL
23:45:38.131 [JavaFX Application Thread] DEBUG FS                   - Loaded DesktopFSService
23:45:38.131 [JavaFX Application Thread] DEBUG FXGL                 - Loading FXGL system data
23:45:38.136 [JavaFX Application Thread] DEBUG DesktopFSService     - Reading from: system/fxgl.bundle
23:45:38.146 [JavaFX Application Thread] DEBUG Bundle               - Logging bundle: FXGL
23:45:38.147 [JavaFX Application Thread] DEBUG Bundle               - FXGL.offline.timer.version.check=2018-06-15T20:27:09.659
23:45:38.178 [JavaFX Application Thread] DEBUG GameApplication      - FXGL started
23:45:38.178 [JavaFX Application Thread] DEBUG GameApplication      - Logging game settings
Title: Laser Defense
Version: 
Width: 1307
Height: 719
Fullscreen: false
Intro: false
Menus: false
Profiling: false
Single step:false
App Mode: DEVELOPER
Menu Key: ESCAPE
Stage Style: DECORATED
Scene Factory: class com.almasb.fxgl.scene.SceneFactory
Dialog Factory: class com.almasb.fxgl.ui.FXGLDialogFactory
UI Factory: class com.almasb.fxgl.ui.FXGLUIFactory
Notification Service: class com.almasb.fxgl.gameplay.notification.XboxNotificationView
Exception Handler: class com.almasb.fxgl.app.FXGLExceptionHandler
23:45:38.179 [JavaFX Application Thread] DEBUG GameApplication      - Configuring GameApplication
23:45:38.180 [JavaFX Application Thread] DEBUG GameApplication      - Initializing state machine and application states
23:45:38.195 [JavaFX Application Thread] DEBUG AssetLoader          - Loading from disk: /assets/ui/cursors/fxgl_default.png
23:45:38.214 [JavaFX Application Thread] DEBUG AssetLoader          - Loading from disk: /assets/ui/cursors/fxgl_default.png
23:45:38.538 [JavaFX Application Thread] DEBUG FXGLAssets           - Loading FXGLAssets
23:45:38.580 [JavaFX Application Thread] DEBUG AssetLoader          - Loading from disk: /assets/ui/fonts/VarelaRound-Regular.ttf
23:45:38.586 [JavaFX Application Thread] DEBUG AssetLoader          - Loading from disk: /assets/ui/fonts/lucida_console.ttf
23:45:38.593 [JavaFX Application Thread] DEBUG AssetLoader          - Loading from disk: /assets/ui/css/fxgl_dark.css
23:45:38.622 [JavaFX Application Thread] DEBUG AssetLoader          - Loading from disk: /assets/ui/cursors/fxgl_default.png
23:45:38.626 [JavaFX Application Thread] DEBUG AssetLoader          - Loading from disk: /assets/ui/cursors/fxgl_default.png
23:45:38.644 [JavaFX Application Thread] DEBUG GameScene            - Game scene initialized: 1307x719
23:45:38.646 [JavaFX Application Thread] DEBUG GameWorld            - Game world initialized
23:45:38.695 [JavaFX Application Thread] DEBUG PhysicsWorld         - Physics world initialized: appHeight=719, physics.ppm=50.0
23:45:38.712 [JavaFX Application Thread] DEBUG Input                - Registered new binding: Pause - Esc
23:45:38.729 [JavaFX Application Thread] DEBUG Input                - Clearing active input actions
23:45:38.778 [JavaFX Application Thread] DEBUG AppStateMachine      - StartupState -> StartupState
23:45:38.782 [JavaFX Application Thread] INFO  GameApplication      - Game configuration took:  0.602 sec
23:45:38.784 [JavaFX Application Thread] DEBUG AssetLoader          - Loading from disk: /assets/textures/fxgl_icon.png
23:45:38.802 [JavaFX Application Thread] DEBUG MainWindow           - Opening main window
23:45:38.935 [JavaFX Application Thread] DEBUG MainWindow           - Window border size: (0.0, 22.0)
23:45:38.935 [JavaFX Application Thread] DEBUG MainWindow           - Scaled size: 1255.0 x 704.0
23:45:38.935 [JavaFX Application Thread] DEBUG MainWindow           - Scaled ratio: (0.9602142310635042, 0.9791376912378303)
23:45:38.935 [JavaFX Application Thread] DEBUG MainWindow           - Scene size: 1255.0 x 704.0
23:45:38.935 [JavaFX Application Thread] DEBUG MainWindow           - Stage size: 1255.0 x 726.0
23:45:38.935 [JavaFX Application Thread] DEBUG GameApplication      - Running preInit()
23:45:38.937 [JavaFX Application Thread] DEBUG Input                - Registered new binding: Screenshot - P
23:45:38.937 [JavaFX Application Thread] DEBUG Input                - Registered new binding: Dev Options - CTRL+0
23:45:38.938 [JavaFX Application Thread] DEBUG Input                - Registered new binding: System info dump - CTRL+9
23:45:38.938 [JavaFX Application Thread] DEBUG Input                - Registered new binding: Restart - CTRL+R
23:45:38.939 [JavaFX Application Thread] DEBUG Input                - Registered new binding: Hit - LMB
23:45:38.981 [JavaFX Application Thread] DEBUG GameApplication      - Starting main loop
23:45:39.061 [JavaFX Application Thread] DEBUG StartupState         - STARTUP
23:45:39.062 [JavaFX Application Thread] DEBUG GameApplication      - Starting new game
23:45:39.062 [JavaFX Application Thread] DEBUG Input                - Clearing active input actions
23:45:39.071 [JavaFX Application Thread] DEBUG AppStateMachine      - StartupState -> LoadingState
23:45:39.079 [FXGL Background Thread 1 ] DEBUG InitAppTask          - Clearing previous game
23:45:39.080 [FXGL Background Thread 1 ] DEBUG GameWorld            - Clearing game world
23:45:39.080 [FXGL Background Thread 1 ] DEBUG PhysicsWorld         - Clearing physics world
23:45:39.080 [FXGL Background Thread 1 ] DEBUG GameScene            - Clearing game scene
23:45:39.082 [FXGL Background Thread 1 ] DEBUG InitAppTask          - Initializing Game
23:45:39.102 [FXGL Background Thread 1 ] DEBUG GameScene            - Creating render group for layer: DEFAULT(100000)
23:45:39.104 [FXGL Background Thread 1 ] DEBUG InitAppTask          - Initializing Physics
23:45:39.104 [FXGL Background Thread 1 ] DEBUG InitAppTask          - Initializing UI
23:45:39.177 [FXGL Background Thread 1 ] DEBUG InitAppTask          - Initialization Complete
23:45:39.177 [FXGL Background Thread 1 ] INFO  InitAppTask          - Game initialization took: 0.099 sec
23:45:39.312 [JavaFX Application Thread] DEBUG Input                - Clearing active input actions
23:45:39.332 [JavaFX Application Thread] DEBUG AppStateMachine      - LoadingState -> PlayState
23:45:40.467 [JavaFX Application Thread] DEBUG GameApplication      - Exiting game application
23:45:40.468 [JavaFX Application Thread] DEBUG GameApplication      - Shutting down background threads
23:45:40.469 [JavaFX Application Thread] DEBUG GameApplication      - Exiting FXGL
23:45:40.469 [JavaFX Application Thread] DEBUG FXGL                 - Saving FXGL system data
23:45:40.823 [JavaFX Application Thread] DEBUG DesktopFSService     - Writing to: system/fxgl.bundle
23:45:40.847 [JavaFX Application Thread] DEBUG GameApplication      - Closing logger and exiting JavaFX
