21:54:45.391 [JavaFX Application Thread] DEBUG GameApplication      - Logger initialized
21:54:45.398 [JavaFX Application Thread] DEBUG MainWindow           - Creating a JavaFX scene
21:54:45.399 [JavaFX Application Thread] DEBUG MainWindow           - Target size > screen size
21:54:45.446 [JavaFX Application Thread] DEBUG MainWindow           - Target settings size: 1307.0 x 719.0
21:54:45.446 [JavaFX Application Thread] DEBUG MainWindow           - Scaled scene size:    1255.0 x 704.0
21:54:45.446 [JavaFX Application Thread] DEBUG MainWindow           - Scaled ratio: (0.9602142310635042, 0.9791376912378303)
21:54:45.450 [JavaFX Application Thread] DEBUG GameApplication      - Starting FXGL
21:54:45.459 [JavaFX Application Thread] INFO  FXGL                 - FXGL-0.5.2 on DESKTOP
21:54:45.459 [JavaFX Application Thread] INFO  FXGL                 - Source code and latest versions at: https://github.com/AlmasB/FXGL
21:54:45.460 [JavaFX Application Thread] INFO  FXGL                 -              Join the FXGL chat at: https://gitter.im/AlmasB/FXGL
21:54:45.465 [JavaFX Application Thread] DEBUG FS                   - Loaded DesktopFSService
21:54:45.465 [JavaFX Application Thread] DEBUG FXGL                 - Loading FXGL system data
21:54:45.471 [JavaFX Application Thread] DEBUG DesktopFSService     - Reading from: system/fxgl.bundle
21:54:45.478 [JavaFX Application Thread] DEBUG Bundle               - Logging bundle: FXGL
21:54:45.479 [JavaFX Application Thread] DEBUG Bundle               - FXGL.offline.timer.version.check=2018-06-15T20:27:09.659
21:54:45.501 [JavaFX Application Thread] DEBUG GameApplication      - FXGL started
21:54:45.501 [JavaFX Application Thread] DEBUG GameApplication      - Logging game settings
Title: Laser Defense
Version: 
Width: 1307
Height: 719
Fullscreen: false
Intro: false
Menus: false
Profiling: false
Single step:false
App Mode: DEVELOPER
Menu Key: ESCAPE
Stage Style: DECORATED
Scene Factory: class com.almasb.fxgl.scene.SceneFactory
Dialog Factory: class com.almasb.fxgl.ui.FXGLDialogFactory
UI Factory: class com.almasb.fxgl.ui.FXGLUIFactory
Notification Service: class com.almasb.fxgl.gameplay.notification.XboxNotificationView
Exception Handler: class com.almasb.fxgl.app.FXGLExceptionHandler
21:54:45.502 [JavaFX Application Thread] DEBUG GameApplication      - Configuring GameApplication
21:54:45.502 [JavaFX Application Thread] DEBUG GameApplication      - Initializing state machine and application states
21:54:45.512 [JavaFX Application Thread] DEBUG AssetLoader          - Loading from disk: /assets/ui/cursors/fxgl_default.png
21:54:45.535 [JavaFX Application Thread] DEBUG AssetLoader          - Loading from disk: /assets/ui/cursors/fxgl_default.png
21:54:45.872 [JavaFX Application Thread] DEBUG FXGLAssets           - Loading FXGLAssets
21:54:45.907 [JavaFX Application Thread] DEBUG AssetLoader          - Loading from disk: /assets/ui/fonts/VarelaRound-Regular.ttf
21:54:45.913 [JavaFX Application Thread] DEBUG AssetLoader          - Loading from disk: /assets/ui/fonts/lucida_console.ttf
21:54:45.920 [JavaFX Application Thread] DEBUG AssetLoader          - Loading from disk: /assets/ui/css/fxgl_dark.css
21:54:45.950 [JavaFX Application Thread] DEBUG AssetLoader          - Loading from disk: /assets/ui/cursors/fxgl_default.png
21:54:45.954 [JavaFX Application Thread] DEBUG AssetLoader          - Loading from disk: /assets/ui/cursors/fxgl_default.png
21:54:45.971 [JavaFX Application Thread] DEBUG GameScene            - Game scene initialized: 1307x719
21:54:45.974 [JavaFX Application Thread] DEBUG GameWorld            - Game world initialized
21:54:46.012 [JavaFX Application Thread] DEBUG PhysicsWorld         - Physics world initialized: appHeight=719, physics.ppm=50.0
21:54:46.029 [JavaFX Application Thread] DEBUG Input                - Registered new binding: Pause - Esc
21:54:46.044 [JavaFX Application Thread] DEBUG Input                - Clearing active input actions
21:54:46.090 [JavaFX Application Thread] DEBUG AppStateMachine      - StartupState -> StartupState
21:54:46.094 [JavaFX Application Thread] INFO  GameApplication      - Game configuration took:  0.592 sec
21:54:46.096 [JavaFX Application Thread] DEBUG AssetLoader          - Loading from disk: /assets/textures/fxgl_icon.png
21:54:46.113 [JavaFX Application Thread] DEBUG MainWindow           - Opening main window
21:54:46.228 [JavaFX Application Thread] DEBUG MainWindow           - Window border size: (0.0, 22.0)
21:54:46.228 [JavaFX Application Thread] DEBUG MainWindow           - Scaled size: 1255.0 x 704.0
21:54:46.228 [JavaFX Application Thread] DEBUG MainWindow           - Scaled ratio: (0.9602142310635042, 0.9791376912378303)
21:54:46.228 [JavaFX Application Thread] DEBUG MainWindow           - Scene size: 1255.0 x 704.0
21:54:46.228 [JavaFX Application Thread] DEBUG MainWindow           - Stage size: 1255.0 x 726.0
21:54:46.229 [JavaFX Application Thread] DEBUG GameApplication      - Running preInit()
21:54:46.230 [JavaFX Application Thread] DEBUG Input                - Registered new binding: Screenshot - P
21:54:46.231 [JavaFX Application Thread] DEBUG Input                - Registered new binding: Dev Options - CTRL+0
21:54:46.231 [JavaFX Application Thread] DEBUG Input                - Registered new binding: System info dump - CTRL+9
21:54:46.231 [JavaFX Application Thread] DEBUG Input                - Registered new binding: Restart - CTRL+R
21:54:46.232 [JavaFX Application Thread] DEBUG Input                - Registered new binding: Hit - LMB
21:54:46.270 [JavaFX Application Thread] DEBUG GameApplication      - Starting main loop
21:54:46.322 [JavaFX Application Thread] DEBUG StartupState         - STARTUP
21:54:46.322 [JavaFX Application Thread] DEBUG GameApplication      - Starting new game
21:54:46.323 [JavaFX Application Thread] DEBUG Input                - Clearing active input actions
21:54:46.331 [JavaFX Application Thread] DEBUG AppStateMachine      - StartupState -> LoadingState
21:54:46.337 [FXGL Background Thread 1 ] DEBUG InitAppTask          - Clearing previous game
21:54:46.337 [FXGL Background Thread 1 ] DEBUG GameWorld            - Clearing game world
21:54:46.338 [FXGL Background Thread 1 ] DEBUG PhysicsWorld         - Clearing physics world
21:54:46.338 [FXGL Background Thread 1 ] DEBUG GameScene            - Clearing game scene
21:54:46.339 [FXGL Background Thread 1 ] DEBUG InitAppTask          - Initializing Game
21:54:46.358 [FXGL Background Thread 1 ] DEBUG GameScene            - Creating render group for layer: DEFAULT(100000)
21:54:46.361 [FXGL Background Thread 1 ] DEBUG InitAppTask          - Initializing Physics
21:54:46.362 [FXGL Background Thread 1 ] DEBUG InitAppTask          - Initializing UI
21:54:46.384 [FXGL Background Thread 1 ] DEBUG InitAppTask          - Initialization Complete
21:54:46.384 [FXGL Background Thread 1 ] INFO  InitAppTask          - Game initialization took: 0.047 sec
21:54:46.409 [JavaFX Application Thread] DEBUG Input                - Clearing active input actions
21:54:46.426 [JavaFX Application Thread] DEBUG AppStateMachine      - LoadingState -> PlayState
21:54:50.715 [JavaFX Application Thread] DEBUG AssetLoader          - Loading from disk: /assets/textures/enemy4Sheet.png
21:54:50.724 [JavaFX Application Thread] DEBUG AssetLoader          - Loading from cache: /assets/textures/enemy4Sheet.png
21:54:50.727 [JavaFX Application Thread] DEBUG AssetLoader          - Loading from cache: /assets/textures/enemy4Sheet.png
21:54:50.728 [JavaFX Application Thread] DEBUG AssetLoader          - Loading from cache: /assets/textures/enemy4Sheet.png
21:54:50.729 [JavaFX Application Thread] DEBUG AssetLoader          - Loading from cache: /assets/textures/enemy4Sheet.png
21:54:50.729 [JavaFX Application Thread] DEBUG AssetLoader          - Loading from cache: /assets/textures/enemy4Sheet.png
21:54:50.730 [JavaFX Application Thread] DEBUG AssetLoader          - Loading from cache: /assets/textures/enemy4Sheet.png
21:54:50.731 [JavaFX Application Thread] DEBUG AssetLoader          - Loading from cache: /assets/textures/enemy4Sheet.png
21:54:50.732 [JavaFX Application Thread] DEBUG AssetLoader          - Loading from cache: /assets/textures/enemy4Sheet.png
21:54:50.733 [JavaFX Application Thread] DEBUG AssetLoader          - Loading from cache: /assets/textures/enemy4Sheet.png
21:55:00.378 [JavaFX Application Thread] DEBUG GameScene            - Clearing game scene
21:55:00.380 [JavaFX Application Thread] DEBUG GameWorld            - Clearing game world
21:55:00.407 [JavaFX Application Thread] DEBUG GameScene            - Creating render group for layer: DEFAULT(100000)
21:55:00.408 [JavaFX Application Thread] FATAL GameApplication      - Uncaught Exception:

Fatal exception occurred: java.lang.IllegalStateException : #iterator() cannot be used nested.
E: com.almasb.fxgl.core.collection.ObjectMap$Values.hasNext(ObjectMap.java:772)
E: com.almasb.fxgl.entity.Entity.update(Entity.java:153)
E: com.almasb.fxgl.entity.GameWorld.onUpdate(GameWorld.kt:158)
E: com.almasb.fxgl.app.PlayState.onUpdate(AppStates.kt:236)
E: com.almasb.fxgl.app.State.update(State.java:73)
E: com.almasb.fxgl.app.AppStateMachine.onUpdate(AppStateMachine.java:100)
E: com.almasb.fxgl.app.GameApplication.stepLoop(GameApplication.java:382)
E: com.almasb.fxgl.app.GameApplication$2.handle(GameApplication.java:348)
E: javafx.animation.AnimationTimer$AnimationTimerReceiver.lambda$handle$484(AnimationTimer.java:57)
E: java.security.AccessController.doPrivileged(Native Method)
E: javafx.animation.AnimationTimer$AnimationTimerReceiver.handle(AnimationTimer.java:56)
E: com.sun.scenario.animation.AbstractMasterTimer.timePulseImpl(AbstractMasterTimer.java:357)
E: com.sun.scenario.animation.AbstractMasterTimer$MainLoop.run(AbstractMasterTimer.java:267)
E: com.sun.javafx.tk.quantum.QuantumToolkit.pulse(QuantumToolkit.java:506)
E: com.sun.javafx.tk.quantum.QuantumToolkit.pulse(QuantumToolkit.java:490)
E: com.sun.javafx.tk.quantum.QuantumToolkit.lambda$runToolkit$404(QuantumToolkit.java:319)
E: com.sun.glass.ui.InvokeLaterDispatcher$Future.run(InvokeLaterDispatcher.java:95)

21:55:00.408 [JavaFX Application Thread] FATAL GameApplication      - Application will now exit
21:55:00.408 [JavaFX Application Thread] DEBUG GameApplication      - Stopping main loop
21:58:19.641 [JavaFX Application Thread] DEBUG GameApplication      - Exiting game application
21:58:19.642 [JavaFX Application Thread] DEBUG GameApplication      - Shutting down background threads
21:58:19.642 [JavaFX Application Thread] DEBUG GameApplication      - Exiting FXGL
21:58:19.642 [JavaFX Application Thread] DEBUG FXGL                 - Saving FXGL system data
21:58:19.646 [JavaFX Application Thread] DEBUG DesktopFSService     - Writing to: system/fxgl.bundle
21:58:19.651 [JavaFX Application Thread] DEBUG GameApplication      - Closing logger and exiting JavaFX
