23:08:16.547 [JavaFX Application Thread] DEBUG GameApplication      - Logger initialized
23:08:16.553 [JavaFX Application Thread] DEBUG MainWindow           - Creating a JavaFX scene
23:08:16.554 [JavaFX Application Thread] DEBUG MainWindow           - Target size > screen size
23:08:16.636 [JavaFX Application Thread] DEBUG MainWindow           - Target settings size: 1307.0 x 719.0
23:08:16.636 [JavaFX Application Thread] DEBUG MainWindow           - Scaled scene size:    1255.0 x 704.0
23:08:16.636 [JavaFX Application Thread] DEBUG MainWindow           - Scaled ratio: (0.9602142310635042, 0.9791376912378303)
23:08:16.641 [JavaFX Application Thread] DEBUG GameApplication      - Starting FXGL
23:08:16.652 [JavaFX Application Thread] INFO  FXGL                 - FXGL-0.5.2 on DESKTOP
23:08:16.652 [JavaFX Application Thread] INFO  FXGL                 - Source code and latest versions at: https://github.com/AlmasB/FXGL
23:08:16.653 [JavaFX Application Thread] INFO  FXGL                 -              Join the FXGL chat at: https://gitter.im/AlmasB/FXGL
23:08:16.658 [JavaFX Application Thread] DEBUG FS                   - Loaded DesktopFSService
23:08:16.659 [JavaFX Application Thread] DEBUG FXGL                 - Loading FXGL system data
23:08:16.677 [JavaFX Application Thread] DEBUG DesktopFSService     - Reading from: system/fxgl.bundle
23:08:16.684 [JavaFX Application Thread] DEBUG Bundle               - Logging bundle: FXGL
23:08:16.685 [JavaFX Application Thread] DEBUG Bundle               - FXGL.offline.timer.version.check=2018-06-08T17:04:18.376
23:08:16.705 [JavaFX Application Thread] DEBUG GameApplication      - FXGL started
23:08:16.705 [JavaFX Application Thread] DEBUG GameApplication      - Logging game settings
Title: LASER DEFENSE
Version: 0.1
Width: 1307
Height: 719
Fullscreen: false
Intro: false
Menus: false
Profiling: false
Single step:false
App Mode: DEVELOPER
Menu Key: ESCAPE
Stage Style: DECORATED
Scene Factory: class com.almasb.fxgl.scene.SceneFactory
Dialog Factory: class com.almasb.fxgl.ui.FXGLDialogFactory
UI Factory: class com.almasb.fxgl.ui.FXGLUIFactory
Notification Service: class com.almasb.fxgl.gameplay.notification.XboxNotificationView
Exception Handler: class com.almasb.fxgl.app.FXGLExceptionHandler
23:08:16.706 [JavaFX Application Thread] DEBUG GameApplication      - Configuring GameApplication
23:08:16.706 [JavaFX Application Thread] DEBUG GameApplication      - Initializing state machine and application states
23:08:16.719 [JavaFX Application Thread] DEBUG AssetLoader          - Loading from disk: /assets/ui/cursors/fxgl_default.png
23:08:16.739 [JavaFX Application Thread] DEBUG AssetLoader          - Loading from disk: /assets/ui/cursors/fxgl_default.png
23:08:17.014 [JavaFX Application Thread] DEBUG FXGLAssets           - Loading FXGLAssets
23:08:17.053 [JavaFX Application Thread] DEBUG AssetLoader          - Loading from disk: /assets/ui/fonts/VarelaRound-Regular.ttf
23:08:17.068 [JavaFX Application Thread] DEBUG AssetLoader          - Loading from disk: /assets/ui/fonts/lucida_console.ttf
23:08:17.071 [JavaFX Application Thread] DEBUG AssetLoader          - Loading from disk: /assets/ui/css/fxgl_dark.css
23:08:17.103 [JavaFX Application Thread] DEBUG AssetLoader          - Loading from disk: /assets/ui/cursors/fxgl_default.png
23:08:17.134 [JavaFX Application Thread] DEBUG AssetLoader          - Loading from disk: /assets/ui/cursors/fxgl_default.png
23:08:17.152 [JavaFX Application Thread] DEBUG GameScene            - Game scene initialized: 1307x719
23:08:17.154 [JavaFX Application Thread] DEBUG GameWorld            - Game world initialized
23:08:17.192 [JavaFX Application Thread] DEBUG PhysicsWorld         - Physics world initialized: appHeight=719, physics.ppm=50.0
23:08:17.209 [JavaFX Application Thread] DEBUG Input                - Registered new binding: Pause - Esc
23:08:17.223 [JavaFX Application Thread] DEBUG Input                - Clearing active input actions
23:08:17.270 [JavaFX Application Thread] DEBUG AppStateMachine      - StartupState -> StartupState
23:08:17.274 [JavaFX Application Thread] INFO  GameApplication      - Game configuration took:  0.568 sec
23:08:17.276 [JavaFX Application Thread] DEBUG AssetLoader          - Loading from disk: /assets/textures/fxgl_icon.png
23:08:17.289 [JavaFX Application Thread] DEBUG MainWindow           - Opening main window
23:08:17.401 [JavaFX Application Thread] DEBUG MainWindow           - Window border size: (0.0, 22.0)
23:08:17.401 [JavaFX Application Thread] DEBUG MainWindow           - Scaled size: 1255.0 x 704.0
23:08:17.401 [JavaFX Application Thread] DEBUG MainWindow           - Scaled ratio: (0.9602142310635042, 0.9791376912378303)
23:08:17.401 [JavaFX Application Thread] DEBUG MainWindow           - Scene size: 1255.0 x 704.0
23:08:17.401 [JavaFX Application Thread] DEBUG MainWindow           - Stage size: 1255.0 x 726.0
23:08:17.401 [JavaFX Application Thread] DEBUG GameApplication      - Running preInit()
23:08:17.403 [JavaFX Application Thread] DEBUG Input                - Registered new binding: Screenshot - P
23:08:17.403 [JavaFX Application Thread] DEBUG Input                - Registered new binding: Dev Options - CTRL+0
23:08:17.403 [JavaFX Application Thread] DEBUG Input                - Registered new binding: System info dump - CTRL+9
23:08:17.404 [JavaFX Application Thread] DEBUG Input                - Registered new binding: Restart - CTRL+R
23:08:17.404 [JavaFX Application Thread] DEBUG Input                - Registered new binding: Hit - LMB
23:08:17.440 [JavaFX Application Thread] DEBUG GameApplication      - Starting main loop
23:08:17.491 [JavaFX Application Thread] DEBUG StartupState         - STARTUP
23:08:17.492 [JavaFX Application Thread] DEBUG GameApplication      - Starting new game
23:08:17.492 [JavaFX Application Thread] DEBUG Input                - Clearing active input actions
23:08:17.504 [JavaFX Application Thread] DEBUG AppStateMachine      - StartupState -> LoadingState
23:08:17.526 [FXGL Background Thread 1 ] DEBUG InitAppTask          - Clearing previous game
23:08:17.526 [FXGL Background Thread 1 ] DEBUG GameWorld            - Clearing game world
23:08:17.527 [FXGL Background Thread 1 ] DEBUG PhysicsWorld         - Clearing physics world
23:08:17.527 [FXGL Background Thread 1 ] DEBUG GameScene            - Clearing game scene
23:08:17.528 [FXGL Background Thread 1 ] DEBUG InitAppTask          - Initializing Game
23:08:17.608 [FXGL Background Thread 1 ] DEBUG GameScene            - Creating render group for layer: DEFAULT(100000)
23:08:17.679 [FXGL Background Thread 1 ] DEBUG AssetLoader          - Loading from disk: /assets/textures//turret-1-1.png
23:08:17.685 [FXGL Background Thread 1 ] DEBUG InitAppTask          - Initializing Physics
23:08:17.686 [FXGL Background Thread 1 ] DEBUG InitAppTask          - Initializing UI
23:08:17.686 [FXGL Background Thread 1 ] DEBUG InitAppTask          - Initialization Complete
23:08:17.686 [FXGL Background Thread 1 ] INFO  InitAppTask          - Game initialization took: 0.160 sec
23:08:17.708 [JavaFX Application Thread] DEBUG Input                - Clearing active input actions
23:08:17.717 [JavaFX Application Thread] DEBUG AppStateMachine      - LoadingState -> PlayState
23:09:05.480 [JavaFX Application Thread] DEBUG GameApplication      - Exiting game application
23:09:05.481 [JavaFX Application Thread] DEBUG GameApplication      - Shutting down background threads
23:09:05.481 [JavaFX Application Thread] DEBUG GameApplication      - Exiting FXGL
23:09:05.481 [JavaFX Application Thread] DEBUG FXGL                 - Saving FXGL system data
23:09:05.483 [JavaFX Application Thread] DEBUG DesktopFSService     - Writing to: system/fxgl.bundle
23:09:05.487 [JavaFX Application Thread] DEBUG GameApplication      - Closing logger and exiting JavaFX
