22:00:03.337 [JavaFX Application Thread] DEBUG GameApplication      - Logger initialized
22:00:03.345 [JavaFX Application Thread] DEBUG MainWindow           - Creating a JavaFX scene
22:00:03.346 [JavaFX Application Thread] DEBUG MainWindow           - Target size > screen size
22:00:03.390 [JavaFX Application Thread] DEBUG MainWindow           - Target settings size: 1307.0 x 719.0
22:00:03.390 [JavaFX Application Thread] DEBUG MainWindow           - Scaled scene size:    1255.0 x 704.0
22:00:03.390 [JavaFX Application Thread] DEBUG MainWindow           - Scaled ratio: (0.9602142310635042, 0.9791376912378303)
22:00:03.393 [JavaFX Application Thread] DEBUG GameApplication      - Starting FXGL
22:00:03.401 [JavaFX Application Thread] INFO  FXGL                 - FXGL-0.5.2 on DESKTOP
22:00:03.402 [JavaFX Application Thread] INFO  FXGL                 - Source code and latest versions at: https://github.com/AlmasB/FXGL
22:00:03.402 [JavaFX Application Thread] INFO  FXGL                 -              Join the FXGL chat at: https://gitter.im/AlmasB/FXGL
22:00:03.408 [JavaFX Application Thread] DEBUG FS                   - Loaded DesktopFSService
22:00:03.408 [JavaFX Application Thread] DEBUG FXGL                 - Loading FXGL system data
22:00:03.413 [JavaFX Application Thread] DEBUG DesktopFSService     - Reading from: system/fxgl.bundle
22:00:03.421 [JavaFX Application Thread] DEBUG Bundle               - Logging bundle: FXGL
22:00:03.421 [JavaFX Application Thread] DEBUG Bundle               - FXGL.offline.timer.version.check=2018-06-15T20:27:09.659
22:00:03.443 [JavaFX Application Thread] DEBUG GameApplication      - FXGL started
22:00:03.443 [JavaFX Application Thread] DEBUG GameApplication      - Logging game settings
Title: Laser Defense
Version: 
Width: 1307
Height: 719
Fullscreen: false
Intro: false
Menus: false
Profiling: false
Single step:false
App Mode: DEVELOPER
Menu Key: ESCAPE
Stage Style: DECORATED
Scene Factory: class com.almasb.fxgl.scene.SceneFactory
Dialog Factory: class com.almasb.fxgl.ui.FXGLDialogFactory
UI Factory: class com.almasb.fxgl.ui.FXGLUIFactory
Notification Service: class com.almasb.fxgl.gameplay.notification.XboxNotificationView
Exception Handler: class com.almasb.fxgl.app.FXGLExceptionHandler
22:00:03.444 [JavaFX Application Thread] DEBUG GameApplication      - Configuring GameApplication
22:00:03.444 [JavaFX Application Thread] DEBUG GameApplication      - Initializing state machine and application states
22:00:03.456 [JavaFX Application Thread] DEBUG AssetLoader          - Loading from disk: /assets/ui/cursors/fxgl_default.png
22:00:03.477 [JavaFX Application Thread] DEBUG AssetLoader          - Loading from disk: /assets/ui/cursors/fxgl_default.png
22:00:03.739 [JavaFX Application Thread] DEBUG FXGLAssets           - Loading FXGLAssets
22:00:03.777 [JavaFX Application Thread] DEBUG AssetLoader          - Loading from disk: /assets/ui/fonts/VarelaRound-Regular.ttf
22:00:03.783 [JavaFX Application Thread] DEBUG AssetLoader          - Loading from disk: /assets/ui/fonts/lucida_console.ttf
22:00:03.790 [JavaFX Application Thread] DEBUG AssetLoader          - Loading from disk: /assets/ui/css/fxgl_dark.css
22:00:03.819 [JavaFX Application Thread] DEBUG AssetLoader          - Loading from disk: /assets/ui/cursors/fxgl_default.png
22:00:03.823 [JavaFX Application Thread] DEBUG AssetLoader          - Loading from disk: /assets/ui/cursors/fxgl_default.png
22:00:03.843 [JavaFX Application Thread] DEBUG GameScene            - Game scene initialized: 1307x719
22:00:03.845 [JavaFX Application Thread] DEBUG GameWorld            - Game world initialized
22:00:03.884 [JavaFX Application Thread] DEBUG PhysicsWorld         - Physics world initialized: appHeight=719, physics.ppm=50.0
22:00:03.902 [JavaFX Application Thread] DEBUG Input                - Registered new binding: Pause - Esc
22:00:03.918 [JavaFX Application Thread] DEBUG Input                - Clearing active input actions
22:00:03.962 [JavaFX Application Thread] DEBUG AppStateMachine      - StartupState -> StartupState
22:00:03.966 [JavaFX Application Thread] INFO  GameApplication      - Game configuration took:  0.521 sec
22:00:03.968 [JavaFX Application Thread] DEBUG AssetLoader          - Loading from disk: /assets/textures/fxgl_icon.png
22:00:03.983 [JavaFX Application Thread] DEBUG MainWindow           - Opening main window
22:00:04.100 [JavaFX Application Thread] DEBUG MainWindow           - Window border size: (0.0, 22.0)
22:00:04.100 [JavaFX Application Thread] DEBUG MainWindow           - Scaled size: 1255.0 x 704.0
22:00:04.101 [JavaFX Application Thread] DEBUG MainWindow           - Scaled ratio: (0.9602142310635042, 0.9791376912378303)
22:00:04.101 [JavaFX Application Thread] DEBUG MainWindow           - Scene size: 1255.0 x 704.0
22:00:04.101 [JavaFX Application Thread] DEBUG MainWindow           - Stage size: 1255.0 x 726.0
22:00:04.101 [JavaFX Application Thread] DEBUG GameApplication      - Running preInit()
22:00:04.103 [JavaFX Application Thread] DEBUG Input                - Registered new binding: Screenshot - P
22:00:04.103 [JavaFX Application Thread] DEBUG Input                - Registered new binding: Dev Options - CTRL+0
22:00:04.104 [JavaFX Application Thread] DEBUG Input                - Registered new binding: System info dump - CTRL+9
22:00:04.104 [JavaFX Application Thread] DEBUG Input                - Registered new binding: Restart - CTRL+R
22:00:04.105 [JavaFX Application Thread] DEBUG Input                - Registered new binding: Hit - LMB
22:00:04.139 [JavaFX Application Thread] DEBUG GameApplication      - Starting main loop
22:00:04.202 [JavaFX Application Thread] DEBUG StartupState         - STARTUP
22:00:04.202 [JavaFX Application Thread] DEBUG GameApplication      - Starting new game
22:00:04.202 [JavaFX Application Thread] DEBUG Input                - Clearing active input actions
22:00:04.211 [JavaFX Application Thread] DEBUG AppStateMachine      - StartupState -> LoadingState
22:00:04.219 [FXGL Background Thread 1 ] DEBUG InitAppTask          - Clearing previous game
22:00:04.219 [FXGL Background Thread 1 ] DEBUG GameWorld            - Clearing game world
22:00:04.219 [FXGL Background Thread 1 ] DEBUG PhysicsWorld         - Clearing physics world
22:00:04.220 [FXGL Background Thread 1 ] DEBUG GameScene            - Clearing game scene
22:00:04.221 [FXGL Background Thread 1 ] DEBUG InitAppTask          - Initializing Game
22:00:04.240 [FXGL Background Thread 1 ] DEBUG GameScene            - Creating render group for layer: DEFAULT(100000)
22:00:04.244 [FXGL Background Thread 1 ] DEBUG InitAppTask          - Initializing Physics
22:00:04.245 [FXGL Background Thread 1 ] DEBUG InitAppTask          - Initializing UI
22:00:04.282 [FXGL Background Thread 1 ] DEBUG InitAppTask          - Initialization Complete
22:00:04.282 [FXGL Background Thread 1 ] INFO  InitAppTask          - Game initialization took: 0.063 sec
22:00:04.400 [JavaFX Application Thread] DEBUG Input                - Clearing active input actions
22:00:04.419 [JavaFX Application Thread] DEBUG AppStateMachine      - LoadingState -> PlayState
22:00:05.172 [JavaFX Application Thread] DEBUG AssetLoader          - Loading from disk: /assets/textures/enemy4Sheet.png
22:00:05.179 [JavaFX Application Thread] DEBUG AssetLoader          - Loading from cache: /assets/textures/enemy4Sheet.png
22:00:05.181 [JavaFX Application Thread] DEBUG AssetLoader          - Loading from cache: /assets/textures/enemy4Sheet.png
22:00:05.182 [JavaFX Application Thread] DEBUG AssetLoader          - Loading from cache: /assets/textures/enemy4Sheet.png
22:00:05.183 [JavaFX Application Thread] DEBUG AssetLoader          - Loading from cache: /assets/textures/enemy4Sheet.png
22:00:05.184 [JavaFX Application Thread] DEBUG AssetLoader          - Loading from cache: /assets/textures/enemy4Sheet.png
22:00:05.185 [JavaFX Application Thread] DEBUG AssetLoader          - Loading from cache: /assets/textures/enemy4Sheet.png
22:00:05.186 [JavaFX Application Thread] DEBUG AssetLoader          - Loading from cache: /assets/textures/enemy4Sheet.png
22:00:05.186 [JavaFX Application Thread] DEBUG AssetLoader          - Loading from cache: /assets/textures/enemy4Sheet.png
22:00:05.187 [JavaFX Application Thread] DEBUG AssetLoader          - Loading from cache: /assets/textures/enemy4Sheet.png
22:00:13.158 [JavaFX Application Thread] DEBUG GameScene            - Clearing game scene
22:00:13.189 [JavaFX Application Thread] DEBUG GameScene            - Creating render group for layer: DEFAULT(100000)
22:00:13.374 [JavaFX Application Thread] DEBUG GameScene            - Clearing game scene
22:00:13.387 [JavaFX Application Thread] DEBUG GameScene            - Creating render group for layer: DEFAULT(100000)
22:00:13.591 [JavaFX Application Thread] DEBUG GameScene            - Clearing game scene
22:00:13.603 [JavaFX Application Thread] DEBUG GameScene            - Creating render group for layer: DEFAULT(100000)
22:00:13.792 [JavaFX Application Thread] DEBUG GameScene            - Clearing game scene
22:00:13.808 [JavaFX Application Thread] DEBUG GameScene            - Creating render group for layer: DEFAULT(100000)
22:00:14.026 [JavaFX Application Thread] DEBUG GameScene            - Clearing game scene
22:00:14.039 [JavaFX Application Thread] DEBUG GameScene            - Creating render group for layer: DEFAULT(100000)
22:00:14.226 [JavaFX Application Thread] DEBUG GameScene            - Clearing game scene
22:00:14.239 [JavaFX Application Thread] DEBUG GameScene            - Creating render group for layer: DEFAULT(100000)
22:00:14.442 [JavaFX Application Thread] DEBUG GameScene            - Clearing game scene
22:00:14.455 [JavaFX Application Thread] DEBUG GameScene            - Creating render group for layer: DEFAULT(100000)
22:00:14.642 [JavaFX Application Thread] DEBUG GameScene            - Clearing game scene
22:00:14.657 [JavaFX Application Thread] DEBUG GameScene            - Creating render group for layer: DEFAULT(100000)
22:00:14.859 [JavaFX Application Thread] DEBUG GameScene            - Clearing game scene
22:00:14.873 [JavaFX Application Thread] DEBUG GameScene            - Creating render group for layer: DEFAULT(100000)
22:00:15.006 [JavaFX Application Thread] DEBUG GameApplication      - Exiting game application
22:00:15.007 [JavaFX Application Thread] DEBUG GameApplication      - Shutting down background threads
22:00:15.007 [JavaFX Application Thread] DEBUG GameApplication      - Exiting FXGL
22:00:15.007 [JavaFX Application Thread] DEBUG FXGL                 - Saving FXGL system data
22:00:15.010 [JavaFX Application Thread] DEBUG DesktopFSService     - Writing to: system/fxgl.bundle
22:00:15.013 [JavaFX Application Thread] DEBUG GameApplication      - Closing logger and exiting JavaFX
