19:12:56.084 [JavaFX Application Thread] DEBUG GameApplication      - Logger initialized
19:12:56.093 [JavaFX Application Thread] DEBUG MainWindow           - Creating a JavaFX scene
19:12:56.093 [JavaFX Application Thread] DEBUG MainWindow           - Target size > screen size
19:12:56.244 [JavaFX Application Thread] DEBUG MainWindow           - Target settings size: 1307.0 x 719.0
19:12:56.244 [JavaFX Application Thread] DEBUG MainWindow           - Scaled scene size:    1255.0 x 704.0
19:12:56.244 [JavaFX Application Thread] DEBUG MainWindow           - Scaled ratio: (0.9602142310635042, 0.9791376912378303)
19:12:56.250 [JavaFX Application Thread] DEBUG GameApplication      - Starting FXGL
19:12:56.272 [JavaFX Application Thread] INFO  FXGL                 - FXGL-0.5.2 on DESKTOP
19:12:56.273 [JavaFX Application Thread] INFO  FXGL                 - Source code and latest versions at: https://github.com/AlmasB/FXGL
19:12:56.273 [JavaFX Application Thread] INFO  FXGL                 -              Join the FXGL chat at: https://gitter.im/AlmasB/FXGL
19:12:56.283 [JavaFX Application Thread] DEBUG FS                   - Loaded DesktopFSService
19:12:56.283 [JavaFX Application Thread] DEBUG FXGL                 - Loading FXGL system data
19:12:56.298 [JavaFX Application Thread] DEBUG DesktopFSService     - Reading from: system/fxgl.bundle
19:12:56.316 [JavaFX Application Thread] DEBUG Bundle               - Logging bundle: FXGL
19:12:56.317 [JavaFX Application Thread] DEBUG Bundle               - FXGL.offline.timer.version.check=2018-06-08T17:04:18.376
19:12:56.354 [JavaFX Application Thread] DEBUG GameApplication      - FXGL started
19:12:56.354 [JavaFX Application Thread] DEBUG GameApplication      - Logging game settings
Title: LASER DEFENSE
Version: 0.1
Width: 1307
Height: 719
Fullscreen: false
Intro: false
Menus: false
Profiling: false
Single step:false
App Mode: DEVELOPER
Menu Key: ESCAPE
Stage Style: DECORATED
Scene Factory: class com.almasb.fxgl.scene.SceneFactory
Dialog Factory: class com.almasb.fxgl.ui.FXGLDialogFactory
UI Factory: class com.almasb.fxgl.ui.FXGLUIFactory
Notification Service: class com.almasb.fxgl.gameplay.notification.XboxNotificationView
Exception Handler: class com.almasb.fxgl.app.FXGLExceptionHandler
19:12:56.356 [JavaFX Application Thread] DEBUG GameApplication      - Configuring GameApplication
19:12:56.356 [JavaFX Application Thread] DEBUG GameApplication      - Initializing state machine and application states
19:12:56.369 [JavaFX Application Thread] DEBUG AssetLoader          - Loading from disk: /assets/ui/cursors/fxgl_default.png
19:12:56.400 [JavaFX Application Thread] DEBUG AssetLoader          - Loading from disk: /assets/ui/cursors/fxgl_default.png
19:12:56.889 [JavaFX Application Thread] DEBUG FXGLAssets           - Loading FXGLAssets
19:12:56.944 [JavaFX Application Thread] DEBUG AssetLoader          - Loading from disk: /assets/ui/fonts/VarelaRound-Regular.ttf
19:12:56.969 [JavaFX Application Thread] DEBUG AssetLoader          - Loading from disk: /assets/ui/fonts/lucida_console.ttf
19:12:56.974 [JavaFX Application Thread] DEBUG AssetLoader          - Loading from disk: /assets/ui/css/fxgl_dark.css
19:12:57.026 [JavaFX Application Thread] DEBUG AssetLoader          - Loading from disk: /assets/ui/cursors/fxgl_default.png
19:12:57.071 [JavaFX Application Thread] DEBUG AssetLoader          - Loading from disk: /assets/ui/cursors/fxgl_default.png
19:12:57.096 [JavaFX Application Thread] DEBUG GameScene            - Game scene initialized: 1307x719
19:12:57.099 [JavaFX Application Thread] DEBUG GameWorld            - Game world initialized
19:12:57.168 [JavaFX Application Thread] DEBUG PhysicsWorld         - Physics world initialized: appHeight=719, physics.ppm=50.0
19:12:57.191 [JavaFX Application Thread] DEBUG Input                - Registered new binding: Pause - Esc
19:12:57.216 [JavaFX Application Thread] DEBUG Input                - Clearing active input actions
19:12:57.280 [JavaFX Application Thread] DEBUG AppStateMachine      - StartupState -> StartupState
19:12:57.283 [JavaFX Application Thread] INFO  GameApplication      - Game configuration took:  0.927 sec
19:12:57.286 [JavaFX Application Thread] DEBUG AssetLoader          - Loading from disk: /assets/textures/fxgl_icon.png
19:12:57.303 [JavaFX Application Thread] DEBUG MainWindow           - Opening main window
19:12:57.472 [JavaFX Application Thread] DEBUG MainWindow           - Window border size: (0.0, 22.0)
19:12:57.472 [JavaFX Application Thread] DEBUG MainWindow           - Scaled size: 1255.0 x 704.0
19:12:57.472 [JavaFX Application Thread] DEBUG MainWindow           - Scaled ratio: (0.9602142310635042, 0.9791376912378303)
19:12:57.473 [JavaFX Application Thread] DEBUG MainWindow           - Scene size: 1255.0 x 704.0
19:12:57.473 [JavaFX Application Thread] DEBUG MainWindow           - Stage size: 1255.0 x 726.0
19:12:57.473 [JavaFX Application Thread] DEBUG GameApplication      - Running preInit()
19:12:57.475 [JavaFX Application Thread] DEBUG Input                - Registered new binding: Screenshot - P
19:12:57.476 [JavaFX Application Thread] DEBUG Input                - Registered new binding: Dev Options - CTRL+0
19:12:57.476 [JavaFX Application Thread] DEBUG Input                - Registered new binding: System info dump - CTRL+9
19:12:57.477 [JavaFX Application Thread] DEBUG Input                - Registered new binding: Restart - CTRL+R
19:12:57.478 [JavaFX Application Thread] DEBUG Input                - Registered new binding: Hit - LMB
19:12:57.530 [JavaFX Application Thread] DEBUG GameApplication      - Starting main loop
19:12:57.604 [JavaFX Application Thread] DEBUG StartupState         - STARTUP
19:12:57.606 [JavaFX Application Thread] DEBUG GameApplication      - Starting new game
19:12:57.607 [JavaFX Application Thread] DEBUG Input                - Clearing active input actions
19:12:57.635 [JavaFX Application Thread] DEBUG AppStateMachine      - StartupState -> LoadingState
19:12:57.644 [FXGL Background Thread 1 ] DEBUG InitAppTask          - Clearing previous game
19:12:57.644 [FXGL Background Thread 1 ] DEBUG GameWorld            - Clearing game world
19:12:57.645 [FXGL Background Thread 1 ] DEBUG PhysicsWorld         - Clearing physics world
19:12:57.645 [FXGL Background Thread 1 ] DEBUG GameScene            - Clearing game scene
19:12:57.646 [FXGL Background Thread 1 ] DEBUG InitAppTask          - Initializing Game
19:12:57.674 [FXGL Background Thread 1 ] DEBUG GameScene            - Creating render group for layer: DEFAULT(100000)
19:12:57.795 [FXGL Background Thread 1 ] DEBUG AssetLoader          - Loading from disk: /assets/textures/enemyOneSheet.png
19:12:57.813 [FXGL Background Thread 1 ] DEBUG AssetLoader          - Loading from cache: /assets/textures/enemyOneSheet.png
19:12:57.822 [FXGL Background Thread 1 ] DEBUG AssetLoader          - Loading from cache: /assets/textures/enemyOneSheet.png
19:12:57.854 [FXGL Background Thread 1 ] DEBUG AssetLoader          - Loading from cache: /assets/textures/enemyOneSheet.png
19:12:57.856 [FXGL Background Thread 1 ] DEBUG AssetLoader          - Loading from cache: /assets/textures/enemyOneSheet.png
19:12:57.859 [FXGL Background Thread 1 ] DEBUG AssetLoader          - Loading from cache: /assets/textures/enemyOneSheet.png
19:12:57.862 [FXGL Background Thread 1 ] DEBUG AssetLoader          - Loading from cache: /assets/textures/enemyOneSheet.png
19:12:57.865 [FXGL Background Thread 1 ] DEBUG AssetLoader          - Loading from cache: /assets/textures/enemyOneSheet.png
19:12:57.868 [FXGL Background Thread 1 ] DEBUG AssetLoader          - Loading from cache: /assets/textures/enemyOneSheet.png
19:12:57.869 [FXGL Background Thread 1 ] DEBUG AssetLoader          - Loading from cache: /assets/textures/enemyOneSheet.png
19:12:57.870 [FXGL Background Thread 1 ] DEBUG InitAppTask          - Initializing Physics
19:12:57.871 [FXGL Background Thread 1 ] DEBUG InitAppTask          - Initializing UI
19:12:57.871 [FXGL Background Thread 1 ] DEBUG InitAppTask          - Initialization Complete
19:12:57.871 [FXGL Background Thread 1 ] INFO  InitAppTask          - Game initialization took: 0.227 sec
19:12:58.007 [JavaFX Application Thread] DEBUG Input                - Clearing active input actions
19:12:58.020 [JavaFX Application Thread] DEBUG AppStateMachine      - LoadingState -> PlayState
19:12:58.695 [JavaFX Application Thread] DEBUG AssetLoader          - Loading from disk: /assets/textures/laserBullet.png
19:12:59.098 [JavaFX Application Thread] DEBUG AssetLoader          - Loading from cache: /assets/textures/laserBullet.png
19:12:59.482 [JavaFX Application Thread] DEBUG AssetLoader          - Loading from cache: /assets/textures/laserBullet.png
19:12:59.837 [JavaFX Application Thread] DEBUG AssetLoader          - Loading from cache: /assets/textures/laserBullet.png
19:13:00.182 [JavaFX Application Thread] DEBUG AssetLoader          - Loading from cache: /assets/textures/laserBullet.png
19:13:00.531 [JavaFX Application Thread] DEBUG AssetLoader          - Loading from cache: /assets/textures/laserBullet.png
19:13:00.851 [JavaFX Application Thread] DEBUG AssetLoader          - Loading from cache: /assets/textures/laserBullet.png
19:13:01.165 [JavaFX Application Thread] DEBUG AssetLoader          - Loading from cache: /assets/textures/laserBullet.png
19:13:01.434 [JavaFX Application Thread] DEBUG AssetLoader          - Loading from cache: /assets/textures/laserBullet.png
19:13:01.716 [JavaFX Application Thread] DEBUG AssetLoader          - Loading from cache: /assets/textures/laserBullet.png
19:13:02.035 [JavaFX Application Thread] DEBUG AssetLoader          - Loading from cache: /assets/textures/laserBullet.png
19:13:02.316 [JavaFX Application Thread] DEBUG AssetLoader          - Loading from cache: /assets/textures/laserBullet.png
19:13:02.596 [JavaFX Application Thread] DEBUG AssetLoader          - Loading from cache: /assets/textures/laserBullet.png
19:13:02.870 [JavaFX Application Thread] DEBUG AssetLoader          - Loading from cache: /assets/textures/laserBullet.png
19:13:03.148 [JavaFX Application Thread] DEBUG AssetLoader          - Loading from cache: /assets/textures/laserBullet.png
19:13:03.397 [JavaFX Application Thread] DEBUG AssetLoader          - Loading from cache: /assets/textures/laserBullet.png
19:13:03.749 [JavaFX Application Thread] DEBUG AssetLoader          - Loading from cache: /assets/textures/laserBullet.png
19:13:04.016 [JavaFX Application Thread] DEBUG AssetLoader          - Loading from cache: /assets/textures/laserBullet.png
19:13:04.302 [JavaFX Application Thread] DEBUG AssetLoader          - Loading from cache: /assets/textures/laserBullet.png
19:13:04.566 [JavaFX Application Thread] DEBUG AssetLoader          - Loading from cache: /assets/textures/laserBullet.png
19:13:48.841 [JavaFX Application Thread] DEBUG GameApplication      - Exiting game application
19:13:48.841 [JavaFX Application Thread] DEBUG GameApplication      - Shutting down background threads
19:13:48.842 [JavaFX Application Thread] DEBUG GameApplication      - Exiting FXGL
19:13:48.843 [JavaFX Application Thread] DEBUG FXGL                 - Saving FXGL system data
19:13:48.846 [JavaFX Application Thread] DEBUG DesktopFSService     - Writing to: system/fxgl.bundle
19:13:48.850 [JavaFX Application Thread] DEBUG GameApplication      - Closing logger and exiting JavaFX
