19:18:18.648 [JavaFX Application Thread] DEBUG GameApplication      - Logger initialized
19:18:18.662 [JavaFX Application Thread] DEBUG MainWindow           - Creating a JavaFX scene
19:18:18.662 [JavaFX Application Thread] DEBUG MainWindow           - Target size > screen size
19:18:18.787 [JavaFX Application Thread] DEBUG MainWindow           - Target settings size: 1307.0 x 719.0
19:18:18.787 [JavaFX Application Thread] DEBUG MainWindow           - Scaled scene size:    1255.0 x 704.0
19:18:18.787 [JavaFX Application Thread] DEBUG MainWindow           - Scaled ratio: (0.9602142310635042, 0.9791376912378303)
19:18:18.799 [JavaFX Application Thread] DEBUG GameApplication      - Starting FXGL
19:18:18.812 [JavaFX Application Thread] INFO  FXGL                 - FXGL-0.5.2 on DESKTOP
19:18:18.813 [JavaFX Application Thread] INFO  FXGL                 - Source code and latest versions at: https://github.com/AlmasB/FXGL
19:18:18.813 [JavaFX Application Thread] INFO  FXGL                 -              Join the FXGL chat at: https://gitter.im/AlmasB/FXGL
19:18:18.824 [JavaFX Application Thread] DEBUG FS                   - Loaded DesktopFSService
19:18:18.824 [JavaFX Application Thread] DEBUG FXGL                 - Loading FXGL system data
19:18:18.841 [JavaFX Application Thread] DEBUG DesktopFSService     - Reading from: system/fxgl.bundle
19:18:18.851 [JavaFX Application Thread] DEBUG Bundle               - Logging bundle: FXGL
19:18:18.851 [JavaFX Application Thread] DEBUG Bundle               - FXGL.offline.timer.version.check=2018-06-08T17:04:18.376
19:18:18.890 [JavaFX Application Thread] DEBUG GameApplication      - FXGL started
19:18:18.890 [JavaFX Application Thread] DEBUG GameApplication      - Logging game settings
Title: LASER DEFENSE
Version: 0.1
Width: 1307
Height: 719
Fullscreen: false
Intro: false
Menus: false
Profiling: false
Single step:false
App Mode: DEVELOPER
Menu Key: ESCAPE
Stage Style: DECORATED
Scene Factory: class com.almasb.fxgl.scene.SceneFactory
Dialog Factory: class com.almasb.fxgl.ui.FXGLDialogFactory
UI Factory: class com.almasb.fxgl.ui.FXGLUIFactory
Notification Service: class com.almasb.fxgl.gameplay.notification.XboxNotificationView
Exception Handler: class com.almasb.fxgl.app.FXGLExceptionHandler
19:18:18.891 [JavaFX Application Thread] DEBUG GameApplication      - Configuring GameApplication
19:18:18.891 [JavaFX Application Thread] DEBUG GameApplication      - Initializing state machine and application states
19:18:18.912 [JavaFX Application Thread] DEBUG AssetLoader          - Loading from disk: /assets/ui/cursors/fxgl_default.png
19:18:18.938 [JavaFX Application Thread] DEBUG AssetLoader          - Loading from disk: /assets/ui/cursors/fxgl_default.png
19:18:19.437 [JavaFX Application Thread] DEBUG FXGLAssets           - Loading FXGLAssets
19:18:19.483 [JavaFX Application Thread] DEBUG AssetLoader          - Loading from disk: /assets/ui/fonts/VarelaRound-Regular.ttf
19:18:19.498 [JavaFX Application Thread] DEBUG AssetLoader          - Loading from disk: /assets/ui/fonts/lucida_console.ttf
19:18:19.506 [JavaFX Application Thread] DEBUG AssetLoader          - Loading from disk: /assets/ui/css/fxgl_dark.css
19:18:19.554 [JavaFX Application Thread] DEBUG AssetLoader          - Loading from disk: /assets/ui/cursors/fxgl_default.png
19:18:19.594 [JavaFX Application Thread] DEBUG AssetLoader          - Loading from disk: /assets/ui/cursors/fxgl_default.png
19:18:19.622 [JavaFX Application Thread] DEBUG GameScene            - Game scene initialized: 1307x719
19:18:19.626 [JavaFX Application Thread] DEBUG GameWorld            - Game world initialized
19:18:19.685 [JavaFX Application Thread] DEBUG PhysicsWorld         - Physics world initialized: appHeight=719, physics.ppm=50.0
19:18:19.709 [JavaFX Application Thread] DEBUG Input                - Registered new binding: Pause - Esc
19:18:19.731 [JavaFX Application Thread] DEBUG Input                - Clearing active input actions
19:18:19.796 [JavaFX Application Thread] DEBUG AppStateMachine      - StartupState -> StartupState
19:18:19.803 [JavaFX Application Thread] INFO  GameApplication      - Game configuration took:  0.912 sec
19:18:19.808 [JavaFX Application Thread] DEBUG AssetLoader          - Loading from disk: /assets/textures/fxgl_icon.png
19:18:19.829 [JavaFX Application Thread] DEBUG MainWindow           - Opening main window
19:18:20.018 [JavaFX Application Thread] DEBUG MainWindow           - Window border size: (0.0, 22.0)
19:18:20.019 [JavaFX Application Thread] DEBUG MainWindow           - Scaled size: 1255.0 x 704.0
19:18:20.020 [JavaFX Application Thread] DEBUG MainWindow           - Scaled ratio: (0.9602142310635042, 0.9791376912378303)
19:18:20.020 [JavaFX Application Thread] DEBUG MainWindow           - Scene size: 1255.0 x 704.0
19:18:20.020 [JavaFX Application Thread] DEBUG MainWindow           - Stage size: 1255.0 x 726.0
19:18:20.020 [JavaFX Application Thread] DEBUG GameApplication      - Running preInit()
19:18:20.023 [JavaFX Application Thread] DEBUG Input                - Registered new binding: Screenshot - P
19:18:20.024 [JavaFX Application Thread] DEBUG Input                - Registered new binding: Dev Options - CTRL+0
19:18:20.025 [JavaFX Application Thread] DEBUG Input                - Registered new binding: System info dump - CTRL+9
19:18:20.025 [JavaFX Application Thread] DEBUG Input                - Registered new binding: Restart - CTRL+R
19:18:20.027 [JavaFX Application Thread] DEBUG Input                - Registered new binding: Hit - LMB
19:18:20.077 [JavaFX Application Thread] DEBUG GameApplication      - Starting main loop
19:18:20.151 [JavaFX Application Thread] DEBUG StartupState         - STARTUP
19:18:20.152 [JavaFX Application Thread] DEBUG GameApplication      - Starting new game
19:18:20.152 [JavaFX Application Thread] DEBUG Input                - Clearing active input actions
19:18:20.166 [JavaFX Application Thread] DEBUG AppStateMachine      - StartupState -> LoadingState
19:18:20.172 [FXGL Background Thread 1 ] DEBUG InitAppTask          - Clearing previous game
19:18:20.172 [FXGL Background Thread 1 ] DEBUG GameWorld            - Clearing game world
19:18:20.172 [FXGL Background Thread 1 ] DEBUG PhysicsWorld         - Clearing physics world
19:18:20.173 [FXGL Background Thread 1 ] DEBUG GameScene            - Clearing game scene
19:18:20.174 [FXGL Background Thread 1 ] DEBUG InitAppTask          - Initializing Game
19:18:20.193 [FXGL Background Thread 1 ] DEBUG GameScene            - Creating render group for layer: DEFAULT(100000)
19:18:20.249 [FXGL Background Thread 1 ] DEBUG AssetLoader          - Loading from disk: /assets/textures/enemyOneSheet.png
19:18:20.261 [FXGL Background Thread 1 ] DEBUG AssetLoader          - Loading from cache: /assets/textures/enemyOneSheet.png
19:18:20.263 [FXGL Background Thread 1 ] DEBUG AssetLoader          - Loading from cache: /assets/textures/enemyOneSheet.png
19:18:20.265 [FXGL Background Thread 1 ] DEBUG AssetLoader          - Loading from cache: /assets/textures/enemyOneSheet.png
19:18:20.266 [FXGL Background Thread 1 ] DEBUG AssetLoader          - Loading from cache: /assets/textures/enemyOneSheet.png
19:18:20.268 [FXGL Background Thread 1 ] DEBUG AssetLoader          - Loading from cache: /assets/textures/enemyOneSheet.png
19:18:20.270 [FXGL Background Thread 1 ] DEBUG AssetLoader          - Loading from cache: /assets/textures/enemyOneSheet.png
19:18:20.271 [FXGL Background Thread 1 ] DEBUG AssetLoader          - Loading from cache: /assets/textures/enemyOneSheet.png
19:18:20.273 [FXGL Background Thread 1 ] DEBUG AssetLoader          - Loading from cache: /assets/textures/enemyOneSheet.png
19:18:20.274 [FXGL Background Thread 1 ] DEBUG AssetLoader          - Loading from cache: /assets/textures/enemyOneSheet.png
19:18:20.275 [FXGL Background Thread 1 ] DEBUG InitAppTask          - Initializing Physics
19:18:20.275 [FXGL Background Thread 1 ] DEBUG InitAppTask          - Initializing UI
19:18:20.276 [FXGL Background Thread 1 ] DEBUG InitAppTask          - Initialization Complete
19:18:20.276 [FXGL Background Thread 1 ] INFO  InitAppTask          - Game initialization took: 0.104 sec
19:18:20.432 [JavaFX Application Thread] DEBUG Input                - Clearing active input actions
19:18:20.446 [JavaFX Application Thread] DEBUG AppStateMachine      - LoadingState -> PlayState
19:18:20.545 [JavaFX Application Thread] DEBUG AssetLoader          - Loading from disk: /assets/textures/laserBullet.png
19:18:20.711 [JavaFX Application Thread] DEBUG AssetLoader          - Loading from cache: /assets/textures/laserBullet.png
19:18:20.861 [JavaFX Application Thread] DEBUG AssetLoader          - Loading from cache: /assets/textures/laserBullet.png
19:18:22.206 [JavaFX Application Thread] DEBUG AssetLoader          - Loading from cache: /assets/textures/laserBullet.png
19:18:23.174 [JavaFX Application Thread] DEBUG AssetLoader          - Loading from cache: /assets/textures/laserBullet.png
19:18:24.302 [JavaFX Application Thread] DEBUG AssetLoader          - Loading from cache: /assets/textures/laserBullet.png
19:18:25.095 [JavaFX Application Thread] DEBUG AssetLoader          - Loading from cache: /assets/textures/laserBullet.png
19:18:25.816 [JavaFX Application Thread] DEBUG AssetLoader          - Loading from cache: /assets/textures/laserBullet.png
19:18:26.542 [JavaFX Application Thread] DEBUG AssetLoader          - Loading from cache: /assets/textures/laserBullet.png
19:18:27.223 [JavaFX Application Thread] DEBUG AssetLoader          - Loading from cache: /assets/textures/laserBullet.png
19:18:27.799 [JavaFX Application Thread] DEBUG AssetLoader          - Loading from cache: /assets/textures/laserBullet.png
19:18:28.409 [JavaFX Application Thread] DEBUG AssetLoader          - Loading from cache: /assets/textures/laserBullet.png
19:18:29.069 [JavaFX Application Thread] DEBUG AssetLoader          - Loading from cache: /assets/textures/laserBullet.png
19:18:29.758 [JavaFX Application Thread] DEBUG AssetLoader          - Loading from cache: /assets/textures/laserBullet.png
19:18:30.766 [JavaFX Application Thread] DEBUG GameApplication      - Exiting game application
19:18:30.766 [JavaFX Application Thread] DEBUG GameApplication      - Shutting down background threads
19:18:30.767 [JavaFX Application Thread] DEBUG GameApplication      - Exiting FXGL
19:18:30.771 [JavaFX Application Thread] DEBUG FXGL                 - Saving FXGL system data
19:18:30.774 [JavaFX Application Thread] DEBUG DesktopFSService     - Writing to: system/fxgl.bundle
19:18:30.777 [JavaFX Application Thread] DEBUG GameApplication      - Closing logger and exiting JavaFX
