00:00:29.702 [JavaFX Application Thread] DEBUG GameApplication      - Logger initialized
00:00:29.712 [JavaFX Application Thread] DEBUG MainWindow           - Creating a JavaFX scene
00:00:29.712 [JavaFX Application Thread] DEBUG MainWindow           - Target size > screen size
00:00:29.779 [JavaFX Application Thread] DEBUG MainWindow           - Target settings size: 1307.0 x 719.0
00:00:29.780 [JavaFX Application Thread] DEBUG MainWindow           - Scaled scene size:    1255.0 x 704.0
00:00:29.780 [JavaFX Application Thread] DEBUG MainWindow           - Scaled ratio: (0.9602142310635042, 0.9791376912378303)
00:00:29.782 [JavaFX Application Thread] DEBUG GameApplication      - Starting FXGL
00:00:29.793 [JavaFX Application Thread] INFO  FXGL                 - FXGL-0.5.2 on DESKTOP
00:00:29.794 [JavaFX Application Thread] INFO  FXGL                 - Source code and latest versions at: https://github.com/AlmasB/FXGL
00:00:29.794 [JavaFX Application Thread] INFO  FXGL                 -              Join the FXGL chat at: https://gitter.im/AlmasB/FXGL
00:00:29.801 [JavaFX Application Thread] DEBUG FS                   - Loaded DesktopFSService
00:00:29.802 [JavaFX Application Thread] DEBUG FXGL                 - Loading FXGL system data
00:00:29.808 [JavaFX Application Thread] DEBUG DesktopFSService     - Reading from: system/fxgl.bundle
00:00:29.817 [JavaFX Application Thread] DEBUG Bundle               - Logging bundle: FXGL
00:00:29.818 [JavaFX Application Thread] DEBUG Bundle               - FXGL.offline.timer.version.check=2018-06-15T20:27:09.659
00:00:29.847 [JavaFX Application Thread] DEBUG GameApplication      - FXGL started
00:00:29.847 [JavaFX Application Thread] DEBUG GameApplication      - Logging game settings
Title: Laser Defense
Version: 
Width: 1307
Height: 719
Fullscreen: false
Intro: false
Menus: false
Profiling: false
Single step:false
App Mode: DEVELOPER
Menu Key: ESCAPE
Stage Style: DECORATED
Scene Factory: class com.almasb.fxgl.scene.SceneFactory
Dialog Factory: class com.almasb.fxgl.ui.FXGLDialogFactory
UI Factory: class com.almasb.fxgl.ui.FXGLUIFactory
Notification Service: class com.almasb.fxgl.gameplay.notification.XboxNotificationView
Exception Handler: class com.almasb.fxgl.app.FXGLExceptionHandler
00:00:29.848 [JavaFX Application Thread] DEBUG GameApplication      - Configuring GameApplication
00:00:29.849 [JavaFX Application Thread] DEBUG GameApplication      - Initializing state machine and application states
00:00:29.867 [JavaFX Application Thread] DEBUG AssetLoader          - Loading from disk: /assets/ui/cursors/fxgl_default.png
00:00:29.898 [JavaFX Application Thread] DEBUG AssetLoader          - Loading from disk: /assets/ui/cursors/fxgl_default.png
00:00:30.221 [JavaFX Application Thread] DEBUG FXGLAssets           - Loading FXGLAssets
00:00:30.265 [JavaFX Application Thread] DEBUG AssetLoader          - Loading from disk: /assets/ui/fonts/VarelaRound-Regular.ttf
00:00:30.272 [JavaFX Application Thread] DEBUG AssetLoader          - Loading from disk: /assets/ui/fonts/lucida_console.ttf
00:00:30.279 [JavaFX Application Thread] DEBUG AssetLoader          - Loading from disk: /assets/ui/css/fxgl_dark.css
00:00:30.311 [JavaFX Application Thread] DEBUG AssetLoader          - Loading from disk: /assets/ui/cursors/fxgl_default.png
00:00:30.315 [JavaFX Application Thread] DEBUG AssetLoader          - Loading from disk: /assets/ui/cursors/fxgl_default.png
00:00:30.334 [JavaFX Application Thread] DEBUG GameScene            - Game scene initialized: 1307x719
00:00:30.336 [JavaFX Application Thread] DEBUG GameWorld            - Game world initialized
00:00:30.395 [JavaFX Application Thread] DEBUG PhysicsWorld         - Physics world initialized: appHeight=719, physics.ppm=50.0
00:00:30.416 [JavaFX Application Thread] DEBUG Input                - Registered new binding: Pause - Esc
00:00:30.435 [JavaFX Application Thread] DEBUG Input                - Clearing active input actions
00:00:30.484 [JavaFX Application Thread] DEBUG AppStateMachine      - StartupState -> StartupState
00:00:30.488 [JavaFX Application Thread] INFO  GameApplication      - Game configuration took:  0.639 sec
00:00:30.491 [JavaFX Application Thread] DEBUG AssetLoader          - Loading from disk: /assets/textures/fxgl_icon.png
00:00:30.507 [JavaFX Application Thread] DEBUG MainWindow           - Opening main window
00:00:30.679 [JavaFX Application Thread] DEBUG MainWindow           - Window border size: (0.0, 22.0)
00:00:30.679 [JavaFX Application Thread] DEBUG MainWindow           - Scaled size: 1255.0 x 704.0
00:00:30.679 [JavaFX Application Thread] DEBUG MainWindow           - Scaled ratio: (0.9602142310635042, 0.9791376912378303)
00:00:30.680 [JavaFX Application Thread] DEBUG MainWindow           - Scene size: 1255.0 x 704.0
00:00:30.680 [JavaFX Application Thread] DEBUG MainWindow           - Stage size: 1255.0 x 726.0
00:00:30.680 [JavaFX Application Thread] DEBUG GameApplication      - Running preInit()
00:00:30.682 [JavaFX Application Thread] DEBUG Input                - Registered new binding: Screenshot - P
00:00:30.683 [JavaFX Application Thread] DEBUG Input                - Registered new binding: Dev Options - CTRL+0
00:00:30.684 [JavaFX Application Thread] DEBUG Input                - Registered new binding: System info dump - CTRL+9
00:00:30.684 [JavaFX Application Thread] DEBUG Input                - Registered new binding: Restart - CTRL+R
00:00:30.686 [JavaFX Application Thread] DEBUG Input                - Registered new binding: Hit - LMB
00:00:30.750 [JavaFX Application Thread] DEBUG GameApplication      - Starting main loop
00:00:30.843 [JavaFX Application Thread] DEBUG StartupState         - STARTUP
00:00:30.843 [JavaFX Application Thread] DEBUG GameApplication      - Starting new game
00:00:30.843 [JavaFX Application Thread] DEBUG Input                - Clearing active input actions
00:00:30.853 [JavaFX Application Thread] DEBUG AppStateMachine      - StartupState -> LoadingState
00:00:30.859 [FXGL Background Thread 1 ] DEBUG InitAppTask          - Clearing previous game
00:00:30.860 [FXGL Background Thread 1 ] DEBUG GameWorld            - Clearing game world
00:00:30.860 [FXGL Background Thread 1 ] DEBUG PhysicsWorld         - Clearing physics world
00:00:30.860 [FXGL Background Thread 1 ] DEBUG GameScene            - Clearing game scene
00:00:30.861 [FXGL Background Thread 1 ] DEBUG InitAppTask          - Initializing Game
00:00:30.881 [FXGL Background Thread 1 ] DEBUG GameScene            - Creating render group for layer: DEFAULT(100000)
00:00:30.883 [FXGL Background Thread 1 ] DEBUG InitAppTask          - Initializing Physics
00:00:30.884 [FXGL Background Thread 1 ] DEBUG InitAppTask          - Initializing UI
00:00:30.902 [FXGL Background Thread 1 ] DEBUG InitAppTask          - Initialization Complete
00:00:30.902 [FXGL Background Thread 1 ] INFO  InitAppTask          - Game initialization took: 0.043 sec
00:00:30.934 [JavaFX Application Thread] DEBUG Input                - Clearing active input actions
00:00:30.953 [JavaFX Application Thread] DEBUG AppStateMachine      - LoadingState -> PlayState
00:00:32.497 [JavaFX Application Thread] DEBUG AssetLoader          - Loading from disk: /assets/ui/cursors/defenseCursor.png
00:00:33.922 [JavaFX Application Thread] DEBUG AssetLoader          - Loading from disk: /assets/textures/defense.png
00:00:35.183 [JavaFX Application Thread] DEBUG AssetLoader          - Loading from disk: /assets/textures/enemy1Sheet.png
00:00:35.188 [JavaFX Application Thread] DEBUG AssetLoader          - Loading from cache: /assets/textures/enemy1Sheet.png
00:00:35.190 [JavaFX Application Thread] DEBUG AssetLoader          - Loading from cache: /assets/textures/enemy1Sheet.png
00:00:35.191 [JavaFX Application Thread] DEBUG AssetLoader          - Loading from cache: /assets/textures/enemy1Sheet.png
00:00:35.192 [JavaFX Application Thread] DEBUG AssetLoader          - Loading from cache: /assets/textures/enemy1Sheet.png
00:00:35.194 [JavaFX Application Thread] DEBUG AssetLoader          - Loading from cache: /assets/textures/enemy1Sheet.png
00:00:35.195 [JavaFX Application Thread] DEBUG AssetLoader          - Loading from cache: /assets/textures/enemy1Sheet.png
00:00:35.196 [JavaFX Application Thread] DEBUG AssetLoader          - Loading from cache: /assets/textures/enemy1Sheet.png
00:00:35.198 [JavaFX Application Thread] DEBUG AssetLoader          - Loading from cache: /assets/textures/enemy1Sheet.png
00:00:35.200 [JavaFX Application Thread] DEBUG AssetLoader          - Loading from cache: /assets/textures/enemy1Sheet.png
00:00:35.202 [JavaFX Application Thread] DEBUG AssetLoader          - Loading from cache: /assets/textures/enemy1Sheet.png
00:00:35.202 [JavaFX Application Thread] DEBUG AssetLoader          - Loading from cache: /assets/textures/enemy1Sheet.png
00:00:35.203 [JavaFX Application Thread] DEBUG AssetLoader          - Loading from cache: /assets/textures/enemy1Sheet.png
00:00:35.204 [JavaFX Application Thread] DEBUG AssetLoader          - Loading from cache: /assets/textures/enemy1Sheet.png
00:00:35.205 [JavaFX Application Thread] DEBUG AssetLoader          - Loading from cache: /assets/textures/enemy1Sheet.png
00:00:35.206 [JavaFX Application Thread] DEBUG AssetLoader          - Loading from cache: /assets/textures/enemy1Sheet.png
00:00:35.207 [JavaFX Application Thread] DEBUG AssetLoader          - Loading from cache: /assets/textures/enemy1Sheet.png
00:00:35.209 [JavaFX Application Thread] DEBUG AssetLoader          - Loading from cache: /assets/textures/enemy1Sheet.png
00:00:35.210 [JavaFX Application Thread] DEBUG AssetLoader          - Loading from cache: /assets/textures/enemy1Sheet.png
00:00:35.211 [JavaFX Application Thread] DEBUG AssetLoader          - Loading from cache: /assets/textures/enemy1Sheet.png
00:00:35.212 [JavaFX Application Thread] DEBUG AssetLoader          - Loading from disk: /assets/textures/enemy2Sheet.png
00:00:35.214 [JavaFX Application Thread] DEBUG AssetLoader          - Loading from cache: /assets/textures/enemy2Sheet.png
00:00:35.215 [JavaFX Application Thread] DEBUG AssetLoader          - Loading from cache: /assets/textures/enemy2Sheet.png
00:00:35.216 [JavaFX Application Thread] DEBUG AssetLoader          - Loading from cache: /assets/textures/enemy2Sheet.png
00:00:35.217 [JavaFX Application Thread] DEBUG AssetLoader          - Loading from cache: /assets/textures/enemy2Sheet.png
00:00:37.099 [JavaFX Application Thread] DEBUG AssetLoader          - Loading from disk: /assets/ui/cursors/defenseCursor.png
00:00:38.316 [JavaFX Application Thread] DEBUG AssetLoader          - Loading from disk: /assets/textures/laser.png
00:00:38.350 [JavaFX Application Thread] DEBUG AssetLoader          - Loading from cache: /assets/textures/defense.png
00:00:38.448 [JavaFX Application Thread] DEBUG AssetLoader          - Loading from cache: /assets/textures/enemy1Sheet.png
00:00:39.512 [JavaFX Application Thread] DEBUG AssetLoader          - Loading from cache: /assets/sounds/laser.wav
00:00:39.513 [JavaFX Application Thread] DEBUG AssetLoader          - Loading from cache: /assets/textures/laser.png
00:00:39.614 [JavaFX Application Thread] DEBUG AssetLoader          - Loading from cache: /assets/textures/enemy1Sheet.png
00:00:40.712 [JavaFX Application Thread] DEBUG AssetLoader          - Loading from cache: /assets/sounds/laser.wav
00:00:40.714 [JavaFX Application Thread] DEBUG AssetLoader          - Loading from cache: /assets/textures/laser.png
00:00:40.819 [JavaFX Application Thread] DEBUG AssetLoader          - Loading from disk: /assets/textures/explosionSheet.png
00:00:41.895 [JavaFX Application Thread] DEBUG AssetLoader          - Loading from cache: /assets/sounds/laser.wav
00:00:41.898 [JavaFX Application Thread] DEBUG AssetLoader          - Loading from cache: /assets/textures/laser.png
00:00:41.996 [JavaFX Application Thread] DEBUG AssetLoader          - Loading from cache: /assets/sounds/laser.wav
00:00:41.999 [JavaFX Application Thread] DEBUG AssetLoader          - Loading from cache: /assets/textures/laser.png
00:00:42.006 [JavaFX Application Thread] DEBUG AssetLoader          - Loading from cache: /assets/textures/explosionSheet.png
00:00:42.147 [JavaFX Application Thread] DEBUG AssetLoader          - Loading from cache: /assets/textures/enemy1Sheet.png
00:00:43.097 [JavaFX Application Thread] DEBUG AssetLoader          - Loading from cache: /assets/sounds/laser.wav
00:00:43.099 [JavaFX Application Thread] DEBUG AssetLoader          - Loading from cache: /assets/textures/laser.png
00:00:43.196 [JavaFX Application Thread] DEBUG AssetLoader          - Loading from cache: /assets/sounds/laser.wav
00:00:43.199 [JavaFX Application Thread] DEBUG AssetLoader          - Loading from cache: /assets/textures/laser.png
00:00:43.201 [JavaFX Application Thread] DEBUG AssetLoader          - Loading from cache: /assets/textures/explosionSheet.png
00:00:43.316 [JavaFX Application Thread] DEBUG AssetLoader          - Loading from cache: /assets/textures/enemy1Sheet.png
00:00:44.264 [JavaFX Application Thread] DEBUG AssetLoader          - Loading from cache: /assets/sounds/laser.wav
00:00:44.265 [JavaFX Application Thread] DEBUG AssetLoader          - Loading from cache: /assets/textures/laser.png
00:00:44.363 [JavaFX Application Thread] DEBUG AssetLoader          - Loading from cache: /assets/sounds/laser.wav
00:00:44.366 [JavaFX Application Thread] DEBUG AssetLoader          - Loading from cache: /assets/textures/laser.png
00:00:44.368 [JavaFX Application Thread] DEBUG AssetLoader          - Loading from cache: /assets/textures/explosionSheet.png
00:00:44.550 [JavaFX Application Thread] DEBUG AssetLoader          - Loading from cache: /assets/textures/explosionSheet.png
00:00:45.431 [JavaFX Application Thread] DEBUG AssetLoader          - Loading from cache: /assets/sounds/laser.wav
00:00:45.433 [JavaFX Application Thread] DEBUG AssetLoader          - Loading from cache: /assets/textures/laser.png
00:00:45.531 [JavaFX Application Thread] DEBUG AssetLoader          - Loading from cache: /assets/sounds/laser.wav
00:00:45.533 [JavaFX Application Thread] DEBUG AssetLoader          - Loading from cache: /assets/textures/laser.png
00:00:45.550 [JavaFX Application Thread] DEBUG AssetLoader          - Loading from cache: /assets/textures/explosionSheet.png
00:00:45.652 [JavaFX Application Thread] DEBUG AssetLoader          - Loading from cache: /assets/textures/explosionSheet.png
00:00:46.598 [JavaFX Application Thread] DEBUG AssetLoader          - Loading from cache: /assets/sounds/laser.wav
00:00:46.601 [JavaFX Application Thread] DEBUG AssetLoader          - Loading from cache: /assets/textures/laser.png
00:00:46.700 [JavaFX Application Thread] DEBUG AssetLoader          - Loading from cache: /assets/sounds/laser.wav
00:00:46.704 [JavaFX Application Thread] DEBUG AssetLoader          - Loading from cache: /assets/textures/laser.png
00:00:46.708 [JavaFX Application Thread] DEBUG AssetLoader          - Loading from cache: /assets/textures/explosionSheet.png
00:00:46.835 [JavaFX Application Thread] DEBUG AssetLoader          - Loading from cache: /assets/textures/explosionSheet.png
00:00:47.799 [JavaFX Application Thread] DEBUG AssetLoader          - Loading from cache: /assets/sounds/laser.wav
00:00:47.802 [JavaFX Application Thread] DEBUG AssetLoader          - Loading from cache: /assets/textures/laser.png
00:00:47.899 [JavaFX Application Thread] DEBUG AssetLoader          - Loading from cache: /assets/sounds/laser.wav
00:00:47.900 [JavaFX Application Thread] DEBUG AssetLoader          - Loading from cache: /assets/textures/laser.png
00:00:47.906 [JavaFX Application Thread] DEBUG AssetLoader          - Loading from cache: /assets/textures/explosionSheet.png
00:00:48.054 [JavaFX Application Thread] DEBUG AssetLoader          - Loading from cache: /assets/textures/explosionSheet.png
00:00:48.999 [JavaFX Application Thread] DEBUG AssetLoader          - Loading from cache: /assets/sounds/laser.wav
00:00:49.002 [JavaFX Application Thread] DEBUG AssetLoader          - Loading from cache: /assets/textures/laser.png
00:00:49.150 [JavaFX Application Thread] DEBUG AssetLoader          - Loading from cache: /assets/sounds/laser.wav
00:00:49.152 [JavaFX Application Thread] DEBUG AssetLoader          - Loading from cache: /assets/textures/laser.png
00:00:49.157 [JavaFX Application Thread] DEBUG AssetLoader          - Loading from cache: /assets/textures/explosionSheet.png
00:00:49.285 [JavaFX Application Thread] DEBUG AssetLoader          - Loading from cache: /assets/textures/explosionSheet.png
00:00:49.502 [JavaFX Application Thread] DEBUG AssetLoader          - Loading from disk: /assets/ui/cursors/defenseCursor.png
00:00:50.214 [JavaFX Application Thread] DEBUG AssetLoader          - Loading from cache: /assets/textures/defense.png
00:00:50.266 [JavaFX Application Thread] DEBUG AssetLoader          - Loading from cache: /assets/sounds/laser.wav
00:00:50.269 [JavaFX Application Thread] DEBUG AssetLoader          - Loading from cache: /assets/textures/laser.png
00:00:50.388 [JavaFX Application Thread] DEBUG AssetLoader          - Loading from cache: /assets/textures/explosionSheet.png
00:00:51.250 [JavaFX Application Thread] DEBUG AssetLoader          - Loading from cache: /assets/sounds/laser.wav
00:00:51.253 [JavaFX Application Thread] DEBUG AssetLoader          - Loading from cache: /assets/textures/laser.png
00:00:51.321 [JavaFX Application Thread] DEBUG AssetLoader          - Loading from cache: /assets/textures/enemy1Sheet.png
00:00:51.468 [JavaFX Application Thread] DEBUG AssetLoader          - Loading from cache: /assets/sounds/laser.wav
00:00:51.469 [JavaFX Application Thread] DEBUG AssetLoader          - Loading from cache: /assets/textures/laser.png
00:00:51.586 [JavaFX Application Thread] DEBUG AssetLoader          - Loading from cache: /assets/textures/explosionSheet.png
00:00:52.084 [JavaFX Application Thread] DEBUG AssetLoader          - Loading from cache: /assets/sounds/laser.wav
00:00:52.086 [JavaFX Application Thread] DEBUG AssetLoader          - Loading from cache: /assets/textures/laser.png
00:00:52.203 [JavaFX Application Thread] DEBUG AssetLoader          - Loading from cache: /assets/textures/explosionSheet.png
00:00:52.418 [JavaFX Application Thread] DEBUG AssetLoader          - Loading from cache: /assets/sounds/laser.wav
00:00:52.420 [JavaFX Application Thread] DEBUG AssetLoader          - Loading from cache: /assets/textures/laser.png
00:00:52.521 [JavaFX Application Thread] DEBUG AssetLoader          - Loading from cache: /assets/textures/explosionSheet.png
00:00:52.634 [JavaFX Application Thread] DEBUG AssetLoader          - Loading from cache: /assets/sounds/laser.wav
00:00:52.636 [JavaFX Application Thread] DEBUG AssetLoader          - Loading from cache: /assets/textures/laser.png
00:00:52.738 [JavaFX Application Thread] DEBUG AssetLoader          - Loading from cache: /assets/textures/explosionSheet.png
00:00:53.801 [JavaFX Application Thread] DEBUG AssetLoader          - Loading from cache: /assets/sounds/laser.wav
00:00:53.802 [JavaFX Application Thread] DEBUG AssetLoader          - Loading from cache: /assets/textures/laser.png
00:00:53.903 [JavaFX Application Thread] DEBUG AssetLoader          - Loading from cache: /assets/textures/explosionSheet.png
00:00:54.968 [JavaFX Application Thread] DEBUG AssetLoader          - Loading from cache: /assets/sounds/laser.wav
00:00:54.970 [JavaFX Application Thread] DEBUG AssetLoader          - Loading from cache: /assets/textures/laser.png
00:00:54.971 [JavaFX Application Thread] DEBUG AssetLoader          - Loading from cache: /assets/sounds/laser.wav
00:00:54.972 [JavaFX Application Thread] DEBUG AssetLoader          - Loading from cache: /assets/textures/laser.png
00:00:55.071 [JavaFX Application Thread] DEBUG AssetLoader          - Loading from cache: /assets/textures/explosionSheet.png
00:00:55.155 [JavaFX Application Thread] DEBUG AssetLoader          - Loading from cache: /assets/textures/explosionSheet.png
00:00:55.419 [JavaFX Application Thread] DEBUG AssetLoader          - Loading from cache: /assets/sounds/laser.wav
00:00:55.421 [JavaFX Application Thread] DEBUG AssetLoader          - Loading from cache: /assets/textures/laser.png
00:00:55.538 [JavaFX Application Thread] DEBUG AssetLoader          - Loading from cache: /assets/textures/explosionSheet.png
00:00:56.136 [JavaFX Application Thread] DEBUG AssetLoader          - Loading from cache: /assets/sounds/laser.wav
00:00:56.138 [JavaFX Application Thread] DEBUG AssetLoader          - Loading from cache: /assets/textures/laser.png
00:00:56.339 [JavaFX Application Thread] DEBUG AssetLoader          - Loading from cache: /assets/textures/explosionSheet.png
00:00:57.920 [JavaFX Application Thread] DEBUG AssetLoader          - Loading from cache: /assets/sounds/laser.wav
00:00:57.921 [JavaFX Application Thread] DEBUG AssetLoader          - Loading from cache: /assets/textures/laser.png
00:00:58.039 [JavaFX Application Thread] DEBUG AssetLoader          - Loading from cache: /assets/textures/explosionSheet.png
00:00:59.388 [JavaFX Application Thread] DEBUG GameApplication      - Exiting game application
00:00:59.390 [JavaFX Application Thread] DEBUG GameApplication      - Shutting down background threads
00:00:59.390 [JavaFX Application Thread] DEBUG GameApplication      - Exiting FXGL
00:00:59.390 [JavaFX Application Thread] DEBUG FXGL                 - Saving FXGL system data
00:00:59.396 [JavaFX Application Thread] DEBUG DesktopFSService     - Writing to: system/fxgl.bundle
00:00:59.404 [JavaFX Application Thread] DEBUG GameApplication      - Closing logger and exiting JavaFX
