13:03:41.890 [JavaFX Application Thread] DEBUG GameApplication      - Logger initialized
13:03:41.898 [JavaFX Application Thread] DEBUG MainWindow           - Creating a JavaFX scene
13:03:41.899 [JavaFX Application Thread] DEBUG MainWindow           - Target size > screen size
13:03:42.044 [JavaFX Application Thread] DEBUG MainWindow           - Target settings size: 1307.0 x 719.0
13:03:42.045 [JavaFX Application Thread] DEBUG MainWindow           - Scaled scene size:    1255.0 x 704.0
13:03:42.045 [JavaFX Application Thread] DEBUG MainWindow           - Scaled ratio: (0.9602142310635042, 0.9791376912378303)
13:03:42.051 [JavaFX Application Thread] DEBUG GameApplication      - Starting FXGL
13:03:42.066 [JavaFX Application Thread] INFO  FXGL                 - FXGL-0.5.2 on DESKTOP
13:03:42.067 [JavaFX Application Thread] INFO  FXGL                 - Source code and latest versions at: https://github.com/AlmasB/FXGL
13:03:42.067 [JavaFX Application Thread] INFO  FXGL                 -              Join the FXGL chat at: https://gitter.im/AlmasB/FXGL
13:03:42.079 [JavaFX Application Thread] DEBUG FS                   - Loaded DesktopFSService
13:03:42.079 [JavaFX Application Thread] DEBUG FXGL                 - Loading FXGL system data
13:03:42.092 [JavaFX Application Thread] DEBUG DesktopFSService     - Reading from: system/fxgl.bundle
13:03:42.105 [JavaFX Application Thread] DEBUG Bundle               - Logging bundle: FXGL
13:03:42.106 [JavaFX Application Thread] DEBUG Bundle               - FXGL.offline.timer.version.check=2018-06-08T17:04:18.376
13:03:42.144 [JavaFX Application Thread] DEBUG GameApplication      - FXGL started
13:03:42.144 [JavaFX Application Thread] DEBUG GameApplication      - Logging game settings
Title: LASER DEFENSE
Version: 0.1
Width: 1307
Height: 719
Fullscreen: false
Intro: false
Menus: false
Profiling: false
Single step:false
App Mode: DEVELOPER
Menu Key: ESCAPE
Stage Style: DECORATED
Scene Factory: class com.almasb.fxgl.scene.SceneFactory
Dialog Factory: class com.almasb.fxgl.ui.FXGLDialogFactory
UI Factory: class com.almasb.fxgl.ui.FXGLUIFactory
Notification Service: class com.almasb.fxgl.gameplay.notification.XboxNotificationView
Exception Handler: class com.almasb.fxgl.app.FXGLExceptionHandler
13:03:42.146 [JavaFX Application Thread] DEBUG GameApplication      - Configuring GameApplication
13:03:42.146 [JavaFX Application Thread] DEBUG GameApplication      - Initializing state machine and application states
13:03:42.171 [JavaFX Application Thread] DEBUG AssetLoader          - Loading from disk: /assets/ui/cursors/fxgl_default.png
13:03:42.198 [JavaFX Application Thread] DEBUG AssetLoader          - Loading from disk: /assets/ui/cursors/fxgl_default.png
13:03:42.635 [JavaFX Application Thread] DEBUG FXGLAssets           - Loading FXGLAssets
13:03:42.695 [JavaFX Application Thread] DEBUG AssetLoader          - Loading from disk: /assets/ui/fonts/VarelaRound-Regular.ttf
13:03:42.713 [JavaFX Application Thread] DEBUG AssetLoader          - Loading from disk: /assets/ui/fonts/lucida_console.ttf
13:03:42.719 [JavaFX Application Thread] DEBUG AssetLoader          - Loading from disk: /assets/ui/css/fxgl_dark.css
13:03:42.762 [JavaFX Application Thread] DEBUG AssetLoader          - Loading from disk: /assets/ui/cursors/fxgl_default.png
13:03:42.808 [JavaFX Application Thread] DEBUG AssetLoader          - Loading from disk: /assets/ui/cursors/fxgl_default.png
13:03:42.832 [JavaFX Application Thread] DEBUG GameScene            - Game scene initialized: 1307x719
13:03:42.834 [JavaFX Application Thread] DEBUG GameWorld            - Game world initialized
13:03:42.902 [JavaFX Application Thread] DEBUG PhysicsWorld         - Physics world initialized: appHeight=719, physics.ppm=50.0
13:03:42.926 [JavaFX Application Thread] DEBUG Input                - Registered new binding: Pause - Esc
13:03:42.954 [JavaFX Application Thread] DEBUG Input                - Clearing active input actions
13:03:43.015 [JavaFX Application Thread] DEBUG AppStateMachine      - StartupState -> StartupState
13:03:43.019 [JavaFX Application Thread] INFO  GameApplication      - Game configuration took:  0.873 sec
13:03:43.022 [JavaFX Application Thread] DEBUG AssetLoader          - Loading from disk: /assets/textures/fxgl_icon.png
13:03:43.044 [JavaFX Application Thread] DEBUG MainWindow           - Opening main window
13:03:43.247 [JavaFX Application Thread] DEBUG MainWindow           - Window border size: (0.0, 22.0)
13:03:43.248 [JavaFX Application Thread] DEBUG MainWindow           - Scaled size: 1255.0 x 704.0
13:03:43.248 [JavaFX Application Thread] DEBUG MainWindow           - Scaled ratio: (0.9602142310635042, 0.9791376912378303)
13:03:43.248 [JavaFX Application Thread] DEBUG MainWindow           - Scene size: 1255.0 x 704.0
13:03:43.248 [JavaFX Application Thread] DEBUG MainWindow           - Stage size: 1255.0 x 726.0
13:03:43.249 [JavaFX Application Thread] DEBUG GameApplication      - Running preInit()
13:03:43.251 [JavaFX Application Thread] DEBUG Input                - Registered new binding: Screenshot - P
13:03:43.251 [JavaFX Application Thread] DEBUG Input                - Registered new binding: Dev Options - CTRL+0
13:03:43.252 [JavaFX Application Thread] DEBUG Input                - Registered new binding: System info dump - CTRL+9
13:03:43.252 [JavaFX Application Thread] DEBUG Input                - Registered new binding: Restart - CTRL+R
13:03:43.253 [JavaFX Application Thread] DEBUG Input                - Registered new binding: Hit - LMB
13:03:43.301 [JavaFX Application Thread] DEBUG GameApplication      - Starting main loop
13:03:43.371 [JavaFX Application Thread] DEBUG StartupState         - STARTUP
13:03:43.371 [JavaFX Application Thread] DEBUG GameApplication      - Starting new game
13:03:43.372 [JavaFX Application Thread] DEBUG Input                - Clearing active input actions
13:03:43.383 [JavaFX Application Thread] DEBUG AppStateMachine      - StartupState -> LoadingState
13:03:43.395 [FXGL Background Thread 1 ] DEBUG InitAppTask          - Clearing previous game
13:03:43.395 [FXGL Background Thread 1 ] DEBUG GameWorld            - Clearing game world
13:03:43.396 [FXGL Background Thread 1 ] DEBUG PhysicsWorld         - Clearing physics world
13:03:43.396 [FXGL Background Thread 1 ] DEBUG GameScene            - Clearing game scene
13:03:43.402 [FXGL Background Thread 1 ] DEBUG InitAppTask          - Initializing Game
13:03:43.440 [FXGL Background Thread 1 ] DEBUG GameScene            - Creating render group for layer: DEFAULT(100000)
13:03:43.509 [FXGL Background Thread 1 ] DEBUG AssetLoader          - Loading from disk: /assets/textures/enemy2Sheet.png
13:03:43.532 [FXGL Background Thread 1 ] DEBUG AssetLoader          - Loading from cache: /assets/textures/enemy2Sheet.png
13:03:43.541 [FXGL Background Thread 1 ] DEBUG AssetLoader          - Loading from cache: /assets/textures/enemy2Sheet.png
13:03:43.544 [FXGL Background Thread 1 ] DEBUG AssetLoader          - Loading from cache: /assets/textures/enemy2Sheet.png
13:03:43.547 [FXGL Background Thread 1 ] DEBUG AssetLoader          - Loading from cache: /assets/textures/enemy2Sheet.png
13:03:43.569 [FXGL Background Thread 1 ] DEBUG AssetLoader          - Loading from cache: /assets/textures/enemy2Sheet.png
13:03:43.570 [FXGL Background Thread 1 ] DEBUG AssetLoader          - Loading from cache: /assets/textures/enemy2Sheet.png
13:03:43.572 [FXGL Background Thread 1 ] DEBUG AssetLoader          - Loading from cache: /assets/textures/enemy2Sheet.png
13:03:43.577 [FXGL Background Thread 1 ] DEBUG AssetLoader          - Loading from cache: /assets/textures/enemy2Sheet.png
13:03:43.584 [FXGL Background Thread 1 ] DEBUG AssetLoader          - Loading from cache: /assets/textures/enemy2Sheet.png
13:03:43.585 [FXGL Background Thread 1 ] DEBUG AssetLoader          - Loading from cache: /assets/textures/enemy2Sheet.png
13:03:43.586 [FXGL Background Thread 1 ] DEBUG AssetLoader          - Loading from cache: /assets/textures/enemy2Sheet.png
13:03:43.587 [FXGL Background Thread 1 ] DEBUG AssetLoader          - Loading from cache: /assets/textures/enemy2Sheet.png
13:03:43.589 [FXGL Background Thread 1 ] DEBUG AssetLoader          - Loading from cache: /assets/textures/enemy2Sheet.png
13:03:43.590 [FXGL Background Thread 1 ] DEBUG AssetLoader          - Loading from cache: /assets/textures/enemy2Sheet.png
13:03:43.591 [FXGL Background Thread 1 ] DEBUG AssetLoader          - Loading from cache: /assets/textures/enemy2Sheet.png
13:03:43.592 [FXGL Background Thread 1 ] DEBUG AssetLoader          - Loading from cache: /assets/textures/enemy2Sheet.png
13:03:43.594 [FXGL Background Thread 1 ] DEBUG AssetLoader          - Loading from cache: /assets/textures/enemy2Sheet.png
13:03:43.597 [FXGL Background Thread 1 ] DEBUG AssetLoader          - Loading from cache: /assets/textures/enemy2Sheet.png
13:03:43.600 [FXGL Background Thread 1 ] DEBUG AssetLoader          - Loading from cache: /assets/textures/enemy2Sheet.png
13:03:43.601 [FXGL Background Thread 1 ] DEBUG AssetLoader          - Loading from cache: /assets/textures/enemy2Sheet.png
13:03:43.604 [FXGL Background Thread 1 ] DEBUG AssetLoader          - Loading from cache: /assets/textures/enemy2Sheet.png
13:03:43.605 [FXGL Background Thread 1 ] DEBUG AssetLoader          - Loading from cache: /assets/textures/enemy2Sheet.png
13:03:43.607 [FXGL Background Thread 1 ] DEBUG AssetLoader          - Loading from cache: /assets/textures/enemy2Sheet.png
13:03:43.608 [FXGL Background Thread 1 ] DEBUG AssetLoader          - Loading from cache: /assets/textures/enemy2Sheet.png
13:03:43.610 [FXGL Background Thread 1 ] DEBUG AssetLoader          - Loading from cache: /assets/textures/enemy2Sheet.png
13:03:43.612 [FXGL Background Thread 1 ] DEBUG AssetLoader          - Loading from cache: /assets/textures/enemy2Sheet.png
13:03:43.616 [FXGL Background Thread 1 ] DEBUG AssetLoader          - Loading from cache: /assets/textures/enemy2Sheet.png
13:03:43.617 [FXGL Background Thread 1 ] DEBUG AssetLoader          - Loading from cache: /assets/textures/enemy2Sheet.png
13:03:43.619 [FXGL Background Thread 1 ] DEBUG AssetLoader          - Loading from cache: /assets/textures/enemy2Sheet.png
13:03:43.620 [FXGL Background Thread 1 ] DEBUG AssetLoader          - Loading from cache: /assets/textures/enemy2Sheet.png
13:03:43.621 [FXGL Background Thread 1 ] DEBUG AssetLoader          - Loading from cache: /assets/textures/enemy2Sheet.png
13:03:43.622 [FXGL Background Thread 1 ] DEBUG AssetLoader          - Loading from cache: /assets/textures/enemy2Sheet.png
13:03:43.623 [FXGL Background Thread 1 ] DEBUG AssetLoader          - Loading from cache: /assets/textures/enemy2Sheet.png
13:03:43.626 [FXGL Background Thread 1 ] DEBUG AssetLoader          - Loading from cache: /assets/textures/enemy2Sheet.png
13:03:43.635 [FXGL Background Thread 1 ] DEBUG AssetLoader          - Loading from cache: /assets/textures/enemy2Sheet.png
13:03:43.637 [FXGL Background Thread 1 ] DEBUG AssetLoader          - Loading from cache: /assets/textures/enemy2Sheet.png
13:03:43.638 [FXGL Background Thread 1 ] DEBUG AssetLoader          - Loading from cache: /assets/textures/enemy2Sheet.png
13:03:43.646 [FXGL Background Thread 1 ] DEBUG AssetLoader          - Loading from cache: /assets/textures/enemy2Sheet.png
13:03:43.651 [FXGL Background Thread 1 ] DEBUG AssetLoader          - Loading from cache: /assets/textures/enemy2Sheet.png
13:03:43.652 [FXGL Background Thread 1 ] DEBUG AssetLoader          - Loading from cache: /assets/textures/enemy2Sheet.png
13:03:43.653 [FXGL Background Thread 1 ] DEBUG AssetLoader          - Loading from cache: /assets/textures/enemy2Sheet.png
13:03:43.659 [FXGL Background Thread 1 ] DEBUG AssetLoader          - Loading from cache: /assets/textures/enemy2Sheet.png
13:03:43.661 [FXGL Background Thread 1 ] DEBUG AssetLoader          - Loading from cache: /assets/textures/enemy2Sheet.png
13:03:43.669 [FXGL Background Thread 1 ] DEBUG AssetLoader          - Loading from cache: /assets/textures/enemy2Sheet.png
13:03:43.672 [FXGL Background Thread 1 ] DEBUG AssetLoader          - Loading from cache: /assets/textures/enemy2Sheet.png
13:03:43.674 [FXGL Background Thread 1 ] DEBUG AssetLoader          - Loading from cache: /assets/textures/enemy2Sheet.png
13:03:43.675 [FXGL Background Thread 1 ] DEBUG AssetLoader          - Loading from cache: /assets/textures/enemy2Sheet.png
13:03:43.676 [FXGL Background Thread 1 ] DEBUG AssetLoader          - Loading from cache: /assets/textures/enemy2Sheet.png
13:03:43.676 [FXGL Background Thread 1 ] DEBUG AssetLoader          - Loading from cache: /assets/textures/enemy2Sheet.png
13:03:43.677 [FXGL Background Thread 1 ] DEBUG InitAppTask          - Initializing Physics
13:03:43.678 [FXGL Background Thread 1 ] DEBUG InitAppTask          - Initializing UI
13:03:43.678 [FXGL Background Thread 1 ] DEBUG InitAppTask          - Initialization Complete
13:03:43.678 [FXGL Background Thread 1 ] INFO  InitAppTask          - Game initialization took: 0.284 sec
13:03:43.688 [JavaFX Application Thread] DEBUG Input                - Clearing active input actions
13:03:43.730 [JavaFX Application Thread] DEBUG AppStateMachine      - LoadingState -> PlayState
13:03:44.488 [JavaFX Application Thread] DEBUG AssetLoader          - Loading from disk: /assets/textures/turret1_60x60.png
13:03:44.740 [JavaFX Application Thread] DEBUG EventBus             - Firing event: NotificationEvent[message=Blue enemies only need one hit to die.]
13:03:45.977 [JavaFX Application Thread] DEBUG AssetLoader          - Loading from disk: /assets/textures/laserBullet_48.png
13:03:45.984 [JavaFX Application Thread] FATAL GameApplication      - Uncaught Exception:

Fatal exception occurred: java.lang.NullPointerException : null
E: application.DefenseControl.onUpdate(DefenseControl.java:60)
E: com.almasb.fxgl.entity.Entity.update(Entity.java:155)
E: com.almasb.fxgl.entity.GameWorld.onUpdate(GameWorld.kt:158)
E: com.almasb.fxgl.app.PlayState.onUpdate(AppStates.kt:236)
E: com.almasb.fxgl.app.State.update(State.java:73)
E: com.almasb.fxgl.app.AppStateMachine.onUpdate(AppStateMachine.java:100)
E: com.almasb.fxgl.app.GameApplication.stepLoop(GameApplication.java:382)
E: com.almasb.fxgl.app.GameApplication$2.handle(GameApplication.java:348)
E: javafx.animation.AnimationTimer$AnimationTimerReceiver.lambda$handle$484(AnimationTimer.java:57)
E: java.security.AccessController.doPrivileged(Native Method)
E: javafx.animation.AnimationTimer$AnimationTimerReceiver.handle(AnimationTimer.java:56)
E: com.sun.scenario.animation.AbstractMasterTimer.timePulseImpl(AbstractMasterTimer.java:357)
E: com.sun.scenario.animation.AbstractMasterTimer$MainLoop.run(AbstractMasterTimer.java:267)
E: com.sun.javafx.tk.quantum.QuantumToolkit.pulse(QuantumToolkit.java:506)
E: com.sun.javafx.tk.quantum.QuantumToolkit.pulse(QuantumToolkit.java:490)
E: com.sun.javafx.tk.quantum.QuantumToolkit.lambda$runToolkit$404(QuantumToolkit.java:319)
E: com.sun.glass.ui.InvokeLaterDispatcher$Future.run(InvokeLaterDispatcher.java:95)

13:03:45.984 [JavaFX Application Thread] FATAL GameApplication      - Application will now exit
13:03:45.984 [JavaFX Application Thread] DEBUG GameApplication      - Stopping main loop
13:03:48.918 [JavaFX Application Thread] DEBUG GameApplication      - Exiting game application
13:03:48.918 [JavaFX Application Thread] DEBUG GameApplication      - Shutting down background threads
13:03:48.918 [JavaFX Application Thread] DEBUG GameApplication      - Exiting FXGL
13:03:48.919 [JavaFX Application Thread] DEBUG FXGL                 - Saving FXGL system data
13:03:48.921 [JavaFX Application Thread] DEBUG DesktopFSService     - Writing to: system/fxgl.bundle
13:03:48.924 [JavaFX Application Thread] DEBUG GameApplication      - Closing logger and exiting JavaFX
