21:51:03.218 [JavaFX Application Thread] DEBUG GameApplication      - Logger initialized
21:51:03.228 [JavaFX Application Thread] DEBUG MainWindow           - Creating a JavaFX scene
21:51:03.228 [JavaFX Application Thread] DEBUG MainWindow           - Target size > screen size
21:51:03.297 [JavaFX Application Thread] DEBUG MainWindow           - Target settings size: 1307.0 x 719.0
21:51:03.297 [JavaFX Application Thread] DEBUG MainWindow           - Scaled scene size:    1255.0 x 704.0
21:51:03.297 [JavaFX Application Thread] DEBUG MainWindow           - Scaled ratio: (0.9602142310635042, 0.9791376912378303)
21:51:03.300 [JavaFX Application Thread] DEBUG GameApplication      - Starting FXGL
21:51:03.309 [JavaFX Application Thread] INFO  FXGL                 - FXGL-0.5.2 on DESKTOP
21:51:03.309 [JavaFX Application Thread] INFO  FXGL                 - Source code and latest versions at: https://github.com/AlmasB/FXGL
21:51:03.309 [JavaFX Application Thread] INFO  FXGL                 -              Join the FXGL chat at: https://gitter.im/AlmasB/FXGL
21:51:03.315 [JavaFX Application Thread] DEBUG FS                   - Loaded DesktopFSService
21:51:03.315 [JavaFX Application Thread] DEBUG FXGL                 - Loading FXGL system data
21:51:03.320 [JavaFX Application Thread] DEBUG DesktopFSService     - Reading from: system/fxgl.bundle
21:51:03.330 [JavaFX Application Thread] DEBUG Bundle               - Logging bundle: FXGL
21:51:03.330 [JavaFX Application Thread] DEBUG Bundle               - FXGL.offline.timer.version.check=2018-06-15T20:27:09.659
21:51:03.359 [JavaFX Application Thread] DEBUG GameApplication      - FXGL started
21:51:03.359 [JavaFX Application Thread] DEBUG GameApplication      - Logging game settings
Title: Laser Defense
Version: 
Width: 1307
Height: 719
Fullscreen: false
Intro: false
Menus: false
Profiling: false
Single step:false
App Mode: DEVELOPER
Menu Key: ESCAPE
Stage Style: DECORATED
Scene Factory: class com.almasb.fxgl.scene.SceneFactory
Dialog Factory: class com.almasb.fxgl.ui.FXGLDialogFactory
UI Factory: class com.almasb.fxgl.ui.FXGLUIFactory
Notification Service: class com.almasb.fxgl.gameplay.notification.XboxNotificationView
Exception Handler: class com.almasb.fxgl.app.FXGLExceptionHandler
21:51:03.360 [JavaFX Application Thread] DEBUG GameApplication      - Configuring GameApplication
21:51:03.360 [JavaFX Application Thread] DEBUG GameApplication      - Initializing state machine and application states
21:51:03.380 [JavaFX Application Thread] DEBUG AssetLoader          - Loading from disk: /assets/ui/cursors/fxgl_default.png
21:51:03.411 [JavaFX Application Thread] DEBUG AssetLoader          - Loading from disk: /assets/ui/cursors/fxgl_default.png
21:51:03.667 [JavaFX Application Thread] DEBUG FXGLAssets           - Loading FXGLAssets
21:51:03.703 [JavaFX Application Thread] DEBUG AssetLoader          - Loading from disk: /assets/ui/fonts/VarelaRound-Regular.ttf
21:51:03.709 [JavaFX Application Thread] DEBUG AssetLoader          - Loading from disk: /assets/ui/fonts/lucida_console.ttf
21:51:03.716 [JavaFX Application Thread] DEBUG AssetLoader          - Loading from disk: /assets/ui/css/fxgl_dark.css
21:51:03.745 [JavaFX Application Thread] DEBUG AssetLoader          - Loading from disk: /assets/ui/cursors/fxgl_default.png
21:51:03.749 [JavaFX Application Thread] DEBUG AssetLoader          - Loading from disk: /assets/ui/cursors/fxgl_default.png
21:51:03.767 [JavaFX Application Thread] DEBUG GameScene            - Game scene initialized: 1307x719
21:51:03.769 [JavaFX Application Thread] DEBUG GameWorld            - Game world initialized
21:51:03.810 [JavaFX Application Thread] DEBUG PhysicsWorld         - Physics world initialized: appHeight=719, physics.ppm=50.0
21:51:03.828 [JavaFX Application Thread] DEBUG Input                - Registered new binding: Pause - Esc
21:51:03.844 [JavaFX Application Thread] DEBUG Input                - Clearing active input actions
21:51:03.891 [JavaFX Application Thread] DEBUG AppStateMachine      - StartupState -> StartupState
21:51:03.896 [JavaFX Application Thread] INFO  GameApplication      - Game configuration took:  0.535 sec
21:51:03.898 [JavaFX Application Thread] DEBUG AssetLoader          - Loading from disk: /assets/textures/fxgl_icon.png
21:51:03.912 [JavaFX Application Thread] DEBUG MainWindow           - Opening main window
21:51:04.026 [JavaFX Application Thread] DEBUG MainWindow           - Window border size: (0.0, 22.0)
21:51:04.026 [JavaFX Application Thread] DEBUG MainWindow           - Scaled size: 1255.0 x 704.0
21:51:04.026 [JavaFX Application Thread] DEBUG MainWindow           - Scaled ratio: (0.9602142310635042, 0.9791376912378303)
21:51:04.027 [JavaFX Application Thread] DEBUG MainWindow           - Scene size: 1255.0 x 704.0
21:51:04.027 [JavaFX Application Thread] DEBUG MainWindow           - Stage size: 1255.0 x 726.0
21:51:04.027 [JavaFX Application Thread] DEBUG GameApplication      - Running preInit()
21:51:04.029 [JavaFX Application Thread] DEBUG Input                - Registered new binding: Screenshot - P
21:51:04.029 [JavaFX Application Thread] DEBUG Input                - Registered new binding: Dev Options - CTRL+0
21:51:04.030 [JavaFX Application Thread] DEBUG Input                - Registered new binding: System info dump - CTRL+9
21:51:04.030 [JavaFX Application Thread] DEBUG Input                - Registered new binding: Restart - CTRL+R
21:51:04.031 [JavaFX Application Thread] DEBUG Input                - Registered new binding: Hit - LMB
21:51:04.073 [JavaFX Application Thread] DEBUG GameApplication      - Starting main loop
21:51:04.113 [JavaFX Application Thread] DEBUG StartupState         - STARTUP
21:51:04.114 [JavaFX Application Thread] DEBUG GameApplication      - Starting new game
21:51:04.114 [JavaFX Application Thread] DEBUG Input                - Clearing active input actions
21:51:04.123 [JavaFX Application Thread] DEBUG AppStateMachine      - StartupState -> LoadingState
21:51:04.136 [FXGL Background Thread 1 ] DEBUG InitAppTask          - Clearing previous game
21:51:04.136 [FXGL Background Thread 1 ] DEBUG GameWorld            - Clearing game world
21:51:04.136 [FXGL Background Thread 1 ] DEBUG PhysicsWorld         - Clearing physics world
21:51:04.137 [FXGL Background Thread 1 ] DEBUG GameScene            - Clearing game scene
21:51:04.138 [FXGL Background Thread 1 ] DEBUG InitAppTask          - Initializing Game
21:51:04.158 [FXGL Background Thread 1 ] DEBUG GameScene            - Creating render group for layer: DEFAULT(100000)
21:51:04.161 [FXGL Background Thread 1 ] DEBUG InitAppTask          - Initializing Physics
21:51:04.162 [FXGL Background Thread 1 ] DEBUG InitAppTask          - Initializing UI
21:51:04.192 [FXGL Background Thread 1 ] DEBUG InitAppTask          - Initialization Complete
21:51:04.193 [FXGL Background Thread 1 ] INFO  InitAppTask          - Game initialization took: 0.057 sec
21:51:04.344 [JavaFX Application Thread] DEBUG Input                - Clearing active input actions
21:51:04.364 [JavaFX Application Thread] DEBUG AppStateMachine      - LoadingState -> PlayState
21:53:27.581 [JavaFX Application Thread] DEBUG GameApplication      - Exiting game application
21:53:27.582 [JavaFX Application Thread] DEBUG GameApplication      - Shutting down background threads
21:53:27.582 [JavaFX Application Thread] DEBUG GameApplication      - Exiting FXGL
21:53:27.582 [JavaFX Application Thread] DEBUG FXGL                 - Saving FXGL system data
21:53:27.586 [JavaFX Application Thread] DEBUG DesktopFSService     - Writing to: system/fxgl.bundle
21:53:27.591 [JavaFX Application Thread] DEBUG GameApplication      - Closing logger and exiting JavaFX
