22:01:39.352 [JavaFX Application Thread] DEBUG GameApplication      - Logger initialized
22:01:39.359 [JavaFX Application Thread] DEBUG MainWindow           - Creating a JavaFX scene
22:01:39.359 [JavaFX Application Thread] DEBUG MainWindow           - Target size > screen size
22:01:39.404 [JavaFX Application Thread] DEBUG MainWindow           - Target settings size: 1307.0 x 719.0
22:01:39.404 [JavaFX Application Thread] DEBUG MainWindow           - Scaled scene size:    1255.0 x 704.0
22:01:39.404 [JavaFX Application Thread] DEBUG MainWindow           - Scaled ratio: (0.9602142310635042, 0.9791376912378303)
22:01:39.407 [JavaFX Application Thread] DEBUG GameApplication      - Starting FXGL
22:01:39.416 [JavaFX Application Thread] INFO  FXGL                 - FXGL-0.5.2 on DESKTOP
22:01:39.417 [JavaFX Application Thread] INFO  FXGL                 - Source code and latest versions at: https://github.com/AlmasB/FXGL
22:01:39.417 [JavaFX Application Thread] INFO  FXGL                 -              Join the FXGL chat at: https://gitter.im/AlmasB/FXGL
22:01:39.423 [JavaFX Application Thread] DEBUG FS                   - Loaded DesktopFSService
22:01:39.423 [JavaFX Application Thread] DEBUG FXGL                 - Loading FXGL system data
22:01:39.428 [JavaFX Application Thread] DEBUG DesktopFSService     - Reading from: system/fxgl.bundle
22:01:39.436 [JavaFX Application Thread] DEBUG Bundle               - Logging bundle: FXGL
22:01:39.436 [JavaFX Application Thread] DEBUG Bundle               - FXGL.offline.timer.version.check=2018-06-15T20:27:09.659
22:01:39.459 [JavaFX Application Thread] DEBUG GameApplication      - FXGL started
22:01:39.460 [JavaFX Application Thread] DEBUG GameApplication      - Logging game settings
Title: Laser Defense
Version: 
Width: 1307
Height: 719
Fullscreen: false
Intro: false
Menus: false
Profiling: false
Single step:false
App Mode: DEVELOPER
Menu Key: ESCAPE
Stage Style: DECORATED
Scene Factory: class com.almasb.fxgl.scene.SceneFactory
Dialog Factory: class com.almasb.fxgl.ui.FXGLDialogFactory
UI Factory: class com.almasb.fxgl.ui.FXGLUIFactory
Notification Service: class com.almasb.fxgl.gameplay.notification.XboxNotificationView
Exception Handler: class com.almasb.fxgl.app.FXGLExceptionHandler
22:01:39.460 [JavaFX Application Thread] DEBUG GameApplication      - Configuring GameApplication
22:01:39.460 [JavaFX Application Thread] DEBUG GameApplication      - Initializing state machine and application states
22:01:39.470 [JavaFX Application Thread] DEBUG AssetLoader          - Loading from disk: /assets/ui/cursors/fxgl_default.png
22:01:39.499 [JavaFX Application Thread] DEBUG AssetLoader          - Loading from disk: /assets/ui/cursors/fxgl_default.png
22:01:39.749 [JavaFX Application Thread] DEBUG FXGLAssets           - Loading FXGLAssets
22:01:39.787 [JavaFX Application Thread] DEBUG AssetLoader          - Loading from disk: /assets/ui/fonts/VarelaRound-Regular.ttf
22:01:39.792 [JavaFX Application Thread] DEBUG AssetLoader          - Loading from disk: /assets/ui/fonts/lucida_console.ttf
22:01:39.799 [JavaFX Application Thread] DEBUG AssetLoader          - Loading from disk: /assets/ui/css/fxgl_dark.css
22:01:39.827 [JavaFX Application Thread] DEBUG AssetLoader          - Loading from disk: /assets/ui/cursors/fxgl_default.png
22:01:39.831 [JavaFX Application Thread] DEBUG AssetLoader          - Loading from disk: /assets/ui/cursors/fxgl_default.png
22:01:39.849 [JavaFX Application Thread] DEBUG GameScene            - Game scene initialized: 1307x719
22:01:39.851 [JavaFX Application Thread] DEBUG GameWorld            - Game world initialized
22:01:39.893 [JavaFX Application Thread] DEBUG PhysicsWorld         - Physics world initialized: appHeight=719, physics.ppm=50.0
22:01:39.910 [JavaFX Application Thread] DEBUG Input                - Registered new binding: Pause - Esc
22:01:39.925 [JavaFX Application Thread] DEBUG Input                - Clearing active input actions
22:01:39.969 [JavaFX Application Thread] DEBUG AppStateMachine      - StartupState -> StartupState
22:01:39.973 [JavaFX Application Thread] INFO  GameApplication      - Game configuration took:  0.512 sec
22:01:39.975 [JavaFX Application Thread] DEBUG AssetLoader          - Loading from disk: /assets/textures/fxgl_icon.png
22:01:39.991 [JavaFX Application Thread] DEBUG MainWindow           - Opening main window
22:01:40.118 [JavaFX Application Thread] DEBUG MainWindow           - Window border size: (0.0, 22.0)
22:01:40.118 [JavaFX Application Thread] DEBUG MainWindow           - Scaled size: 1255.0 x 704.0
22:01:40.119 [JavaFX Application Thread] DEBUG MainWindow           - Scaled ratio: (0.9602142310635042, 0.9791376912378303)
22:01:40.119 [JavaFX Application Thread] DEBUG MainWindow           - Scene size: 1255.0 x 704.0
22:01:40.119 [JavaFX Application Thread] DEBUG MainWindow           - Stage size: 1255.0 x 726.0
22:01:40.119 [JavaFX Application Thread] DEBUG GameApplication      - Running preInit()
22:01:40.121 [JavaFX Application Thread] DEBUG Input                - Registered new binding: Screenshot - P
22:01:40.121 [JavaFX Application Thread] DEBUG Input                - Registered new binding: Dev Options - CTRL+0
22:01:40.122 [JavaFX Application Thread] DEBUG Input                - Registered new binding: System info dump - CTRL+9
22:01:40.122 [JavaFX Application Thread] DEBUG Input                - Registered new binding: Restart - CTRL+R
22:01:40.123 [JavaFX Application Thread] DEBUG Input                - Registered new binding: Hit - LMB
22:01:40.159 [JavaFX Application Thread] DEBUG GameApplication      - Starting main loop
22:01:40.218 [JavaFX Application Thread] DEBUG StartupState         - STARTUP
22:01:40.219 [JavaFX Application Thread] DEBUG GameApplication      - Starting new game
22:01:40.219 [JavaFX Application Thread] DEBUG Input                - Clearing active input actions
22:01:40.230 [JavaFX Application Thread] DEBUG AppStateMachine      - StartupState -> LoadingState
22:01:40.234 [FXGL Background Thread 1 ] DEBUG InitAppTask          - Clearing previous game
22:01:40.234 [FXGL Background Thread 1 ] DEBUG GameWorld            - Clearing game world
22:01:40.234 [FXGL Background Thread 1 ] DEBUG PhysicsWorld         - Clearing physics world
22:01:40.234 [FXGL Background Thread 1 ] DEBUG GameScene            - Clearing game scene
22:01:40.236 [FXGL Background Thread 1 ] DEBUG InitAppTask          - Initializing Game
22:01:40.252 [FXGL Background Thread 1 ] DEBUG GameScene            - Creating render group for layer: DEFAULT(100000)
22:01:40.254 [FXGL Background Thread 1 ] DEBUG InitAppTask          - Initializing Physics
22:01:40.255 [FXGL Background Thread 1 ] DEBUG InitAppTask          - Initializing UI
22:01:40.270 [FXGL Background Thread 1 ] DEBUG InitAppTask          - Initialization Complete
22:01:40.271 [FXGL Background Thread 1 ] INFO  InitAppTask          - Game initialization took: 0.037 sec
22:01:40.378 [JavaFX Application Thread] DEBUG Input                - Clearing active input actions
22:01:40.394 [JavaFX Application Thread] DEBUG AppStateMachine      - LoadingState -> PlayState
22:09:32.897 [JavaFX Application Thread] DEBUG GameApplication      - Exiting game application
22:09:32.901 [JavaFX Application Thread] DEBUG GameApplication      - Shutting down background threads
22:09:32.903 [JavaFX Application Thread] DEBUG GameApplication      - Exiting FXGL
22:09:32.903 [JavaFX Application Thread] DEBUG FXGL                 - Saving FXGL system data
22:09:32.916 [JavaFX Application Thread] DEBUG DesktopFSService     - Writing to: system/fxgl.bundle
22:09:32.927 [JavaFX Application Thread] DEBUG GameApplication      - Closing logger and exiting JavaFX
