00:29:51.646 [JavaFX Application Thread] DEBUG GameApplication      - Logger initialized
00:29:51.657 [JavaFX Application Thread] DEBUG MainWindow           - Creating a JavaFX scene
00:29:51.657 [JavaFX Application Thread] DEBUG MainWindow           - Target size > screen size
00:29:51.733 [JavaFX Application Thread] DEBUG MainWindow           - Target settings size: 1307.0 x 719.0
00:29:51.733 [JavaFX Application Thread] DEBUG MainWindow           - Scaled scene size:    1255.0 x 704.0
00:29:51.734 [JavaFX Application Thread] DEBUG MainWindow           - Scaled ratio: (0.9602142310635042, 0.9791376912378303)
00:29:51.752 [JavaFX Application Thread] DEBUG GameApplication      - Starting FXGL
00:29:51.771 [JavaFX Application Thread] INFO  FXGL                 - FXGL-0.5.2 on DESKTOP
00:29:51.772 [JavaFX Application Thread] INFO  FXGL                 - Source code and latest versions at: https://github.com/AlmasB/FXGL
00:29:51.773 [JavaFX Application Thread] INFO  FXGL                 -              Join the FXGL chat at: https://gitter.im/AlmasB/FXGL
00:29:51.783 [JavaFX Application Thread] DEBUG FS                   - Loaded DesktopFSService
00:29:51.783 [JavaFX Application Thread] DEBUG FXGL                 - Loading FXGL system data
00:29:51.790 [JavaFX Application Thread] DEBUG DesktopFSService     - Reading from: system/fxgl.bundle
00:29:51.802 [JavaFX Application Thread] DEBUG Bundle               - Logging bundle: FXGL
00:29:51.803 [JavaFX Application Thread] DEBUG Bundle               - FXGL.offline.timer.version.check=2018-06-15T20:27:09.659
00:29:51.837 [JavaFX Application Thread] DEBUG GameApplication      - FXGL started
00:29:51.838 [JavaFX Application Thread] DEBUG GameApplication      - Logging game settings
Title: Laser Defense
Version: 
Width: 1307
Height: 719
Fullscreen: false
Intro: false
Menus: false
Profiling: false
Single step:false
App Mode: DEVELOPER
Menu Key: ESCAPE
Stage Style: DECORATED
Scene Factory: class com.almasb.fxgl.scene.SceneFactory
Dialog Factory: class com.almasb.fxgl.ui.FXGLDialogFactory
UI Factory: class com.almasb.fxgl.ui.FXGLUIFactory
Notification Service: class com.almasb.fxgl.gameplay.notification.XboxNotificationView
Exception Handler: class com.almasb.fxgl.app.FXGLExceptionHandler
00:29:51.839 [JavaFX Application Thread] DEBUG GameApplication      - Configuring GameApplication
00:29:51.840 [JavaFX Application Thread] DEBUG GameApplication      - Initializing state machine and application states
00:29:51.867 [JavaFX Application Thread] DEBUG AssetLoader          - Loading from disk: /assets/ui/cursors/fxgl_default.png
00:29:51.897 [JavaFX Application Thread] DEBUG AssetLoader          - Loading from disk: /assets/ui/cursors/fxgl_default.png
00:29:52.212 [JavaFX Application Thread] DEBUG FXGLAssets           - Loading FXGLAssets
00:29:52.257 [JavaFX Application Thread] DEBUG AssetLoader          - Loading from disk: /assets/ui/fonts/VarelaRound-Regular.ttf
00:29:52.262 [JavaFX Application Thread] DEBUG AssetLoader          - Loading from disk: /assets/ui/fonts/lucida_console.ttf
00:29:52.269 [JavaFX Application Thread] DEBUG AssetLoader          - Loading from disk: /assets/ui/css/fxgl_dark.css
00:29:52.301 [JavaFX Application Thread] DEBUG AssetLoader          - Loading from disk: /assets/ui/cursors/fxgl_default.png
00:29:52.305 [JavaFX Application Thread] DEBUG AssetLoader          - Loading from disk: /assets/ui/cursors/fxgl_default.png
00:29:52.325 [JavaFX Application Thread] DEBUG GameScene            - Game scene initialized: 1307x719
00:29:52.327 [JavaFX Application Thread] DEBUG GameWorld            - Game world initialized
00:29:52.385 [JavaFX Application Thread] DEBUG PhysicsWorld         - Physics world initialized: appHeight=719, physics.ppm=50.0
00:29:52.404 [JavaFX Application Thread] DEBUG Input                - Registered new binding: Pause - Esc
00:29:52.426 [JavaFX Application Thread] DEBUG Input                - Clearing active input actions
00:29:52.477 [JavaFX Application Thread] DEBUG AppStateMachine      - StartupState -> StartupState
00:29:52.482 [JavaFX Application Thread] INFO  GameApplication      - Game configuration took:  0.643 sec
00:29:52.485 [JavaFX Application Thread] DEBUG AssetLoader          - Loading from disk: /assets/textures/fxgl_icon.png
00:29:52.504 [JavaFX Application Thread] DEBUG MainWindow           - Opening main window
00:29:52.660 [JavaFX Application Thread] DEBUG MainWindow           - Window border size: (0.0, 22.0)
00:29:52.661 [JavaFX Application Thread] DEBUG MainWindow           - Scaled size: 1255.0 x 704.0
00:29:52.661 [JavaFX Application Thread] DEBUG MainWindow           - Scaled ratio: (0.9602142310635042, 0.9791376912378303)
00:29:52.661 [JavaFX Application Thread] DEBUG MainWindow           - Scene size: 1255.0 x 704.0
00:29:52.661 [JavaFX Application Thread] DEBUG MainWindow           - Stage size: 1255.0 x 726.0
00:29:52.662 [JavaFX Application Thread] DEBUG GameApplication      - Running preInit()
00:29:52.664 [JavaFX Application Thread] DEBUG Input                - Registered new binding: Screenshot - P
00:29:52.665 [JavaFX Application Thread] DEBUG Input                - Registered new binding: Dev Options - CTRL+0
00:29:52.666 [JavaFX Application Thread] DEBUG Input                - Registered new binding: System info dump - CTRL+9
00:29:52.667 [JavaFX Application Thread] DEBUG Input                - Registered new binding: Restart - CTRL+R
00:29:52.668 [JavaFX Application Thread] DEBUG Input                - Registered new binding: Hit - LMB
00:29:52.723 [JavaFX Application Thread] DEBUG GameApplication      - Starting main loop
00:29:52.822 [JavaFX Application Thread] DEBUG StartupState         - STARTUP
00:29:52.823 [JavaFX Application Thread] DEBUG GameApplication      - Starting new game
00:29:52.823 [JavaFX Application Thread] DEBUG Input                - Clearing active input actions
00:29:52.842 [JavaFX Application Thread] DEBUG AppStateMachine      - StartupState -> LoadingState
00:29:52.848 [FXGL Background Thread 1 ] DEBUG InitAppTask          - Clearing previous game
00:29:52.848 [FXGL Background Thread 1 ] DEBUG GameWorld            - Clearing game world
00:29:52.848 [FXGL Background Thread 1 ] DEBUG PhysicsWorld         - Clearing physics world
00:29:52.849 [FXGL Background Thread 1 ] DEBUG GameScene            - Clearing game scene
00:29:52.850 [FXGL Background Thread 1 ] DEBUG InitAppTask          - Initializing Game
00:29:52.876 [FXGL Background Thread 1 ] DEBUG GameScene            - Creating render group for layer: DEFAULT(100000)
00:29:52.878 [FXGL Background Thread 1 ] DEBUG InitAppTask          - Initializing Physics
00:29:52.879 [FXGL Background Thread 1 ] DEBUG InitAppTask          - Initializing UI
00:29:52.894 [FXGL Background Thread 1 ] DEBUG InitAppTask          - Initialization Complete
00:29:52.895 [FXGL Background Thread 1 ] INFO  InitAppTask          - Game initialization took: 0.047 sec
00:29:52.932 [JavaFX Application Thread] DEBUG Input                - Clearing active input actions
00:29:52.991 [JavaFX Application Thread] DEBUG AppStateMachine      - LoadingState -> PlayState
00:29:53.635 [JavaFX Application Thread] DEBUG GameApplication      - Exiting game application
00:29:53.636 [JavaFX Application Thread] DEBUG GameApplication      - Shutting down background threads
00:29:53.636 [JavaFX Application Thread] DEBUG GameApplication      - Exiting FXGL
00:29:53.637 [JavaFX Application Thread] DEBUG FXGL                 - Saving FXGL system data
00:29:53.640 [JavaFX Application Thread] DEBUG DesktopFSService     - Writing to: system/fxgl.bundle
00:29:53.644 [JavaFX Application Thread] DEBUG GameApplication      - Closing logger and exiting JavaFX
