19:13:51.452 [JavaFX Application Thread] DEBUG GameApplication      - Logger initialized
19:13:51.466 [JavaFX Application Thread] DEBUG MainWindow           - Creating a JavaFX scene
19:13:51.466 [JavaFX Application Thread] DEBUG MainWindow           - Target size > screen size
19:13:51.695 [JavaFX Application Thread] DEBUG MainWindow           - Target settings size: 1307.0 x 719.0
19:13:51.695 [JavaFX Application Thread] DEBUG MainWindow           - Scaled scene size:    1255.0 x 704.0
19:13:51.696 [JavaFX Application Thread] DEBUG MainWindow           - Scaled ratio: (0.9602142310635042, 0.9791376912378303)
19:13:51.708 [JavaFX Application Thread] DEBUG GameApplication      - Starting FXGL
19:13:51.725 [JavaFX Application Thread] INFO  FXGL                 - FXGL-0.5.2 on DESKTOP
19:13:51.726 [JavaFX Application Thread] INFO  FXGL                 - Source code and latest versions at: https://github.com/AlmasB/FXGL
19:13:51.726 [JavaFX Application Thread] INFO  FXGL                 -              Join the FXGL chat at: https://gitter.im/AlmasB/FXGL
19:13:51.734 [JavaFX Application Thread] DEBUG FS                   - Loaded DesktopFSService
19:13:51.735 [JavaFX Application Thread] DEBUG FXGL                 - Loading FXGL system data
19:13:51.756 [JavaFX Application Thread] DEBUG DesktopFSService     - Reading from: system/fxgl.bundle
19:13:51.764 [JavaFX Application Thread] DEBUG Bundle               - Logging bundle: FXGL
19:13:51.765 [JavaFX Application Thread] DEBUG Bundle               - FXGL.offline.timer.version.check=2018-06-08T17:04:18.376
19:13:51.814 [JavaFX Application Thread] DEBUG GameApplication      - FXGL started
19:13:51.814 [JavaFX Application Thread] DEBUG GameApplication      - Logging game settings
Title: LASER DEFENSE
Version: 0.1
Width: 1307
Height: 719
Fullscreen: false
Intro: false
Menus: false
Profiling: false
Single step:false
App Mode: DEVELOPER
Menu Key: ESCAPE
Stage Style: DECORATED
Scene Factory: class com.almasb.fxgl.scene.SceneFactory
Dialog Factory: class com.almasb.fxgl.ui.FXGLDialogFactory
UI Factory: class com.almasb.fxgl.ui.FXGLUIFactory
Notification Service: class com.almasb.fxgl.gameplay.notification.XboxNotificationView
Exception Handler: class com.almasb.fxgl.app.FXGLExceptionHandler
19:13:51.816 [JavaFX Application Thread] DEBUG GameApplication      - Configuring GameApplication
19:13:51.816 [JavaFX Application Thread] DEBUG GameApplication      - Initializing state machine and application states
19:13:51.831 [JavaFX Application Thread] DEBUG AssetLoader          - Loading from disk: /assets/ui/cursors/fxgl_default.png
19:13:51.871 [JavaFX Application Thread] DEBUG AssetLoader          - Loading from disk: /assets/ui/cursors/fxgl_default.png
19:13:52.389 [JavaFX Application Thread] DEBUG FXGLAssets           - Loading FXGLAssets
19:13:52.433 [JavaFX Application Thread] DEBUG AssetLoader          - Loading from disk: /assets/ui/fonts/VarelaRound-Regular.ttf
19:13:52.448 [JavaFX Application Thread] DEBUG AssetLoader          - Loading from disk: /assets/ui/fonts/lucida_console.ttf
19:13:52.454 [JavaFX Application Thread] DEBUG AssetLoader          - Loading from disk: /assets/ui/css/fxgl_dark.css
19:13:52.494 [JavaFX Application Thread] DEBUG AssetLoader          - Loading from disk: /assets/ui/cursors/fxgl_default.png
19:13:52.538 [JavaFX Application Thread] DEBUG AssetLoader          - Loading from disk: /assets/ui/cursors/fxgl_default.png
19:13:52.562 [JavaFX Application Thread] DEBUG GameScene            - Game scene initialized: 1307x719
19:13:52.564 [JavaFX Application Thread] DEBUG GameWorld            - Game world initialized
19:13:52.618 [JavaFX Application Thread] DEBUG PhysicsWorld         - Physics world initialized: appHeight=719, physics.ppm=50.0
19:13:52.638 [JavaFX Application Thread] DEBUG Input                - Registered new binding: Pause - Esc
19:13:52.661 [JavaFX Application Thread] DEBUG Input                - Clearing active input actions
19:13:52.717 [JavaFX Application Thread] DEBUG AppStateMachine      - StartupState -> StartupState
19:13:52.726 [JavaFX Application Thread] INFO  GameApplication      - Game configuration took:  0.910 sec
19:13:52.730 [JavaFX Application Thread] DEBUG AssetLoader          - Loading from disk: /assets/textures/fxgl_icon.png
19:13:52.746 [JavaFX Application Thread] DEBUG MainWindow           - Opening main window
19:13:52.923 [JavaFX Application Thread] DEBUG MainWindow           - Window border size: (0.0, 22.0)
19:13:52.923 [JavaFX Application Thread] DEBUG MainWindow           - Scaled size: 1255.0 x 704.0
19:13:52.924 [JavaFX Application Thread] DEBUG MainWindow           - Scaled ratio: (0.9602142310635042, 0.9791376912378303)
19:13:52.924 [JavaFX Application Thread] DEBUG MainWindow           - Scene size: 1255.0 x 704.0
19:13:52.924 [JavaFX Application Thread] DEBUG MainWindow           - Stage size: 1255.0 x 726.0
19:13:52.924 [JavaFX Application Thread] DEBUG GameApplication      - Running preInit()
19:13:52.926 [JavaFX Application Thread] DEBUG Input                - Registered new binding: Screenshot - P
19:13:52.927 [JavaFX Application Thread] DEBUG Input                - Registered new binding: Dev Options - CTRL+0
19:13:52.928 [JavaFX Application Thread] DEBUG Input                - Registered new binding: System info dump - CTRL+9
19:13:52.928 [JavaFX Application Thread] DEBUG Input                - Registered new binding: Restart - CTRL+R
19:13:52.929 [JavaFX Application Thread] DEBUG Input                - Registered new binding: Hit - LMB
19:13:52.976 [JavaFX Application Thread] DEBUG GameApplication      - Starting main loop
19:13:53.039 [JavaFX Application Thread] DEBUG StartupState         - STARTUP
19:13:53.039 [JavaFX Application Thread] DEBUG GameApplication      - Starting new game
19:13:53.039 [JavaFX Application Thread] DEBUG Input                - Clearing active input actions
19:13:53.052 [JavaFX Application Thread] DEBUG AppStateMachine      - StartupState -> LoadingState
19:13:53.073 [FXGL Background Thread 1 ] DEBUG InitAppTask          - Clearing previous game
19:13:53.073 [FXGL Background Thread 1 ] DEBUG GameWorld            - Clearing game world
19:13:53.074 [FXGL Background Thread 1 ] DEBUG PhysicsWorld         - Clearing physics world
19:13:53.074 [FXGL Background Thread 1 ] DEBUG GameScene            - Clearing game scene
19:13:53.076 [FXGL Background Thread 1 ] DEBUG InitAppTask          - Initializing Game
19:13:53.146 [FXGL Background Thread 1 ] DEBUG GameScene            - Creating render group for layer: DEFAULT(100000)
19:13:53.248 [FXGL Background Thread 1 ] DEBUG AssetLoader          - Loading from disk: /assets/textures/enemyOneSheet.png
19:13:53.261 [FXGL Background Thread 1 ] DEBUG AssetLoader          - Loading from cache: /assets/textures/enemyOneSheet.png
19:13:53.263 [FXGL Background Thread 1 ] DEBUG AssetLoader          - Loading from cache: /assets/textures/enemyOneSheet.png
19:13:53.264 [FXGL Background Thread 1 ] DEBUG AssetLoader          - Loading from cache: /assets/textures/enemyOneSheet.png
19:13:53.265 [FXGL Background Thread 1 ] DEBUG AssetLoader          - Loading from cache: /assets/textures/enemyOneSheet.png
19:13:53.267 [FXGL Background Thread 1 ] DEBUG AssetLoader          - Loading from cache: /assets/textures/enemyOneSheet.png
19:13:53.269 [FXGL Background Thread 1 ] DEBUG AssetLoader          - Loading from cache: /assets/textures/enemyOneSheet.png
19:13:53.273 [FXGL Background Thread 1 ] DEBUG AssetLoader          - Loading from cache: /assets/textures/enemyOneSheet.png
19:13:53.277 [FXGL Background Thread 1 ] DEBUG AssetLoader          - Loading from cache: /assets/textures/enemyOneSheet.png
19:13:53.282 [FXGL Background Thread 1 ] DEBUG AssetLoader          - Loading from cache: /assets/textures/enemyOneSheet.png
19:13:53.292 [FXGL Background Thread 1 ] DEBUG InitAppTask          - Initializing Physics
19:13:53.296 [FXGL Background Thread 1 ] DEBUG InitAppTask          - Initializing UI
19:13:53.297 [FXGL Background Thread 1 ] DEBUG InitAppTask          - Initialization Complete
19:13:53.299 [FXGL Background Thread 1 ] INFO  InitAppTask          - Game initialization took: 0.226 sec
19:13:53.351 [JavaFX Application Thread] DEBUG Input                - Clearing active input actions
19:13:53.364 [JavaFX Application Thread] DEBUG AppStateMachine      - LoadingState -> PlayState
19:13:54.131 [JavaFX Application Thread] DEBUG AssetLoader          - Loading from disk: /assets/textures/laserBullet.png
19:13:54.636 [JavaFX Application Thread] DEBUG AssetLoader          - Loading from cache: /assets/textures/laserBullet.png
19:13:55.137 [JavaFX Application Thread] DEBUG AssetLoader          - Loading from cache: /assets/textures/laserBullet.png
19:13:55.812 [JavaFX Application Thread] DEBUG AssetLoader          - Loading from cache: /assets/textures/laserBullet.png
19:13:56.340 [JavaFX Application Thread] DEBUG AssetLoader          - Loading from cache: /assets/textures/laserBullet.png
19:13:56.852 [JavaFX Application Thread] DEBUG AssetLoader          - Loading from cache: /assets/textures/laserBullet.png
19:13:58.003 [JavaFX Application Thread] DEBUG AssetLoader          - Loading from cache: /assets/textures/laserBullet.png
19:13:58.945 [JavaFX Application Thread] DEBUG AssetLoader          - Loading from cache: /assets/textures/laserBullet.png
19:13:59.141 [JavaFX Application Thread] DEBUG AssetLoader          - Loading from cache: /assets/textures/laserBullet.png
19:13:59.309 [JavaFX Application Thread] DEBUG AssetLoader          - Loading from cache: /assets/textures/laserBullet.png
19:13:59.459 [JavaFX Application Thread] DEBUG AssetLoader          - Loading from cache: /assets/textures/laserBullet.png
19:13:59.629 [JavaFX Application Thread] DEBUG AssetLoader          - Loading from cache: /assets/textures/laserBullet.png
19:13:59.765 [JavaFX Application Thread] DEBUG AssetLoader          - Loading from cache: /assets/textures/laserBullet.png
19:14:08.722 [JavaFX Application Thread] DEBUG GameApplication      - Exiting game application
19:14:08.722 [JavaFX Application Thread] DEBUG GameApplication      - Shutting down background threads
19:14:08.723 [JavaFX Application Thread] DEBUG GameApplication      - Exiting FXGL
19:14:08.723 [JavaFX Application Thread] DEBUG FXGL                 - Saving FXGL system data
19:14:08.727 [JavaFX Application Thread] DEBUG DesktopFSService     - Writing to: system/fxgl.bundle
19:14:08.734 [JavaFX Application Thread] DEBUG GameApplication      - Closing logger and exiting JavaFX
