23:15:29.410 [JavaFX Application Thread] DEBUG GameApplication      - Logger initialized
23:15:29.417 [JavaFX Application Thread] DEBUG MainWindow           - Creating a JavaFX scene
23:15:29.417 [JavaFX Application Thread] DEBUG MainWindow           - Target size > screen size
23:15:29.503 [JavaFX Application Thread] DEBUG MainWindow           - Target settings size: 1307.0 x 719.0
23:15:29.504 [JavaFX Application Thread] DEBUG MainWindow           - Scaled scene size:    1255.0 x 704.0
23:15:29.504 [JavaFX Application Thread] DEBUG MainWindow           - Scaled ratio: (0.9602142310635042, 0.9791376912378303)
23:15:29.508 [JavaFX Application Thread] DEBUG GameApplication      - Starting FXGL
23:15:29.523 [JavaFX Application Thread] INFO  FXGL                 - FXGL-0.5.2 on DESKTOP
23:15:29.523 [JavaFX Application Thread] INFO  FXGL                 - Source code and latest versions at: https://github.com/AlmasB/FXGL
23:15:29.524 [JavaFX Application Thread] INFO  FXGL                 -              Join the FXGL chat at: https://gitter.im/AlmasB/FXGL
23:15:29.531 [JavaFX Application Thread] DEBUG FS                   - Loaded DesktopFSService
23:15:29.531 [JavaFX Application Thread] DEBUG FXGL                 - Loading FXGL system data
23:15:29.540 [JavaFX Application Thread] DEBUG DesktopFSService     - Reading from: system/fxgl.bundle
23:15:29.548 [JavaFX Application Thread] DEBUG Bundle               - Logging bundle: FXGL
23:15:29.548 [JavaFX Application Thread] DEBUG Bundle               - FXGL.offline.timer.version.check=2018-06-08T17:04:18.376
23:15:29.571 [JavaFX Application Thread] DEBUG GameApplication      - FXGL started
23:15:29.572 [JavaFX Application Thread] DEBUG GameApplication      - Logging game settings
Title: LASER DEFENSE
Version: 0.1
Width: 1307
Height: 719
Fullscreen: false
Intro: false
Menus: false
Profiling: false
Single step:false
App Mode: DEVELOPER
Menu Key: ESCAPE
Stage Style: DECORATED
Scene Factory: class com.almasb.fxgl.scene.SceneFactory
Dialog Factory: class com.almasb.fxgl.ui.FXGLDialogFactory
UI Factory: class com.almasb.fxgl.ui.FXGLUIFactory
Notification Service: class com.almasb.fxgl.gameplay.notification.XboxNotificationView
Exception Handler: class com.almasb.fxgl.app.FXGLExceptionHandler
23:15:29.572 [JavaFX Application Thread] DEBUG GameApplication      - Configuring GameApplication
23:15:29.572 [JavaFX Application Thread] DEBUG GameApplication      - Initializing state machine and application states
23:15:29.583 [JavaFX Application Thread] DEBUG AssetLoader          - Loading from disk: /assets/ui/cursors/fxgl_default.png
23:15:29.601 [JavaFX Application Thread] DEBUG AssetLoader          - Loading from disk: /assets/ui/cursors/fxgl_default.png
23:15:29.905 [JavaFX Application Thread] DEBUG FXGLAssets           - Loading FXGLAssets
23:15:29.938 [JavaFX Application Thread] DEBUG AssetLoader          - Loading from disk: /assets/ui/fonts/VarelaRound-Regular.ttf
23:15:29.952 [JavaFX Application Thread] DEBUG AssetLoader          - Loading from disk: /assets/ui/fonts/lucida_console.ttf
23:15:29.956 [JavaFX Application Thread] DEBUG AssetLoader          - Loading from disk: /assets/ui/css/fxgl_dark.css
23:15:29.984 [JavaFX Application Thread] DEBUG AssetLoader          - Loading from disk: /assets/ui/cursors/fxgl_default.png
23:15:30.020 [JavaFX Application Thread] DEBUG AssetLoader          - Loading from disk: /assets/ui/cursors/fxgl_default.png
23:15:30.038 [JavaFX Application Thread] DEBUG GameScene            - Game scene initialized: 1307x719
23:15:30.039 [JavaFX Application Thread] DEBUG GameWorld            - Game world initialized
23:15:30.074 [JavaFX Application Thread] DEBUG PhysicsWorld         - Physics world initialized: appHeight=719, physics.ppm=50.0
23:15:30.093 [JavaFX Application Thread] DEBUG Input                - Registered new binding: Pause - Esc
23:15:30.107 [JavaFX Application Thread] DEBUG Input                - Clearing active input actions
23:15:30.152 [JavaFX Application Thread] DEBUG AppStateMachine      - StartupState -> StartupState
23:15:30.155 [JavaFX Application Thread] INFO  GameApplication      - Game configuration took:  0.582 sec
23:15:30.156 [JavaFX Application Thread] DEBUG AssetLoader          - Loading from disk: /assets/textures/fxgl_icon.png
23:15:30.171 [JavaFX Application Thread] DEBUG MainWindow           - Opening main window
23:15:30.285 [JavaFX Application Thread] DEBUG MainWindow           - Window border size: (0.0, 22.0)
23:15:30.286 [JavaFX Application Thread] DEBUG MainWindow           - Scaled size: 1255.0 x 704.0
23:15:30.286 [JavaFX Application Thread] DEBUG MainWindow           - Scaled ratio: (0.9602142310635042, 0.9791376912378303)
23:15:30.286 [JavaFX Application Thread] DEBUG MainWindow           - Scene size: 1255.0 x 704.0
23:15:30.286 [JavaFX Application Thread] DEBUG MainWindow           - Stage size: 1255.0 x 726.0
23:15:30.287 [JavaFX Application Thread] DEBUG GameApplication      - Running preInit()
23:15:30.288 [JavaFX Application Thread] DEBUG Input                - Registered new binding: Screenshot - P
23:15:30.289 [JavaFX Application Thread] DEBUG Input                - Registered new binding: Dev Options - CTRL+0
23:15:30.289 [JavaFX Application Thread] DEBUG Input                - Registered new binding: System info dump - CTRL+9
23:15:30.290 [JavaFX Application Thread] DEBUG Input                - Registered new binding: Restart - CTRL+R
23:15:30.291 [JavaFX Application Thread] DEBUG Input                - Registered new binding: Hit - LMB
23:15:30.325 [JavaFX Application Thread] DEBUG GameApplication      - Starting main loop
23:15:30.381 [JavaFX Application Thread] DEBUG StartupState         - STARTUP
23:15:30.381 [JavaFX Application Thread] DEBUG GameApplication      - Starting new game
23:15:30.381 [JavaFX Application Thread] DEBUG Input                - Clearing active input actions
23:15:30.396 [JavaFX Application Thread] DEBUG AppStateMachine      - StartupState -> LoadingState
23:15:30.412 [FXGL Background Thread 1 ] DEBUG InitAppTask          - Clearing previous game
23:15:30.413 [FXGL Background Thread 1 ] DEBUG GameWorld            - Clearing game world
23:15:30.413 [FXGL Background Thread 1 ] DEBUG PhysicsWorld         - Clearing physics world
23:15:30.413 [FXGL Background Thread 1 ] DEBUG GameScene            - Clearing game scene
23:15:30.416 [FXGL Background Thread 1 ] DEBUG InitAppTask          - Initializing Game
23:15:30.457 [FXGL Background Thread 1 ] DEBUG GameScene            - Creating render group for layer: DEFAULT(100000)
23:15:30.510 [FXGL Background Thread 1 ] DEBUG AssetLoader          - Loading from disk: /assets/textures//enemy1.png
23:15:30.510 [FXGL Background Thread 1 ] FATAL AssetLoader          - Loading failed for asset: /enemy1.png. Cause: Asset "/assets/textures//enemy1.png" was not found!
23:15:30.621 [JavaFX Application Thread] FATAL GameApplication      - Uncaught Exception:

Fatal exception occurred: java.lang.IllegalArgumentException : Failed to load asset: /enemy1.png. Cause: Asset "/assets/textures//enemy1.png" was not found!
E: com.almasb.fxgl.asset.AssetLoader.loadFailed(AssetLoader.kt:742)
E: com.almasb.fxgl.asset.AssetLoader.loadTexture(AssetLoader.kt:198)
E: com.almasb.fxgl.entity.components.ViewComponent.setTexture(ViewComponent.java:170)
E: com.almasb.fxgl.entity.Entity.setViewFromTextureWithBBox(Entity.java:800)
E: application.Main.initGame(Main.java:83)
E: com.almasb.fxgl.app.GameApplication.internalInitGame(GameApplication.java:439)
E: com.almasb.fxgl.app.LoadingState$InitAppTask.initGame(AppStates.kt:168)
E: com.almasb.fxgl.app.LoadingState$InitAppTask.call(AppStates.kt:138)
E: com.almasb.fxgl.app.LoadingState$InitAppTask.call(AppStates.kt:127)
E: javafx.concurrent.Task$TaskCallable.call(Task.java:1423)
E: java.util.concurrent.FutureTask.run(FutureTask.java:266)
E: java.util.concurrent.Executors$RunnableAdapter.call(Executors.java:511)
E: java.util.concurrent.FutureTask.run(FutureTask.java:266)
E: java.util.concurrent.ThreadPoolExecutor.runWorker(ThreadPoolExecutor.java:1142)
E: java.util.concurrent.ThreadPoolExecutor$Worker.run(ThreadPoolExecutor.java:617)
E: java.lang.Thread.run(Thread.java:745)

23:15:30.621 [JavaFX Application Thread] FATAL GameApplication      - Application will now exit
23:15:30.621 [JavaFX Application Thread] DEBUG GameApplication      - Stopping main loop
23:15:36.062 [JavaFX Application Thread] DEBUG GameApplication      - Exiting game application
23:15:36.062 [JavaFX Application Thread] DEBUG GameApplication      - Shutting down background threads
23:15:36.063 [JavaFX Application Thread] DEBUG GameApplication      - Exiting FXGL
23:15:36.063 [JavaFX Application Thread] DEBUG FXGL                 - Saving FXGL system data
23:15:36.065 [JavaFX Application Thread] DEBUG DesktopFSService     - Writing to: system/fxgl.bundle
23:15:36.068 [JavaFX Application Thread] DEBUG GameApplication      - Closing logger and exiting JavaFX
