21:59:11.813 [JavaFX Application Thread] DEBUG GameApplication      - Logger initialized
21:59:11.819 [JavaFX Application Thread] DEBUG MainWindow           - Creating a JavaFX scene
21:59:11.819 [JavaFX Application Thread] DEBUG MainWindow           - Target size > screen size
21:59:11.863 [JavaFX Application Thread] DEBUG MainWindow           - Target settings size: 1307.0 x 719.0
21:59:11.864 [JavaFX Application Thread] DEBUG MainWindow           - Scaled scene size:    1255.0 x 704.0
21:59:11.864 [JavaFX Application Thread] DEBUG MainWindow           - Scaled ratio: (0.9602142310635042, 0.9791376912378303)
21:59:11.868 [JavaFX Application Thread] DEBUG GameApplication      - Starting FXGL
21:59:11.879 [JavaFX Application Thread] INFO  FXGL                 - FXGL-0.5.2 on DESKTOP
21:59:11.879 [JavaFX Application Thread] INFO  FXGL                 - Source code and latest versions at: https://github.com/AlmasB/FXGL
21:59:11.880 [JavaFX Application Thread] INFO  FXGL                 -              Join the FXGL chat at: https://gitter.im/AlmasB/FXGL
21:59:11.886 [JavaFX Application Thread] DEBUG FS                   - Loaded DesktopFSService
21:59:11.886 [JavaFX Application Thread] DEBUG FXGL                 - Loading FXGL system data
21:59:11.891 [JavaFX Application Thread] DEBUG DesktopFSService     - Reading from: system/fxgl.bundle
21:59:11.899 [JavaFX Application Thread] DEBUG Bundle               - Logging bundle: FXGL
21:59:11.899 [JavaFX Application Thread] DEBUG Bundle               - FXGL.offline.timer.version.check=2018-06-15T20:27:09.659
21:59:11.923 [JavaFX Application Thread] DEBUG GameApplication      - FXGL started
21:59:11.923 [JavaFX Application Thread] DEBUG GameApplication      - Logging game settings
Title: Laser Defense
Version: 
Width: 1307
Height: 719
Fullscreen: false
Intro: false
Menus: false
Profiling: false
Single step:false
App Mode: DEVELOPER
Menu Key: ESCAPE
Stage Style: DECORATED
Scene Factory: class com.almasb.fxgl.scene.SceneFactory
Dialog Factory: class com.almasb.fxgl.ui.FXGLDialogFactory
UI Factory: class com.almasb.fxgl.ui.FXGLUIFactory
Notification Service: class com.almasb.fxgl.gameplay.notification.XboxNotificationView
Exception Handler: class com.almasb.fxgl.app.FXGLExceptionHandler
21:59:11.924 [JavaFX Application Thread] DEBUG GameApplication      - Configuring GameApplication
21:59:11.924 [JavaFX Application Thread] DEBUG GameApplication      - Initializing state machine and application states
21:59:11.934 [JavaFX Application Thread] DEBUG AssetLoader          - Loading from disk: /assets/ui/cursors/fxgl_default.png
21:59:11.956 [JavaFX Application Thread] DEBUG AssetLoader          - Loading from disk: /assets/ui/cursors/fxgl_default.png
21:59:12.240 [JavaFX Application Thread] DEBUG FXGLAssets           - Loading FXGLAssets
21:59:12.278 [JavaFX Application Thread] DEBUG AssetLoader          - Loading from disk: /assets/ui/fonts/VarelaRound-Regular.ttf
21:59:12.285 [JavaFX Application Thread] DEBUG AssetLoader          - Loading from disk: /assets/ui/fonts/lucida_console.ttf
21:59:12.292 [JavaFX Application Thread] DEBUG AssetLoader          - Loading from disk: /assets/ui/css/fxgl_dark.css
21:59:12.320 [JavaFX Application Thread] DEBUG AssetLoader          - Loading from disk: /assets/ui/cursors/fxgl_default.png
21:59:12.324 [JavaFX Application Thread] DEBUG AssetLoader          - Loading from disk: /assets/ui/cursors/fxgl_default.png
21:59:12.342 [JavaFX Application Thread] DEBUG GameScene            - Game scene initialized: 1307x719
21:59:12.344 [JavaFX Application Thread] DEBUG GameWorld            - Game world initialized
21:59:12.381 [JavaFX Application Thread] DEBUG PhysicsWorld         - Physics world initialized: appHeight=719, physics.ppm=50.0
21:59:12.398 [JavaFX Application Thread] DEBUG Input                - Registered new binding: Pause - Esc
21:59:12.413 [JavaFX Application Thread] DEBUG Input                - Clearing active input actions
21:59:12.450 [JavaFX Application Thread] DEBUG AppStateMachine      - StartupState -> StartupState
21:59:12.454 [JavaFX Application Thread] INFO  GameApplication      - Game configuration took:  0.530 sec
21:59:12.457 [JavaFX Application Thread] DEBUG AssetLoader          - Loading from disk: /assets/textures/fxgl_icon.png
21:59:12.472 [JavaFX Application Thread] DEBUG MainWindow           - Opening main window
21:59:12.600 [JavaFX Application Thread] DEBUG MainWindow           - Window border size: (0.0, 22.0)
21:59:12.600 [JavaFX Application Thread] DEBUG MainWindow           - Scaled size: 1255.0 x 704.0
21:59:12.600 [JavaFX Application Thread] DEBUG MainWindow           - Scaled ratio: (0.9602142310635042, 0.9791376912378303)
21:59:12.600 [JavaFX Application Thread] DEBUG MainWindow           - Scene size: 1255.0 x 704.0
21:59:12.600 [JavaFX Application Thread] DEBUG MainWindow           - Stage size: 1255.0 x 726.0
21:59:12.600 [JavaFX Application Thread] DEBUG GameApplication      - Running preInit()
21:59:12.602 [JavaFX Application Thread] DEBUG Input                - Registered new binding: Screenshot - P
21:59:12.602 [JavaFX Application Thread] DEBUG Input                - Registered new binding: Dev Options - CTRL+0
21:59:12.602 [JavaFX Application Thread] DEBUG Input                - Registered new binding: System info dump - CTRL+9
21:59:12.603 [JavaFX Application Thread] DEBUG Input                - Registered new binding: Restart - CTRL+R
21:59:12.604 [JavaFX Application Thread] DEBUG Input                - Registered new binding: Hit - LMB
21:59:12.641 [JavaFX Application Thread] DEBUG GameApplication      - Starting main loop
21:59:12.710 [JavaFX Application Thread] DEBUG StartupState         - STARTUP
21:59:12.710 [JavaFX Application Thread] DEBUG GameApplication      - Starting new game
21:59:12.710 [JavaFX Application Thread] DEBUG Input                - Clearing active input actions
21:59:12.718 [JavaFX Application Thread] DEBUG AppStateMachine      - StartupState -> LoadingState
21:59:12.722 [FXGL Background Thread 1 ] DEBUG InitAppTask          - Clearing previous game
21:59:12.722 [FXGL Background Thread 1 ] DEBUG GameWorld            - Clearing game world
21:59:12.722 [FXGL Background Thread 1 ] DEBUG PhysicsWorld         - Clearing physics world
21:59:12.722 [FXGL Background Thread 1 ] DEBUG GameScene            - Clearing game scene
21:59:12.724 [FXGL Background Thread 1 ] DEBUG InitAppTask          - Initializing Game
21:59:12.740 [FXGL Background Thread 1 ] DEBUG GameScene            - Creating render group for layer: DEFAULT(100000)
21:59:12.742 [FXGL Background Thread 1 ] DEBUG InitAppTask          - Initializing Physics
21:59:12.743 [FXGL Background Thread 1 ] DEBUG InitAppTask          - Initializing UI
21:59:12.755 [FXGL Background Thread 1 ] DEBUG InitAppTask          - Initialization Complete
21:59:12.756 [FXGL Background Thread 1 ] INFO  InitAppTask          - Game initialization took: 0.034 sec
21:59:12.791 [JavaFX Application Thread] DEBUG Input                - Clearing active input actions
21:59:12.829 [JavaFX Application Thread] DEBUG AppStateMachine      - LoadingState -> PlayState
21:59:23.478 [JavaFX Application Thread] DEBUG GameApplication      - Exiting game application
21:59:23.479 [JavaFX Application Thread] DEBUG GameApplication      - Shutting down background threads
21:59:23.479 [JavaFX Application Thread] DEBUG GameApplication      - Exiting FXGL
21:59:23.479 [JavaFX Application Thread] DEBUG FXGL                 - Saving FXGL system data
21:59:23.482 [JavaFX Application Thread] DEBUG DesktopFSService     - Writing to: system/fxgl.bundle
21:59:23.486 [JavaFX Application Thread] DEBUG GameApplication      - Closing logger and exiting JavaFX
