13:04:23.209 [JavaFX Application Thread] DEBUG GameApplication      - Logger initialized
13:04:23.219 [JavaFX Application Thread] DEBUG MainWindow           - Creating a JavaFX scene
13:04:23.219 [JavaFX Application Thread] DEBUG MainWindow           - Target size > screen size
13:04:23.359 [JavaFX Application Thread] DEBUG MainWindow           - Target settings size: 1307.0 x 719.0
13:04:23.360 [JavaFX Application Thread] DEBUG MainWindow           - Scaled scene size:    1255.0 x 704.0
13:04:23.360 [JavaFX Application Thread] DEBUG MainWindow           - Scaled ratio: (0.9602142310635042, 0.9791376912378303)
13:04:23.367 [JavaFX Application Thread] DEBUG GameApplication      - Starting FXGL
13:04:23.378 [JavaFX Application Thread] INFO  FXGL                 - FXGL-0.5.2 on DESKTOP
13:04:23.379 [JavaFX Application Thread] INFO  FXGL                 - Source code and latest versions at: https://github.com/AlmasB/FXGL
13:04:23.379 [JavaFX Application Thread] INFO  FXGL                 -              Join the FXGL chat at: https://gitter.im/AlmasB/FXGL
13:04:23.391 [JavaFX Application Thread] DEBUG FS                   - Loaded DesktopFSService
13:04:23.392 [JavaFX Application Thread] DEBUG FXGL                 - Loading FXGL system data
13:04:23.405 [JavaFX Application Thread] DEBUG DesktopFSService     - Reading from: system/fxgl.bundle
13:04:23.417 [JavaFX Application Thread] DEBUG Bundle               - Logging bundle: FXGL
13:04:23.418 [JavaFX Application Thread] DEBUG Bundle               - FXGL.offline.timer.version.check=2018-06-08T17:04:18.376
13:04:23.454 [JavaFX Application Thread] DEBUG GameApplication      - FXGL started
13:04:23.454 [JavaFX Application Thread] DEBUG GameApplication      - Logging game settings
Title: LASER DEFENSE
Version: 0.1
Width: 1307
Height: 719
Fullscreen: false
Intro: false
Menus: false
Profiling: false
Single step:false
App Mode: DEVELOPER
Menu Key: ESCAPE
Stage Style: DECORATED
Scene Factory: class com.almasb.fxgl.scene.SceneFactory
Dialog Factory: class com.almasb.fxgl.ui.FXGLDialogFactory
UI Factory: class com.almasb.fxgl.ui.FXGLUIFactory
Notification Service: class com.almasb.fxgl.gameplay.notification.XboxNotificationView
Exception Handler: class com.almasb.fxgl.app.FXGLExceptionHandler
13:04:23.455 [JavaFX Application Thread] DEBUG GameApplication      - Configuring GameApplication
13:04:23.456 [JavaFX Application Thread] DEBUG GameApplication      - Initializing state machine and application states
13:04:23.472 [JavaFX Application Thread] DEBUG AssetLoader          - Loading from disk: /assets/ui/cursors/fxgl_default.png
13:04:23.506 [JavaFX Application Thread] DEBUG AssetLoader          - Loading from disk: /assets/ui/cursors/fxgl_default.png
13:04:23.898 [JavaFX Application Thread] DEBUG FXGLAssets           - Loading FXGLAssets
13:04:23.951 [JavaFX Application Thread] DEBUG AssetLoader          - Loading from disk: /assets/ui/fonts/VarelaRound-Regular.ttf
13:04:23.970 [JavaFX Application Thread] DEBUG AssetLoader          - Loading from disk: /assets/ui/fonts/lucida_console.ttf
13:04:23.974 [JavaFX Application Thread] DEBUG AssetLoader          - Loading from disk: /assets/ui/css/fxgl_dark.css
13:04:24.018 [JavaFX Application Thread] DEBUG AssetLoader          - Loading from disk: /assets/ui/cursors/fxgl_default.png
13:04:24.064 [JavaFX Application Thread] DEBUG AssetLoader          - Loading from disk: /assets/ui/cursors/fxgl_default.png
13:04:24.094 [JavaFX Application Thread] DEBUG GameScene            - Game scene initialized: 1307x719
13:04:24.097 [JavaFX Application Thread] DEBUG GameWorld            - Game world initialized
13:04:24.148 [JavaFX Application Thread] DEBUG PhysicsWorld         - Physics world initialized: appHeight=719, physics.ppm=50.0
13:04:24.169 [JavaFX Application Thread] DEBUG Input                - Registered new binding: Pause - Esc
13:04:24.192 [JavaFX Application Thread] DEBUG Input                - Clearing active input actions
13:04:24.252 [JavaFX Application Thread] DEBUG AppStateMachine      - StartupState -> StartupState
13:04:24.257 [JavaFX Application Thread] INFO  GameApplication      - Game configuration took:  0.801 sec
13:04:24.259 [JavaFX Application Thread] DEBUG AssetLoader          - Loading from disk: /assets/textures/fxgl_icon.png
13:04:24.272 [JavaFX Application Thread] DEBUG MainWindow           - Opening main window
13:04:24.418 [JavaFX Application Thread] DEBUG MainWindow           - Window border size: (0.0, 22.0)
13:04:24.418 [JavaFX Application Thread] DEBUG MainWindow           - Scaled size: 1255.0 x 704.0
13:04:24.418 [JavaFX Application Thread] DEBUG MainWindow           - Scaled ratio: (0.9602142310635042, 0.9791376912378303)
13:04:24.419 [JavaFX Application Thread] DEBUG MainWindow           - Scene size: 1255.0 x 704.0
13:04:24.419 [JavaFX Application Thread] DEBUG MainWindow           - Stage size: 1255.0 x 726.0
13:04:24.419 [JavaFX Application Thread] DEBUG GameApplication      - Running preInit()
13:04:24.420 [JavaFX Application Thread] DEBUG Input                - Registered new binding: Screenshot - P
13:04:24.421 [JavaFX Application Thread] DEBUG Input                - Registered new binding: Dev Options - CTRL+0
13:04:24.421 [JavaFX Application Thread] DEBUG Input                - Registered new binding: System info dump - CTRL+9
13:04:24.421 [JavaFX Application Thread] DEBUG Input                - Registered new binding: Restart - CTRL+R
13:04:24.422 [JavaFX Application Thread] DEBUG Input                - Registered new binding: Hit - LMB
13:04:24.469 [JavaFX Application Thread] DEBUG GameApplication      - Starting main loop
13:04:24.532 [JavaFX Application Thread] DEBUG StartupState         - STARTUP
13:04:24.532 [JavaFX Application Thread] DEBUG GameApplication      - Starting new game
13:04:24.532 [JavaFX Application Thread] DEBUG Input                - Clearing active input actions
13:04:24.549 [JavaFX Application Thread] DEBUG AppStateMachine      - StartupState -> LoadingState
13:04:24.555 [FXGL Background Thread 1 ] DEBUG InitAppTask          - Clearing previous game
13:04:24.556 [FXGL Background Thread 1 ] DEBUG GameWorld            - Clearing game world
13:04:24.556 [FXGL Background Thread 1 ] DEBUG PhysicsWorld         - Clearing physics world
13:04:24.556 [FXGL Background Thread 1 ] DEBUG GameScene            - Clearing game scene
13:04:24.558 [FXGL Background Thread 1 ] DEBUG InitAppTask          - Initializing Game
13:04:24.592 [FXGL Background Thread 1 ] DEBUG GameScene            - Creating render group for layer: DEFAULT(100000)
13:04:24.695 [FXGL Background Thread 1 ] DEBUG AssetLoader          - Loading from disk: /assets/textures/enemy2Sheet.png
13:04:24.713 [FXGL Background Thread 1 ] DEBUG AssetLoader          - Loading from cache: /assets/textures/enemy2Sheet.png
13:04:24.750 [FXGL Background Thread 1 ] DEBUG AssetLoader          - Loading from cache: /assets/textures/enemy2Sheet.png
13:04:24.753 [FXGL Background Thread 1 ] DEBUG AssetLoader          - Loading from cache: /assets/textures/enemy2Sheet.png
13:04:24.755 [FXGL Background Thread 1 ] DEBUG AssetLoader          - Loading from cache: /assets/textures/enemy2Sheet.png
13:04:24.756 [FXGL Background Thread 1 ] DEBUG AssetLoader          - Loading from cache: /assets/textures/enemy2Sheet.png
13:04:24.757 [FXGL Background Thread 1 ] DEBUG AssetLoader          - Loading from cache: /assets/textures/enemy2Sheet.png
13:04:24.759 [FXGL Background Thread 1 ] DEBUG AssetLoader          - Loading from cache: /assets/textures/enemy2Sheet.png
13:04:24.760 [FXGL Background Thread 1 ] DEBUG AssetLoader          - Loading from cache: /assets/textures/enemy2Sheet.png
13:04:24.762 [FXGL Background Thread 1 ] DEBUG AssetLoader          - Loading from cache: /assets/textures/enemy2Sheet.png
13:04:24.763 [FXGL Background Thread 1 ] DEBUG AssetLoader          - Loading from cache: /assets/textures/enemy2Sheet.png
13:04:24.765 [FXGL Background Thread 1 ] DEBUG AssetLoader          - Loading from cache: /assets/textures/enemy2Sheet.png
13:04:24.766 [FXGL Background Thread 1 ] DEBUG AssetLoader          - Loading from cache: /assets/textures/enemy2Sheet.png
13:04:24.767 [FXGL Background Thread 1 ] DEBUG AssetLoader          - Loading from cache: /assets/textures/enemy2Sheet.png
13:04:24.768 [FXGL Background Thread 1 ] DEBUG AssetLoader          - Loading from cache: /assets/textures/enemy2Sheet.png
13:04:24.770 [FXGL Background Thread 1 ] DEBUG AssetLoader          - Loading from cache: /assets/textures/enemy2Sheet.png
13:04:24.771 [FXGL Background Thread 1 ] DEBUG AssetLoader          - Loading from cache: /assets/textures/enemy2Sheet.png
13:04:24.772 [FXGL Background Thread 1 ] DEBUG AssetLoader          - Loading from cache: /assets/textures/enemy2Sheet.png
13:04:24.773 [FXGL Background Thread 1 ] DEBUG AssetLoader          - Loading from cache: /assets/textures/enemy2Sheet.png
13:04:24.774 [FXGL Background Thread 1 ] DEBUG AssetLoader          - Loading from cache: /assets/textures/enemy2Sheet.png
13:04:24.801 [FXGL Background Thread 1 ] DEBUG AssetLoader          - Loading from cache: /assets/textures/enemy2Sheet.png
13:04:24.803 [FXGL Background Thread 1 ] DEBUG AssetLoader          - Loading from cache: /assets/textures/enemy2Sheet.png
13:04:24.807 [FXGL Background Thread 1 ] DEBUG AssetLoader          - Loading from cache: /assets/textures/enemy2Sheet.png
13:04:24.814 [FXGL Background Thread 1 ] DEBUG AssetLoader          - Loading from cache: /assets/textures/enemy2Sheet.png
13:04:24.817 [FXGL Background Thread 1 ] DEBUG AssetLoader          - Loading from cache: /assets/textures/enemy2Sheet.png
13:04:24.823 [FXGL Background Thread 1 ] DEBUG AssetLoader          - Loading from cache: /assets/textures/enemy2Sheet.png
13:04:24.838 [FXGL Background Thread 1 ] DEBUG AssetLoader          - Loading from cache: /assets/textures/enemy2Sheet.png
13:04:24.846 [FXGL Background Thread 1 ] DEBUG AssetLoader          - Loading from cache: /assets/textures/enemy2Sheet.png
13:04:24.847 [FXGL Background Thread 1 ] DEBUG AssetLoader          - Loading from cache: /assets/textures/enemy2Sheet.png
13:04:24.860 [FXGL Background Thread 1 ] DEBUG AssetLoader          - Loading from cache: /assets/textures/enemy2Sheet.png
13:04:24.862 [FXGL Background Thread 1 ] DEBUG AssetLoader          - Loading from cache: /assets/textures/enemy2Sheet.png
13:04:24.863 [FXGL Background Thread 1 ] DEBUG AssetLoader          - Loading from cache: /assets/textures/enemy2Sheet.png
13:04:24.865 [FXGL Background Thread 1 ] DEBUG AssetLoader          - Loading from cache: /assets/textures/enemy2Sheet.png
13:04:24.872 [FXGL Background Thread 1 ] DEBUG AssetLoader          - Loading from cache: /assets/textures/enemy2Sheet.png
13:04:24.875 [FXGL Background Thread 1 ] DEBUG AssetLoader          - Loading from cache: /assets/textures/enemy2Sheet.png
13:04:24.877 [FXGL Background Thread 1 ] DEBUG AssetLoader          - Loading from cache: /assets/textures/enemy2Sheet.png
13:04:24.878 [FXGL Background Thread 1 ] DEBUG AssetLoader          - Loading from cache: /assets/textures/enemy2Sheet.png
13:04:24.879 [FXGL Background Thread 1 ] DEBUG AssetLoader          - Loading from cache: /assets/textures/enemy2Sheet.png
13:04:24.881 [FXGL Background Thread 1 ] DEBUG AssetLoader          - Loading from cache: /assets/textures/enemy2Sheet.png
13:04:24.882 [FXGL Background Thread 1 ] DEBUG AssetLoader          - Loading from cache: /assets/textures/enemy2Sheet.png
13:04:24.883 [FXGL Background Thread 1 ] DEBUG AssetLoader          - Loading from cache: /assets/textures/enemy2Sheet.png
13:04:24.884 [FXGL Background Thread 1 ] DEBUG AssetLoader          - Loading from cache: /assets/textures/enemy2Sheet.png
13:04:24.885 [FXGL Background Thread 1 ] DEBUG AssetLoader          - Loading from cache: /assets/textures/enemy2Sheet.png
13:04:24.886 [FXGL Background Thread 1 ] DEBUG AssetLoader          - Loading from cache: /assets/textures/enemy2Sheet.png
13:04:24.887 [FXGL Background Thread 1 ] DEBUG AssetLoader          - Loading from cache: /assets/textures/enemy2Sheet.png
13:04:24.888 [FXGL Background Thread 1 ] DEBUG AssetLoader          - Loading from cache: /assets/textures/enemy2Sheet.png
13:04:24.889 [FXGL Background Thread 1 ] DEBUG AssetLoader          - Loading from cache: /assets/textures/enemy2Sheet.png
13:04:24.890 [FXGL Background Thread 1 ] DEBUG AssetLoader          - Loading from cache: /assets/textures/enemy2Sheet.png
13:04:24.892 [FXGL Background Thread 1 ] DEBUG AssetLoader          - Loading from cache: /assets/textures/enemy2Sheet.png
13:04:24.893 [FXGL Background Thread 1 ] DEBUG AssetLoader          - Loading from cache: /assets/textures/enemy2Sheet.png
13:04:24.894 [FXGL Background Thread 1 ] DEBUG InitAppTask          - Initializing Physics
13:04:24.895 [FXGL Background Thread 1 ] DEBUG InitAppTask          - Initializing UI
13:04:24.895 [FXGL Background Thread 1 ] DEBUG InitAppTask          - Initialization Complete
13:04:24.896 [FXGL Background Thread 1 ] INFO  InitAppTask          - Game initialization took: 0.341 sec
13:04:24.906 [JavaFX Application Thread] DEBUG Input                - Clearing active input actions
13:04:24.936 [JavaFX Application Thread] DEBUG AppStateMachine      - LoadingState -> PlayState
13:04:25.977 [JavaFX Application Thread] DEBUG EventBus             - Firing event: NotificationEvent[message=Blue enemies only need one hit to die.]
13:04:26.503 [JavaFX Application Thread] DEBUG AssetLoader          - Loading from disk: /assets/textures/turret1_60x60.png
13:04:27.514 [JavaFX Application Thread] DEBUG AssetLoader          - Loading from disk: /assets/textures/laserBullet_48.png
13:04:27.517 [JavaFX Application Thread] FATAL GameApplication      - Uncaught Exception:

Fatal exception occurred: java.lang.NullPointerException : null
E: application.DefenseControl.onUpdate(DefenseControl.java:60)
E: com.almasb.fxgl.entity.Entity.update(Entity.java:155)
E: com.almasb.fxgl.entity.GameWorld.onUpdate(GameWorld.kt:158)
E: com.almasb.fxgl.app.PlayState.onUpdate(AppStates.kt:236)
E: com.almasb.fxgl.app.State.update(State.java:73)
E: com.almasb.fxgl.app.AppStateMachine.onUpdate(AppStateMachine.java:100)
E: com.almasb.fxgl.app.GameApplication.stepLoop(GameApplication.java:382)
E: com.almasb.fxgl.app.GameApplication$2.handle(GameApplication.java:348)
E: javafx.animation.AnimationTimer$AnimationTimerReceiver.lambda$handle$484(AnimationTimer.java:57)
E: java.security.AccessController.doPrivileged(Native Method)
E: javafx.animation.AnimationTimer$AnimationTimerReceiver.handle(AnimationTimer.java:56)
E: com.sun.scenario.animation.AbstractMasterTimer.timePulseImpl(AbstractMasterTimer.java:357)
E: com.sun.scenario.animation.AbstractMasterTimer$MainLoop.run(AbstractMasterTimer.java:267)
E: com.sun.javafx.tk.quantum.QuantumToolkit.pulse(QuantumToolkit.java:506)
E: com.sun.javafx.tk.quantum.QuantumToolkit.pulse(QuantumToolkit.java:490)
E: com.sun.javafx.tk.quantum.QuantumToolkit.lambda$runToolkit$404(QuantumToolkit.java:319)
E: com.sun.glass.ui.InvokeLaterDispatcher$Future.run(InvokeLaterDispatcher.java:95)

13:04:27.517 [JavaFX Application Thread] FATAL GameApplication      - Application will now exit
13:04:27.518 [JavaFX Application Thread] DEBUG GameApplication      - Stopping main loop
13:04:28.870 [JavaFX Application Thread] DEBUG GameApplication      - Exiting game application
13:04:28.871 [JavaFX Application Thread] DEBUG GameApplication      - Shutting down background threads
13:04:28.871 [JavaFX Application Thread] DEBUG GameApplication      - Exiting FXGL
13:04:28.872 [JavaFX Application Thread] DEBUG FXGL                 - Saving FXGL system data
13:04:28.875 [JavaFX Application Thread] DEBUG DesktopFSService     - Writing to: system/fxgl.bundle
13:04:28.879 [JavaFX Application Thread] DEBUG GameApplication      - Closing logger and exiting JavaFX
