19:25:41.200 [JavaFX Application Thread] DEBUG GameApplication      - Logger initialized
19:25:41.228 [JavaFX Application Thread] DEBUG MainWindow           - Creating a JavaFX scene
19:25:41.229 [JavaFX Application Thread] DEBUG MainWindow           - Target size > screen size
19:25:41.584 [JavaFX Application Thread] DEBUG MainWindow           - Target settings size: 1307.0 x 719.0
19:25:41.585 [JavaFX Application Thread] DEBUG MainWindow           - Scaled scene size:    1255.0 x 704.0
19:25:41.585 [JavaFX Application Thread] DEBUG MainWindow           - Scaled ratio: (0.9602142310635042, 0.9791376912378303)
19:25:41.603 [JavaFX Application Thread] DEBUG GameApplication      - Starting FXGL
19:25:41.623 [JavaFX Application Thread] INFO  FXGL                 - FXGL-0.5.2 on DESKTOP
19:25:41.623 [JavaFX Application Thread] INFO  FXGL                 - Source code and latest versions at: https://github.com/AlmasB/FXGL
19:25:41.624 [JavaFX Application Thread] INFO  FXGL                 -              Join the FXGL chat at: https://gitter.im/AlmasB/FXGL
19:25:41.635 [JavaFX Application Thread] DEBUG FS                   - Loaded DesktopFSService
19:25:41.635 [JavaFX Application Thread] DEBUG FXGL                 - Loading FXGL system data
19:25:41.658 [JavaFX Application Thread] DEBUG DesktopFSService     - Reading from: system/fxgl.bundle
19:25:41.676 [JavaFX Application Thread] DEBUG Bundle               - Logging bundle: FXGL
19:25:41.677 [JavaFX Application Thread] DEBUG Bundle               - FXGL.offline.timer.version.check=2018-06-08T17:04:18.376
19:25:41.744 [JavaFX Application Thread] DEBUG GameApplication      - FXGL started
19:25:41.745 [JavaFX Application Thread] DEBUG GameApplication      - Logging game settings
Title: LASER DEFENSE
Version: 0.1
Width: 1307
Height: 719
Fullscreen: false
Intro: false
Menus: false
Profiling: false
Single step:false
App Mode: DEVELOPER
Menu Key: ESCAPE
Stage Style: DECORATED
Scene Factory: class com.almasb.fxgl.scene.SceneFactory
Dialog Factory: class com.almasb.fxgl.ui.FXGLDialogFactory
UI Factory: class com.almasb.fxgl.ui.FXGLUIFactory
Notification Service: class com.almasb.fxgl.gameplay.notification.XboxNotificationView
Exception Handler: class com.almasb.fxgl.app.FXGLExceptionHandler
19:25:41.746 [JavaFX Application Thread] DEBUG GameApplication      - Configuring GameApplication
19:25:41.746 [JavaFX Application Thread] DEBUG GameApplication      - Initializing state machine and application states
19:25:41.768 [JavaFX Application Thread] DEBUG AssetLoader          - Loading from disk: /assets/ui/cursors/fxgl_default.png
19:25:41.832 [JavaFX Application Thread] DEBUG AssetLoader          - Loading from disk: /assets/ui/cursors/fxgl_default.png
19:25:42.409 [JavaFX Application Thread] DEBUG FXGLAssets           - Loading FXGLAssets
19:25:42.504 [JavaFX Application Thread] DEBUG AssetLoader          - Loading from disk: /assets/ui/fonts/VarelaRound-Regular.ttf
19:25:42.526 [JavaFX Application Thread] DEBUG AssetLoader          - Loading from disk: /assets/ui/fonts/lucida_console.ttf
19:25:42.533 [JavaFX Application Thread] DEBUG AssetLoader          - Loading from disk: /assets/ui/css/fxgl_dark.css
19:25:42.604 [JavaFX Application Thread] DEBUG AssetLoader          - Loading from disk: /assets/ui/cursors/fxgl_default.png
19:25:42.666 [JavaFX Application Thread] DEBUG AssetLoader          - Loading from disk: /assets/ui/cursors/fxgl_default.png
19:25:42.726 [JavaFX Application Thread] DEBUG GameScene            - Game scene initialized: 1307x719
19:25:42.729 [JavaFX Application Thread] DEBUG GameWorld            - Game world initialized
19:25:42.832 [JavaFX Application Thread] DEBUG PhysicsWorld         - Physics world initialized: appHeight=719, physics.ppm=50.0
19:25:42.868 [JavaFX Application Thread] DEBUG Input                - Registered new binding: Pause - Esc
19:25:42.915 [JavaFX Application Thread] DEBUG Input                - Clearing active input actions
19:25:43.002 [JavaFX Application Thread] DEBUG AppStateMachine      - StartupState -> StartupState
19:25:43.007 [JavaFX Application Thread] INFO  GameApplication      - Game configuration took:  1.261 sec
19:25:43.010 [JavaFX Application Thread] DEBUG AssetLoader          - Loading from disk: /assets/textures/fxgl_icon.png
19:25:43.036 [JavaFX Application Thread] DEBUG MainWindow           - Opening main window
19:25:43.303 [JavaFX Application Thread] DEBUG MainWindow           - Window border size: (0.0, 22.0)
19:25:43.303 [JavaFX Application Thread] DEBUG MainWindow           - Scaled size: 1255.0 x 704.0
19:25:43.303 [JavaFX Application Thread] DEBUG MainWindow           - Scaled ratio: (0.9602142310635042, 0.9791376912378303)
19:25:43.304 [JavaFX Application Thread] DEBUG MainWindow           - Scene size: 1255.0 x 704.0
19:25:43.304 [JavaFX Application Thread] DEBUG MainWindow           - Stage size: 1255.0 x 726.0
19:25:43.304 [JavaFX Application Thread] DEBUG GameApplication      - Running preInit()
19:25:43.307 [JavaFX Application Thread] DEBUG Input                - Registered new binding: Screenshot - P
19:25:43.308 [JavaFX Application Thread] DEBUG Input                - Registered new binding: Dev Options - CTRL+0
19:25:43.308 [JavaFX Application Thread] DEBUG Input                - Registered new binding: System info dump - CTRL+9
19:25:43.309 [JavaFX Application Thread] DEBUG Input                - Registered new binding: Restart - CTRL+R
19:25:43.311 [JavaFX Application Thread] DEBUG Input                - Registered new binding: Hit - LMB
19:25:43.404 [JavaFX Application Thread] DEBUG GameApplication      - Starting main loop
19:25:43.518 [JavaFX Application Thread] DEBUG StartupState         - STARTUP
19:25:43.519 [JavaFX Application Thread] DEBUG GameApplication      - Starting new game
19:25:43.519 [JavaFX Application Thread] DEBUG Input                - Clearing active input actions
19:25:43.531 [JavaFX Application Thread] DEBUG AppStateMachine      - StartupState -> LoadingState
19:25:43.540 [FXGL Background Thread 1 ] DEBUG InitAppTask          - Clearing previous game
19:25:43.540 [FXGL Background Thread 1 ] DEBUG GameWorld            - Clearing game world
19:25:43.541 [FXGL Background Thread 1 ] DEBUG PhysicsWorld         - Clearing physics world
19:25:43.541 [FXGL Background Thread 1 ] DEBUG GameScene            - Clearing game scene
19:25:43.542 [FXGL Background Thread 1 ] DEBUG InitAppTask          - Initializing Game
19:25:43.566 [FXGL Background Thread 1 ] DEBUG GameScene            - Creating render group for layer: DEFAULT(100000)
19:25:43.635 [FXGL Background Thread 1 ] DEBUG AssetLoader          - Loading from disk: /assets/textures/enemyOneSheet.png
19:25:43.726 [FXGL Background Thread 1 ] DEBUG AssetLoader          - Loading from cache: /assets/textures/enemyOneSheet.png
19:25:43.735 [FXGL Background Thread 1 ] DEBUG AssetLoader          - Loading from cache: /assets/textures/enemyOneSheet.png
19:25:43.736 [FXGL Background Thread 1 ] DEBUG AssetLoader          - Loading from cache: /assets/textures/enemyOneSheet.png
19:25:43.739 [FXGL Background Thread 1 ] DEBUG AssetLoader          - Loading from cache: /assets/textures/enemyOneSheet.png
19:25:43.741 [FXGL Background Thread 1 ] DEBUG AssetLoader          - Loading from cache: /assets/textures/enemyOneSheet.png
19:25:43.743 [FXGL Background Thread 1 ] DEBUG AssetLoader          - Loading from cache: /assets/textures/enemyOneSheet.png
19:25:43.745 [FXGL Background Thread 1 ] DEBUG AssetLoader          - Loading from cache: /assets/textures/enemyOneSheet.png
19:25:43.746 [FXGL Background Thread 1 ] DEBUG AssetLoader          - Loading from cache: /assets/textures/enemyOneSheet.png
19:25:43.749 [FXGL Background Thread 1 ] DEBUG AssetLoader          - Loading from cache: /assets/textures/enemyOneSheet.png
19:25:43.750 [FXGL Background Thread 1 ] DEBUG InitAppTask          - Initializing Physics
19:25:43.751 [FXGL Background Thread 1 ] DEBUG InitAppTask          - Initializing UI
19:25:43.751 [FXGL Background Thread 1 ] DEBUG InitAppTask          - Initialization Complete
19:25:43.752 [FXGL Background Thread 1 ] INFO  InitAppTask          - Game initialization took: 0.211 sec
19:25:43.927 [JavaFX Application Thread] DEBUG Input                - Clearing active input actions
19:25:43.943 [JavaFX Application Thread] DEBUG AppStateMachine      - LoadingState -> PlayState
19:25:45.033 [JavaFX Application Thread] DEBUG AssetLoader          - Loading from disk: /assets/textures/laserBullet.png
19:25:45.607 [JavaFX Application Thread] DEBUG AssetLoader          - Loading from cache: /assets/textures/laserBullet.png
19:25:46.001 [JavaFX Application Thread] DEBUG AssetLoader          - Loading from cache: /assets/textures/laserBullet.png
19:25:46.330 [JavaFX Application Thread] DEBUG AssetLoader          - Loading from cache: /assets/textures/laserBullet.png
19:25:46.651 [JavaFX Application Thread] DEBUG AssetLoader          - Loading from cache: /assets/textures/laserBullet.png
19:25:47.016 [JavaFX Application Thread] DEBUG AssetLoader          - Loading from cache: /assets/textures/laserBullet.png
19:25:47.419 [JavaFX Application Thread] DEBUG AssetLoader          - Loading from cache: /assets/textures/laserBullet.png
19:25:47.865 [JavaFX Application Thread] DEBUG AssetLoader          - Loading from cache: /assets/textures/laserBullet.png
19:25:48.355 [JavaFX Application Thread] DEBUG AssetLoader          - Loading from cache: /assets/textures/laserBullet.png
19:25:48.785 [JavaFX Application Thread] DEBUG AssetLoader          - Loading from cache: /assets/textures/laserBullet.png
19:25:49.104 [JavaFX Application Thread] DEBUG AssetLoader          - Loading from cache: /assets/textures/laserBullet.png
19:25:49.764 [JavaFX Application Thread] DEBUG AssetLoader          - Loading from cache: /assets/textures/laserBullet.png
19:25:50.174 [JavaFX Application Thread] DEBUG AssetLoader          - Loading from cache: /assets/textures/laserBullet.png
19:25:50.551 [JavaFX Application Thread] DEBUG AssetLoader          - Loading from cache: /assets/textures/laserBullet.png
19:25:51.785 [JavaFX Application Thread] DEBUG GameApplication      - Exiting game application
19:25:51.786 [JavaFX Application Thread] DEBUG GameApplication      - Shutting down background threads
19:25:51.786 [JavaFX Application Thread] DEBUG GameApplication      - Exiting FXGL
19:25:51.793 [JavaFX Application Thread] DEBUG FXGL                 - Saving FXGL system data
19:25:51.798 [JavaFX Application Thread] DEBUG DesktopFSService     - Writing to: system/fxgl.bundle
19:25:51.804 [JavaFX Application Thread] DEBUG GameApplication      - Closing logger and exiting JavaFX
