23:59:20.163 [JavaFX Application Thread] DEBUG GameApplication      - Logger initialized
23:59:20.174 [JavaFX Application Thread] DEBUG MainWindow           - Creating a JavaFX scene
23:59:20.174 [JavaFX Application Thread] DEBUG MainWindow           - Target size > screen size
23:59:20.249 [JavaFX Application Thread] DEBUG MainWindow           - Target settings size: 1307.0 x 719.0
23:59:20.249 [JavaFX Application Thread] DEBUG MainWindow           - Scaled scene size:    1255.0 x 704.0
23:59:20.250 [JavaFX Application Thread] DEBUG MainWindow           - Scaled ratio: (0.9602142310635042, 0.9791376912378303)
23:59:20.254 [JavaFX Application Thread] DEBUG GameApplication      - Starting FXGL
23:59:20.272 [JavaFX Application Thread] INFO  FXGL                 - FXGL-0.5.2 on DESKTOP
23:59:20.273 [JavaFX Application Thread] INFO  FXGL                 - Source code and latest versions at: https://github.com/AlmasB/FXGL
23:59:20.273 [JavaFX Application Thread] INFO  FXGL                 -              Join the FXGL chat at: https://gitter.im/AlmasB/FXGL
23:59:20.283 [JavaFX Application Thread] DEBUG FS                   - Loaded DesktopFSService
23:59:20.283 [JavaFX Application Thread] DEBUG FXGL                 - Loading FXGL system data
23:59:20.291 [JavaFX Application Thread] DEBUG DesktopFSService     - Reading from: system/fxgl.bundle
23:59:20.300 [JavaFX Application Thread] DEBUG Bundle               - Logging bundle: FXGL
23:59:20.301 [JavaFX Application Thread] DEBUG Bundle               - FXGL.offline.timer.version.check=2018-06-15T20:27:09.659
23:59:20.339 [JavaFX Application Thread] DEBUG GameApplication      - FXGL started
23:59:20.340 [JavaFX Application Thread] DEBUG GameApplication      - Logging game settings
Title: Laser Defense
Version: 
Width: 1307
Height: 719
Fullscreen: false
Intro: false
Menus: false
Profiling: false
Single step:false
App Mode: DEVELOPER
Menu Key: ESCAPE
Stage Style: DECORATED
Scene Factory: class com.almasb.fxgl.scene.SceneFactory
Dialog Factory: class com.almasb.fxgl.ui.FXGLDialogFactory
UI Factory: class com.almasb.fxgl.ui.FXGLUIFactory
Notification Service: class com.almasb.fxgl.gameplay.notification.XboxNotificationView
Exception Handler: class com.almasb.fxgl.app.FXGLExceptionHandler
23:59:20.342 [JavaFX Application Thread] DEBUG GameApplication      - Configuring GameApplication
23:59:20.342 [JavaFX Application Thread] DEBUG GameApplication      - Initializing state machine and application states
23:59:20.360 [JavaFX Application Thread] DEBUG AssetLoader          - Loading from disk: /assets/ui/cursors/fxgl_default.png
23:59:20.386 [JavaFX Application Thread] DEBUG AssetLoader          - Loading from disk: /assets/ui/cursors/fxgl_default.png
23:59:20.691 [JavaFX Application Thread] DEBUG FXGLAssets           - Loading FXGLAssets
23:59:20.735 [JavaFX Application Thread] DEBUG AssetLoader          - Loading from disk: /assets/ui/fonts/VarelaRound-Regular.ttf
23:59:20.740 [JavaFX Application Thread] DEBUG AssetLoader          - Loading from disk: /assets/ui/fonts/lucida_console.ttf
23:59:20.747 [JavaFX Application Thread] DEBUG AssetLoader          - Loading from disk: /assets/ui/css/fxgl_dark.css
23:59:20.786 [JavaFX Application Thread] DEBUG AssetLoader          - Loading from disk: /assets/ui/cursors/fxgl_default.png
23:59:20.792 [JavaFX Application Thread] DEBUG AssetLoader          - Loading from disk: /assets/ui/cursors/fxgl_default.png
23:59:20.813 [JavaFX Application Thread] DEBUG GameScene            - Game scene initialized: 1307x719
23:59:20.817 [JavaFX Application Thread] DEBUG GameWorld            - Game world initialized
23:59:20.859 [JavaFX Application Thread] DEBUG PhysicsWorld         - Physics world initialized: appHeight=719, physics.ppm=50.0
23:59:20.876 [JavaFX Application Thread] DEBUG Input                - Registered new binding: Pause - Esc
23:59:20.892 [JavaFX Application Thread] DEBUG Input                - Clearing active input actions
23:59:20.945 [JavaFX Application Thread] DEBUG AppStateMachine      - StartupState -> StartupState
23:59:20.950 [JavaFX Application Thread] INFO  GameApplication      - Game configuration took:  0.607 sec
23:59:20.952 [JavaFX Application Thread] DEBUG AssetLoader          - Loading from disk: /assets/textures/fxgl_icon.png
23:59:20.970 [JavaFX Application Thread] DEBUG MainWindow           - Opening main window
23:59:21.116 [JavaFX Application Thread] DEBUG MainWindow           - Window border size: (0.0, 22.0)
23:59:21.116 [JavaFX Application Thread] DEBUG MainWindow           - Scaled size: 1255.0 x 704.0
23:59:21.116 [JavaFX Application Thread] DEBUG MainWindow           - Scaled ratio: (0.9602142310635042, 0.9791376912378303)
23:59:21.117 [JavaFX Application Thread] DEBUG MainWindow           - Scene size: 1255.0 x 704.0
23:59:21.117 [JavaFX Application Thread] DEBUG MainWindow           - Stage size: 1255.0 x 726.0
23:59:21.117 [JavaFX Application Thread] DEBUG GameApplication      - Running preInit()
23:59:21.119 [JavaFX Application Thread] DEBUG Input                - Registered new binding: Screenshot - P
23:59:21.120 [JavaFX Application Thread] DEBUG Input                - Registered new binding: Dev Options - CTRL+0
23:59:21.120 [JavaFX Application Thread] DEBUG Input                - Registered new binding: System info dump - CTRL+9
23:59:21.121 [JavaFX Application Thread] DEBUG Input                - Registered new binding: Restart - CTRL+R
23:59:21.122 [JavaFX Application Thread] DEBUG Input                - Registered new binding: Hit - LMB
23:59:21.178 [JavaFX Application Thread] DEBUG GameApplication      - Starting main loop
23:59:21.266 [JavaFX Application Thread] DEBUG StartupState         - STARTUP
23:59:21.266 [JavaFX Application Thread] DEBUG GameApplication      - Starting new game
23:59:21.266 [JavaFX Application Thread] DEBUG Input                - Clearing active input actions
23:59:21.277 [JavaFX Application Thread] DEBUG AppStateMachine      - StartupState -> LoadingState
23:59:21.283 [FXGL Background Thread 1 ] DEBUG InitAppTask          - Clearing previous game
23:59:21.283 [FXGL Background Thread 1 ] DEBUG GameWorld            - Clearing game world
23:59:21.284 [FXGL Background Thread 1 ] DEBUG PhysicsWorld         - Clearing physics world
23:59:21.284 [FXGL Background Thread 1 ] DEBUG GameScene            - Clearing game scene
23:59:21.287 [FXGL Background Thread 1 ] DEBUG InitAppTask          - Initializing Game
23:59:21.312 [FXGL Background Thread 1 ] DEBUG GameScene            - Creating render group for layer: DEFAULT(100000)
23:59:21.314 [FXGL Background Thread 1 ] DEBUG InitAppTask          - Initializing Physics
23:59:21.315 [FXGL Background Thread 1 ] DEBUG InitAppTask          - Initializing UI
23:59:21.367 [FXGL Background Thread 1 ] DEBUG InitAppTask          - Initialization Complete
23:59:21.369 [FXGL Background Thread 1 ] INFO  InitAppTask          - Game initialization took: 0.085 sec
23:59:21.523 [JavaFX Application Thread] DEBUG Input                - Clearing active input actions
23:59:21.545 [JavaFX Application Thread] DEBUG AppStateMachine      - LoadingState -> PlayState
23:59:22.579 [JavaFX Application Thread] DEBUG GameApplication      - Exiting game application
23:59:22.580 [JavaFX Application Thread] DEBUG GameApplication      - Shutting down background threads
23:59:22.580 [JavaFX Application Thread] DEBUG GameApplication      - Exiting FXGL
23:59:22.580 [JavaFX Application Thread] DEBUG FXGL                 - Saving FXGL system data
23:59:22.584 [JavaFX Application Thread] DEBUG DesktopFSService     - Writing to: system/fxgl.bundle
23:59:22.589 [JavaFX Application Thread] DEBUG GameApplication      - Closing logger and exiting JavaFX
