00:42:53.448 [JavaFX Application Thread] DEBUG GameApplication      - Logger initialized
00:42:53.457 [JavaFX Application Thread] DEBUG MainWindow           - Creating a JavaFX scene
00:42:53.457 [JavaFX Application Thread] DEBUG MainWindow           - Target size > screen size
00:42:53.512 [JavaFX Application Thread] DEBUG MainWindow           - Target settings size: 1307.0 x 719.0
00:42:53.513 [JavaFX Application Thread] DEBUG MainWindow           - Scaled scene size:    1255.0 x 704.0
00:42:53.513 [JavaFX Application Thread] DEBUG MainWindow           - Scaled ratio: (0.9602142310635042, 0.9791376912378303)
00:42:53.516 [JavaFX Application Thread] DEBUG GameApplication      - Starting FXGL
00:42:53.525 [JavaFX Application Thread] INFO  FXGL                 - FXGL-0.5.2 on DESKTOP
00:42:53.526 [JavaFX Application Thread] INFO  FXGL                 - Source code and latest versions at: https://github.com/AlmasB/FXGL
00:42:53.526 [JavaFX Application Thread] INFO  FXGL                 -              Join the FXGL chat at: https://gitter.im/AlmasB/FXGL
00:42:53.531 [JavaFX Application Thread] DEBUG FS                   - Loaded DesktopFSService
00:42:53.532 [JavaFX Application Thread] DEBUG FXGL                 - Loading FXGL system data
00:42:53.537 [JavaFX Application Thread] DEBUG DesktopFSService     - Reading from: system/fxgl.bundle
00:42:53.545 [JavaFX Application Thread] DEBUG Bundle               - Logging bundle: FXGL
00:42:53.546 [JavaFX Application Thread] DEBUG Bundle               - FXGL.offline.timer.version.check=2018-06-15T20:27:09.659
00:42:53.571 [JavaFX Application Thread] DEBUG GameApplication      - FXGL started
00:42:53.572 [JavaFX Application Thread] DEBUG GameApplication      - Logging game settings
Title: Laser Defense
Version: 
Width: 1307
Height: 719
Fullscreen: false
Intro: false
Menus: false
Profiling: false
Single step:false
App Mode: DEVELOPER
Menu Key: ESCAPE
Stage Style: DECORATED
Scene Factory: class com.almasb.fxgl.scene.SceneFactory
Dialog Factory: class com.almasb.fxgl.ui.FXGLDialogFactory
UI Factory: class com.almasb.fxgl.ui.FXGLUIFactory
Notification Service: class com.almasb.fxgl.gameplay.notification.XboxNotificationView
Exception Handler: class com.almasb.fxgl.app.FXGLExceptionHandler
00:42:53.573 [JavaFX Application Thread] DEBUG GameApplication      - Configuring GameApplication
00:42:53.573 [JavaFX Application Thread] DEBUG GameApplication      - Initializing state machine and application states
00:42:53.595 [JavaFX Application Thread] DEBUG AssetLoader          - Loading from disk: /assets/ui/cursors/fxgl_default.png
00:42:53.624 [JavaFX Application Thread] DEBUG AssetLoader          - Loading from disk: /assets/ui/cursors/fxgl_default.png
00:42:53.979 [JavaFX Application Thread] DEBUG FXGLAssets           - Loading FXGLAssets
00:42:54.030 [JavaFX Application Thread] DEBUG AssetLoader          - Loading from disk: /assets/ui/fonts/VarelaRound-Regular.ttf
00:42:54.035 [JavaFX Application Thread] DEBUG AssetLoader          - Loading from disk: /assets/ui/fonts/lucida_console.ttf
00:42:54.042 [JavaFX Application Thread] DEBUG AssetLoader          - Loading from disk: /assets/ui/css/fxgl_dark.css
00:42:54.079 [JavaFX Application Thread] DEBUG AssetLoader          - Loading from disk: /assets/ui/cursors/fxgl_default.png
00:42:54.085 [JavaFX Application Thread] DEBUG AssetLoader          - Loading from disk: /assets/ui/cursors/fxgl_default.png
00:42:54.106 [JavaFX Application Thread] DEBUG GameScene            - Game scene initialized: 1307x719
00:42:54.109 [JavaFX Application Thread] DEBUG GameWorld            - Game world initialized
00:42:54.150 [JavaFX Application Thread] DEBUG PhysicsWorld         - Physics world initialized: appHeight=719, physics.ppm=50.0
00:42:54.168 [JavaFX Application Thread] DEBUG Input                - Registered new binding: Pause - Esc
00:42:54.184 [JavaFX Application Thread] DEBUG Input                - Clearing active input actions
00:42:54.242 [JavaFX Application Thread] DEBUG AppStateMachine      - StartupState -> StartupState
00:42:54.248 [JavaFX Application Thread] INFO  GameApplication      - Game configuration took:  0.675 sec
00:42:54.251 [JavaFX Application Thread] DEBUG AssetLoader          - Loading from disk: /assets/textures/fxgl_icon.png
00:42:54.269 [JavaFX Application Thread] DEBUG MainWindow           - Opening main window
00:42:54.418 [JavaFX Application Thread] DEBUG MainWindow           - Window border size: (0.0, 22.0)
00:42:54.419 [JavaFX Application Thread] DEBUG MainWindow           - Scaled size: 1255.0 x 704.0
00:42:54.419 [JavaFX Application Thread] DEBUG MainWindow           - Scaled ratio: (0.9602142310635042, 0.9791376912378303)
00:42:54.419 [JavaFX Application Thread] DEBUG MainWindow           - Scene size: 1255.0 x 704.0
00:42:54.419 [JavaFX Application Thread] DEBUG MainWindow           - Stage size: 1255.0 x 726.0
00:42:54.419 [JavaFX Application Thread] DEBUG GameApplication      - Running preInit()
00:42:54.421 [JavaFX Application Thread] DEBUG Input                - Registered new binding: Screenshot - P
00:42:54.422 [JavaFX Application Thread] DEBUG Input                - Registered new binding: Dev Options - CTRL+0
00:42:54.423 [JavaFX Application Thread] DEBUG Input                - Registered new binding: System info dump - CTRL+9
00:42:54.423 [JavaFX Application Thread] DEBUG Input                - Registered new binding: Restart - CTRL+R
00:42:54.425 [JavaFX Application Thread] DEBUG Input                - Registered new binding: Hit - LMB
00:42:54.475 [JavaFX Application Thread] DEBUG GameApplication      - Starting main loop
00:42:54.546 [JavaFX Application Thread] DEBUG StartupState         - STARTUP
00:42:54.546 [JavaFX Application Thread] DEBUG GameApplication      - Starting new game
00:42:54.547 [JavaFX Application Thread] DEBUG Input                - Clearing active input actions
00:42:54.562 [JavaFX Application Thread] DEBUG AppStateMachine      - StartupState -> LoadingState
00:42:54.569 [FXGL Background Thread 1 ] DEBUG InitAppTask          - Clearing previous game
00:42:54.569 [FXGL Background Thread 1 ] DEBUG GameWorld            - Clearing game world
00:42:54.569 [FXGL Background Thread 1 ] DEBUG PhysicsWorld         - Clearing physics world
00:42:54.569 [FXGL Background Thread 1 ] DEBUG GameScene            - Clearing game scene
00:42:54.571 [FXGL Background Thread 1 ] DEBUG InitAppTask          - Initializing Game
00:42:54.593 [FXGL Background Thread 1 ] DEBUG GameScene            - Creating render group for layer: DEFAULT(100000)
00:42:54.595 [FXGL Background Thread 1 ] DEBUG InitAppTask          - Initializing Physics
00:42:54.596 [FXGL Background Thread 1 ] DEBUG InitAppTask          - Initializing UI
00:42:54.622 [FXGL Background Thread 1 ] DEBUG InitAppTask          - Initialization Complete
00:42:54.622 [FXGL Background Thread 1 ] INFO  InitAppTask          - Game initialization took: 0.054 sec
00:42:54.833 [JavaFX Application Thread] DEBUG Input                - Clearing active input actions
00:42:54.857 [JavaFX Application Thread] DEBUG AppStateMachine      - LoadingState -> PlayState
00:42:57.208 [JavaFX Application Thread] DEBUG AssetLoader          - Loading from disk: /assets/textures/enemy1Sheet.png
00:42:57.217 [JavaFX Application Thread] DEBUG AssetLoader          - Loading from cache: /assets/textures/enemy1Sheet.png
00:42:57.220 [JavaFX Application Thread] DEBUG AssetLoader          - Loading from cache: /assets/textures/enemy1Sheet.png
00:42:57.221 [JavaFX Application Thread] DEBUG AssetLoader          - Loading from cache: /assets/textures/enemy1Sheet.png
00:42:57.223 [JavaFX Application Thread] DEBUG AssetLoader          - Loading from cache: /assets/textures/enemy1Sheet.png
00:42:57.224 [JavaFX Application Thread] DEBUG AssetLoader          - Loading from cache: /assets/textures/enemy1Sheet.png
00:42:57.224 [JavaFX Application Thread] DEBUG AssetLoader          - Loading from cache: /assets/textures/enemy1Sheet.png
00:42:57.225 [JavaFX Application Thread] DEBUG AssetLoader          - Loading from cache: /assets/textures/enemy1Sheet.png
00:42:57.226 [JavaFX Application Thread] DEBUG AssetLoader          - Loading from cache: /assets/textures/enemy1Sheet.png
00:42:57.227 [JavaFX Application Thread] DEBUG AssetLoader          - Loading from cache: /assets/textures/enemy1Sheet.png
00:42:57.228 [JavaFX Application Thread] DEBUG AssetLoader          - Loading from cache: /assets/textures/enemy1Sheet.png
00:42:57.229 [JavaFX Application Thread] DEBUG AssetLoader          - Loading from cache: /assets/textures/enemy1Sheet.png
00:42:57.229 [JavaFX Application Thread] DEBUG AssetLoader          - Loading from cache: /assets/textures/enemy1Sheet.png
00:42:57.230 [JavaFX Application Thread] DEBUG AssetLoader          - Loading from cache: /assets/textures/enemy1Sheet.png
00:42:57.231 [JavaFX Application Thread] DEBUG AssetLoader          - Loading from cache: /assets/textures/enemy1Sheet.png
00:42:57.232 [JavaFX Application Thread] DEBUG AssetLoader          - Loading from cache: /assets/textures/enemy1Sheet.png
00:42:57.233 [JavaFX Application Thread] DEBUG AssetLoader          - Loading from cache: /assets/textures/enemy1Sheet.png
00:42:57.234 [JavaFX Application Thread] DEBUG AssetLoader          - Loading from cache: /assets/textures/enemy1Sheet.png
00:42:57.235 [JavaFX Application Thread] DEBUG AssetLoader          - Loading from cache: /assets/textures/enemy1Sheet.png
00:42:57.237 [JavaFX Application Thread] DEBUG AssetLoader          - Loading from cache: /assets/textures/enemy1Sheet.png
00:42:59.414 [JavaFX Application Thread] DEBUG AssetLoader          - Loading from disk: /assets/ui/cursors/defenseCursor.png
00:43:02.278 [JavaFX Application Thread] DEBUG AssetLoader          - Loading from disk: /assets/textures/defense.png
00:43:08.260 [JavaFX Application Thread] DEBUG AssetLoader          - Loading from disk: /assets/textures/laser.png
00:43:08.400 [JavaFX Application Thread] DEBUG AssetLoader          - Loading from disk: /assets/textures/explosionSheet.png
00:43:09.461 [JavaFX Application Thread] DEBUG AssetLoader          - Loading from cache: /assets/sounds/laser.wav
00:43:09.463 [JavaFX Application Thread] DEBUG AssetLoader          - Loading from cache: /assets/textures/laser.png
00:43:09.597 [JavaFX Application Thread] DEBUG AssetLoader          - Loading from cache: /assets/textures/explosionSheet.png
00:43:10.628 [JavaFX Application Thread] DEBUG AssetLoader          - Loading from cache: /assets/sounds/laser.wav
00:43:10.628 [JavaFX Application Thread] DEBUG AssetLoader          - Loading from cache: /assets/textures/laser.png
00:43:10.763 [JavaFX Application Thread] DEBUG AssetLoader          - Loading from cache: /assets/textures/explosionSheet.png
00:43:11.252 [JavaFX Application Thread] DEBUG GameApplication      - Exiting game application
00:43:11.253 [JavaFX Application Thread] DEBUG GameApplication      - Shutting down background threads
00:43:11.254 [JavaFX Application Thread] DEBUG GameApplication      - Exiting FXGL
00:43:11.254 [JavaFX Application Thread] DEBUG FXGL                 - Saving FXGL system data
00:43:11.258 [JavaFX Application Thread] DEBUG DesktopFSService     - Writing to: system/fxgl.bundle
00:43:11.265 [JavaFX Application Thread] DEBUG GameApplication      - Closing logger and exiting JavaFX
