19:13:44.245 [JavaFX Application Thread] DEBUG GameApplication      - Logger initialized
19:13:44.261 [JavaFX Application Thread] DEBUG MainWindow           - Creating a JavaFX scene
19:13:44.262 [JavaFX Application Thread] DEBUG MainWindow           - Target size > screen size
19:13:44.411 [JavaFX Application Thread] DEBUG MainWindow           - Target settings size: 1307.0 x 719.0
19:13:44.412 [JavaFX Application Thread] DEBUG MainWindow           - Scaled scene size:    1255.0 x 704.0
19:13:44.412 [JavaFX Application Thread] DEBUG MainWindow           - Scaled ratio: (0.9602142310635042, 0.9791376912378303)
19:13:44.421 [JavaFX Application Thread] DEBUG GameApplication      - Starting FXGL
19:13:44.434 [JavaFX Application Thread] INFO  FXGL                 - FXGL-0.5.2 on DESKTOP
19:13:44.434 [JavaFX Application Thread] INFO  FXGL                 - Source code and latest versions at: https://github.com/AlmasB/FXGL
19:13:44.435 [JavaFX Application Thread] INFO  FXGL                 -              Join the FXGL chat at: https://gitter.im/AlmasB/FXGL
19:13:44.448 [JavaFX Application Thread] DEBUG FS                   - Loaded DesktopFSService
19:13:44.449 [JavaFX Application Thread] DEBUG FXGL                 - Loading FXGL system data
19:13:44.463 [JavaFX Application Thread] DEBUG DesktopFSService     - Reading from: system/fxgl.bundle
19:13:44.478 [JavaFX Application Thread] DEBUG Bundle               - Logging bundle: FXGL
19:13:44.479 [JavaFX Application Thread] DEBUG Bundle               - FXGL.offline.timer.version.check=2018-06-08T17:04:18.376
19:13:44.517 [JavaFX Application Thread] DEBUG GameApplication      - FXGL started
19:13:44.518 [JavaFX Application Thread] DEBUG GameApplication      - Logging game settings
Title: LASER DEFENSE
Version: 0.1
Width: 1307
Height: 719
Fullscreen: false
Intro: false
Menus: false
Profiling: false
Single step:false
App Mode: DEVELOPER
Menu Key: ESCAPE
Stage Style: DECORATED
Scene Factory: class com.almasb.fxgl.scene.SceneFactory
Dialog Factory: class com.almasb.fxgl.ui.FXGLDialogFactory
UI Factory: class com.almasb.fxgl.ui.FXGLUIFactory
Notification Service: class com.almasb.fxgl.gameplay.notification.XboxNotificationView
Exception Handler: class com.almasb.fxgl.app.FXGLExceptionHandler
19:13:44.519 [JavaFX Application Thread] DEBUG GameApplication      - Configuring GameApplication
19:13:44.520 [JavaFX Application Thread] DEBUG GameApplication      - Initializing state machine and application states
19:13:44.553 [JavaFX Application Thread] DEBUG AssetLoader          - Loading from disk: /assets/ui/cursors/fxgl_default.png
19:13:44.600 [JavaFX Application Thread] DEBUG AssetLoader          - Loading from disk: /assets/ui/cursors/fxgl_default.png
19:13:45.060 [JavaFX Application Thread] DEBUG FXGLAssets           - Loading FXGLAssets
19:13:45.112 [JavaFX Application Thread] DEBUG AssetLoader          - Loading from disk: /assets/ui/fonts/VarelaRound-Regular.ttf
19:13:45.133 [JavaFX Application Thread] DEBUG AssetLoader          - Loading from disk: /assets/ui/fonts/lucida_console.ttf
19:13:45.137 [JavaFX Application Thread] DEBUG AssetLoader          - Loading from disk: /assets/ui/css/fxgl_dark.css
19:13:45.178 [JavaFX Application Thread] DEBUG AssetLoader          - Loading from disk: /assets/ui/cursors/fxgl_default.png
19:13:45.221 [JavaFX Application Thread] DEBUG AssetLoader          - Loading from disk: /assets/ui/cursors/fxgl_default.png
19:13:45.242 [JavaFX Application Thread] DEBUG GameScene            - Game scene initialized: 1307x719
19:13:45.245 [JavaFX Application Thread] DEBUG GameWorld            - Game world initialized
19:13:45.322 [JavaFX Application Thread] DEBUG PhysicsWorld         - Physics world initialized: appHeight=719, physics.ppm=50.0
19:13:45.354 [JavaFX Application Thread] DEBUG Input                - Registered new binding: Pause - Esc
19:13:45.382 [JavaFX Application Thread] DEBUG Input                - Clearing active input actions
19:13:45.435 [JavaFX Application Thread] DEBUG AppStateMachine      - StartupState -> StartupState
19:13:45.439 [JavaFX Application Thread] INFO  GameApplication      - Game configuration took:  0.919 sec
19:13:45.442 [JavaFX Application Thread] DEBUG AssetLoader          - Loading from disk: /assets/textures/fxgl_icon.png
19:13:45.462 [JavaFX Application Thread] DEBUG MainWindow           - Opening main window
19:13:45.674 [JavaFX Application Thread] DEBUG MainWindow           - Window border size: (0.0, 22.0)
19:13:45.674 [JavaFX Application Thread] DEBUG MainWindow           - Scaled size: 1255.0 x 704.0
19:13:45.675 [JavaFX Application Thread] DEBUG MainWindow           - Scaled ratio: (0.9602142310635042, 0.9791376912378303)
19:13:45.675 [JavaFX Application Thread] DEBUG MainWindow           - Scene size: 1255.0 x 704.0
19:13:45.675 [JavaFX Application Thread] DEBUG MainWindow           - Stage size: 1255.0 x 726.0
19:13:45.676 [JavaFX Application Thread] DEBUG GameApplication      - Running preInit()
19:13:45.678 [JavaFX Application Thread] DEBUG Input                - Registered new binding: Screenshot - P
19:13:45.678 [JavaFX Application Thread] DEBUG Input                - Registered new binding: Dev Options - CTRL+0
19:13:45.679 [JavaFX Application Thread] DEBUG Input                - Registered new binding: System info dump - CTRL+9
19:13:45.680 [JavaFX Application Thread] DEBUG Input                - Registered new binding: Restart - CTRL+R
19:13:45.681 [JavaFX Application Thread] DEBUG Input                - Registered new binding: Hit - LMB
19:13:45.731 [JavaFX Application Thread] DEBUG GameApplication      - Starting main loop
19:13:45.823 [JavaFX Application Thread] DEBUG StartupState         - STARTUP
19:13:45.824 [JavaFX Application Thread] DEBUG GameApplication      - Starting new game
19:13:45.824 [JavaFX Application Thread] DEBUG Input                - Clearing active input actions
19:13:45.834 [JavaFX Application Thread] DEBUG AppStateMachine      - StartupState -> LoadingState
19:13:45.846 [FXGL Background Thread 1 ] DEBUG InitAppTask          - Clearing previous game
19:13:45.846 [FXGL Background Thread 1 ] DEBUG GameWorld            - Clearing game world
19:13:45.846 [FXGL Background Thread 1 ] DEBUG PhysicsWorld         - Clearing physics world
19:13:45.846 [FXGL Background Thread 1 ] DEBUG GameScene            - Clearing game scene
19:13:45.848 [FXGL Background Thread 1 ] DEBUG InitAppTask          - Initializing Game
19:13:45.867 [FXGL Background Thread 1 ] DEBUG GameScene            - Creating render group for layer: DEFAULT(100000)
19:13:45.914 [JavaFX Application Thread] DEBUG GameApplication      - Exiting game application
19:13:45.914 [JavaFX Application Thread] DEBUG GameApplication      - Shutting down background threads
19:13:45.915 [JavaFX Application Thread] DEBUG GameApplication      - Exiting FXGL
19:13:45.915 [JavaFX Application Thread] DEBUG FXGL                 - Saving FXGL system data
19:13:45.922 [JavaFX Application Thread] DEBUG DesktopFSService     - Writing to: system/fxgl.bundle
19:13:45.926 [JavaFX Application Thread] DEBUG GameApplication      - Closing logger and exiting JavaFX
