22:06:43.709 [JavaFX Application Thread] DEBUG GameApplication      - Logger initialized
22:06:43.716 [JavaFX Application Thread] DEBUG MainWindow           - Creating a JavaFX scene
22:06:43.716 [JavaFX Application Thread] DEBUG MainWindow           - Target size > screen size
22:06:43.759 [JavaFX Application Thread] DEBUG MainWindow           - Target settings size: 1307.0 x 719.0
22:06:43.760 [JavaFX Application Thread] DEBUG MainWindow           - Scaled scene size:    1255.0 x 704.0
22:06:43.760 [JavaFX Application Thread] DEBUG MainWindow           - Scaled ratio: (0.9602142310635042, 0.9791376912378303)
22:06:43.763 [JavaFX Application Thread] DEBUG GameApplication      - Starting FXGL
22:06:43.771 [JavaFX Application Thread] INFO  FXGL                 - FXGL-0.5.2 on DESKTOP
22:06:43.772 [JavaFX Application Thread] INFO  FXGL                 - Source code and latest versions at: https://github.com/AlmasB/FXGL
22:06:43.772 [JavaFX Application Thread] INFO  FXGL                 -              Join the FXGL chat at: https://gitter.im/AlmasB/FXGL
22:06:43.778 [JavaFX Application Thread] DEBUG FS                   - Loaded DesktopFSService
22:06:43.778 [JavaFX Application Thread] DEBUG FXGL                 - Loading FXGL system data
22:06:43.783 [JavaFX Application Thread] DEBUG DesktopFSService     - Reading from: system/fxgl.bundle
22:06:43.791 [JavaFX Application Thread] DEBUG Bundle               - Logging bundle: FXGL
22:06:43.791 [JavaFX Application Thread] DEBUG Bundle               - FXGL.offline.timer.version.check=2018-06-15T20:27:09.659
22:06:43.813 [JavaFX Application Thread] DEBUG GameApplication      - FXGL started
22:06:43.813 [JavaFX Application Thread] DEBUG GameApplication      - Logging game settings
Title: Laser Defense
Version: 
Width: 1307
Height: 719
Fullscreen: false
Intro: false
Menus: false
Profiling: false
Single step:false
App Mode: DEVELOPER
Menu Key: ESCAPE
Stage Style: DECORATED
Scene Factory: class com.almasb.fxgl.scene.SceneFactory
Dialog Factory: class com.almasb.fxgl.ui.FXGLDialogFactory
UI Factory: class com.almasb.fxgl.ui.FXGLUIFactory
Notification Service: class com.almasb.fxgl.gameplay.notification.XboxNotificationView
Exception Handler: class com.almasb.fxgl.app.FXGLExceptionHandler
22:06:43.814 [JavaFX Application Thread] DEBUG GameApplication      - Configuring GameApplication
22:06:43.814 [JavaFX Application Thread] DEBUG GameApplication      - Initializing state machine and application states
22:06:43.824 [JavaFX Application Thread] DEBUG AssetLoader          - Loading from disk: /assets/ui/cursors/fxgl_default.png
22:06:43.842 [JavaFX Application Thread] DEBUG AssetLoader          - Loading from disk: /assets/ui/cursors/fxgl_default.png
22:06:44.116 [JavaFX Application Thread] DEBUG FXGLAssets           - Loading FXGLAssets
22:06:44.149 [JavaFX Application Thread] DEBUG AssetLoader          - Loading from disk: /assets/ui/fonts/VarelaRound-Regular.ttf
22:06:44.155 [JavaFX Application Thread] DEBUG AssetLoader          - Loading from disk: /assets/ui/fonts/lucida_console.ttf
22:06:44.162 [JavaFX Application Thread] DEBUG AssetLoader          - Loading from disk: /assets/ui/css/fxgl_dark.css
22:06:44.189 [JavaFX Application Thread] DEBUG AssetLoader          - Loading from disk: /assets/ui/cursors/fxgl_default.png
22:06:44.193 [JavaFX Application Thread] DEBUG AssetLoader          - Loading from disk: /assets/ui/cursors/fxgl_default.png
22:06:44.208 [JavaFX Application Thread] DEBUG GameScene            - Game scene initialized: 1307x719
22:06:44.210 [JavaFX Application Thread] DEBUG GameWorld            - Game world initialized
22:06:44.248 [JavaFX Application Thread] DEBUG PhysicsWorld         - Physics world initialized: appHeight=719, physics.ppm=50.0
22:06:44.265 [JavaFX Application Thread] DEBUG Input                - Registered new binding: Pause - Esc
22:06:44.280 [JavaFX Application Thread] DEBUG Input                - Clearing active input actions
22:06:44.320 [JavaFX Application Thread] DEBUG AppStateMachine      - StartupState -> StartupState
22:06:44.324 [JavaFX Application Thread] INFO  GameApplication      - Game configuration took:  0.511 sec
22:06:44.327 [JavaFX Application Thread] DEBUG AssetLoader          - Loading from disk: /assets/textures/fxgl_icon.png
22:06:44.343 [JavaFX Application Thread] DEBUG MainWindow           - Opening main window
22:06:44.460 [JavaFX Application Thread] DEBUG MainWindow           - Window border size: (0.0, 22.0)
22:06:44.460 [JavaFX Application Thread] DEBUG MainWindow           - Scaled size: 1255.0 x 704.0
22:06:44.461 [JavaFX Application Thread] DEBUG MainWindow           - Scaled ratio: (0.9602142310635042, 0.9791376912378303)
22:06:44.461 [JavaFX Application Thread] DEBUG MainWindow           - Scene size: 1255.0 x 704.0
22:06:44.461 [JavaFX Application Thread] DEBUG MainWindow           - Stage size: 1255.0 x 726.0
22:06:44.461 [JavaFX Application Thread] DEBUG GameApplication      - Running preInit()
22:06:44.464 [JavaFX Application Thread] DEBUG Input                - Registered new binding: Screenshot - P
22:06:44.465 [JavaFX Application Thread] DEBUG Input                - Registered new binding: Dev Options - CTRL+0
22:06:44.466 [JavaFX Application Thread] DEBUG Input                - Registered new binding: System info dump - CTRL+9
22:06:44.466 [JavaFX Application Thread] DEBUG Input                - Registered new binding: Restart - CTRL+R
22:06:44.467 [JavaFX Application Thread] DEBUG Input                - Registered new binding: Hit - LMB
22:06:44.510 [JavaFX Application Thread] DEBUG GameApplication      - Starting main loop
22:06:44.576 [JavaFX Application Thread] DEBUG StartupState         - STARTUP
22:06:44.576 [JavaFX Application Thread] DEBUG GameApplication      - Starting new game
22:06:44.577 [JavaFX Application Thread] DEBUG Input                - Clearing active input actions
22:06:44.586 [JavaFX Application Thread] DEBUG AppStateMachine      - StartupState -> LoadingState
22:06:44.591 [FXGL Background Thread 1 ] DEBUG InitAppTask          - Clearing previous game
22:06:44.591 [FXGL Background Thread 1 ] DEBUG GameWorld            - Clearing game world
22:06:44.591 [FXGL Background Thread 1 ] DEBUG PhysicsWorld         - Clearing physics world
22:06:44.591 [FXGL Background Thread 1 ] DEBUG GameScene            - Clearing game scene
22:06:44.593 [FXGL Background Thread 1 ] DEBUG InitAppTask          - Initializing Game
22:06:44.609 [FXGL Background Thread 1 ] DEBUG GameScene            - Creating render group for layer: DEFAULT(100000)
22:06:44.611 [FXGL Background Thread 1 ] DEBUG InitAppTask          - Initializing Physics
22:06:44.612 [FXGL Background Thread 1 ] DEBUG InitAppTask          - Initializing UI
22:06:44.624 [FXGL Background Thread 1 ] DEBUG InitAppTask          - Initialization Complete
22:06:44.624 [FXGL Background Thread 1 ] INFO  InitAppTask          - Game initialization took: 0.033 sec
22:06:44.662 [JavaFX Application Thread] DEBUG Input                - Clearing active input actions
22:06:44.680 [JavaFX Application Thread] DEBUG AppStateMachine      - LoadingState -> PlayState
22:06:46.038 [JavaFX Application Thread] DEBUG AssetLoader          - Loading from disk: /assets/textures/enemy1Sheet.png
22:06:46.047 [JavaFX Application Thread] DEBUG AssetLoader          - Loading from cache: /assets/textures/enemy1Sheet.png
22:06:46.049 [JavaFX Application Thread] DEBUG AssetLoader          - Loading from cache: /assets/textures/enemy1Sheet.png
22:06:46.050 [JavaFX Application Thread] DEBUG AssetLoader          - Loading from cache: /assets/textures/enemy1Sheet.png
22:06:46.051 [JavaFX Application Thread] DEBUG AssetLoader          - Loading from cache: /assets/textures/enemy1Sheet.png
22:06:59.781 [JavaFX Application Thread] DEBUG AssetLoader          - Loading from disk: /assets/ui/cursors/turret1_60x60.png
22:07:12.795 [JavaFX Application Thread] DEBUG AssetLoader          - Loading from disk: /assets/ui/cursors/turret1_60x60.png
22:07:20.654 [JavaFX Application Thread] DEBUG GameScene            - Clearing game scene
22:07:20.727 [JavaFX Application Thread] DEBUG GameScene            - Creating render group for layer: DEFAULT(100000)
22:07:21.861 [JavaFX Application Thread] DEBUG AssetLoader          - Loading from disk: /assets/textures/turret1_60x60.png
22:07:28.303 [JavaFX Application Thread] DEBUG AssetLoader          - Loading from cache: /assets/textures/turret1_60x60.png
22:07:28.309 [JavaFX Application Thread] DEBUG AssetLoader          - Loading from disk: /assets/textures/turret1_60x60selected.png
22:07:28.751 [JavaFX Application Thread] DEBUG AssetLoader          - Loading from cache: /assets/textures/turret1_60x60.png
22:07:28.923 [JavaFX Application Thread] DEBUG AssetLoader          - Loading from cache: /assets/textures/turret1_60x60.png
22:07:28.925 [JavaFX Application Thread] DEBUG AssetLoader          - Loading from cache: /assets/textures/turret1_60x60selected.png
22:07:29.100 [JavaFX Application Thread] DEBUG AssetLoader          - Loading from cache: /assets/textures/turret1_60x60.png
22:07:29.267 [JavaFX Application Thread] DEBUG AssetLoader          - Loading from cache: /assets/textures/turret1_60x60.png
22:07:29.269 [JavaFX Application Thread] DEBUG AssetLoader          - Loading from cache: /assets/textures/turret1_60x60selected.png
22:07:29.438 [JavaFX Application Thread] DEBUG AssetLoader          - Loading from cache: /assets/textures/turret1_60x60.png
22:07:29.605 [JavaFX Application Thread] DEBUG AssetLoader          - Loading from cache: /assets/textures/turret1_60x60.png
22:07:29.607 [JavaFX Application Thread] DEBUG AssetLoader          - Loading from cache: /assets/textures/turret1_60x60selected.png
22:07:29.814 [JavaFX Application Thread] DEBUG AssetLoader          - Loading from cache: /assets/textures/turret1_60x60.png
22:07:30.197 [JavaFX Application Thread] DEBUG AssetLoader          - Loading from cache: /assets/textures/turret1_60x60.png
22:07:30.198 [JavaFX Application Thread] DEBUG AssetLoader          - Loading from cache: /assets/textures/turret1_60x60selected.png
22:07:30.608 [JavaFX Application Thread] DEBUG AssetLoader          - Loading from cache: /assets/textures/turret1_60x60.png
22:07:33.119 [JavaFX Application Thread] DEBUG GameApplication      - Exiting game application
22:07:33.120 [JavaFX Application Thread] DEBUG GameApplication      - Shutting down background threads
22:07:33.120 [JavaFX Application Thread] DEBUG GameApplication      - Exiting FXGL
22:07:33.121 [JavaFX Application Thread] DEBUG FXGL                 - Saving FXGL system data
22:07:33.123 [JavaFX Application Thread] DEBUG DesktopFSService     - Writing to: system/fxgl.bundle
22:07:33.126 [JavaFX Application Thread] DEBUG GameApplication      - Closing logger and exiting JavaFX
