19:12:08.803 [JavaFX Application Thread] DEBUG GameApplication      - Logger initialized
19:12:08.818 [JavaFX Application Thread] DEBUG MainWindow           - Creating a JavaFX scene
19:12:08.818 [JavaFX Application Thread] DEBUG MainWindow           - Target size > screen size
19:12:08.951 [JavaFX Application Thread] DEBUG MainWindow           - Target settings size: 1307.0 x 719.0
19:12:08.952 [JavaFX Application Thread] DEBUG MainWindow           - Scaled scene size:    1255.0 x 704.0
19:12:08.952 [JavaFX Application Thread] DEBUG MainWindow           - Scaled ratio: (0.9602142310635042, 0.9791376912378303)
19:12:08.970 [JavaFX Application Thread] DEBUG GameApplication      - Starting FXGL
19:12:08.988 [JavaFX Application Thread] INFO  FXGL                 - FXGL-0.5.2 on DESKTOP
19:12:08.988 [JavaFX Application Thread] INFO  FXGL                 - Source code and latest versions at: https://github.com/AlmasB/FXGL
19:12:08.989 [JavaFX Application Thread] INFO  FXGL                 -              Join the FXGL chat at: https://gitter.im/AlmasB/FXGL
19:12:08.998 [JavaFX Application Thread] DEBUG FS                   - Loaded DesktopFSService
19:12:08.999 [JavaFX Application Thread] DEBUG FXGL                 - Loading FXGL system data
19:12:09.020 [JavaFX Application Thread] DEBUG DesktopFSService     - Reading from: system/fxgl.bundle
19:12:09.029 [JavaFX Application Thread] DEBUG Bundle               - Logging bundle: FXGL
19:12:09.030 [JavaFX Application Thread] DEBUG Bundle               - FXGL.offline.timer.version.check=2018-06-08T17:04:18.376
19:12:09.071 [JavaFX Application Thread] DEBUG GameApplication      - FXGL started
19:12:09.071 [JavaFX Application Thread] DEBUG GameApplication      - Logging game settings
Title: LASER DEFENSE
Version: 0.1
Width: 1307
Height: 719
Fullscreen: false
Intro: false
Menus: false
Profiling: false
Single step:false
App Mode: DEVELOPER
Menu Key: ESCAPE
Stage Style: DECORATED
Scene Factory: class com.almasb.fxgl.scene.SceneFactory
Dialog Factory: class com.almasb.fxgl.ui.FXGLDialogFactory
UI Factory: class com.almasb.fxgl.ui.FXGLUIFactory
Notification Service: class com.almasb.fxgl.gameplay.notification.XboxNotificationView
Exception Handler: class com.almasb.fxgl.app.FXGLExceptionHandler
19:12:09.072 [JavaFX Application Thread] DEBUG GameApplication      - Configuring GameApplication
19:12:09.072 [JavaFX Application Thread] DEBUG GameApplication      - Initializing state machine and application states
19:12:09.088 [JavaFX Application Thread] DEBUG AssetLoader          - Loading from disk: /assets/ui/cursors/fxgl_default.png
19:12:09.126 [JavaFX Application Thread] DEBUG AssetLoader          - Loading from disk: /assets/ui/cursors/fxgl_default.png
19:12:09.603 [JavaFX Application Thread] DEBUG FXGLAssets           - Loading FXGLAssets
19:12:09.652 [JavaFX Application Thread] DEBUG AssetLoader          - Loading from disk: /assets/ui/fonts/VarelaRound-Regular.ttf
19:12:09.671 [JavaFX Application Thread] DEBUG AssetLoader          - Loading from disk: /assets/ui/fonts/lucida_console.ttf
19:12:09.675 [JavaFX Application Thread] DEBUG AssetLoader          - Loading from disk: /assets/ui/css/fxgl_dark.css
19:12:09.721 [JavaFX Application Thread] DEBUG AssetLoader          - Loading from disk: /assets/ui/cursors/fxgl_default.png
19:12:09.766 [JavaFX Application Thread] DEBUG AssetLoader          - Loading from disk: /assets/ui/cursors/fxgl_default.png
19:12:09.790 [JavaFX Application Thread] DEBUG GameScene            - Game scene initialized: 1307x719
19:12:09.791 [JavaFX Application Thread] DEBUG GameWorld            - Game world initialized
19:12:09.843 [JavaFX Application Thread] DEBUG PhysicsWorld         - Physics world initialized: appHeight=719, physics.ppm=50.0
19:12:09.867 [JavaFX Application Thread] DEBUG Input                - Registered new binding: Pause - Esc
19:12:09.887 [JavaFX Application Thread] DEBUG Input                - Clearing active input actions
19:12:09.953 [JavaFX Application Thread] DEBUG AppStateMachine      - StartupState -> StartupState
19:12:09.959 [JavaFX Application Thread] INFO  GameApplication      - Game configuration took:  0.887 sec
19:12:09.962 [JavaFX Application Thread] DEBUG AssetLoader          - Loading from disk: /assets/textures/fxgl_icon.png
19:12:09.982 [JavaFX Application Thread] DEBUG MainWindow           - Opening main window
19:12:10.155 [JavaFX Application Thread] DEBUG MainWindow           - Window border size: (0.0, 22.0)
19:12:10.155 [JavaFX Application Thread] DEBUG MainWindow           - Scaled size: 1255.0 x 704.0
19:12:10.156 [JavaFX Application Thread] DEBUG MainWindow           - Scaled ratio: (0.9602142310635042, 0.9791376912378303)
19:12:10.156 [JavaFX Application Thread] DEBUG MainWindow           - Scene size: 1255.0 x 704.0
19:12:10.156 [JavaFX Application Thread] DEBUG MainWindow           - Stage size: 1255.0 x 726.0
19:12:10.157 [JavaFX Application Thread] DEBUG GameApplication      - Running preInit()
19:12:10.161 [JavaFX Application Thread] DEBUG Input                - Registered new binding: Screenshot - P
19:12:10.162 [JavaFX Application Thread] DEBUG Input                - Registered new binding: Dev Options - CTRL+0
19:12:10.163 [JavaFX Application Thread] DEBUG Input                - Registered new binding: System info dump - CTRL+9
19:12:10.164 [JavaFX Application Thread] DEBUG Input                - Registered new binding: Restart - CTRL+R
19:12:10.165 [JavaFX Application Thread] DEBUG Input                - Registered new binding: Hit - LMB
19:12:10.207 [JavaFX Application Thread] DEBUG GameApplication      - Starting main loop
19:12:10.273 [JavaFX Application Thread] DEBUG StartupState         - STARTUP
19:12:10.273 [JavaFX Application Thread] DEBUG GameApplication      - Starting new game
19:12:10.273 [JavaFX Application Thread] DEBUG Input                - Clearing active input actions
19:12:10.286 [JavaFX Application Thread] DEBUG AppStateMachine      - StartupState -> LoadingState
19:12:10.297 [FXGL Background Thread 1 ] DEBUG InitAppTask          - Clearing previous game
19:12:10.298 [FXGL Background Thread 1 ] DEBUG GameWorld            - Clearing game world
19:12:10.298 [FXGL Background Thread 1 ] DEBUG PhysicsWorld         - Clearing physics world
19:12:10.298 [FXGL Background Thread 1 ] DEBUG GameScene            - Clearing game scene
19:12:10.299 [FXGL Background Thread 1 ] DEBUG InitAppTask          - Initializing Game
19:12:10.318 [FXGL Background Thread 1 ] DEBUG GameScene            - Creating render group for layer: DEFAULT(100000)
19:12:10.389 [FXGL Background Thread 1 ] DEBUG AssetLoader          - Loading from disk: /assets/textures/enemyOneSheet.png
19:12:10.406 [FXGL Background Thread 1 ] DEBUG AssetLoader          - Loading from cache: /assets/textures/enemyOneSheet.png
19:12:10.409 [FXGL Background Thread 1 ] DEBUG AssetLoader          - Loading from cache: /assets/textures/enemyOneSheet.png
19:12:10.415 [FXGL Background Thread 1 ] DEBUG AssetLoader          - Loading from cache: /assets/textures/enemyOneSheet.png
19:12:10.416 [FXGL Background Thread 1 ] DEBUG AssetLoader          - Loading from cache: /assets/textures/enemyOneSheet.png
19:12:10.418 [FXGL Background Thread 1 ] DEBUG AssetLoader          - Loading from cache: /assets/textures/enemyOneSheet.png
19:12:10.419 [FXGL Background Thread 1 ] DEBUG AssetLoader          - Loading from cache: /assets/textures/enemyOneSheet.png
19:12:10.420 [FXGL Background Thread 1 ] DEBUG AssetLoader          - Loading from cache: /assets/textures/enemyOneSheet.png
19:12:10.421 [FXGL Background Thread 1 ] DEBUG AssetLoader          - Loading from cache: /assets/textures/enemyOneSheet.png
19:12:10.422 [FXGL Background Thread 1 ] DEBUG AssetLoader          - Loading from cache: /assets/textures/enemyOneSheet.png
19:12:10.423 [FXGL Background Thread 1 ] DEBUG InitAppTask          - Initializing Physics
19:12:10.424 [FXGL Background Thread 1 ] DEBUG InitAppTask          - Initializing UI
19:12:10.424 [FXGL Background Thread 1 ] DEBUG InitAppTask          - Initialization Complete
19:12:10.424 [FXGL Background Thread 1 ] INFO  InitAppTask          - Game initialization took: 0.127 sec
19:12:10.597 [JavaFX Application Thread] DEBUG Input                - Clearing active input actions
19:12:10.614 [JavaFX Application Thread] DEBUG AppStateMachine      - LoadingState -> PlayState
19:12:11.033 [JavaFX Application Thread] DEBUG AssetLoader          - Loading from disk: /assets/textures/laserBullet.png
19:12:11.657 [JavaFX Application Thread] DEBUG AssetLoader          - Loading from cache: /assets/textures/laserBullet.png
19:12:12.244 [JavaFX Application Thread] DEBUG AssetLoader          - Loading from cache: /assets/textures/laserBullet.png
19:12:12.776 [JavaFX Application Thread] DEBUG AssetLoader          - Loading from cache: /assets/textures/laserBullet.png
19:12:13.348 [JavaFX Application Thread] DEBUG AssetLoader          - Loading from cache: /assets/textures/laserBullet.png
19:12:13.897 [JavaFX Application Thread] DEBUG AssetLoader          - Loading from cache: /assets/textures/laserBullet.png
19:12:14.484 [JavaFX Application Thread] DEBUG AssetLoader          - Loading from cache: /assets/textures/laserBullet.png
19:12:15.131 [JavaFX Application Thread] DEBUG AssetLoader          - Loading from cache: /assets/textures/laserBullet.png
19:12:15.722 [JavaFX Application Thread] DEBUG AssetLoader          - Loading from cache: /assets/textures/laserBullet.png
19:12:16.305 [JavaFX Application Thread] DEBUG AssetLoader          - Loading from cache: /assets/textures/laserBullet.png
19:12:16.888 [JavaFX Application Thread] DEBUG AssetLoader          - Loading from cache: /assets/textures/laserBullet.png
19:12:17.511 [JavaFX Application Thread] DEBUG AssetLoader          - Loading from cache: /assets/textures/laserBullet.png
19:12:18.192 [JavaFX Application Thread] DEBUG AssetLoader          - Loading from cache: /assets/textures/laserBullet.png
19:12:18.818 [JavaFX Application Thread] DEBUG AssetLoader          - Loading from cache: /assets/textures/laserBullet.png
19:12:19.479 [JavaFX Application Thread] DEBUG AssetLoader          - Loading from cache: /assets/textures/laserBullet.png
19:12:19.984 [JavaFX Application Thread] DEBUG AssetLoader          - Loading from cache: /assets/textures/laserBullet.png
19:12:20.566 [JavaFX Application Thread] DEBUG AssetLoader          - Loading from cache: /assets/textures/laserBullet.png
19:13:47.396 [JavaFX Application Thread] DEBUG GameApplication      - Exiting game application
19:13:47.397 [JavaFX Application Thread] DEBUG GameApplication      - Shutting down background threads
19:13:47.397 [JavaFX Application Thread] DEBUG GameApplication      - Exiting FXGL
19:13:47.398 [JavaFX Application Thread] DEBUG FXGL                 - Saving FXGL system data
19:13:47.401 [JavaFX Application Thread] DEBUG DesktopFSService     - Writing to: system/fxgl.bundle
19:13:47.405 [JavaFX Application Thread] DEBUG GameApplication      - Closing logger and exiting JavaFX
