23:16:11.689 [JavaFX Application Thread] DEBUG GameApplication      - Logger initialized
23:16:11.701 [JavaFX Application Thread] DEBUG MainWindow           - Creating a JavaFX scene
23:16:11.701 [JavaFX Application Thread] DEBUG MainWindow           - Target size > screen size
23:16:11.819 [JavaFX Application Thread] DEBUG MainWindow           - Target settings size: 1307.0 x 719.0
23:16:11.819 [JavaFX Application Thread] DEBUG MainWindow           - Scaled scene size:    1255.0 x 704.0
23:16:11.820 [JavaFX Application Thread] DEBUG MainWindow           - Scaled ratio: (0.9602142310635042, 0.9791376912378303)
23:16:11.827 [JavaFX Application Thread] DEBUG GameApplication      - Starting FXGL
23:16:11.840 [JavaFX Application Thread] INFO  FXGL                 - FXGL-0.5.2 on DESKTOP
23:16:11.841 [JavaFX Application Thread] INFO  FXGL                 - Source code and latest versions at: https://github.com/AlmasB/FXGL
23:16:11.842 [JavaFX Application Thread] INFO  FXGL                 -              Join the FXGL chat at: https://gitter.im/AlmasB/FXGL
23:16:11.850 [JavaFX Application Thread] DEBUG FS                   - Loaded DesktopFSService
23:16:11.851 [JavaFX Application Thread] DEBUG FXGL                 - Loading FXGL system data
23:16:11.864 [JavaFX Application Thread] DEBUG DesktopFSService     - Reading from: system/fxgl.bundle
23:16:11.875 [JavaFX Application Thread] DEBUG Bundle               - Logging bundle: FXGL
23:16:11.877 [JavaFX Application Thread] DEBUG Bundle               - FXGL.offline.timer.version.check=2018-06-08T17:04:18.376
23:16:11.920 [JavaFX Application Thread] DEBUG GameApplication      - FXGL started
23:16:11.920 [JavaFX Application Thread] DEBUG GameApplication      - Logging game settings
Title: LASER DEFENSE
Version: 0.1
Width: 1307
Height: 719
Fullscreen: false
Intro: false
Menus: false
Profiling: false
Single step:false
App Mode: DEVELOPER
Menu Key: ESCAPE
Stage Style: DECORATED
Scene Factory: class com.almasb.fxgl.scene.SceneFactory
Dialog Factory: class com.almasb.fxgl.ui.FXGLDialogFactory
UI Factory: class com.almasb.fxgl.ui.FXGLUIFactory
Notification Service: class com.almasb.fxgl.gameplay.notification.XboxNotificationView
Exception Handler: class com.almasb.fxgl.app.FXGLExceptionHandler
23:16:11.921 [JavaFX Application Thread] DEBUG GameApplication      - Configuring GameApplication
23:16:11.921 [JavaFX Application Thread] DEBUG GameApplication      - Initializing state machine and application states
23:16:11.934 [JavaFX Application Thread] DEBUG AssetLoader          - Loading from disk: /assets/ui/cursors/fxgl_default.png
23:16:11.965 [JavaFX Application Thread] DEBUG AssetLoader          - Loading from disk: /assets/ui/cursors/fxgl_default.png
23:16:12.604 [JavaFX Application Thread] DEBUG FXGLAssets           - Loading FXGLAssets
23:16:12.673 [JavaFX Application Thread] DEBUG AssetLoader          - Loading from disk: /assets/ui/fonts/VarelaRound-Regular.ttf
23:16:12.718 [JavaFX Application Thread] DEBUG AssetLoader          - Loading from disk: /assets/ui/fonts/lucida_console.ttf
23:16:12.724 [JavaFX Application Thread] DEBUG AssetLoader          - Loading from disk: /assets/ui/css/fxgl_dark.css
23:16:12.782 [JavaFX Application Thread] DEBUG AssetLoader          - Loading from disk: /assets/ui/cursors/fxgl_default.png
23:16:12.820 [JavaFX Application Thread] DEBUG AssetLoader          - Loading from disk: /assets/ui/cursors/fxgl_default.png
23:16:12.844 [JavaFX Application Thread] DEBUG GameScene            - Game scene initialized: 1307x719
23:16:12.849 [JavaFX Application Thread] DEBUG GameWorld            - Game world initialized
23:16:12.899 [JavaFX Application Thread] DEBUG PhysicsWorld         - Physics world initialized: appHeight=719, physics.ppm=50.0
23:16:12.918 [JavaFX Application Thread] DEBUG Input                - Registered new binding: Pause - Esc
23:16:12.939 [JavaFX Application Thread] DEBUG Input                - Clearing active input actions
23:16:13.012 [JavaFX Application Thread] DEBUG AppStateMachine      - StartupState -> StartupState
23:16:13.017 [JavaFX Application Thread] INFO  GameApplication      - Game configuration took:  1.096 sec
23:16:13.021 [JavaFX Application Thread] DEBUG AssetLoader          - Loading from disk: /assets/textures/fxgl_icon.png
23:16:13.038 [JavaFX Application Thread] DEBUG MainWindow           - Opening main window
23:16:13.445 [JavaFX Application Thread] DEBUG MainWindow           - Window border size: (0.0, 22.0)
23:16:13.445 [JavaFX Application Thread] DEBUG MainWindow           - Scaled size: 1255.0 x 704.0
23:16:13.446 [JavaFX Application Thread] DEBUG MainWindow           - Scaled ratio: (0.9602142310635042, 0.9791376912378303)
23:16:13.446 [JavaFX Application Thread] DEBUG MainWindow           - Scene size: 1255.0 x 704.0
23:16:13.446 [JavaFX Application Thread] DEBUG MainWindow           - Stage size: 1255.0 x 726.0
23:16:13.447 [JavaFX Application Thread] DEBUG GameApplication      - Running preInit()
23:16:13.450 [JavaFX Application Thread] DEBUG Input                - Registered new binding: Screenshot - P
23:16:13.450 [JavaFX Application Thread] DEBUG Input                - Registered new binding: Dev Options - CTRL+0
23:16:13.452 [JavaFX Application Thread] DEBUG Input                - Registered new binding: System info dump - CTRL+9
23:16:13.453 [JavaFX Application Thread] DEBUG Input                - Registered new binding: Restart - CTRL+R
23:16:13.455 [JavaFX Application Thread] DEBUG Input                - Registered new binding: Hit - LMB
23:16:13.530 [JavaFX Application Thread] DEBUG GameApplication      - Starting main loop
23:16:13.651 [JavaFX Application Thread] DEBUG StartupState         - STARTUP
23:16:13.651 [JavaFX Application Thread] DEBUG GameApplication      - Starting new game
23:16:13.651 [JavaFX Application Thread] DEBUG Input                - Clearing active input actions
23:16:13.668 [JavaFX Application Thread] DEBUG AppStateMachine      - StartupState -> LoadingState
23:16:13.688 [FXGL Background Thread 1 ] DEBUG InitAppTask          - Clearing previous game
23:16:13.688 [FXGL Background Thread 1 ] DEBUG GameWorld            - Clearing game world
23:16:13.689 [FXGL Background Thread 1 ] DEBUG PhysicsWorld         - Clearing physics world
23:16:13.689 [FXGL Background Thread 1 ] DEBUG GameScene            - Clearing game scene
23:16:13.693 [FXGL Background Thread 1 ] DEBUG InitAppTask          - Initializing Game
23:16:13.721 [FXGL Background Thread 1 ] DEBUG GameScene            - Creating render group for layer: DEFAULT(100000)
23:16:13.780 [FXGL Background Thread 1 ] DEBUG AssetLoader          - Loading from disk: /assets/textures//enemy1.png
23:16:13.789 [FXGL Background Thread 1 ] DEBUG InitAppTask          - Initializing Physics
23:16:13.789 [FXGL Background Thread 1 ] DEBUG InitAppTask          - Initializing UI
23:16:13.789 [FXGL Background Thread 1 ] DEBUG InitAppTask          - Initialization Complete
23:16:13.789 [FXGL Background Thread 1 ] INFO  InitAppTask          - Game initialization took: 0.102 sec
23:16:13.955 [JavaFX Application Thread] DEBUG GameApplication      - Exiting game application
23:16:13.956 [JavaFX Application Thread] DEBUG GameApplication      - Shutting down background threads
23:16:13.957 [JavaFX Application Thread] DEBUG GameApplication      - Exiting FXGL
23:16:13.957 [JavaFX Application Thread] DEBUG FXGL                 - Saving FXGL system data
23:16:13.966 [JavaFX Application Thread] DEBUG DesktopFSService     - Writing to: system/fxgl.bundle
23:16:13.972 [JavaFX Application Thread] DEBUG GameApplication      - Closing logger and exiting JavaFX
