23:16:23.843 [JavaFX Application Thread] DEBUG GameApplication      - Logger initialized
23:16:23.850 [JavaFX Application Thread] DEBUG MainWindow           - Creating a JavaFX scene
23:16:23.850 [JavaFX Application Thread] DEBUG MainWindow           - Target size > screen size
23:16:23.937 [JavaFX Application Thread] DEBUG MainWindow           - Target settings size: 1307.0 x 719.0
23:16:23.937 [JavaFX Application Thread] DEBUG MainWindow           - Scaled scene size:    1255.0 x 704.0
23:16:23.937 [JavaFX Application Thread] DEBUG MainWindow           - Scaled ratio: (0.9602142310635042, 0.9791376912378303)
23:16:23.942 [JavaFX Application Thread] DEBUG GameApplication      - Starting FXGL
23:16:23.954 [JavaFX Application Thread] INFO  FXGL                 - FXGL-0.5.2 on DESKTOP
23:16:23.954 [JavaFX Application Thread] INFO  FXGL                 - Source code and latest versions at: https://github.com/AlmasB/FXGL
23:16:23.955 [JavaFX Application Thread] INFO  FXGL                 -              Join the FXGL chat at: https://gitter.im/AlmasB/FXGL
23:16:23.963 [JavaFX Application Thread] DEBUG FS                   - Loaded DesktopFSService
23:16:23.963 [JavaFX Application Thread] DEBUG FXGL                 - Loading FXGL system data
23:16:23.973 [JavaFX Application Thread] DEBUG DesktopFSService     - Reading from: system/fxgl.bundle
23:16:23.981 [JavaFX Application Thread] DEBUG Bundle               - Logging bundle: FXGL
23:16:23.981 [JavaFX Application Thread] DEBUG Bundle               - FXGL.offline.timer.version.check=2018-06-08T17:04:18.376
23:16:24.003 [JavaFX Application Thread] DEBUG GameApplication      - FXGL started
23:16:24.003 [JavaFX Application Thread] DEBUG GameApplication      - Logging game settings
Title: LASER DEFENSE
Version: 0.1
Width: 1307
Height: 719
Fullscreen: false
Intro: false
Menus: false
Profiling: false
Single step:false
App Mode: DEVELOPER
Menu Key: ESCAPE
Stage Style: DECORATED
Scene Factory: class com.almasb.fxgl.scene.SceneFactory
Dialog Factory: class com.almasb.fxgl.ui.FXGLDialogFactory
UI Factory: class com.almasb.fxgl.ui.FXGLUIFactory
Notification Service: class com.almasb.fxgl.gameplay.notification.XboxNotificationView
Exception Handler: class com.almasb.fxgl.app.FXGLExceptionHandler
23:16:24.004 [JavaFX Application Thread] DEBUG GameApplication      - Configuring GameApplication
23:16:24.004 [JavaFX Application Thread] DEBUG GameApplication      - Initializing state machine and application states
23:16:24.014 [JavaFX Application Thread] DEBUG AssetLoader          - Loading from disk: /assets/ui/cursors/fxgl_default.png
23:16:24.032 [JavaFX Application Thread] DEBUG AssetLoader          - Loading from disk: /assets/ui/cursors/fxgl_default.png
23:16:24.323 [JavaFX Application Thread] DEBUG FXGLAssets           - Loading FXGLAssets
23:16:24.356 [JavaFX Application Thread] DEBUG AssetLoader          - Loading from disk: /assets/ui/fonts/VarelaRound-Regular.ttf
23:16:24.369 [JavaFX Application Thread] DEBUG AssetLoader          - Loading from disk: /assets/ui/fonts/lucida_console.ttf
23:16:24.374 [JavaFX Application Thread] DEBUG AssetLoader          - Loading from disk: /assets/ui/css/fxgl_dark.css
23:16:24.401 [JavaFX Application Thread] DEBUG AssetLoader          - Loading from disk: /assets/ui/cursors/fxgl_default.png
23:16:24.431 [JavaFX Application Thread] DEBUG AssetLoader          - Loading from disk: /assets/ui/cursors/fxgl_default.png
23:16:24.448 [JavaFX Application Thread] DEBUG GameScene            - Game scene initialized: 1307x719
23:16:24.449 [JavaFX Application Thread] DEBUG GameWorld            - Game world initialized
23:16:24.483 [JavaFX Application Thread] DEBUG PhysicsWorld         - Physics world initialized: appHeight=719, physics.ppm=50.0
23:16:24.499 [JavaFX Application Thread] DEBUG Input                - Registered new binding: Pause - Esc
23:16:24.513 [JavaFX Application Thread] DEBUG Input                - Clearing active input actions
23:16:24.556 [JavaFX Application Thread] DEBUG AppStateMachine      - StartupState -> StartupState
23:16:24.560 [JavaFX Application Thread] INFO  GameApplication      - Game configuration took:  0.556 sec
23:16:24.562 [JavaFX Application Thread] DEBUG AssetLoader          - Loading from disk: /assets/textures/fxgl_icon.png
23:16:24.575 [JavaFX Application Thread] DEBUG MainWindow           - Opening main window
23:16:24.689 [JavaFX Application Thread] DEBUG MainWindow           - Window border size: (0.0, 22.0)
23:16:24.689 [JavaFX Application Thread] DEBUG MainWindow           - Scaled size: 1255.0 x 704.0
23:16:24.689 [JavaFX Application Thread] DEBUG MainWindow           - Scaled ratio: (0.9602142310635042, 0.9791376912378303)
23:16:24.689 [JavaFX Application Thread] DEBUG MainWindow           - Scene size: 1255.0 x 704.0
23:16:24.689 [JavaFX Application Thread] DEBUG MainWindow           - Stage size: 1255.0 x 726.0
23:16:24.689 [JavaFX Application Thread] DEBUG GameApplication      - Running preInit()
23:16:24.691 [JavaFX Application Thread] DEBUG Input                - Registered new binding: Screenshot - P
23:16:24.691 [JavaFX Application Thread] DEBUG Input                - Registered new binding: Dev Options - CTRL+0
23:16:24.692 [JavaFX Application Thread] DEBUG Input                - Registered new binding: System info dump - CTRL+9
23:16:24.692 [JavaFX Application Thread] DEBUG Input                - Registered new binding: Restart - CTRL+R
23:16:24.693 [JavaFX Application Thread] DEBUG Input                - Registered new binding: Hit - LMB
23:16:24.729 [JavaFX Application Thread] DEBUG GameApplication      - Starting main loop
23:16:24.781 [JavaFX Application Thread] DEBUG StartupState         - STARTUP
23:16:24.781 [JavaFX Application Thread] DEBUG GameApplication      - Starting new game
23:16:24.781 [JavaFX Application Thread] DEBUG Input                - Clearing active input actions
23:16:24.791 [JavaFX Application Thread] DEBUG AppStateMachine      - StartupState -> LoadingState
23:16:24.805 [FXGL Background Thread 1 ] DEBUG InitAppTask          - Clearing previous game
23:16:24.806 [FXGL Background Thread 1 ] DEBUG GameWorld            - Clearing game world
23:16:24.806 [FXGL Background Thread 1 ] DEBUG PhysicsWorld         - Clearing physics world
23:16:24.807 [FXGL Background Thread 1 ] DEBUG GameScene            - Clearing game scene
23:16:24.808 [FXGL Background Thread 1 ] DEBUG InitAppTask          - Initializing Game
23:16:24.824 [FXGL Background Thread 1 ] DEBUG GameScene            - Creating render group for layer: DEFAULT(100000)
23:16:24.935 [FXGL Background Thread 1 ] DEBUG AssetLoader          - Loading from disk: /assets/textures//enemy1.png
23:16:24.948 [FXGL Background Thread 1 ] DEBUG InitAppTask          - Initializing Physics
23:16:24.949 [FXGL Background Thread 1 ] DEBUG InitAppTask          - Initializing UI
23:16:24.949 [FXGL Background Thread 1 ] DEBUG InitAppTask          - Initialization Complete
23:16:24.949 [FXGL Background Thread 1 ] INFO  InitAppTask          - Game initialization took: 0.144 sec
23:16:24.981 [JavaFX Application Thread] DEBUG Input                - Clearing active input actions
23:16:24.993 [JavaFX Application Thread] DEBUG AppStateMachine      - LoadingState -> PlayState
23:16:57.540 [JavaFX Application Thread] DEBUG GameApplication      - Exiting game application
23:16:57.541 [JavaFX Application Thread] DEBUG GameApplication      - Shutting down background threads
23:16:57.542 [JavaFX Application Thread] DEBUG GameApplication      - Exiting FXGL
23:16:57.542 [JavaFX Application Thread] DEBUG FXGL                 - Saving FXGL system data
23:16:57.544 [JavaFX Application Thread] DEBUG DesktopFSService     - Writing to: system/fxgl.bundle
23:16:57.549 [JavaFX Application Thread] DEBUG GameApplication      - Closing logger and exiting JavaFX
