13:12:23.445 [JavaFX Application Thread] DEBUG GameApplication      - Logger initialized
13:12:23.457 [JavaFX Application Thread] DEBUG MainWindow           - Creating a JavaFX scene
13:12:23.457 [JavaFX Application Thread] DEBUG MainWindow           - Target size > screen size
13:12:23.679 [JavaFX Application Thread] DEBUG MainWindow           - Target settings size: 1307.0 x 719.0
13:12:23.679 [JavaFX Application Thread] DEBUG MainWindow           - Scaled scene size:    1255.0 x 704.0
13:12:23.680 [JavaFX Application Thread] DEBUG MainWindow           - Scaled ratio: (0.9602142310635042, 0.9791376912378303)
13:12:23.696 [JavaFX Application Thread] DEBUG GameApplication      - Starting FXGL
13:12:23.718 [JavaFX Application Thread] INFO  FXGL                 - FXGL-0.5.2 on DESKTOP
13:12:23.719 [JavaFX Application Thread] INFO  FXGL                 - Source code and latest versions at: https://github.com/AlmasB/FXGL
13:12:23.719 [JavaFX Application Thread] INFO  FXGL                 -              Join the FXGL chat at: https://gitter.im/AlmasB/FXGL
13:12:23.735 [JavaFX Application Thread] DEBUG FS                   - Loaded DesktopFSService
13:12:23.738 [JavaFX Application Thread] DEBUG FXGL                 - Loading FXGL system data
13:12:23.754 [JavaFX Application Thread] DEBUG DesktopFSService     - Reading from: system/fxgl.bundle
13:12:23.771 [JavaFX Application Thread] DEBUG Bundle               - Logging bundle: FXGL
13:12:23.774 [JavaFX Application Thread] DEBUG Bundle               - FXGL.offline.timer.version.check=2018-06-08T17:04:18.376
13:12:23.848 [JavaFX Application Thread] DEBUG GameApplication      - FXGL started
13:12:23.848 [JavaFX Application Thread] DEBUG GameApplication      - Logging game settings
Title: LASER DEFENSE
Version: 0.1
Width: 1307
Height: 719
Fullscreen: false
Intro: false
Menus: false
Profiling: false
Single step:false
App Mode: DEVELOPER
Menu Key: ESCAPE
Stage Style: DECORATED
Scene Factory: class com.almasb.fxgl.scene.SceneFactory
Dialog Factory: class com.almasb.fxgl.ui.FXGLDialogFactory
UI Factory: class com.almasb.fxgl.ui.FXGLUIFactory
Notification Service: class com.almasb.fxgl.gameplay.notification.XboxNotificationView
Exception Handler: class com.almasb.fxgl.app.FXGLExceptionHandler
13:12:23.849 [JavaFX Application Thread] DEBUG GameApplication      - Configuring GameApplication
13:12:23.849 [JavaFX Application Thread] DEBUG GameApplication      - Initializing state machine and application states
13:12:23.874 [JavaFX Application Thread] DEBUG AssetLoader          - Loading from disk: /assets/ui/cursors/fxgl_default.png
13:12:23.925 [JavaFX Application Thread] DEBUG AssetLoader          - Loading from disk: /assets/ui/cursors/fxgl_default.png
13:12:24.379 [JavaFX Application Thread] DEBUG FXGLAssets           - Loading FXGLAssets
13:12:24.467 [JavaFX Application Thread] DEBUG AssetLoader          - Loading from disk: /assets/ui/fonts/VarelaRound-Regular.ttf
13:12:24.487 [JavaFX Application Thread] DEBUG AssetLoader          - Loading from disk: /assets/ui/fonts/lucida_console.ttf
13:12:24.492 [JavaFX Application Thread] DEBUG AssetLoader          - Loading from disk: /assets/ui/css/fxgl_dark.css
13:12:24.569 [JavaFX Application Thread] DEBUG AssetLoader          - Loading from disk: /assets/ui/cursors/fxgl_default.png
13:12:24.626 [JavaFX Application Thread] DEBUG AssetLoader          - Loading from disk: /assets/ui/cursors/fxgl_default.png
13:12:24.667 [JavaFX Application Thread] DEBUG GameScene            - Game scene initialized: 1307x719
13:12:24.669 [JavaFX Application Thread] DEBUG GameWorld            - Game world initialized
13:12:24.755 [JavaFX Application Thread] DEBUG PhysicsWorld         - Physics world initialized: appHeight=719, physics.ppm=50.0
13:12:24.781 [JavaFX Application Thread] DEBUG Input                - Registered new binding: Pause - Esc
13:12:24.819 [JavaFX Application Thread] DEBUG Input                - Clearing active input actions
13:12:24.886 [JavaFX Application Thread] DEBUG AppStateMachine      - StartupState -> StartupState
13:12:24.892 [JavaFX Application Thread] INFO  GameApplication      - Game configuration took:  1.042 sec
13:12:24.894 [JavaFX Application Thread] DEBUG AssetLoader          - Loading from disk: /assets/textures/fxgl_icon.png
13:12:24.916 [JavaFX Application Thread] DEBUG MainWindow           - Opening main window
13:12:25.120 [JavaFX Application Thread] DEBUG MainWindow           - Window border size: (0.0, 22.0)
13:12:25.120 [JavaFX Application Thread] DEBUG MainWindow           - Scaled size: 1255.0 x 704.0
13:12:25.120 [JavaFX Application Thread] DEBUG MainWindow           - Scaled ratio: (0.9602142310635042, 0.9791376912378303)
13:12:25.120 [JavaFX Application Thread] DEBUG MainWindow           - Scene size: 1255.0 x 704.0
13:12:25.121 [JavaFX Application Thread] DEBUG MainWindow           - Stage size: 1255.0 x 726.0
13:12:25.121 [JavaFX Application Thread] DEBUG GameApplication      - Running preInit()
13:12:25.124 [JavaFX Application Thread] DEBUG Input                - Registered new binding: Screenshot - P
13:12:25.124 [JavaFX Application Thread] DEBUG Input                - Registered new binding: Dev Options - CTRL+0
13:12:25.125 [JavaFX Application Thread] DEBUG Input                - Registered new binding: System info dump - CTRL+9
13:12:25.126 [JavaFX Application Thread] DEBUG Input                - Registered new binding: Restart - CTRL+R
13:12:25.127 [JavaFX Application Thread] DEBUG Input                - Registered new binding: Hit - LMB
13:12:25.179 [JavaFX Application Thread] DEBUG GameApplication      - Starting main loop
13:12:25.269 [JavaFX Application Thread] DEBUG StartupState         - STARTUP
13:12:25.270 [JavaFX Application Thread] DEBUG GameApplication      - Starting new game
13:12:25.270 [JavaFX Application Thread] DEBUG Input                - Clearing active input actions
13:12:25.282 [JavaFX Application Thread] DEBUG AppStateMachine      - StartupState -> LoadingState
13:12:25.291 [FXGL Background Thread 1 ] DEBUG InitAppTask          - Clearing previous game
13:12:25.291 [FXGL Background Thread 1 ] DEBUG GameWorld            - Clearing game world
13:12:25.292 [FXGL Background Thread 1 ] DEBUG PhysicsWorld         - Clearing physics world
13:12:25.292 [FXGL Background Thread 1 ] DEBUG GameScene            - Clearing game scene
13:12:25.294 [FXGL Background Thread 1 ] DEBUG InitAppTask          - Initializing Game
13:12:25.347 [FXGL Background Thread 1 ] DEBUG GameScene            - Creating render group for layer: DEFAULT(100000)
13:12:25.445 [FXGL Background Thread 1 ] DEBUG AssetLoader          - Loading from disk: /assets/textures/enemy2Sheet.png
13:12:25.493 [FXGL Background Thread 1 ] DEBUG AssetLoader          - Loading from cache: /assets/textures/enemy2Sheet.png
13:12:25.517 [FXGL Background Thread 1 ] DEBUG AssetLoader          - Loading from cache: /assets/textures/enemy2Sheet.png
13:12:25.521 [FXGL Background Thread 1 ] DEBUG AssetLoader          - Loading from cache: /assets/textures/enemy2Sheet.png
13:12:25.533 [FXGL Background Thread 1 ] DEBUG AssetLoader          - Loading from cache: /assets/textures/enemy2Sheet.png
13:12:25.535 [FXGL Background Thread 1 ] DEBUG AssetLoader          - Loading from cache: /assets/textures/enemy2Sheet.png
13:12:25.539 [FXGL Background Thread 1 ] DEBUG AssetLoader          - Loading from cache: /assets/textures/enemy2Sheet.png
13:12:25.541 [FXGL Background Thread 1 ] DEBUG AssetLoader          - Loading from cache: /assets/textures/enemy2Sheet.png
13:12:25.543 [FXGL Background Thread 1 ] DEBUG AssetLoader          - Loading from cache: /assets/textures/enemy2Sheet.png
13:12:25.544 [FXGL Background Thread 1 ] DEBUG AssetLoader          - Loading from cache: /assets/textures/enemy2Sheet.png
13:12:25.549 [FXGL Background Thread 1 ] DEBUG AssetLoader          - Loading from cache: /assets/textures/enemy2Sheet.png
13:12:25.555 [FXGL Background Thread 1 ] DEBUG AssetLoader          - Loading from cache: /assets/textures/enemy2Sheet.png
13:12:25.561 [FXGL Background Thread 1 ] DEBUG AssetLoader          - Loading from cache: /assets/textures/enemy2Sheet.png
13:12:25.570 [FXGL Background Thread 1 ] DEBUG AssetLoader          - Loading from cache: /assets/textures/enemy2Sheet.png
13:12:25.573 [FXGL Background Thread 1 ] DEBUG AssetLoader          - Loading from cache: /assets/textures/enemy2Sheet.png
13:12:25.575 [FXGL Background Thread 1 ] DEBUG AssetLoader          - Loading from cache: /assets/textures/enemy2Sheet.png
13:12:25.582 [FXGL Background Thread 1 ] DEBUG AssetLoader          - Loading from cache: /assets/textures/enemy2Sheet.png
13:12:25.584 [FXGL Background Thread 1 ] DEBUG AssetLoader          - Loading from cache: /assets/textures/enemy2Sheet.png
13:12:25.585 [FXGL Background Thread 1 ] DEBUG AssetLoader          - Loading from cache: /assets/textures/enemy2Sheet.png
13:12:25.587 [FXGL Background Thread 1 ] DEBUG AssetLoader          - Loading from cache: /assets/textures/enemy2Sheet.png
13:12:25.588 [FXGL Background Thread 1 ] DEBUG AssetLoader          - Loading from cache: /assets/textures/enemy2Sheet.png
13:12:25.590 [FXGL Background Thread 1 ] DEBUG AssetLoader          - Loading from cache: /assets/textures/enemy2Sheet.png
13:12:25.591 [FXGL Background Thread 1 ] DEBUG AssetLoader          - Loading from cache: /assets/textures/enemy2Sheet.png
13:12:25.593 [FXGL Background Thread 1 ] DEBUG AssetLoader          - Loading from cache: /assets/textures/enemy2Sheet.png
13:12:25.595 [FXGL Background Thread 1 ] DEBUG AssetLoader          - Loading from cache: /assets/textures/enemy2Sheet.png
13:12:25.596 [FXGL Background Thread 1 ] DEBUG AssetLoader          - Loading from cache: /assets/textures/enemy2Sheet.png
13:12:25.597 [FXGL Background Thread 1 ] DEBUG AssetLoader          - Loading from cache: /assets/textures/enemy2Sheet.png
13:12:25.600 [FXGL Background Thread 1 ] DEBUG AssetLoader          - Loading from cache: /assets/textures/enemy2Sheet.png
13:12:25.601 [FXGL Background Thread 1 ] DEBUG AssetLoader          - Loading from cache: /assets/textures/enemy2Sheet.png
13:12:25.603 [FXGL Background Thread 1 ] DEBUG AssetLoader          - Loading from cache: /assets/textures/enemy2Sheet.png
13:12:25.604 [FXGL Background Thread 1 ] DEBUG AssetLoader          - Loading from cache: /assets/textures/enemy2Sheet.png
13:12:25.607 [FXGL Background Thread 1 ] DEBUG AssetLoader          - Loading from cache: /assets/textures/enemy2Sheet.png
13:12:25.611 [FXGL Background Thread 1 ] DEBUG AssetLoader          - Loading from cache: /assets/textures/enemy2Sheet.png
13:12:25.612 [FXGL Background Thread 1 ] DEBUG AssetLoader          - Loading from cache: /assets/textures/enemy2Sheet.png
13:12:25.613 [FXGL Background Thread 1 ] DEBUG AssetLoader          - Loading from cache: /assets/textures/enemy2Sheet.png
13:12:25.615 [FXGL Background Thread 1 ] DEBUG AssetLoader          - Loading from cache: /assets/textures/enemy2Sheet.png
13:12:25.616 [FXGL Background Thread 1 ] DEBUG AssetLoader          - Loading from cache: /assets/textures/enemy2Sheet.png
13:12:25.617 [FXGL Background Thread 1 ] DEBUG AssetLoader          - Loading from cache: /assets/textures/enemy2Sheet.png
13:12:25.618 [FXGL Background Thread 1 ] DEBUG AssetLoader          - Loading from cache: /assets/textures/enemy2Sheet.png
13:12:25.619 [FXGL Background Thread 1 ] DEBUG AssetLoader          - Loading from cache: /assets/textures/enemy2Sheet.png
13:12:25.620 [FXGL Background Thread 1 ] DEBUG AssetLoader          - Loading from cache: /assets/textures/enemy2Sheet.png
13:12:25.622 [FXGL Background Thread 1 ] DEBUG AssetLoader          - Loading from cache: /assets/textures/enemy2Sheet.png
13:12:25.623 [FXGL Background Thread 1 ] DEBUG AssetLoader          - Loading from cache: /assets/textures/enemy2Sheet.png
13:12:25.624 [FXGL Background Thread 1 ] DEBUG AssetLoader          - Loading from cache: /assets/textures/enemy2Sheet.png
13:12:25.626 [FXGL Background Thread 1 ] DEBUG AssetLoader          - Loading from cache: /assets/textures/enemy2Sheet.png
13:12:25.627 [FXGL Background Thread 1 ] DEBUG AssetLoader          - Loading from cache: /assets/textures/enemy2Sheet.png
13:12:25.629 [FXGL Background Thread 1 ] DEBUG AssetLoader          - Loading from cache: /assets/textures/enemy2Sheet.png
13:12:25.629 [FXGL Background Thread 1 ] DEBUG AssetLoader          - Loading from cache: /assets/textures/enemy2Sheet.png
13:12:25.631 [FXGL Background Thread 1 ] DEBUG AssetLoader          - Loading from cache: /assets/textures/enemy2Sheet.png
13:12:25.631 [FXGL Background Thread 1 ] DEBUG AssetLoader          - Loading from cache: /assets/textures/enemy2Sheet.png
13:12:25.632 [FXGL Background Thread 1 ] DEBUG InitAppTask          - Initializing Physics
13:12:25.633 [FXGL Background Thread 1 ] DEBUG InitAppTask          - Initializing UI
13:12:25.633 [FXGL Background Thread 1 ] DEBUG InitAppTask          - Initialization Complete
13:12:25.633 [FXGL Background Thread 1 ] INFO  InitAppTask          - Game initialization took: 0.343 sec
13:12:25.648 [JavaFX Application Thread] DEBUG Input                - Clearing active input actions
13:12:25.683 [JavaFX Application Thread] DEBUG AppStateMachine      - LoadingState -> PlayState
13:12:26.642 [JavaFX Application Thread] DEBUG AssetLoader          - Loading from disk: /assets/textures/turret1_60x60.png
13:12:26.721 [JavaFX Application Thread] DEBUG EventBus             - Firing event: NotificationEvent[message=Blue enemies only need one hit to die.]
13:12:28.089 [JavaFX Application Thread] DEBUG AssetLoader          - Loading from disk: /assets/textures/laserBullet_48.png
13:12:28.305 [JavaFX Application Thread] DEBUG AssetLoader          - Loading from disk: /assets/textures/enemy1Sheet.png
13:12:28.308 [JavaFX Application Thread] DEBUG AssetLoader          - Loading from cache: /assets/textures/enemy1Sheet.png
13:12:29.219 [JavaFX Application Thread] DEBUG AssetLoader          - Loading from cache: /assets/textures/laserBullet_48.png
13:12:29.220 [JavaFX Application Thread] DEBUG AssetLoader          - Loading from cache: /assets/sounds/single.wav
13:12:29.267 [JavaFX Application Thread] DEBUG AssetLoader          - Loading from cache: /assets/textures/enemy1Sheet.png
13:12:29.267 [JavaFX Application Thread] DEBUG AssetLoader          - Loading from cache: /assets/textures/enemy1Sheet.png
13:12:30.272 [JavaFX Application Thread] DEBUG AssetLoader          - Loading from cache: /assets/textures/laserBullet_48.png
13:12:30.273 [JavaFX Application Thread] DEBUG AssetLoader          - Loading from cache: /assets/sounds/single.wav
13:12:30.365 [JavaFX Application Thread] DEBUG AssetLoader          - Loading from disk: /assets/textures/explosion_blue.png
13:12:30.412 [JavaFX Application Thread] DEBUG AssetLoader          - Loading from cache: /assets/textures/turret1_60x60.png
13:12:31.404 [JavaFX Application Thread] DEBUG AssetLoader          - Loading from cache: /assets/textures/laserBullet_48.png
13:12:31.406 [JavaFX Application Thread] DEBUG AssetLoader          - Loading from cache: /assets/sounds/single.wav
13:12:31.438 [JavaFX Application Thread] DEBUG AssetLoader          - Loading from cache: /assets/textures/laserBullet_48.png
13:12:31.439 [JavaFX Application Thread] DEBUG AssetLoader          - Loading from cache: /assets/sounds/single.wav
13:12:31.440 [JavaFX Application Thread] DEBUG AssetLoader          - Loading from cache: /assets/textures/enemy1Sheet.png
13:12:31.440 [JavaFX Application Thread] DEBUG AssetLoader          - Loading from cache: /assets/textures/enemy1Sheet.png
13:12:31.649 [JavaFX Application Thread] DEBUG AssetLoader          - Loading from cache: /assets/textures/explosion_blue.png
13:12:32.553 [JavaFX Application Thread] DEBUG AssetLoader          - Loading from cache: /assets/textures/laserBullet_48.png
13:12:32.554 [JavaFX Application Thread] DEBUG AssetLoader          - Loading from cache: /assets/sounds/single.wav
13:12:32.587 [JavaFX Application Thread] DEBUG AssetLoader          - Loading from cache: /assets/textures/laserBullet_48.png
13:12:32.590 [JavaFX Application Thread] DEBUG AssetLoader          - Loading from cache: /assets/sounds/single.wav
13:12:32.592 [JavaFX Application Thread] DEBUG AssetLoader          - Loading from cache: /assets/textures/enemy1Sheet.png
13:12:32.592 [JavaFX Application Thread] DEBUG AssetLoader          - Loading from cache: /assets/textures/enemy1Sheet.png
13:12:32.651 [JavaFX Application Thread] DEBUG AssetLoader          - Loading from cache: /assets/textures/enemy1Sheet.png
13:12:32.652 [JavaFX Application Thread] DEBUG AssetLoader          - Loading from cache: /assets/textures/enemy1Sheet.png
13:12:33.739 [JavaFX Application Thread] DEBUG AssetLoader          - Loading from cache: /assets/textures/laserBullet_48.png
13:12:33.740 [JavaFX Application Thread] DEBUG AssetLoader          - Loading from cache: /assets/sounds/single.wav
13:12:33.770 [JavaFX Application Thread] DEBUG AssetLoader          - Loading from cache: /assets/textures/laserBullet_48.png
13:12:33.772 [JavaFX Application Thread] DEBUG AssetLoader          - Loading from cache: /assets/sounds/single.wav
13:12:33.773 [JavaFX Application Thread] DEBUG AssetLoader          - Loading from cache: /assets/textures/enemy1Sheet.png
13:12:33.774 [JavaFX Application Thread] DEBUG AssetLoader          - Loading from cache: /assets/textures/enemy1Sheet.png
13:12:33.862 [JavaFX Application Thread] DEBUG AssetLoader          - Loading from cache: /assets/textures/explosion_blue.png
13:12:34.820 [JavaFX Application Thread] DEBUG AssetLoader          - Loading from cache: /assets/textures/laserBullet_48.png
13:12:34.821 [JavaFX Application Thread] DEBUG AssetLoader          - Loading from cache: /assets/sounds/single.wav
13:12:34.854 [JavaFX Application Thread] DEBUG AssetLoader          - Loading from cache: /assets/textures/laserBullet_48.png
13:12:34.857 [JavaFX Application Thread] DEBUG AssetLoader          - Loading from cache: /assets/sounds/single.wav
13:12:34.857 [JavaFX Application Thread] DEBUG AssetLoader          - Loading from cache: /assets/textures/enemy1Sheet.png
13:12:34.858 [JavaFX Application Thread] DEBUG AssetLoader          - Loading from cache: /assets/textures/enemy1Sheet.png
13:12:34.922 [JavaFX Application Thread] DEBUG AssetLoader          - Loading from cache: /assets/textures/enemy1Sheet.png
13:12:34.922 [JavaFX Application Thread] DEBUG AssetLoader          - Loading from cache: /assets/textures/enemy1Sheet.png
13:12:35.889 [JavaFX Application Thread] DEBUG AssetLoader          - Loading from cache: /assets/textures/laserBullet_48.png
13:12:35.890 [JavaFX Application Thread] DEBUG AssetLoader          - Loading from cache: /assets/sounds/single.wav
13:12:35.921 [JavaFX Application Thread] DEBUG AssetLoader          - Loading from cache: /assets/textures/laserBullet_48.png
13:12:35.923 [JavaFX Application Thread] DEBUG AssetLoader          - Loading from cache: /assets/sounds/single.wav
13:12:35.924 [JavaFX Application Thread] DEBUG AssetLoader          - Loading from cache: /assets/textures/enemy1Sheet.png
13:12:35.924 [JavaFX Application Thread] DEBUG AssetLoader          - Loading from cache: /assets/textures/enemy1Sheet.png
13:12:35.992 [JavaFX Application Thread] DEBUG AssetLoader          - Loading from cache: /assets/textures/explosion_blue.png
13:12:36.100 [JavaFX Application Thread] DEBUG AssetLoader          - Loading from cache: /assets/textures/turret1_60x60.png
13:12:36.990 [JavaFX Application Thread] DEBUG AssetLoader          - Loading from cache: /assets/textures/laserBullet_48.png
13:12:36.991 [JavaFX Application Thread] DEBUG AssetLoader          - Loading from cache: /assets/sounds/single.wav
13:12:37.023 [JavaFX Application Thread] DEBUG AssetLoader          - Loading from cache: /assets/textures/laserBullet_48.png
13:12:37.025 [JavaFX Application Thread] DEBUG AssetLoader          - Loading from cache: /assets/sounds/single.wav
13:12:37.040 [JavaFX Application Thread] DEBUG AssetLoader          - Loading from cache: /assets/textures/enemy1Sheet.png
13:12:37.041 [JavaFX Application Thread] DEBUG AssetLoader          - Loading from cache: /assets/textures/enemy1Sheet.png
13:12:37.110 [JavaFX Application Thread] DEBUG AssetLoader          - Loading from cache: /assets/textures/enemy1Sheet.png
13:12:37.140 [JavaFX Application Thread] DEBUG AssetLoader          - Loading from cache: /assets/textures/enemy1Sheet.png
13:12:37.240 [JavaFX Application Thread] DEBUG AssetLoader          - Loading from cache: /assets/textures/laserBullet_48.png
13:12:37.241 [JavaFX Application Thread] DEBUG AssetLoader          - Loading from cache: /assets/sounds/single.wav
13:12:37.274 [JavaFX Application Thread] DEBUG AssetLoader          - Loading from cache: /assets/textures/explosion_blue.png
13:12:38.106 [JavaFX Application Thread] DEBUG AssetLoader          - Loading from cache: /assets/textures/laserBullet_48.png
13:12:38.107 [JavaFX Application Thread] DEBUG AssetLoader          - Loading from cache: /assets/sounds/single.wav
13:12:38.140 [JavaFX Application Thread] DEBUG AssetLoader          - Loading from cache: /assets/textures/laserBullet_48.png
13:12:38.141 [JavaFX Application Thread] DEBUG AssetLoader          - Loading from cache: /assets/sounds/single.wav
13:12:38.142 [JavaFX Application Thread] DEBUG AssetLoader          - Loading from cache: /assets/textures/explosion_blue.png
13:12:38.174 [JavaFX Application Thread] DEBUG AssetLoader          - Loading from cache: /assets/textures/explosion_blue.png
13:12:38.230 [JavaFX Application Thread] DEBUG AssetLoader          - Loading from cache: /assets/textures/turret1_60x60.png
13:12:38.257 [JavaFX Application Thread] DEBUG AssetLoader          - Loading from cache: /assets/textures/laserBullet_48.png
13:12:38.257 [JavaFX Application Thread] DEBUG AssetLoader          - Loading from cache: /assets/sounds/single.wav
13:12:38.291 [JavaFX Application Thread] DEBUG AssetLoader          - Loading from cache: /assets/textures/explosion_blue.png
13:12:39.308 [JavaFX Application Thread] DEBUG AssetLoader          - Loading from cache: /assets/textures/laserBullet_48.png
13:12:39.311 [JavaFX Application Thread] DEBUG AssetLoader          - Loading from cache: /assets/sounds/single.wav
13:12:39.339 [JavaFX Application Thread] DEBUG AssetLoader          - Loading from cache: /assets/textures/laserBullet_48.png
13:12:39.339 [JavaFX Application Thread] DEBUG AssetLoader          - Loading from cache: /assets/sounds/single.wav
13:12:39.359 [JavaFX Application Thread] DEBUG AssetLoader          - Loading from cache: /assets/textures/enemy1Sheet.png
13:12:39.360 [JavaFX Application Thread] DEBUG AssetLoader          - Loading from cache: /assets/textures/enemy1Sheet.png
13:12:39.377 [JavaFX Application Thread] DEBUG AssetLoader          - Loading from cache: /assets/textures/enemy1Sheet.png
13:12:39.377 [JavaFX Application Thread] DEBUG AssetLoader          - Loading from cache: /assets/textures/enemy1Sheet.png
13:12:39.456 [JavaFX Application Thread] DEBUG AssetLoader          - Loading from cache: /assets/textures/laserBullet_48.png
13:12:39.459 [JavaFX Application Thread] DEBUG AssetLoader          - Loading from cache: /assets/sounds/single.wav
13:12:39.491 [JavaFX Application Thread] DEBUG AssetLoader          - Loading from cache: /assets/textures/enemy1Sheet.png
13:12:39.492 [JavaFX Application Thread] DEBUG AssetLoader          - Loading from cache: /assets/textures/enemy1Sheet.png
13:12:40.407 [JavaFX Application Thread] DEBUG AssetLoader          - Loading from cache: /assets/textures/laserBullet_48.png
13:12:40.409 [JavaFX Application Thread] DEBUG AssetLoader          - Loading from cache: /assets/sounds/single.wav
13:12:40.440 [JavaFX Application Thread] DEBUG AssetLoader          - Loading from cache: /assets/textures/laserBullet_48.png
13:12:40.441 [JavaFX Application Thread] DEBUG AssetLoader          - Loading from cache: /assets/sounds/single.wav
13:12:40.442 [JavaFX Application Thread] DEBUG AssetLoader          - Loading from cache: /assets/textures/explosion_blue.png
13:12:40.491 [JavaFX Application Thread] DEBUG AssetLoader          - Loading from cache: /assets/textures/enemy1Sheet.png
13:12:40.492 [JavaFX Application Thread] DEBUG AssetLoader          - Loading from cache: /assets/textures/enemy1Sheet.png
13:12:40.589 [JavaFX Application Thread] DEBUG AssetLoader          - Loading from cache: /assets/textures/laserBullet_48.png
13:12:40.590 [JavaFX Application Thread] DEBUG AssetLoader          - Loading from cache: /assets/sounds/single.wav
13:12:40.624 [JavaFX Application Thread] DEBUG AssetLoader          - Loading from cache: /assets/textures/laserBullet_48.png
13:12:40.626 [JavaFX Application Thread] DEBUG AssetLoader          - Loading from cache: /assets/sounds/single.wav
13:12:40.640 [JavaFX Application Thread] DEBUG AssetLoader          - Loading from cache: /assets/textures/enemy1Sheet.png
13:12:40.641 [JavaFX Application Thread] DEBUG AssetLoader          - Loading from cache: /assets/textures/enemy1Sheet.png
13:12:40.728 [JavaFX Application Thread] DEBUG AssetLoader          - Loading from cache: /assets/textures/enemy1Sheet.png
13:12:40.729 [JavaFX Application Thread] DEBUG AssetLoader          - Loading from cache: /assets/textures/enemy1Sheet.png
13:12:41.458 [JavaFX Application Thread] DEBUG AssetLoader          - Loading from cache: /assets/textures/laserBullet_48.png
13:12:41.459 [JavaFX Application Thread] DEBUG AssetLoader          - Loading from cache: /assets/sounds/single.wav
13:12:41.491 [JavaFX Application Thread] DEBUG AssetLoader          - Loading from cache: /assets/textures/laserBullet_48.png
13:12:41.493 [JavaFX Application Thread] DEBUG AssetLoader          - Loading from cache: /assets/sounds/single.wav
13:12:41.494 [JavaFX Application Thread] DEBUG AssetLoader          - Loading from cache: /assets/textures/enemy1Sheet.png
13:12:41.494 [JavaFX Application Thread] DEBUG AssetLoader          - Loading from cache: /assets/textures/enemy1Sheet.png
13:12:41.524 [JavaFX Application Thread] DEBUG AssetLoader          - Loading from cache: /assets/textures/enemy1Sheet.png
13:12:41.525 [JavaFX Application Thread] DEBUG AssetLoader          - Loading from cache: /assets/textures/enemy1Sheet.png
13:12:41.608 [JavaFX Application Thread] DEBUG AssetLoader          - Loading from cache: /assets/textures/laserBullet_48.png
13:12:41.610 [JavaFX Application Thread] DEBUG AssetLoader          - Loading from cache: /assets/sounds/single.wav
13:12:41.642 [JavaFX Application Thread] DEBUG AssetLoader          - Loading from cache: /assets/textures/laserBullet_48.png
13:12:41.644 [JavaFX Application Thread] DEBUG AssetLoader          - Loading from cache: /assets/sounds/single.wav
13:12:41.657 [JavaFX Application Thread] DEBUG AssetLoader          - Loading from cache: /assets/textures/enemy1Sheet.png
13:12:41.657 [JavaFX Application Thread] DEBUG AssetLoader          - Loading from cache: /assets/textures/enemy1Sheet.png
13:12:41.742 [JavaFX Application Thread] DEBUG AssetLoader          - Loading from cache: /assets/textures/explosion_blue.png
13:12:42.491 [JavaFX Application Thread] DEBUG AssetLoader          - Loading from cache: /assets/textures/laserBullet_48.png
13:12:42.492 [JavaFX Application Thread] DEBUG AssetLoader          - Loading from cache: /assets/sounds/single.wav
13:12:42.525 [JavaFX Application Thread] DEBUG AssetLoader          - Loading from cache: /assets/textures/laserBullet_48.png
13:12:42.526 [JavaFX Application Thread] DEBUG AssetLoader          - Loading from cache: /assets/sounds/single.wav
13:12:42.527 [JavaFX Application Thread] DEBUG AssetLoader          - Loading from cache: /assets/textures/enemy1Sheet.png
13:12:42.527 [JavaFX Application Thread] DEBUG AssetLoader          - Loading from cache: /assets/textures/enemy1Sheet.png
13:12:42.575 [JavaFX Application Thread] DEBUG AssetLoader          - Loading from cache: /assets/textures/enemy1Sheet.png
13:12:42.575 [JavaFX Application Thread] DEBUG AssetLoader          - Loading from cache: /assets/textures/enemy1Sheet.png
13:12:42.643 [JavaFX Application Thread] DEBUG AssetLoader          - Loading from cache: /assets/textures/laserBullet_48.png
13:12:42.644 [JavaFX Application Thread] DEBUG AssetLoader          - Loading from cache: /assets/sounds/single.wav
13:12:42.676 [JavaFX Application Thread] DEBUG AssetLoader          - Loading from cache: /assets/textures/laserBullet_48.png
13:12:42.677 [JavaFX Application Thread] DEBUG AssetLoader          - Loading from cache: /assets/sounds/single.wav
13:12:42.691 [JavaFX Application Thread] DEBUG AssetLoader          - Loading from cache: /assets/textures/enemy1Sheet.png
13:12:42.692 [JavaFX Application Thread] DEBUG AssetLoader          - Loading from cache: /assets/textures/enemy1Sheet.png
13:12:42.727 [JavaFX Application Thread] DEBUG AssetLoader          - Loading from cache: /assets/textures/explosion_blue.png
13:12:43.032 [JavaFX Application Thread] DEBUG AssetLoader          - Loading from cache: /assets/textures/turret1_60x60.png
13:12:43.624 [JavaFX Application Thread] DEBUG AssetLoader          - Loading from cache: /assets/textures/laserBullet_48.png
13:12:43.625 [JavaFX Application Thread] DEBUG AssetLoader          - Loading from cache: /assets/sounds/single.wav
13:12:43.659 [JavaFX Application Thread] DEBUG AssetLoader          - Loading from cache: /assets/textures/laserBullet_48.png
13:12:43.660 [JavaFX Application Thread] DEBUG AssetLoader          - Loading from cache: /assets/sounds/single.wav
13:12:43.661 [JavaFX Application Thread] DEBUG AssetLoader          - Loading from cache: /assets/textures/enemy1Sheet.png
13:12:43.662 [JavaFX Application Thread] DEBUG AssetLoader          - Loading from cache: /assets/textures/enemy1Sheet.png
13:12:43.693 [JavaFX Application Thread] DEBUG AssetLoader          - Loading from cache: /assets/textures/explosion_blue.png
13:12:43.775 [JavaFX Application Thread] DEBUG AssetLoader          - Loading from cache: /assets/textures/laserBullet_48.png
13:12:43.776 [JavaFX Application Thread] DEBUG AssetLoader          - Loading from cache: /assets/sounds/single.wav
13:12:43.808 [JavaFX Application Thread] DEBUG AssetLoader          - Loading from cache: /assets/textures/laserBullet_48.png
13:12:43.809 [JavaFX Application Thread] DEBUG AssetLoader          - Loading from cache: /assets/sounds/single.wav
13:12:43.810 [JavaFX Application Thread] DEBUG AssetLoader          - Loading from cache: /assets/textures/explosion_blue.png
13:12:43.859 [JavaFX Application Thread] DEBUG AssetLoader          - Loading from cache: /assets/textures/explosion_blue.png
13:12:44.042 [JavaFX Application Thread] DEBUG AssetLoader          - Loading from cache: /assets/textures/laserBullet_48.png
13:12:44.043 [JavaFX Application Thread] DEBUG AssetLoader          - Loading from cache: /assets/sounds/single.wav
13:12:44.093 [JavaFX Application Thread] DEBUG AssetLoader          - Loading from cache: /assets/textures/explosion_blue.png
13:12:44.642 [JavaFX Application Thread] DEBUG AssetLoader          - Loading from cache: /assets/textures/laserBullet_48.png
13:12:44.643 [JavaFX Application Thread] DEBUG AssetLoader          - Loading from cache: /assets/sounds/single.wav
13:12:44.676 [JavaFX Application Thread] DEBUG AssetLoader          - Loading from cache: /assets/textures/laserBullet_48.png
13:12:44.677 [JavaFX Application Thread] DEBUG AssetLoader          - Loading from cache: /assets/sounds/single.wav
13:12:44.677 [JavaFX Application Thread] DEBUG AssetLoader          - Loading from cache: /assets/textures/enemy1Sheet.png
13:12:44.677 [JavaFX Application Thread] DEBUG AssetLoader          - Loading from cache: /assets/textures/enemy1Sheet.png
13:12:44.725 [JavaFX Application Thread] DEBUG AssetLoader          - Loading from cache: /assets/textures/enemy1Sheet.png
13:12:44.725 [JavaFX Application Thread] DEBUG AssetLoader          - Loading from cache: /assets/textures/enemy1Sheet.png
13:12:44.792 [JavaFX Application Thread] DEBUG AssetLoader          - Loading from cache: /assets/textures/laserBullet_48.png
13:12:44.793 [JavaFX Application Thread] DEBUG AssetLoader          - Loading from cache: /assets/sounds/single.wav
13:12:44.825 [JavaFX Application Thread] DEBUG AssetLoader          - Loading from cache: /assets/textures/laserBullet_48.png
13:12:44.826 [JavaFX Application Thread] DEBUG AssetLoader          - Loading from cache: /assets/sounds/single.wav
13:12:44.826 [JavaFX Application Thread] DEBUG AssetLoader          - Loading from cache: /assets/textures/enemy1Sheet.png
13:12:44.827 [JavaFX Application Thread] DEBUG AssetLoader          - Loading from cache: /assets/textures/enemy1Sheet.png
13:12:44.876 [JavaFX Application Thread] DEBUG AssetLoader          - Loading from cache: /assets/textures/explosion_blue.png
13:12:45.292 [JavaFX Application Thread] DEBUG AssetLoader          - Loading from cache: /assets/textures/laserBullet_48.png
13:12:45.293 [JavaFX Application Thread] DEBUG AssetLoader          - Loading from cache: /assets/sounds/single.wav
13:12:45.391 [JavaFX Application Thread] DEBUG AssetLoader          - Loading from cache: /assets/textures/explosion_blue.png
13:12:45.676 [JavaFX Application Thread] DEBUG AssetLoader          - Loading from cache: /assets/textures/laserBullet_48.png
13:12:45.677 [JavaFX Application Thread] DEBUG AssetLoader          - Loading from cache: /assets/sounds/single.wav
13:12:45.710 [JavaFX Application Thread] DEBUG AssetLoader          - Loading from cache: /assets/textures/laserBullet_48.png
13:12:45.711 [JavaFX Application Thread] DEBUG AssetLoader          - Loading from cache: /assets/sounds/single.wav
13:12:45.712 [JavaFX Application Thread] DEBUG AssetLoader          - Loading from cache: /assets/textures/enemy1Sheet.png
13:12:45.712 [JavaFX Application Thread] DEBUG AssetLoader          - Loading from cache: /assets/textures/enemy1Sheet.png
13:12:45.744 [JavaFX Application Thread] DEBUG AssetLoader          - Loading from cache: /assets/textures/explosion_blue.png
13:12:45.826 [JavaFX Application Thread] DEBUG AssetLoader          - Loading from cache: /assets/textures/laserBullet_48.png
13:12:45.827 [JavaFX Application Thread] DEBUG AssetLoader          - Loading from cache: /assets/sounds/single.wav
13:12:45.860 [JavaFX Application Thread] DEBUG AssetLoader          - Loading from cache: /assets/textures/laserBullet_48.png
13:12:45.860 [JavaFX Application Thread] DEBUG AssetLoader          - Loading from cache: /assets/sounds/single.wav
13:12:45.861 [JavaFX Application Thread] DEBUG AssetLoader          - Loading from cache: /assets/textures/explosion_blue.png
13:12:45.909 [JavaFX Application Thread] DEBUG AssetLoader          - Loading from cache: /assets/textures/explosion_blue.png
13:12:46.327 [JavaFX Application Thread] DEBUG AssetLoader          - Loading from cache: /assets/textures/laserBullet_48.png
13:12:46.328 [JavaFX Application Thread] DEBUG AssetLoader          - Loading from cache: /assets/sounds/single.wav
13:12:46.410 [JavaFX Application Thread] DEBUG AssetLoader          - Loading from cache: /assets/textures/explosion_blue.png
13:12:46.693 [JavaFX Application Thread] DEBUG AssetLoader          - Loading from cache: /assets/textures/laserBullet_48.png
13:12:46.694 [JavaFX Application Thread] DEBUG AssetLoader          - Loading from cache: /assets/sounds/single.wav
13:12:46.726 [JavaFX Application Thread] DEBUG AssetLoader          - Loading from cache: /assets/textures/laserBullet_48.png
13:12:46.727 [JavaFX Application Thread] DEBUG AssetLoader          - Loading from cache: /assets/sounds/single.wav
13:12:46.743 [JavaFX Application Thread] DEBUG AssetLoader          - Loading from cache: /assets/textures/enemy1Sheet.png
13:12:46.744 [JavaFX Application Thread] DEBUG AssetLoader          - Loading from cache: /assets/textures/enemy1Sheet.png
13:12:46.783 [JavaFX Application Thread] DEBUG AssetLoader          - Loading from cache: /assets/textures/enemy1Sheet.png
13:12:46.783 [JavaFX Application Thread] DEBUG AssetLoader          - Loading from cache: /assets/textures/enemy1Sheet.png
13:12:46.843 [JavaFX Application Thread] DEBUG AssetLoader          - Loading from cache: /assets/textures/laserBullet_48.png
13:12:46.844 [JavaFX Application Thread] DEBUG AssetLoader          - Loading from cache: /assets/sounds/single.wav
13:12:46.876 [JavaFX Application Thread] DEBUG AssetLoader          - Loading from cache: /assets/textures/laserBullet_48.png
13:12:46.877 [JavaFX Application Thread] DEBUG AssetLoader          - Loading from cache: /assets/sounds/single.wav
13:12:46.877 [JavaFX Application Thread] DEBUG AssetLoader          - Loading from cache: /assets/textures/enemy1Sheet.png
13:12:46.877 [JavaFX Application Thread] DEBUG AssetLoader          - Loading from cache: /assets/textures/enemy1Sheet.png
13:12:46.927 [JavaFX Application Thread] DEBUG AssetLoader          - Loading from cache: /assets/textures/explosion_blue.png
13:12:47.710 [JavaFX Application Thread] DEBUG AssetLoader          - Loading from cache: /assets/textures/laserBullet_48.png
13:12:47.712 [JavaFX Application Thread] DEBUG AssetLoader          - Loading from cache: /assets/sounds/single.wav
13:12:47.743 [JavaFX Application Thread] DEBUG AssetLoader          - Loading from cache: /assets/textures/laserBullet_48.png
13:12:47.744 [JavaFX Application Thread] DEBUG AssetLoader          - Loading from cache: /assets/sounds/single.wav
13:12:47.745 [JavaFX Application Thread] DEBUG AssetLoader          - Loading from cache: /assets/textures/explosion_blue.png
13:12:47.793 [JavaFX Application Thread] DEBUG AssetLoader          - Loading from cache: /assets/textures/enemy1Sheet.png
13:12:47.793 [JavaFX Application Thread] DEBUG AssetLoader          - Loading from cache: /assets/textures/enemy1Sheet.png
13:12:47.861 [JavaFX Application Thread] DEBUG AssetLoader          - Loading from cache: /assets/textures/laserBullet_48.png
13:12:47.861 [JavaFX Application Thread] DEBUG AssetLoader          - Loading from cache: /assets/sounds/single.wav
13:12:47.894 [JavaFX Application Thread] DEBUG AssetLoader          - Loading from cache: /assets/textures/laserBullet_48.png
13:12:47.895 [JavaFX Application Thread] DEBUG AssetLoader          - Loading from cache: /assets/sounds/single.wav
13:12:47.897 [JavaFX Application Thread] DEBUG AssetLoader          - Loading from cache: /assets/textures/explosion_blue.png
13:12:47.961 [JavaFX Application Thread] DEBUG AssetLoader          - Loading from cache: /assets/textures/explosion_blue.png
13:12:48.226 [JavaFX Application Thread] DEBUG AssetLoader          - Loading from cache: /assets/textures/laserBullet_48.png
13:12:48.227 [JavaFX Application Thread] DEBUG AssetLoader          - Loading from cache: /assets/sounds/single.wav
13:12:48.326 [JavaFX Application Thread] DEBUG AssetLoader          - Loading from cache: /assets/textures/enemy1Sheet.png
13:12:48.327 [JavaFX Application Thread] DEBUG AssetLoader          - Loading from cache: /assets/textures/enemy1Sheet.png
13:12:48.728 [JavaFX Application Thread] DEBUG AssetLoader          - Loading from cache: /assets/textures/laserBullet_48.png
13:12:48.729 [JavaFX Application Thread] DEBUG AssetLoader          - Loading from cache: /assets/sounds/single.wav
13:12:48.760 [JavaFX Application Thread] DEBUG AssetLoader          - Loading from cache: /assets/textures/laserBullet_48.png
13:12:48.761 [JavaFX Application Thread] DEBUG AssetLoader          - Loading from cache: /assets/sounds/single.wav
13:12:48.762 [JavaFX Application Thread] DEBUG AssetLoader          - Loading from cache: /assets/textures/enemy1Sheet.png
13:12:48.762 [JavaFX Application Thread] DEBUG AssetLoader          - Loading from cache: /assets/textures/enemy1Sheet.png
13:12:48.794 [JavaFX Application Thread] DEBUG AssetLoader          - Loading from cache: /assets/textures/enemy1Sheet.png
13:12:48.794 [JavaFX Application Thread] DEBUG AssetLoader          - Loading from cache: /assets/textures/enemy1Sheet.png
13:12:48.876 [JavaFX Application Thread] DEBUG AssetLoader          - Loading from cache: /assets/textures/laserBullet_48.png
13:12:48.878 [JavaFX Application Thread] DEBUG AssetLoader          - Loading from cache: /assets/sounds/single.wav
13:12:48.910 [JavaFX Application Thread] DEBUG AssetLoader          - Loading from cache: /assets/textures/laserBullet_48.png
13:12:48.911 [JavaFX Application Thread] DEBUG AssetLoader          - Loading from cache: /assets/sounds/single.wav
13:12:48.912 [JavaFX Application Thread] DEBUG AssetLoader          - Loading from cache: /assets/textures/enemy1Sheet.png
13:12:48.912 [JavaFX Application Thread] DEBUG AssetLoader          - Loading from cache: /assets/textures/enemy1Sheet.png
13:12:48.962 [JavaFX Application Thread] DEBUG AssetLoader          - Loading from cache: /assets/textures/explosion_blue.png
13:12:49.243 [JavaFX Application Thread] DEBUG AssetLoader          - Loading from cache: /assets/textures/laserBullet_48.png
13:12:49.245 [JavaFX Application Thread] DEBUG AssetLoader          - Loading from cache: /assets/sounds/single.wav
13:12:49.294 [JavaFX Application Thread] DEBUG AssetLoader          - Loading from cache: /assets/textures/explosion_blue.png
13:12:49.744 [JavaFX Application Thread] DEBUG AssetLoader          - Loading from cache: /assets/textures/laserBullet_48.png
13:12:49.745 [JavaFX Application Thread] DEBUG AssetLoader          - Loading from cache: /assets/sounds/single.wav
13:12:49.778 [JavaFX Application Thread] DEBUG AssetLoader          - Loading from cache: /assets/textures/laserBullet_48.png
13:12:49.779 [JavaFX Application Thread] DEBUG AssetLoader          - Loading from cache: /assets/sounds/single.wav
13:12:49.779 [JavaFX Application Thread] DEBUG AssetLoader          - Loading from cache: /assets/textures/enemy1Sheet.png
13:12:49.780 [JavaFX Application Thread] DEBUG AssetLoader          - Loading from cache: /assets/textures/enemy1Sheet.png
13:12:49.828 [JavaFX Application Thread] DEBUG AssetLoader          - Loading from cache: /assets/textures/enemy1Sheet.png
13:12:49.828 [JavaFX Application Thread] DEBUG AssetLoader          - Loading from cache: /assets/textures/enemy1Sheet.png
13:12:49.895 [JavaFX Application Thread] DEBUG AssetLoader          - Loading from cache: /assets/textures/laserBullet_48.png
13:12:49.895 [JavaFX Application Thread] DEBUG AssetLoader          - Loading from cache: /assets/sounds/single.wav
13:12:49.928 [JavaFX Application Thread] DEBUG AssetLoader          - Loading from cache: /assets/textures/laserBullet_48.png
13:12:49.929 [JavaFX Application Thread] DEBUG AssetLoader          - Loading from cache: /assets/sounds/single.wav
13:12:49.945 [JavaFX Application Thread] DEBUG AssetLoader          - Loading from cache: /assets/textures/enemy1Sheet.png
13:12:49.946 [JavaFX Application Thread] DEBUG AssetLoader          - Loading from cache: /assets/textures/enemy1Sheet.png
13:12:49.978 [JavaFX Application Thread] DEBUG AssetLoader          - Loading from cache: /assets/textures/explosion_blue.png
13:12:50.312 [JavaFX Application Thread] DEBUG AssetLoader          - Loading from cache: /assets/textures/laserBullet_48.png
13:12:50.312 [JavaFX Application Thread] DEBUG AssetLoader          - Loading from cache: /assets/sounds/single.wav
13:12:50.410 [JavaFX Application Thread] DEBUG AssetLoader          - Loading from cache: /assets/textures/enemy1Sheet.png
13:12:50.411 [JavaFX Application Thread] DEBUG AssetLoader          - Loading from cache: /assets/textures/enemy1Sheet.png
13:12:50.760 [JavaFX Application Thread] DEBUG AssetLoader          - Loading from cache: /assets/textures/laserBullet_48.png
13:12:50.761 [JavaFX Application Thread] DEBUG AssetLoader          - Loading from cache: /assets/sounds/single.wav
13:12:50.795 [JavaFX Application Thread] DEBUG AssetLoader          - Loading from cache: /assets/textures/laserBullet_48.png
13:12:50.796 [JavaFX Application Thread] DEBUG AssetLoader          - Loading from cache: /assets/sounds/single.wav
13:12:50.796 [JavaFX Application Thread] DEBUG AssetLoader          - Loading from cache: /assets/textures/enemy1Sheet.png
13:12:50.796 [JavaFX Application Thread] DEBUG AssetLoader          - Loading from cache: /assets/textures/enemy1Sheet.png
13:12:50.829 [JavaFX Application Thread] DEBUG AssetLoader          - Loading from cache: /assets/textures/explosion_blue.png
13:12:50.912 [JavaFX Application Thread] DEBUG AssetLoader          - Loading from cache: /assets/textures/laserBullet_48.png
13:12:50.912 [JavaFX Application Thread] DEBUG AssetLoader          - Loading from cache: /assets/sounds/single.wav
13:12:50.944 [JavaFX Application Thread] DEBUG AssetLoader          - Loading from cache: /assets/textures/laserBullet_48.png
13:12:50.945 [JavaFX Application Thread] DEBUG AssetLoader          - Loading from cache: /assets/sounds/single.wav
13:12:50.946 [JavaFX Application Thread] DEBUG AssetLoader          - Loading from cache: /assets/textures/explosion_blue.png
13:12:51.028 [JavaFX Application Thread] DEBUG AssetLoader          - Loading from cache: /assets/textures/explosion_blue.png
13:12:51.328 [JavaFX Application Thread] DEBUG AssetLoader          - Loading from cache: /assets/textures/laserBullet_48.png
13:12:51.329 [JavaFX Application Thread] DEBUG AssetLoader          - Loading from cache: /assets/sounds/single.wav
13:12:51.379 [JavaFX Application Thread] DEBUG AssetLoader          - Loading from cache: /assets/textures/explosion_blue.png
13:12:51.779 [JavaFX Application Thread] DEBUG AssetLoader          - Loading from cache: /assets/textures/laserBullet_48.png
13:12:51.779 [JavaFX Application Thread] DEBUG AssetLoader          - Loading from cache: /assets/sounds/single.wav
13:12:51.812 [JavaFX Application Thread] DEBUG AssetLoader          - Loading from cache: /assets/textures/laserBullet_48.png
13:12:51.813 [JavaFX Application Thread] DEBUG AssetLoader          - Loading from cache: /assets/sounds/single.wav
13:12:51.829 [JavaFX Application Thread] DEBUG AssetLoader          - Loading from cache: /assets/textures/enemy1Sheet.png
13:12:51.830 [JavaFX Application Thread] DEBUG AssetLoader          - Loading from cache: /assets/textures/enemy1Sheet.png
13:12:51.861 [JavaFX Application Thread] DEBUG AssetLoader          - Loading from cache: /assets/textures/enemy1Sheet.png
13:12:51.862 [JavaFX Application Thread] DEBUG AssetLoader          - Loading from cache: /assets/textures/enemy1Sheet.png
13:12:51.929 [JavaFX Application Thread] DEBUG AssetLoader          - Loading from cache: /assets/textures/laserBullet_48.png
13:12:51.931 [JavaFX Application Thread] DEBUG AssetLoader          - Loading from cache: /assets/sounds/single.wav
13:12:51.963 [JavaFX Application Thread] DEBUG AssetLoader          - Loading from cache: /assets/textures/laserBullet_48.png
13:12:51.963 [JavaFX Application Thread] DEBUG AssetLoader          - Loading from cache: /assets/sounds/single.wav
13:12:51.964 [JavaFX Application Thread] DEBUG AssetLoader          - Loading from cache: /assets/textures/enemy1Sheet.png
13:12:51.964 [JavaFX Application Thread] DEBUG AssetLoader          - Loading from cache: /assets/textures/enemy1Sheet.png
13:12:52.014 [JavaFX Application Thread] DEBUG AssetLoader          - Loading from cache: /assets/textures/explosion_blue.png
13:12:52.396 [JavaFX Application Thread] DEBUG AssetLoader          - Loading from cache: /assets/textures/laserBullet_48.png
13:12:52.397 [JavaFX Application Thread] DEBUG AssetLoader          - Loading from cache: /assets/sounds/single.wav
13:12:52.495 [JavaFX Application Thread] DEBUG AssetLoader          - Loading from cache: /assets/textures/enemy1Sheet.png
13:12:52.496 [JavaFX Application Thread] DEBUG AssetLoader          - Loading from cache: /assets/textures/enemy1Sheet.png
13:12:52.828 [JavaFX Application Thread] DEBUG AssetLoader          - Loading from cache: /assets/textures/laserBullet_48.png
13:12:52.830 [JavaFX Application Thread] DEBUG AssetLoader          - Loading from cache: /assets/sounds/single.wav
13:12:52.863 [JavaFX Application Thread] DEBUG AssetLoader          - Loading from cache: /assets/textures/explosion_blue.png
13:12:52.946 [JavaFX Application Thread] DEBUG AssetLoader          - Loading from cache: /assets/textures/laserBullet_48.png
13:12:52.947 [JavaFX Application Thread] DEBUG AssetLoader          - Loading from cache: /assets/sounds/single.wav
13:12:52.979 [JavaFX Application Thread] DEBUG AssetLoader          - Loading from cache: /assets/textures/laserBullet_48.png
13:12:52.981 [JavaFX Application Thread] DEBUG AssetLoader          - Loading from cache: /assets/sounds/single.wav
13:12:52.981 [JavaFX Application Thread] DEBUG AssetLoader          - Loading from cache: /assets/textures/explosion_blue.png
13:12:53.031 [JavaFX Application Thread] DEBUG AssetLoader          - Loading from cache: /assets/textures/explosion_blue.png
13:12:53.413 [JavaFX Application Thread] DEBUG AssetLoader          - Loading from cache: /assets/textures/laserBullet_48.png
13:12:53.414 [JavaFX Application Thread] DEBUG AssetLoader          - Loading from cache: /assets/sounds/single.wav
13:12:53.463 [JavaFX Application Thread] DEBUG AssetLoader          - Loading from cache: /assets/textures/explosion_blue.png
13:12:53.845 [JavaFX Application Thread] DEBUG AssetLoader          - Loading from cache: /assets/textures/laserBullet_48.png
13:12:53.847 [JavaFX Application Thread] DEBUG AssetLoader          - Loading from cache: /assets/sounds/single.wav
13:12:53.897 [JavaFX Application Thread] DEBUG AssetLoader          - Loading from cache: /assets/textures/explosion_blue.png
13:12:53.963 [JavaFX Application Thread] DEBUG AssetLoader          - Loading from cache: /assets/textures/laserBullet_48.png
13:12:53.964 [JavaFX Application Thread] DEBUG AssetLoader          - Loading from cache: /assets/sounds/single.wav
13:12:53.996 [JavaFX Application Thread] DEBUG AssetLoader          - Loading from cache: /assets/textures/laserBullet_48.png
13:12:53.997 [JavaFX Application Thread] DEBUG AssetLoader          - Loading from cache: /assets/sounds/single.wav
13:12:53.997 [JavaFX Application Thread] DEBUG AssetLoader          - Loading from cache: /assets/textures/enemy1Sheet.png
13:12:53.997 [JavaFX Application Thread] DEBUG AssetLoader          - Loading from cache: /assets/textures/enemy1Sheet.png
13:12:54.046 [JavaFX Application Thread] DEBUG AssetLoader          - Loading from cache: /assets/textures/explosion_blue.png
13:12:54.980 [JavaFX Application Thread] DEBUG AssetLoader          - Loading from cache: /assets/textures/laserBullet_48.png
13:12:54.981 [JavaFX Application Thread] DEBUG AssetLoader          - Loading from cache: /assets/sounds/single.wav
13:12:55.013 [JavaFX Application Thread] DEBUG AssetLoader          - Loading from cache: /assets/textures/laserBullet_48.png
13:12:55.014 [JavaFX Application Thread] DEBUG AssetLoader          - Loading from cache: /assets/sounds/single.wav
13:12:55.015 [JavaFX Application Thread] DEBUG AssetLoader          - Loading from cache: /assets/textures/explosion_blue.png
13:12:55.062 [JavaFX Application Thread] DEBUG AssetLoader          - Loading from cache: /assets/textures/explosion_blue.png
13:12:55.314 [JavaFX Application Thread] DEBUG AssetLoader          - Loading from cache: /assets/textures/laserBullet_48.png
13:12:55.315 [JavaFX Application Thread] DEBUG AssetLoader          - Loading from cache: /assets/sounds/single.wav
13:12:55.415 [JavaFX Application Thread] DEBUG AssetLoader          - Loading from cache: /assets/textures/explosion_blue.png
13:12:55.997 [JavaFX Application Thread] DEBUG AssetLoader          - Loading from cache: /assets/textures/laserBullet_48.png
13:12:55.998 [JavaFX Application Thread] DEBUG AssetLoader          - Loading from cache: /assets/sounds/single.wav
13:12:56.030 [JavaFX Application Thread] DEBUG AssetLoader          - Loading from cache: /assets/textures/laserBullet_48.png
13:12:56.031 [JavaFX Application Thread] DEBUG AssetLoader          - Loading from cache: /assets/sounds/single.wav
13:12:56.031 [JavaFX Application Thread] DEBUG AssetLoader          - Loading from cache: /assets/textures/enemy1Sheet.png
13:12:56.031 [JavaFX Application Thread] DEBUG AssetLoader          - Loading from cache: /assets/textures/enemy1Sheet.png
13:12:56.082 [JavaFX Application Thread] DEBUG AssetLoader          - Loading from cache: /assets/textures/explosion_blue.png
13:12:56.331 [JavaFX Application Thread] DEBUG AssetLoader          - Loading from cache: /assets/textures/laserBullet_48.png
13:12:56.332 [JavaFX Application Thread] DEBUG AssetLoader          - Loading from cache: /assets/sounds/single.wav
13:12:56.414 [JavaFX Application Thread] DEBUG AssetLoader          - Loading from cache: /assets/textures/explosion_blue.png
13:12:57.014 [JavaFX Application Thread] DEBUG AssetLoader          - Loading from cache: /assets/textures/laserBullet_48.png
13:12:57.015 [JavaFX Application Thread] DEBUG AssetLoader          - Loading from cache: /assets/sounds/single.wav
13:12:57.047 [JavaFX Application Thread] DEBUG AssetLoader          - Loading from cache: /assets/textures/laserBullet_48.png
13:12:57.048 [JavaFX Application Thread] DEBUG AssetLoader          - Loading from cache: /assets/sounds/single.wav
13:12:57.066 [JavaFX Application Thread] DEBUG AssetLoader          - Loading from cache: /assets/textures/enemy1Sheet.png
13:12:57.078 [JavaFX Application Thread] DEBUG AssetLoader          - Loading from cache: /assets/textures/enemy1Sheet.png
13:12:57.099 [JavaFX Application Thread] DEBUG AssetLoader          - Loading from cache: /assets/textures/explosion_blue.png
13:12:57.398 [JavaFX Application Thread] DEBUG AssetLoader          - Loading from cache: /assets/textures/laserBullet_48.png
13:12:57.399 [JavaFX Application Thread] DEBUG AssetLoader          - Loading from cache: /assets/sounds/single.wav
13:12:57.497 [JavaFX Application Thread] DEBUG AssetLoader          - Loading from cache: /assets/textures/enemy1Sheet.png
13:12:57.498 [JavaFX Application Thread] DEBUG AssetLoader          - Loading from cache: /assets/textures/enemy1Sheet.png
13:12:58.065 [JavaFX Application Thread] DEBUG AssetLoader          - Loading from cache: /assets/textures/laserBullet_48.png
13:12:58.066 [JavaFX Application Thread] DEBUG AssetLoader          - Loading from cache: /assets/sounds/single.wav
13:12:58.149 [JavaFX Application Thread] DEBUG AssetLoader          - Loading from cache: /assets/textures/explosion_blue.png
13:12:58.414 [JavaFX Application Thread] DEBUG AssetLoader          - Loading from cache: /assets/textures/laserBullet_48.png
13:12:58.415 [JavaFX Application Thread] DEBUG AssetLoader          - Loading from cache: /assets/sounds/single.wav
13:12:58.465 [JavaFX Application Thread] DEBUG AssetLoader          - Loading from cache: /assets/textures/explosion_blue.png
13:12:59.081 [JavaFX Application Thread] DEBUG AssetLoader          - Loading from cache: /assets/textures/laserBullet_48.png
13:12:59.083 [JavaFX Application Thread] DEBUG AssetLoader          - Loading from cache: /assets/sounds/single.wav
13:12:59.150 [JavaFX Application Thread] DEBUG AssetLoader          - Loading from cache: /assets/textures/explosion_blue.png
13:12:59.499 [JavaFX Application Thread] DEBUG AssetLoader          - Loading from cache: /assets/textures/laserBullet_48.png
13:12:59.500 [JavaFX Application Thread] DEBUG AssetLoader          - Loading from cache: /assets/sounds/single.wav
13:12:59.601 [JavaFX Application Thread] DEBUG AssetLoader          - Loading from cache: /assets/textures/enemy1Sheet.png
13:12:59.601 [JavaFX Application Thread] DEBUG AssetLoader          - Loading from cache: /assets/textures/enemy1Sheet.png
13:13:00.117 [JavaFX Application Thread] DEBUG AssetLoader          - Loading from cache: /assets/textures/laserBullet_48.png
13:13:00.118 [JavaFX Application Thread] DEBUG AssetLoader          - Loading from cache: /assets/sounds/single.wav
13:13:00.186 [JavaFX Application Thread] DEBUG AssetLoader          - Loading from cache: /assets/textures/explosion_blue.png
13:13:00.516 [JavaFX Application Thread] DEBUG AssetLoader          - Loading from cache: /assets/textures/laserBullet_48.png
13:13:00.518 [JavaFX Application Thread] DEBUG AssetLoader          - Loading from cache: /assets/sounds/single.wav
13:13:00.566 [JavaFX Application Thread] DEBUG AssetLoader          - Loading from cache: /assets/textures/explosion_blue.png
13:13:04.520 [JavaFX Application Thread] DEBUG GameApplication      - Exiting game application
13:13:04.520 [JavaFX Application Thread] DEBUG GameApplication      - Shutting down background threads
13:13:04.521 [JavaFX Application Thread] DEBUG GameApplication      - Exiting FXGL
13:13:04.521 [JavaFX Application Thread] DEBUG FXGL                 - Saving FXGL system data
13:13:04.525 [JavaFX Application Thread] DEBUG DesktopFSService     - Writing to: system/fxgl.bundle
13:13:04.533 [JavaFX Application Thread] DEBUG GameApplication      - Closing logger and exiting JavaFX
