21:57:51.779 [JavaFX Application Thread] DEBUG GameApplication      - Logger initialized
21:57:51.787 [JavaFX Application Thread] DEBUG MainWindow           - Creating a JavaFX scene
21:57:51.787 [JavaFX Application Thread] DEBUG MainWindow           - Target size > screen size
21:57:51.831 [JavaFX Application Thread] DEBUG MainWindow           - Target settings size: 1307.0 x 719.0
21:57:51.831 [JavaFX Application Thread] DEBUG MainWindow           - Scaled scene size:    1255.0 x 704.0
21:57:51.831 [JavaFX Application Thread] DEBUG MainWindow           - Scaled ratio: (0.9602142310635042, 0.9791376912378303)
21:57:51.834 [JavaFX Application Thread] DEBUG GameApplication      - Starting FXGL
21:57:51.842 [JavaFX Application Thread] INFO  FXGL                 - FXGL-0.5.2 on DESKTOP
21:57:51.842 [JavaFX Application Thread] INFO  FXGL                 - Source code and latest versions at: https://github.com/AlmasB/FXGL
21:57:51.843 [JavaFX Application Thread] INFO  FXGL                 -              Join the FXGL chat at: https://gitter.im/AlmasB/FXGL
21:57:51.848 [JavaFX Application Thread] DEBUG FS                   - Loaded DesktopFSService
21:57:51.848 [JavaFX Application Thread] DEBUG FXGL                 - Loading FXGL system data
21:57:51.853 [JavaFX Application Thread] DEBUG DesktopFSService     - Reading from: system/fxgl.bundle
21:57:51.861 [JavaFX Application Thread] DEBUG Bundle               - Logging bundle: FXGL
21:57:51.861 [JavaFX Application Thread] DEBUG Bundle               - FXGL.offline.timer.version.check=2018-06-15T20:27:09.659
21:57:51.884 [JavaFX Application Thread] DEBUG GameApplication      - FXGL started
21:57:51.884 [JavaFX Application Thread] DEBUG GameApplication      - Logging game settings
Title: Laser Defense
Version: 
Width: 1307
Height: 719
Fullscreen: false
Intro: false
Menus: false
Profiling: false
Single step:false
App Mode: DEVELOPER
Menu Key: ESCAPE
Stage Style: DECORATED
Scene Factory: class com.almasb.fxgl.scene.SceneFactory
Dialog Factory: class com.almasb.fxgl.ui.FXGLDialogFactory
UI Factory: class com.almasb.fxgl.ui.FXGLUIFactory
Notification Service: class com.almasb.fxgl.gameplay.notification.XboxNotificationView
Exception Handler: class com.almasb.fxgl.app.FXGLExceptionHandler
21:57:51.885 [JavaFX Application Thread] DEBUG GameApplication      - Configuring GameApplication
21:57:51.885 [JavaFX Application Thread] DEBUG GameApplication      - Initializing state machine and application states
21:57:51.896 [JavaFX Application Thread] DEBUG AssetLoader          - Loading from disk: /assets/ui/cursors/fxgl_default.png
21:57:51.922 [JavaFX Application Thread] DEBUG AssetLoader          - Loading from disk: /assets/ui/cursors/fxgl_default.png
21:57:52.174 [JavaFX Application Thread] DEBUG FXGLAssets           - Loading FXGLAssets
21:57:52.209 [JavaFX Application Thread] DEBUG AssetLoader          - Loading from disk: /assets/ui/fonts/VarelaRound-Regular.ttf
21:57:52.215 [JavaFX Application Thread] DEBUG AssetLoader          - Loading from disk: /assets/ui/fonts/lucida_console.ttf
21:57:52.223 [JavaFX Application Thread] DEBUG AssetLoader          - Loading from disk: /assets/ui/css/fxgl_dark.css
21:57:52.252 [JavaFX Application Thread] DEBUG AssetLoader          - Loading from disk: /assets/ui/cursors/fxgl_default.png
21:57:52.257 [JavaFX Application Thread] DEBUG AssetLoader          - Loading from disk: /assets/ui/cursors/fxgl_default.png
21:57:52.273 [JavaFX Application Thread] DEBUG GameScene            - Game scene initialized: 1307x719
21:57:52.275 [JavaFX Application Thread] DEBUG GameWorld            - Game world initialized
21:57:52.315 [JavaFX Application Thread] DEBUG PhysicsWorld         - Physics world initialized: appHeight=719, physics.ppm=50.0
21:57:52.333 [JavaFX Application Thread] DEBUG Input                - Registered new binding: Pause - Esc
21:57:52.349 [JavaFX Application Thread] DEBUG Input                - Clearing active input actions
21:57:52.393 [JavaFX Application Thread] DEBUG AppStateMachine      - StartupState -> StartupState
21:57:52.397 [JavaFX Application Thread] INFO  GameApplication      - Game configuration took:  0.512 sec
21:57:52.399 [JavaFX Application Thread] DEBUG AssetLoader          - Loading from disk: /assets/textures/fxgl_icon.png
21:57:52.416 [JavaFX Application Thread] DEBUG MainWindow           - Opening main window
21:57:52.528 [JavaFX Application Thread] DEBUG MainWindow           - Window border size: (0.0, 22.0)
21:57:52.529 [JavaFX Application Thread] DEBUG MainWindow           - Scaled size: 1255.0 x 704.0
21:57:52.529 [JavaFX Application Thread] DEBUG MainWindow           - Scaled ratio: (0.9602142310635042, 0.9791376912378303)
21:57:52.529 [JavaFX Application Thread] DEBUG MainWindow           - Scene size: 1255.0 x 704.0
21:57:52.529 [JavaFX Application Thread] DEBUG MainWindow           - Stage size: 1255.0 x 726.0
21:57:52.529 [JavaFX Application Thread] DEBUG GameApplication      - Running preInit()
21:57:52.531 [JavaFX Application Thread] DEBUG Input                - Registered new binding: Screenshot - P
21:57:52.531 [JavaFX Application Thread] DEBUG Input                - Registered new binding: Dev Options - CTRL+0
21:57:52.532 [JavaFX Application Thread] DEBUG Input                - Registered new binding: System info dump - CTRL+9
21:57:52.532 [JavaFX Application Thread] DEBUG Input                - Registered new binding: Restart - CTRL+R
21:57:52.533 [JavaFX Application Thread] DEBUG Input                - Registered new binding: Hit - LMB
21:57:52.574 [JavaFX Application Thread] DEBUG GameApplication      - Starting main loop
21:57:52.642 [JavaFX Application Thread] DEBUG StartupState         - STARTUP
21:57:52.642 [JavaFX Application Thread] DEBUG GameApplication      - Starting new game
21:57:52.642 [JavaFX Application Thread] DEBUG Input                - Clearing active input actions
21:57:52.656 [JavaFX Application Thread] DEBUG AppStateMachine      - StartupState -> LoadingState
21:57:52.677 [FXGL Background Thread 1 ] DEBUG InitAppTask          - Clearing previous game
21:57:52.677 [FXGL Background Thread 1 ] DEBUG GameWorld            - Clearing game world
21:57:52.679 [FXGL Background Thread 1 ] DEBUG PhysicsWorld         - Clearing physics world
21:57:52.679 [FXGL Background Thread 1 ] DEBUG GameScene            - Clearing game scene
21:57:52.683 [FXGL Background Thread 1 ] DEBUG InitAppTask          - Initializing Game
21:57:52.727 [FXGL Background Thread 1 ] DEBUG GameScene            - Creating render group for layer: DEFAULT(100000)
21:57:52.730 [FXGL Background Thread 1 ] DEBUG InitAppTask          - Initializing Physics
21:57:52.731 [FXGL Background Thread 1 ] DEBUG InitAppTask          - Initializing UI
21:57:52.748 [FXGL Background Thread 1 ] DEBUG InitAppTask          - Initialization Complete
21:57:52.749 [FXGL Background Thread 1 ] INFO  InitAppTask          - Game initialization took: 0.072 sec
21:57:52.906 [JavaFX Application Thread] DEBUG Input                - Clearing active input actions
21:57:52.922 [JavaFX Application Thread] DEBUG AppStateMachine      - LoadingState -> PlayState
21:57:53.890 [JavaFX Application Thread] DEBUG AssetLoader          - Loading from disk: /assets/textures/enemy4Sheet.png
21:57:53.901 [JavaFX Application Thread] DEBUG AssetLoader          - Loading from cache: /assets/textures/enemy4Sheet.png
21:57:53.904 [JavaFX Application Thread] DEBUG AssetLoader          - Loading from cache: /assets/textures/enemy4Sheet.png
21:57:53.905 [JavaFX Application Thread] DEBUG AssetLoader          - Loading from cache: /assets/textures/enemy4Sheet.png
21:57:53.907 [JavaFX Application Thread] DEBUG AssetLoader          - Loading from cache: /assets/textures/enemy4Sheet.png
21:57:53.908 [JavaFX Application Thread] DEBUG AssetLoader          - Loading from cache: /assets/textures/enemy4Sheet.png
21:57:53.909 [JavaFX Application Thread] DEBUG AssetLoader          - Loading from cache: /assets/textures/enemy4Sheet.png
21:57:53.910 [JavaFX Application Thread] DEBUG AssetLoader          - Loading from cache: /assets/textures/enemy4Sheet.png
21:57:53.911 [JavaFX Application Thread] DEBUG AssetLoader          - Loading from cache: /assets/textures/enemy4Sheet.png
21:57:53.912 [JavaFX Application Thread] DEBUG AssetLoader          - Loading from cache: /assets/textures/enemy4Sheet.png
21:58:02.076 [JavaFX Application Thread] DEBUG GameScene            - Clearing game scene
21:58:02.078 [JavaFX Application Thread] DEBUG GameWorld            - Clearing game world
21:58:02.079 [JavaFX Application Thread] DEBUG GameScene            - Creating render group for layer: DEFAULT(100000)
21:58:02.116 [JavaFX Application Thread] FATAL GameApplication      - Uncaught Exception:

Fatal exception occurred: java.lang.IllegalStateException : #iterator() cannot be used nested.
E: com.almasb.fxgl.core.collection.ObjectMap$Values.hasNext(ObjectMap.java:772)
E: com.almasb.fxgl.entity.Entity.update(Entity.java:153)
E: com.almasb.fxgl.entity.GameWorld.onUpdate(GameWorld.kt:158)
E: com.almasb.fxgl.app.PlayState.onUpdate(AppStates.kt:236)
E: com.almasb.fxgl.app.State.update(State.java:73)
E: com.almasb.fxgl.app.AppStateMachine.onUpdate(AppStateMachine.java:100)
E: com.almasb.fxgl.app.GameApplication.stepLoop(GameApplication.java:382)
E: com.almasb.fxgl.app.GameApplication$2.handle(GameApplication.java:348)
E: javafx.animation.AnimationTimer$AnimationTimerReceiver.lambda$handle$484(AnimationTimer.java:57)
E: java.security.AccessController.doPrivileged(Native Method)
E: javafx.animation.AnimationTimer$AnimationTimerReceiver.handle(AnimationTimer.java:56)
E: com.sun.scenario.animation.AbstractMasterTimer.timePulseImpl(AbstractMasterTimer.java:357)
E: com.sun.scenario.animation.AbstractMasterTimer$MainLoop.run(AbstractMasterTimer.java:267)
E: com.sun.javafx.tk.quantum.QuantumToolkit.pulse(QuantumToolkit.java:506)
E: com.sun.javafx.tk.quantum.QuantumToolkit.pulse(QuantumToolkit.java:490)
E: com.sun.javafx.tk.quantum.QuantumToolkit.lambda$runToolkit$404(QuantumToolkit.java:319)
E: com.sun.glass.ui.InvokeLaterDispatcher$Future.run(InvokeLaterDispatcher.java:95)

21:58:02.116 [JavaFX Application Thread] FATAL GameApplication      - Application will now exit
21:58:02.116 [JavaFX Application Thread] DEBUG GameApplication      - Stopping main loop
21:58:18.463 [JavaFX Application Thread] DEBUG GameApplication      - Exiting game application
21:58:18.463 [JavaFX Application Thread] DEBUG GameApplication      - Shutting down background threads
21:58:18.464 [JavaFX Application Thread] DEBUG GameApplication      - Exiting FXGL
21:58:18.464 [JavaFX Application Thread] DEBUG FXGL                 - Saving FXGL system data
21:58:18.466 [JavaFX Application Thread] DEBUG DesktopFSService     - Writing to: system/fxgl.bundle
21:58:18.472 [JavaFX Application Thread] DEBUG GameApplication      - Closing logger and exiting JavaFX
