23:27:38.769 [JavaFX Application Thread] DEBUG GameApplication      - Logger initialized
23:27:38.779 [JavaFX Application Thread] DEBUG MainWindow           - Creating a JavaFX scene
23:27:38.779 [JavaFX Application Thread] DEBUG MainWindow           - Target size > screen size
23:27:38.836 [JavaFX Application Thread] DEBUG MainWindow           - Target settings size: 1307.0 x 719.0
23:27:38.836 [JavaFX Application Thread] DEBUG MainWindow           - Scaled scene size:    1255.0 x 704.0
23:27:38.836 [JavaFX Application Thread] DEBUG MainWindow           - Scaled ratio: (0.9602142310635042, 0.9791376912378303)
23:27:38.838 [JavaFX Application Thread] DEBUG GameApplication      - Starting FXGL
23:27:38.847 [JavaFX Application Thread] INFO  FXGL                 - FXGL-0.5.2 on DESKTOP
23:27:38.847 [JavaFX Application Thread] INFO  FXGL                 - Source code and latest versions at: https://github.com/AlmasB/FXGL
23:27:38.847 [JavaFX Application Thread] INFO  FXGL                 -              Join the FXGL chat at: https://gitter.im/AlmasB/FXGL
23:27:38.853 [JavaFX Application Thread] DEBUG FS                   - Loaded DesktopFSService
23:27:38.854 [JavaFX Application Thread] DEBUG FXGL                 - Loading FXGL system data
23:27:38.858 [JavaFX Application Thread] DEBUG DesktopFSService     - Reading from: system/fxgl.bundle
23:27:38.865 [JavaFX Application Thread] DEBUG Bundle               - Logging bundle: FXGL
23:27:38.866 [JavaFX Application Thread] DEBUG Bundle               - FXGL.offline.timer.version.check=2018-06-15T20:27:09.659
23:27:38.889 [JavaFX Application Thread] DEBUG GameApplication      - FXGL started
23:27:38.889 [JavaFX Application Thread] DEBUG GameApplication      - Logging game settings
Title: Laser Defense
Version: 
Width: 1307
Height: 719
Fullscreen: false
Intro: false
Menus: false
Profiling: false
Single step:false
App Mode: DEVELOPER
Menu Key: ESCAPE
Stage Style: DECORATED
Scene Factory: class com.almasb.fxgl.scene.SceneFactory
Dialog Factory: class com.almasb.fxgl.ui.FXGLDialogFactory
UI Factory: class com.almasb.fxgl.ui.FXGLUIFactory
Notification Service: class com.almasb.fxgl.gameplay.notification.XboxNotificationView
Exception Handler: class com.almasb.fxgl.app.FXGLExceptionHandler
23:27:38.890 [JavaFX Application Thread] DEBUG GameApplication      - Configuring GameApplication
23:27:38.890 [JavaFX Application Thread] DEBUG GameApplication      - Initializing state machine and application states
23:27:38.900 [JavaFX Application Thread] DEBUG AssetLoader          - Loading from disk: /assets/ui/cursors/fxgl_default.png
23:27:38.923 [JavaFX Application Thread] DEBUG AssetLoader          - Loading from disk: /assets/ui/cursors/fxgl_default.png
23:27:39.190 [JavaFX Application Thread] DEBUG FXGLAssets           - Loading FXGLAssets
23:27:39.224 [JavaFX Application Thread] DEBUG AssetLoader          - Loading from disk: /assets/ui/fonts/VarelaRound-Regular.ttf
23:27:39.230 [JavaFX Application Thread] DEBUG AssetLoader          - Loading from disk: /assets/ui/fonts/lucida_console.ttf
23:27:39.238 [JavaFX Application Thread] DEBUG AssetLoader          - Loading from disk: /assets/ui/css/fxgl_dark.css
23:27:39.266 [JavaFX Application Thread] DEBUG AssetLoader          - Loading from disk: /assets/ui/cursors/fxgl_default.png
23:27:39.270 [JavaFX Application Thread] DEBUG AssetLoader          - Loading from disk: /assets/ui/cursors/fxgl_default.png
23:27:39.288 [JavaFX Application Thread] DEBUG GameScene            - Game scene initialized: 1307x719
23:27:39.290 [JavaFX Application Thread] DEBUG GameWorld            - Game world initialized
23:27:39.333 [JavaFX Application Thread] DEBUG PhysicsWorld         - Physics world initialized: appHeight=719, physics.ppm=50.0
23:27:39.349 [JavaFX Application Thread] DEBUG Input                - Registered new binding: Pause - Esc
23:27:39.364 [JavaFX Application Thread] DEBUG Input                - Clearing active input actions
23:27:39.413 [JavaFX Application Thread] DEBUG AppStateMachine      - StartupState -> StartupState
23:27:39.418 [JavaFX Application Thread] INFO  GameApplication      - Game configuration took:  0.527 sec
23:27:39.420 [JavaFX Application Thread] DEBUG AssetLoader          - Loading from disk: /assets/textures/fxgl_icon.png
23:27:39.434 [JavaFX Application Thread] DEBUG MainWindow           - Opening main window
23:27:39.550 [JavaFX Application Thread] DEBUG MainWindow           - Window border size: (0.0, 22.0)
23:27:39.550 [JavaFX Application Thread] DEBUG MainWindow           - Scaled size: 1255.0 x 704.0
23:27:39.551 [JavaFX Application Thread] DEBUG MainWindow           - Scaled ratio: (0.9602142310635042, 0.9791376912378303)
23:27:39.551 [JavaFX Application Thread] DEBUG MainWindow           - Scene size: 1255.0 x 704.0
23:27:39.551 [JavaFX Application Thread] DEBUG MainWindow           - Stage size: 1255.0 x 726.0
23:27:39.551 [JavaFX Application Thread] DEBUG GameApplication      - Running preInit()
23:27:39.553 [JavaFX Application Thread] DEBUG Input                - Registered new binding: Screenshot - P
23:27:39.554 [JavaFX Application Thread] DEBUG Input                - Registered new binding: Dev Options - CTRL+0
23:27:39.554 [JavaFX Application Thread] DEBUG Input                - Registered new binding: System info dump - CTRL+9
23:27:39.554 [JavaFX Application Thread] DEBUG Input                - Registered new binding: Restart - CTRL+R
23:27:39.555 [JavaFX Application Thread] DEBUG Input                - Registered new binding: Hit - LMB
23:27:39.593 [JavaFX Application Thread] DEBUG GameApplication      - Starting main loop
23:27:39.685 [JavaFX Application Thread] DEBUG StartupState         - STARTUP
23:27:39.686 [JavaFX Application Thread] DEBUG GameApplication      - Starting new game
23:27:39.686 [JavaFX Application Thread] DEBUG Input                - Clearing active input actions
23:27:39.699 [JavaFX Application Thread] DEBUG AppStateMachine      - StartupState -> LoadingState
23:27:39.703 [FXGL Background Thread 1 ] DEBUG InitAppTask          - Clearing previous game
23:27:39.703 [FXGL Background Thread 1 ] DEBUG GameWorld            - Clearing game world
23:27:39.703 [FXGL Background Thread 1 ] DEBUG PhysicsWorld         - Clearing physics world
23:27:39.704 [FXGL Background Thread 1 ] DEBUG GameScene            - Clearing game scene
23:27:39.705 [FXGL Background Thread 1 ] DEBUG InitAppTask          - Initializing Game
23:27:39.726 [FXGL Background Thread 1 ] DEBUG GameScene            - Creating render group for layer: DEFAULT(100000)
23:27:39.728 [FXGL Background Thread 1 ] FATAL AssetLoader          - Loading failed for asset: single.wav. Cause: Failed to load audio
23:27:39.751 [JavaFX Application Thread] FATAL GameApplication      - Uncaught Exception:

Fatal exception occurred: java.lang.IllegalArgumentException : Failed to load asset: single.wav. Cause: Failed to load audio
E: com.almasb.fxgl.asset.AssetLoader.loadFailed(AssetLoader.kt:742)
E: com.almasb.fxgl.asset.AssetLoader.loadMusic(AssetLoader.kt:317)
E: com.almasb.fxgl.audio.AudioPlayer.loopBGM(AudioPlayer.kt:173)
E: application.LaserGame.initGame(LaserGame.java:249)
E: com.almasb.fxgl.app.GameApplication.internalInitGame(GameApplication.java:439)
E: com.almasb.fxgl.app.LoadingState$InitAppTask.initGame(AppStates.kt:168)
E: com.almasb.fxgl.app.LoadingState$InitAppTask.call(AppStates.kt:138)
E: com.almasb.fxgl.app.LoadingState$InitAppTask.call(AppStates.kt:127)
E: javafx.concurrent.Task$TaskCallable.call(Task.java:1423)
E: java.util.concurrent.FutureTask.run(FutureTask.java:266)
E: java.util.concurrent.Executors$RunnableAdapter.call(Executors.java:511)
E: java.util.concurrent.FutureTask.run(FutureTask.java:266)
E: java.util.concurrent.ThreadPoolExecutor.runWorker(ThreadPoolExecutor.java:1142)
E: java.util.concurrent.ThreadPoolExecutor$Worker.run(ThreadPoolExecutor.java:617)
E: java.lang.Thread.run(Thread.java:745)

23:27:39.752 [JavaFX Application Thread] FATAL GameApplication      - Application will now exit
23:27:39.752 [JavaFX Application Thread] DEBUG GameApplication      - Stopping main loop
23:28:24.986 [JavaFX Application Thread] DEBUG GameApplication      - Exiting game application
23:28:24.987 [JavaFX Application Thread] DEBUG GameApplication      - Shutting down background threads
23:28:24.987 [JavaFX Application Thread] DEBUG GameApplication      - Exiting FXGL
23:28:24.987 [JavaFX Application Thread] DEBUG FXGL                 - Saving FXGL system data
23:28:24.989 [JavaFX Application Thread] DEBUG DesktopFSService     - Writing to: system/fxgl.bundle
23:28:24.994 [JavaFX Application Thread] DEBUG GameApplication      - Closing logger and exiting JavaFX
