22:05:10.388 [JavaFX Application Thread] DEBUG GameApplication      - Logger initialized
22:05:10.395 [JavaFX Application Thread] DEBUG MainWindow           - Creating a JavaFX scene
22:05:10.396 [JavaFX Application Thread] DEBUG MainWindow           - Target size > screen size
22:05:10.438 [JavaFX Application Thread] DEBUG MainWindow           - Target settings size: 1307.0 x 719.0
22:05:10.439 [JavaFX Application Thread] DEBUG MainWindow           - Scaled scene size:    1255.0 x 704.0
22:05:10.439 [JavaFX Application Thread] DEBUG MainWindow           - Scaled ratio: (0.9602142310635042, 0.9791376912378303)
22:05:10.442 [JavaFX Application Thread] DEBUG GameApplication      - Starting FXGL
22:05:10.451 [JavaFX Application Thread] INFO  FXGL                 - FXGL-0.5.2 on DESKTOP
22:05:10.451 [JavaFX Application Thread] INFO  FXGL                 - Source code and latest versions at: https://github.com/AlmasB/FXGL
22:05:10.452 [JavaFX Application Thread] INFO  FXGL                 -              Join the FXGL chat at: https://gitter.im/AlmasB/FXGL
22:05:10.457 [JavaFX Application Thread] DEBUG FS                   - Loaded DesktopFSService
22:05:10.457 [JavaFX Application Thread] DEBUG FXGL                 - Loading FXGL system data
22:05:10.463 [JavaFX Application Thread] DEBUG DesktopFSService     - Reading from: system/fxgl.bundle
22:05:10.470 [JavaFX Application Thread] DEBUG Bundle               - Logging bundle: FXGL
22:05:10.471 [JavaFX Application Thread] DEBUG Bundle               - FXGL.offline.timer.version.check=2018-06-15T20:27:09.659
22:05:10.494 [JavaFX Application Thread] DEBUG GameApplication      - FXGL started
22:05:10.494 [JavaFX Application Thread] DEBUG GameApplication      - Logging game settings
Title: Laser Defense
Version: 
Width: 1307
Height: 719
Fullscreen: false
Intro: false
Menus: false
Profiling: false
Single step:false
App Mode: DEVELOPER
Menu Key: ESCAPE
Stage Style: DECORATED
Scene Factory: class com.almasb.fxgl.scene.SceneFactory
Dialog Factory: class com.almasb.fxgl.ui.FXGLDialogFactory
UI Factory: class com.almasb.fxgl.ui.FXGLUIFactory
Notification Service: class com.almasb.fxgl.gameplay.notification.XboxNotificationView
Exception Handler: class com.almasb.fxgl.app.FXGLExceptionHandler
22:05:10.495 [JavaFX Application Thread] DEBUG GameApplication      - Configuring GameApplication
22:05:10.495 [JavaFX Application Thread] DEBUG GameApplication      - Initializing state machine and application states
22:05:10.505 [JavaFX Application Thread] DEBUG AssetLoader          - Loading from disk: /assets/ui/cursors/fxgl_default.png
22:05:10.534 [JavaFX Application Thread] DEBUG AssetLoader          - Loading from disk: /assets/ui/cursors/fxgl_default.png
22:05:10.779 [JavaFX Application Thread] DEBUG FXGLAssets           - Loading FXGLAssets
22:05:10.818 [JavaFX Application Thread] DEBUG AssetLoader          - Loading from disk: /assets/ui/fonts/VarelaRound-Regular.ttf
22:05:10.823 [JavaFX Application Thread] DEBUG AssetLoader          - Loading from disk: /assets/ui/fonts/lucida_console.ttf
22:05:10.830 [JavaFX Application Thread] DEBUG AssetLoader          - Loading from disk: /assets/ui/css/fxgl_dark.css
22:05:10.861 [JavaFX Application Thread] DEBUG AssetLoader          - Loading from disk: /assets/ui/cursors/fxgl_default.png
22:05:10.866 [JavaFX Application Thread] DEBUG AssetLoader          - Loading from disk: /assets/ui/cursors/fxgl_default.png
22:05:10.883 [JavaFX Application Thread] DEBUG GameScene            - Game scene initialized: 1307x719
22:05:10.885 [JavaFX Application Thread] DEBUG GameWorld            - Game world initialized
22:05:10.927 [JavaFX Application Thread] DEBUG PhysicsWorld         - Physics world initialized: appHeight=719, physics.ppm=50.0
22:05:10.947 [JavaFX Application Thread] DEBUG Input                - Registered new binding: Pause - Esc
22:05:10.966 [JavaFX Application Thread] DEBUG Input                - Clearing active input actions
22:05:11.014 [JavaFX Application Thread] DEBUG AppStateMachine      - StartupState -> StartupState
22:05:11.019 [JavaFX Application Thread] INFO  GameApplication      - Game configuration took:  0.525 sec
22:05:11.022 [JavaFX Application Thread] DEBUG AssetLoader          - Loading from disk: /assets/textures/fxgl_icon.png
22:05:11.043 [JavaFX Application Thread] DEBUG MainWindow           - Opening main window
22:05:11.186 [JavaFX Application Thread] DEBUG MainWindow           - Window border size: (0.0, 22.0)
22:05:11.187 [JavaFX Application Thread] DEBUG MainWindow           - Scaled size: 1255.0 x 704.0
22:05:11.187 [JavaFX Application Thread] DEBUG MainWindow           - Scaled ratio: (0.9602142310635042, 0.9791376912378303)
22:05:11.187 [JavaFX Application Thread] DEBUG MainWindow           - Scene size: 1255.0 x 704.0
22:05:11.187 [JavaFX Application Thread] DEBUG MainWindow           - Stage size: 1255.0 x 726.0
22:05:11.187 [JavaFX Application Thread] DEBUG GameApplication      - Running preInit()
22:05:11.189 [JavaFX Application Thread] DEBUG Input                - Registered new binding: Screenshot - P
22:05:11.189 [JavaFX Application Thread] DEBUG Input                - Registered new binding: Dev Options - CTRL+0
22:05:11.190 [JavaFX Application Thread] DEBUG Input                - Registered new binding: System info dump - CTRL+9
22:05:11.190 [JavaFX Application Thread] DEBUG Input                - Registered new binding: Restart - CTRL+R
22:05:11.191 [JavaFX Application Thread] DEBUG Input                - Registered new binding: Hit - LMB
22:05:11.236 [JavaFX Application Thread] DEBUG GameApplication      - Starting main loop
22:05:11.322 [JavaFX Application Thread] DEBUG StartupState         - STARTUP
22:05:11.322 [JavaFX Application Thread] DEBUG GameApplication      - Starting new game
22:05:11.322 [JavaFX Application Thread] DEBUG Input                - Clearing active input actions
22:05:11.331 [JavaFX Application Thread] DEBUG AppStateMachine      - StartupState -> LoadingState
22:05:11.338 [FXGL Background Thread 1 ] DEBUG InitAppTask          - Clearing previous game
22:05:11.338 [FXGL Background Thread 1 ] DEBUG GameWorld            - Clearing game world
22:05:11.338 [FXGL Background Thread 1 ] DEBUG PhysicsWorld         - Clearing physics world
22:05:11.338 [FXGL Background Thread 1 ] DEBUG GameScene            - Clearing game scene
22:05:11.340 [FXGL Background Thread 1 ] DEBUG InitAppTask          - Initializing Game
22:05:11.360 [FXGL Background Thread 1 ] DEBUG GameScene            - Creating render group for layer: DEFAULT(100000)
22:05:11.361 [FXGL Background Thread 1 ] DEBUG InitAppTask          - Initializing Physics
22:05:11.363 [FXGL Background Thread 1 ] DEBUG InitAppTask          - Initializing UI
22:05:11.383 [FXGL Background Thread 1 ] DEBUG InitAppTask          - Initialization Complete
22:05:11.383 [FXGL Background Thread 1 ] INFO  InitAppTask          - Game initialization took: 0.045 sec
22:05:11.387 [JavaFX Application Thread] DEBUG Input                - Clearing active input actions
22:05:11.407 [JavaFX Application Thread] DEBUG AppStateMachine      - LoadingState -> PlayState
22:05:13.797 [JavaFX Application Thread] DEBUG AssetLoader          - Loading from disk: /assets/ui/cursors/turret1_60x60.png
22:05:15.342 [JavaFX Application Thread] DEBUG AssetLoader          - Loading from disk: /assets/textures/turret1_60x60.png
22:05:16.362 [JavaFX Application Thread] DEBUG AssetLoader          - Loading from disk: /assets/ui/cursors/turret1_60x60.png
22:05:17.765 [JavaFX Application Thread] DEBUG AssetLoader          - Loading from cache: /assets/textures/turret1_60x60.png
22:05:18.236 [JavaFX Application Thread] DEBUG AssetLoader          - Loading from cache: /assets/textures/turret1_60x60.png
22:05:18.241 [JavaFX Application Thread] DEBUG AssetLoader          - Loading from disk: /assets/textures/turret1_60x60selected.png
22:05:21.170 [JavaFX Application Thread] DEBUG AssetLoader          - Loading from cache: /assets/textures/turret1_60x60.png
22:05:21.612 [JavaFX Application Thread] DEBUG AssetLoader          - Loading from cache: /assets/textures/turret1_60x60.png
22:05:21.614 [JavaFX Application Thread] DEBUG AssetLoader          - Loading from cache: /assets/textures/turret1_60x60selected.png
22:05:23.696 [JavaFX Application Thread] DEBUG AssetLoader          - Loading from disk: /assets/textures/enemy1Sheet.png
22:05:23.701 [JavaFX Application Thread] DEBUG AssetLoader          - Loading from cache: /assets/textures/enemy1Sheet.png
22:05:23.702 [JavaFX Application Thread] DEBUG AssetLoader          - Loading from cache: /assets/textures/enemy1Sheet.png
22:05:23.703 [JavaFX Application Thread] DEBUG AssetLoader          - Loading from cache: /assets/textures/enemy1Sheet.png
22:05:23.704 [JavaFX Application Thread] DEBUG AssetLoader          - Loading from cache: /assets/textures/enemy1Sheet.png
22:05:24.730 [JavaFX Application Thread] DEBUG AssetLoader          - Loading from disk: /assets/textures/laserBullet_48.png
22:05:24.732 [JavaFX Application Thread] DEBUG AssetLoader          - Loading from cache: /assets/textures/laserBullet_48.png
22:05:24.779 [JavaFX Application Thread] DEBUG AssetLoader          - Loading from disk: /assets/textures/explosion_blue.png
22:05:24.894 [JavaFX Application Thread] DEBUG AssetLoader          - Loading from cache: /assets/textures/laserBullet_48.png
22:05:24.896 [JavaFX Application Thread] DEBUG AssetLoader          - Loading from cache: /assets/textures/laserBullet_48.png
22:05:24.947 [JavaFX Application Thread] DEBUG AssetLoader          - Loading from cache: /assets/textures/explosion_blue.png
22:05:25.045 [JavaFX Application Thread] DEBUG AssetLoader          - Loading from cache: /assets/textures/laserBullet_48.png
22:05:25.047 [JavaFX Application Thread] DEBUG AssetLoader          - Loading from cache: /assets/textures/laserBullet_48.png
22:05:25.145 [JavaFX Application Thread] DEBUG AssetLoader          - Loading from cache: /assets/textures/explosion_blue.png
22:05:25.195 [JavaFX Application Thread] DEBUG AssetLoader          - Loading from cache: /assets/textures/laserBullet_48.png
22:05:25.196 [JavaFX Application Thread] DEBUG AssetLoader          - Loading from cache: /assets/textures/laserBullet_48.png
22:05:25.344 [JavaFX Application Thread] DEBUG AssetLoader          - Loading from cache: /assets/textures/laserBullet_48.png
22:05:25.346 [JavaFX Application Thread] DEBUG AssetLoader          - Loading from cache: /assets/textures/laserBullet_48.png
22:05:25.347 [JavaFX Application Thread] DEBUG AssetLoader          - Loading from cache: /assets/textures/explosion_blue.png
22:05:26.512 [JavaFX Application Thread] DEBUG AssetLoader          - Loading from cache: /assets/textures/laserBullet_48.png
22:05:26.513 [JavaFX Application Thread] DEBUG AssetLoader          - Loading from cache: /assets/textures/laserBullet_48.png
22:05:26.629 [JavaFX Application Thread] DEBUG AssetLoader          - Loading from cache: /assets/textures/explosion_blue.png
22:05:28.955 [JavaFX Application Thread] DEBUG AssetLoader          - Loading from cache: /assets/textures/enemy1Sheet.png
22:05:28.956 [JavaFX Application Thread] DEBUG AssetLoader          - Loading from cache: /assets/textures/enemy1Sheet.png
22:05:28.957 [JavaFX Application Thread] DEBUG AssetLoader          - Loading from cache: /assets/textures/enemy1Sheet.png
22:05:28.958 [JavaFX Application Thread] DEBUG AssetLoader          - Loading from cache: /assets/textures/enemy1Sheet.png
22:05:28.958 [JavaFX Application Thread] DEBUG AssetLoader          - Loading from cache: /assets/textures/enemy1Sheet.png
22:05:28.959 [JavaFX Application Thread] DEBUG AssetLoader          - Loading from disk: /assets/textures/enemy2Sheet.png
22:05:28.962 [JavaFX Application Thread] DEBUG AssetLoader          - Loading from cache: /assets/textures/enemy2Sheet.png
22:05:28.963 [JavaFX Application Thread] DEBUG AssetLoader          - Loading from cache: /assets/textures/enemy2Sheet.png
22:05:28.964 [JavaFX Application Thread] DEBUG AssetLoader          - Loading from cache: /assets/textures/enemy2Sheet.png
22:05:28.965 [JavaFX Application Thread] DEBUG AssetLoader          - Loading from cache: /assets/textures/enemy2Sheet.png
22:05:29.980 [JavaFX Application Thread] DEBUG AssetLoader          - Loading from cache: /assets/textures/laserBullet_48.png
22:05:29.982 [JavaFX Application Thread] DEBUG AssetLoader          - Loading from cache: /assets/textures/laserBullet_48.png
22:05:30.031 [JavaFX Application Thread] DEBUG AssetLoader          - Loading from cache: /assets/textures/explosion_blue.png
22:05:30.048 [JavaFX Application Thread] DEBUG AssetLoader          - Loading from cache: /assets/textures/enemy1Sheet.png
22:05:30.049 [JavaFX Application Thread] DEBUG AssetLoader          - Loading from cache: /assets/textures/enemy1Sheet.png
22:05:30.130 [JavaFX Application Thread] DEBUG AssetLoader          - Loading from cache: /assets/textures/laserBullet_48.png
22:05:30.131 [JavaFX Application Thread] DEBUG AssetLoader          - Loading from cache: /assets/textures/laserBullet_48.png
22:05:30.197 [JavaFX Application Thread] DEBUG AssetLoader          - Loading from cache: /assets/textures/explosion_blue.png
22:05:30.280 [JavaFX Application Thread] DEBUG AssetLoader          - Loading from cache: /assets/textures/laserBullet_48.png
22:05:30.281 [JavaFX Application Thread] DEBUG AssetLoader          - Loading from cache: /assets/textures/laserBullet_48.png
22:05:30.331 [JavaFX Application Thread] DEBUG AssetLoader          - Loading from cache: /assets/textures/enemy1Sheet.png
22:05:30.331 [JavaFX Application Thread] DEBUG AssetLoader          - Loading from cache: /assets/textures/enemy1Sheet.png
22:05:30.350 [JavaFX Application Thread] DEBUG AssetLoader          - Loading from cache: /assets/textures/explosion_blue.png
22:05:30.430 [JavaFX Application Thread] DEBUG AssetLoader          - Loading from cache: /assets/textures/laserBullet_48.png
22:05:30.433 [JavaFX Application Thread] DEBUG AssetLoader          - Loading from cache: /assets/textures/laserBullet_48.png
22:05:30.482 [JavaFX Application Thread] DEBUG AssetLoader          - Loading from cache: /assets/textures/explosion_blue.png
22:05:30.498 [JavaFX Application Thread] DEBUG AssetLoader          - Loading from cache: /assets/textures/enemy1Sheet.png
22:05:30.499 [JavaFX Application Thread] DEBUG AssetLoader          - Loading from cache: /assets/textures/enemy1Sheet.png
22:05:30.581 [JavaFX Application Thread] DEBUG AssetLoader          - Loading from cache: /assets/textures/laserBullet_48.png
22:05:30.582 [JavaFX Application Thread] DEBUG AssetLoader          - Loading from cache: /assets/textures/laserBullet_48.png
22:05:30.631 [JavaFX Application Thread] DEBUG AssetLoader          - Loading from cache: /assets/textures/explosion_blue.png
22:05:30.731 [JavaFX Application Thread] DEBUG AssetLoader          - Loading from cache: /assets/textures/laserBullet_48.png
22:05:30.781 [JavaFX Application Thread] DEBUG AssetLoader          - Loading from cache: /assets/textures/enemy1Sheet.png
22:05:30.781 [JavaFX Application Thread] DEBUG AssetLoader          - Loading from cache: /assets/textures/enemy1Sheet.png
22:05:30.985 [JavaFX Application Thread] DEBUG AssetLoader          - Loading from cache: /assets/textures/laserBullet_48.png
22:05:31.113 [JavaFX Application Thread] DEBUG AssetLoader          - Loading from cache: /assets/textures/explosion_blue.png
22:05:31.830 [JavaFX Application Thread] DEBUG AssetLoader          - Loading from cache: /assets/textures/laserBullet_48.png
22:05:31.899 [JavaFX Application Thread] DEBUG AssetLoader          - Loading from cache: /assets/textures/explosion_blue.png
22:05:31.981 [JavaFX Application Thread] DEBUG AssetLoader          - Loading from cache: /assets/textures/laserBullet_48.png
22:05:32.049 [JavaFX Application Thread] DEBUG AssetLoader          - Loading from cache: /assets/textures/explosion_blue.png
22:05:32.131 [JavaFX Application Thread] DEBUG AssetLoader          - Loading from cache: /assets/textures/laserBullet_48.png
22:05:32.133 [JavaFX Application Thread] DEBUG AssetLoader          - Loading from cache: /assets/textures/laserBullet_48.png
22:05:32.215 [JavaFX Application Thread] DEBUG AssetLoader          - Loading from cache: /assets/textures/explosion_blue.png
22:09:29.591 [JavaFX Application Thread] DEBUG GameApplication      - Exiting game application
22:09:29.592 [JavaFX Application Thread] DEBUG GameApplication      - Shutting down background threads
22:09:29.592 [JavaFX Application Thread] DEBUG GameApplication      - Exiting FXGL
22:09:29.592 [JavaFX Application Thread] DEBUG FXGL                 - Saving FXGL system data
22:09:29.595 [JavaFX Application Thread] DEBUG DesktopFSService     - Writing to: system/fxgl.bundle
22:09:29.598 [JavaFX Application Thread] DEBUG GameApplication      - Closing logger and exiting JavaFX
