21:59:26.640 [JavaFX Application Thread] DEBUG GameApplication      - Logger initialized
21:59:26.650 [JavaFX Application Thread] DEBUG MainWindow           - Creating a JavaFX scene
21:59:26.651 [JavaFX Application Thread] DEBUG MainWindow           - Target size > screen size
21:59:26.709 [JavaFX Application Thread] DEBUG MainWindow           - Target settings size: 1307.0 x 719.0
21:59:26.709 [JavaFX Application Thread] DEBUG MainWindow           - Scaled scene size:    1255.0 x 704.0
21:59:26.709 [JavaFX Application Thread] DEBUG MainWindow           - Scaled ratio: (0.9602142310635042, 0.9791376912378303)
21:59:26.711 [JavaFX Application Thread] DEBUG GameApplication      - Starting FXGL
21:59:26.720 [JavaFX Application Thread] INFO  FXGL                 - FXGL-0.5.2 on DESKTOP
21:59:26.720 [JavaFX Application Thread] INFO  FXGL                 - Source code and latest versions at: https://github.com/AlmasB/FXGL
21:59:26.721 [JavaFX Application Thread] INFO  FXGL                 -              Join the FXGL chat at: https://gitter.im/AlmasB/FXGL
21:59:26.726 [JavaFX Application Thread] DEBUG FS                   - Loaded DesktopFSService
21:59:26.727 [JavaFX Application Thread] DEBUG FXGL                 - Loading FXGL system data
21:59:26.732 [JavaFX Application Thread] DEBUG DesktopFSService     - Reading from: system/fxgl.bundle
21:59:26.742 [JavaFX Application Thread] DEBUG Bundle               - Logging bundle: FXGL
21:59:26.742 [JavaFX Application Thread] DEBUG Bundle               - FXGL.offline.timer.version.check=2018-06-15T20:27:09.659
21:59:26.765 [JavaFX Application Thread] DEBUG GameApplication      - FXGL started
21:59:26.766 [JavaFX Application Thread] DEBUG GameApplication      - Logging game settings
Title: Laser Defense
Version: 
Width: 1307
Height: 719
Fullscreen: false
Intro: false
Menus: false
Profiling: false
Single step:false
App Mode: DEVELOPER
Menu Key: ESCAPE
Stage Style: DECORATED
Scene Factory: class com.almasb.fxgl.scene.SceneFactory
Dialog Factory: class com.almasb.fxgl.ui.FXGLDialogFactory
UI Factory: class com.almasb.fxgl.ui.FXGLUIFactory
Notification Service: class com.almasb.fxgl.gameplay.notification.XboxNotificationView
Exception Handler: class com.almasb.fxgl.app.FXGLExceptionHandler
21:59:26.766 [JavaFX Application Thread] DEBUG GameApplication      - Configuring GameApplication
21:59:26.767 [JavaFX Application Thread] DEBUG GameApplication      - Initializing state machine and application states
21:59:26.777 [JavaFX Application Thread] DEBUG AssetLoader          - Loading from disk: /assets/ui/cursors/fxgl_default.png
21:59:26.804 [JavaFX Application Thread] DEBUG AssetLoader          - Loading from disk: /assets/ui/cursors/fxgl_default.png
21:59:27.060 [JavaFX Application Thread] DEBUG FXGLAssets           - Loading FXGLAssets
21:59:27.096 [JavaFX Application Thread] DEBUG AssetLoader          - Loading from disk: /assets/ui/fonts/VarelaRound-Regular.ttf
21:59:27.102 [JavaFX Application Thread] DEBUG AssetLoader          - Loading from disk: /assets/ui/fonts/lucida_console.ttf
21:59:27.109 [JavaFX Application Thread] DEBUG AssetLoader          - Loading from disk: /assets/ui/css/fxgl_dark.css
21:59:27.138 [JavaFX Application Thread] DEBUG AssetLoader          - Loading from disk: /assets/ui/cursors/fxgl_default.png
21:59:27.142 [JavaFX Application Thread] DEBUG AssetLoader          - Loading from disk: /assets/ui/cursors/fxgl_default.png
21:59:27.158 [JavaFX Application Thread] DEBUG GameScene            - Game scene initialized: 1307x719
21:59:27.160 [JavaFX Application Thread] DEBUG GameWorld            - Game world initialized
21:59:27.199 [JavaFX Application Thread] DEBUG PhysicsWorld         - Physics world initialized: appHeight=719, physics.ppm=50.0
21:59:27.215 [JavaFX Application Thread] DEBUG Input                - Registered new binding: Pause - Esc
21:59:27.232 [JavaFX Application Thread] DEBUG Input                - Clearing active input actions
21:59:27.276 [JavaFX Application Thread] DEBUG AppStateMachine      - StartupState -> StartupState
21:59:27.281 [JavaFX Application Thread] INFO  GameApplication      - Game configuration took:  0.514 sec
21:59:27.283 [JavaFX Application Thread] DEBUG AssetLoader          - Loading from disk: /assets/textures/fxgl_icon.png
21:59:27.301 [JavaFX Application Thread] DEBUG MainWindow           - Opening main window
21:59:27.426 [JavaFX Application Thread] DEBUG MainWindow           - Window border size: (0.0, 22.0)
21:59:27.426 [JavaFX Application Thread] DEBUG MainWindow           - Scaled size: 1255.0 x 704.0
21:59:27.426 [JavaFX Application Thread] DEBUG MainWindow           - Scaled ratio: (0.9602142310635042, 0.9791376912378303)
21:59:27.426 [JavaFX Application Thread] DEBUG MainWindow           - Scene size: 1255.0 x 704.0
21:59:27.426 [JavaFX Application Thread] DEBUG MainWindow           - Stage size: 1255.0 x 726.0
21:59:27.426 [JavaFX Application Thread] DEBUG GameApplication      - Running preInit()
21:59:27.428 [JavaFX Application Thread] DEBUG Input                - Registered new binding: Screenshot - P
21:59:27.429 [JavaFX Application Thread] DEBUG Input                - Registered new binding: Dev Options - CTRL+0
21:59:27.429 [JavaFX Application Thread] DEBUG Input                - Registered new binding: System info dump - CTRL+9
21:59:27.429 [JavaFX Application Thread] DEBUG Input                - Registered new binding: Restart - CTRL+R
21:59:27.430 [JavaFX Application Thread] DEBUG Input                - Registered new binding: Hit - LMB
21:59:27.467 [JavaFX Application Thread] DEBUG GameApplication      - Starting main loop
21:59:27.528 [JavaFX Application Thread] DEBUG StartupState         - STARTUP
21:59:27.529 [JavaFX Application Thread] DEBUG GameApplication      - Starting new game
21:59:27.529 [JavaFX Application Thread] DEBUG Input                - Clearing active input actions
21:59:27.538 [JavaFX Application Thread] DEBUG AppStateMachine      - StartupState -> LoadingState
21:59:27.543 [FXGL Background Thread 1 ] DEBUG InitAppTask          - Clearing previous game
21:59:27.543 [FXGL Background Thread 1 ] DEBUG GameWorld            - Clearing game world
21:59:27.543 [FXGL Background Thread 1 ] DEBUG PhysicsWorld         - Clearing physics world
21:59:27.543 [FXGL Background Thread 1 ] DEBUG GameScene            - Clearing game scene
21:59:27.544 [FXGL Background Thread 1 ] DEBUG InitAppTask          - Initializing Game
21:59:27.562 [FXGL Background Thread 1 ] DEBUG GameScene            - Creating render group for layer: DEFAULT(100000)
21:59:27.563 [FXGL Background Thread 1 ] DEBUG InitAppTask          - Initializing Physics
21:59:27.564 [FXGL Background Thread 1 ] DEBUG InitAppTask          - Initializing UI
21:59:27.614 [FXGL Background Thread 1 ] DEBUG InitAppTask          - Initialization Complete
21:59:27.615 [FXGL Background Thread 1 ] INFO  InitAppTask          - Game initialization took: 0.072 sec
21:59:27.701 [JavaFX Application Thread] DEBUG Input                - Clearing active input actions
21:59:27.722 [JavaFX Application Thread] DEBUG AppStateMachine      - LoadingState -> PlayState
21:59:29.328 [JavaFX Application Thread] DEBUG AssetLoader          - Loading from disk: /assets/textures/enemy4Sheet.png
21:59:29.336 [JavaFX Application Thread] DEBUG AssetLoader          - Loading from cache: /assets/textures/enemy4Sheet.png
21:59:29.338 [JavaFX Application Thread] DEBUG AssetLoader          - Loading from cache: /assets/textures/enemy4Sheet.png
21:59:29.339 [JavaFX Application Thread] DEBUG AssetLoader          - Loading from cache: /assets/textures/enemy4Sheet.png
21:59:29.340 [JavaFX Application Thread] DEBUG AssetLoader          - Loading from cache: /assets/textures/enemy4Sheet.png
21:59:29.341 [JavaFX Application Thread] DEBUG AssetLoader          - Loading from cache: /assets/textures/enemy4Sheet.png
21:59:29.342 [JavaFX Application Thread] DEBUG AssetLoader          - Loading from cache: /assets/textures/enemy4Sheet.png
21:59:29.343 [JavaFX Application Thread] DEBUG AssetLoader          - Loading from cache: /assets/textures/enemy4Sheet.png
21:59:29.343 [JavaFX Application Thread] DEBUG AssetLoader          - Loading from cache: /assets/textures/enemy4Sheet.png
21:59:29.344 [JavaFX Application Thread] DEBUG AssetLoader          - Loading from cache: /assets/textures/enemy4Sheet.png
21:59:37.512 [JavaFX Application Thread] DEBUG GameScene            - Clearing game scene
21:59:37.544 [JavaFX Application Thread] DEBUG GameScene            - Creating render group for layer: DEFAULT(100000)
21:59:37.745 [JavaFX Application Thread] DEBUG GameScene            - Clearing game scene
21:59:37.758 [JavaFX Application Thread] DEBUG GameScene            - Creating render group for layer: DEFAULT(100000)
21:59:37.946 [JavaFX Application Thread] DEBUG GameScene            - Clearing game scene
21:59:37.959 [JavaFX Application Thread] DEBUG GameScene            - Creating render group for layer: DEFAULT(100000)
21:59:38.163 [JavaFX Application Thread] DEBUG GameScene            - Clearing game scene
21:59:38.178 [JavaFX Application Thread] DEBUG GameScene            - Creating render group for layer: DEFAULT(100000)
21:59:38.380 [JavaFX Application Thread] DEBUG GameScene            - Clearing game scene
21:59:38.393 [JavaFX Application Thread] DEBUG GameScene            - Creating render group for layer: DEFAULT(100000)
21:59:38.596 [JavaFX Application Thread] DEBUG GameScene            - Clearing game scene
21:59:38.609 [JavaFX Application Thread] DEBUG GameScene            - Creating render group for layer: DEFAULT(100000)
21:59:38.795 [JavaFX Application Thread] DEBUG GameScene            - Clearing game scene
21:59:38.812 [JavaFX Application Thread] DEBUG GameScene            - Creating render group for layer: DEFAULT(100000)
21:59:39.030 [JavaFX Application Thread] DEBUG GameScene            - Clearing game scene
21:59:39.049 [JavaFX Application Thread] DEBUG GameScene            - Creating render group for layer: DEFAULT(100000)
22:00:16.590 [JavaFX Application Thread] DEBUG GameApplication      - Exiting game application
22:00:16.590 [JavaFX Application Thread] DEBUG GameApplication      - Shutting down background threads
22:00:16.591 [JavaFX Application Thread] DEBUG GameApplication      - Exiting FXGL
22:00:16.591 [JavaFX Application Thread] DEBUG FXGL                 - Saving FXGL system data
22:00:16.595 [JavaFX Application Thread] DEBUG DesktopFSService     - Writing to: system/fxgl.bundle
22:00:16.598 [JavaFX Application Thread] DEBUG GameApplication      - Closing logger and exiting JavaFX
